LOG_LEVEL INFO : 2020-11-18 23:33:11,424 :: 

-------------------------------------------------------------------
-------------------------------------------------------------------
    STAGE 1)  STARTING EXECUTION OF MIC INPUT + STT LOGIC          
-------------------------------------------------------------------
-------------------------------------------------------------------


LOG_LEVEL INFO : 2020-11-18 23:33:11,424 :: 

Running WITHOUT mic input


LOG_LEVEL INFO : 2020-11-18 23:33:11,437 :: 
Entries for Wav files:
LOG_LEVEL INFO : 2020-11-18 23:33:11,455 :: 	1) /home/rohit/PyWDUbuntu/thesis/audio/wavs/fromMic/st_MIC_file1.wav
LOG_LEVEL INFO : 2020-11-18 23:33:11,455 :: 	2) /home/rohit/PyWDUbuntu/thesis/audio/wavs/fromMic/st_MIC_file2.wav
LOG_LEVEL INFO : 2020-11-18 23:33:11,455 :: 	3) /home/rohit/PyWDUbuntu/thesis/audio/wavs/fromMic/st_MIC_file3.wav
LOG_LEVEL INFO : 2020-11-18 23:33:15,112 :: 
Commencing STT inference with Deepspeech version 0.7.3.
on wav file = /home/rohit/PyWDUbuntu/thesis/audio/wavs/fromMic/st_MIC_file1.wav
	Command built as :
deepspeech --model /home/rohit/deepspeech/pretrained/v073/deepspeech-0.7.3-models.pbmm --scorer /home/rohit/deepspeech/pretrained/v073/deepspeech-0.7.3-models.scorer --audio /home/rohit/PyWDUbuntu/thesis/audio/wavs/fromMic/st_MIC_file1.wav
LOG_LEVEL INFO : 2020-11-18 23:33:37,877 :: 
Word replacement: NO change

LOG_LEVEL INFO : 2020-11-18 23:33:37,877 :: 
Inference output :
some persons are standing near a truck
LOG_LEVEL INFO : 2020-11-18 23:33:39,881 :: 
Commencing STT inference with Deepspeech version 0.7.3.
on wav file = /home/rohit/PyWDUbuntu/thesis/audio/wavs/fromMic/st_MIC_file2.wav
	Command built as :
deepspeech --model /home/rohit/deepspeech/pretrained/v073/deepspeech-0.7.3-models.pbmm --scorer /home/rohit/deepspeech/pretrained/v073/deepspeech-0.7.3-models.scorer --audio /home/rohit/PyWDUbuntu/thesis/audio/wavs/fromMic/st_MIC_file2.wav
LOG_LEVEL INFO : 2020-11-18 23:33:47,430 :: 
Word replacement: NO change

LOG_LEVEL INFO : 2020-11-18 23:33:47,430 :: 
Inference output :
a person goes riding on a bicycle
LOG_LEVEL INFO : 2020-11-18 23:33:49,434 :: 
Commencing STT inference with Deepspeech version 0.7.3.
on wav file = /home/rohit/PyWDUbuntu/thesis/audio/wavs/fromMic/st_MIC_file3.wav
	Command built as :
deepspeech --model /home/rohit/deepspeech/pretrained/v073/deepspeech-0.7.3-models.pbmm --scorer /home/rohit/deepspeech/pretrained/v073/deepspeech-0.7.3-models.scorer --audio /home/rohit/PyWDUbuntu/thesis/audio/wavs/fromMic/st_MIC_file3.wav
LOG_LEVEL INFO : 2020-11-18 23:33:56,261 :: 
Word replacement: NO change

LOG_LEVEL INFO : 2020-11-18 23:33:56,261 :: 
Inference output :
some persons are eating a pizza together
LOG_LEVEL INFO : 2020-11-18 23:34:06,173 :: 
After MIC INPUT + STT logic execution:
mic_stt_logic_RC = 0
mic_stt_logic_msg = None
mic_stt_module_results = ['some persons are standing near a truck', 'a person goes riding on a bicycle', 'some persons are eating a pizza together']

LOG_LEVEL INFO : 2020-11-18 23:34:06,173 :: 

-------------------------------------------------------------------
-------------------------------------------------------------------
    STAGE 2)  STARTING EXECUTION OF IDENTIFY KEYWORDS LOGIC        
-------------------------------------------------------------------
-------------------------------------------------------------------


LOG_LEVEL DEBUG : 2020-11-18 23:34:19,882 :: 

The following sentences will be processed:

LOG_LEVEL DEBUG : 2020-11-18 23:34:19,882 :: 	Sentence 1 :
some persons are standing near a truck
LOG_LEVEL DEBUG : 2020-11-18 23:34:19,882 :: 	Sentence 2 :
a person goes riding on a bicycle
LOG_LEVEL DEBUG : 2020-11-18 23:34:19,882 :: 	Sentence 3 :
some persons are eating a pizza together
LOG_LEVEL INFO : 2020-11-18 23:34:19,882 :: 

Words of each input sentence:

LOG_LEVEL INFO : 2020-11-18 23:34:19,882 :: 	Sentence 1 :
['some', 'persons', 'are', 'standing', 'near', 'a', 'truck']
LOG_LEVEL INFO : 2020-11-18 23:34:19,882 :: 	Sentence 2 :
['a', 'person', 'goes', 'riding', 'on', 'a', 'bicycle']
LOG_LEVEL INFO : 2020-11-18 23:34:19,882 :: 	Sentence 3 :
['some', 'persons', 'are', 'eating', 'a', 'pizza', 'together']
LOG_LEVEL INFO : 2020-11-18 23:34:19,882 :: 

Words of each input sentence after removing all stop words:

LOG_LEVEL INFO : 2020-11-18 23:34:19,882 :: 	Sentence 1 :
['persons', 'standing', 'near', 'truck']
LOG_LEVEL INFO : 2020-11-18 23:34:19,882 :: 	Sentence 2 :
['person', 'goes', 'riding', 'bicycle']
LOG_LEVEL INFO : 2020-11-18 23:34:19,882 :: 	Sentence 3 :
['persons', 'eating', 'pizza']
LOG_LEVEL INFO : 2020-11-18 23:34:19,882 :: 

Joining the non-stop words as a new sentence (for readability only):

LOG_LEVEL INFO : 2020-11-18 23:34:19,883 :: 	New sentence 1 :
persons standing near truck
LOG_LEVEL INFO : 2020-11-18 23:34:19,883 :: 	New sentence 2 :
person goes riding bicycle
LOG_LEVEL INFO : 2020-11-18 23:34:19,883 :: 	New sentence 3 :
persons eating pizza
LOG_LEVEL INFO : 2020-11-18 23:34:19,898 :: 

All non-stop words pos info:

LOG_LEVEL INFO : 2020-11-18 23:34:19,898 :: .........
LOG_LEVEL INFO : 2020-11-18 23:34:19,898 :: Sentence 1, word 1 :
{'text': 'persons', 'lemma_': 'person', 'pos_': 'NOUN', 'tag_': 'NNS', 'dep_': 'ROOT', 'shape_': 'xxxx', 'is_alpha': True, 'is_stop': False}
LOG_LEVEL INFO : 2020-11-18 23:34:19,898 :: Sentence 1, word 2 :
{'text': 'standing', 'lemma_': 'stand', 'pos_': 'VERB', 'tag_': 'VBG', 'dep_': 'acl', 'shape_': 'xxxx', 'is_alpha': True, 'is_stop': False}
LOG_LEVEL INFO : 2020-11-18 23:34:19,898 :: Sentence 1, word 3 :
{'text': 'near', 'lemma_': 'near', 'pos_': 'SCONJ', 'tag_': 'IN', 'dep_': 'prep', 'shape_': 'xxxx', 'is_alpha': True, 'is_stop': False}
LOG_LEVEL INFO : 2020-11-18 23:34:19,898 :: Sentence 1, word 4 :
{'text': 'truck', 'lemma_': 'truck', 'pos_': 'NOUN', 'tag_': 'NN', 'dep_': 'pobj', 'shape_': 'xxxx', 'is_alpha': True, 'is_stop': False}
LOG_LEVEL INFO : 2020-11-18 23:34:19,899 :: .........
LOG_LEVEL INFO : 2020-11-18 23:34:19,899 :: Sentence 2, word 1 :
{'text': 'person', 'lemma_': 'person', 'pos_': 'NOUN', 'tag_': 'NN', 'dep_': 'nsubj', 'shape_': 'xxxx', 'is_alpha': True, 'is_stop': False}
LOG_LEVEL INFO : 2020-11-18 23:34:19,899 :: Sentence 2, word 2 :
{'text': 'goes', 'lemma_': 'go', 'pos_': 'VERB', 'tag_': 'VBZ', 'dep_': 'ROOT', 'shape_': 'xxxx', 'is_alpha': True, 'is_stop': False}
LOG_LEVEL INFO : 2020-11-18 23:34:19,899 :: Sentence 2, word 3 :
{'text': 'riding', 'lemma_': 'ride', 'pos_': 'VERB', 'tag_': 'VBG', 'dep_': 'advcl', 'shape_': 'xxxx', 'is_alpha': True, 'is_stop': False}
LOG_LEVEL INFO : 2020-11-18 23:34:19,899 :: Sentence 2, word 4 :
{'text': 'bicycle', 'lemma_': 'bicycle', 'pos_': 'NOUN', 'tag_': 'NN', 'dep_': 'dobj', 'shape_': 'xxxx', 'is_alpha': True, 'is_stop': False}
LOG_LEVEL INFO : 2020-11-18 23:34:19,899 :: .........
LOG_LEVEL INFO : 2020-11-18 23:34:19,899 :: Sentence 3, word 1 :
{'text': 'persons', 'lemma_': 'person', 'pos_': 'NOUN', 'tag_': 'NNS', 'dep_': 'ROOT', 'shape_': 'xxxx', 'is_alpha': True, 'is_stop': False}
LOG_LEVEL INFO : 2020-11-18 23:34:19,899 :: Sentence 3, word 2 :
{'text': 'eating', 'lemma_': 'eat', 'pos_': 'VERB', 'tag_': 'VBG', 'dep_': 'acl', 'shape_': 'xxxx', 'is_alpha': True, 'is_stop': False}
LOG_LEVEL INFO : 2020-11-18 23:34:19,899 :: Sentence 3, word 3 :
{'text': 'pizza', 'lemma_': 'pizza', 'pos_': 'NOUN', 'tag_': 'NN', 'dep_': 'dobj', 'shape_': 'xxxx', 'is_alpha': True, 'is_stop': False}
LOG_LEVEL INFO : 2020-11-18 23:34:19,923 :: 

All POS info file successfully created here:
/home/rohit/PyWDUbuntu/thesis/combined_execution/IdElements/all_words_pos_info_1.txt


LOG_LEVEL INFO : 2020-11-18 23:34:19,923 :: 

Candidate keywords AFTER matching against class labels:
[['person', 'truck'], ['bicycle', 'person'], ['person', 'pizza']]


LOG_LEVEL DEBUG : 2020-11-18 23:34:19,924 :: 

Candidate key words BEFORE any changes for sentence 1 :
['person', 'truck']

LOG_LEVEL DEBUG : 2020-11-18 23:35:20,151 :: 

CONFIRM SELECTIONS BUTTON PRESSED

LOG_LEVEL DEBUG : 2020-11-18 23:35:20,151 :: 
Deselected positions=
[]


LOG_LEVEL DEBUG : 2020-11-18 23:35:20,168 :: 

Candidate key words BEFORE any changes for sentence 2 :
['bicycle', 'person']

LOG_LEVEL DEBUG : 2020-11-18 23:35:21,438 :: 

CONFIRM SELECTIONS BUTTON PRESSED

LOG_LEVEL DEBUG : 2020-11-18 23:35:21,439 :: 
Deselected positions=
[]


LOG_LEVEL DEBUG : 2020-11-18 23:35:21,454 :: 

Candidate key words BEFORE any changes for sentence 3 :
['person', 'pizza']

LOG_LEVEL DEBUG : 2020-11-18 23:35:22,527 :: 

CONFIRM SELECTIONS BUTTON PRESSED

LOG_LEVEL DEBUG : 2020-11-18 23:35:22,528 :: 
Deselected positions=
[]


LOG_LEVEL DEBUG : 2020-11-18 23:35:22,543 :: 
Sentence 1:
BEFORE = ['person', 'truck']
Deselected = []
AFTER = ['person', 'truck']

LOG_LEVEL DEBUG : 2020-11-18 23:35:22,543 :: 
Sentence 2:
BEFORE = ['bicycle', 'person']
Deselected = []
AFTER = ['bicycle', 'person']

LOG_LEVEL DEBUG : 2020-11-18 23:35:22,543 :: 
Sentence 3:
BEFORE = ['person', 'pizza']
Deselected = []
AFTER = ['person', 'pizza']

LOG_LEVEL INFO : 2020-11-18 23:35:22,931 :: 
After ID KEYWORDS AND SELECTION logic execution:
id_elements_logic_RC = 0
id_elements_logic_msg = None
id_elements_module_results = [['person', 'truck'], ['bicycle', 'person'], ['person', 'pizza']]

LOG_LEVEL INFO : 2020-11-18 23:35:22,932 :: 

-------------------------------------------------------------------
-------------------------------------------------------------------
    STAGE 3)  STARTING EXECUTION OF QUERY NEO4J LOGIC              
-------------------------------------------------------------------
-------------------------------------------------------------------


LOG_LEVEL DEBUG : 2020-11-18 23:35:22,932 :: 

type key_elements_list = <class 'list'>
key_elements_list =
[['person', 'truck'], ['bicycle', 'person'], ['person', 'pizza']]
LOG_LEVEL DEBUG : 2020-11-18 23:35:22,945 :: Acquiring connection from pool <DirectConnectionPool profile=ConnectionProfile('bolt://neo4j@localhost:7687') in_use=0 free=0 spare=100>
LOG_LEVEL DEBUG : 2020-11-18 23:35:23,040 :: [#0000] C: (Dialing <localhost:7687>)
LOG_LEVEL DEBUG : 2020-11-18 23:35:23,063 :: [#9D02] S: (Accepted)
LOG_LEVEL DEBUG : 2020-11-18 23:35:23,064 :: [#9D02] C: <BOLT>
LOG_LEVEL DEBUG : 2020-11-18 23:35:23,064 :: [#9D02] C: <PROTOCOL> 4.0 | 3.0 | 2.0 | 1.0
LOG_LEVEL DEBUG : 2020-11-18 23:35:23,110 :: [#9D02] S: <PROTOCOL> 4.0
LOG_LEVEL DEBUG : 2020-11-18 23:35:23,111 :: [#9D02] C: HELLO {'user_agent': 'py2neo/2020.0.0 Python/3.7.9-final-0 (linux)', 'scheme': 'basic', 'principal': 'neo4j', 'credentials': '*******'}
LOG_LEVEL DEBUG : 2020-11-18 23:35:23,111 :: [#9D02] C: (Sent 109 bytes)
LOG_LEVEL DEBUG : 2020-11-18 23:35:23,163 :: [#9D02] S: SUCCESS {'server': 'Neo4j/4.0.3', 'connection_id': 'bolt-16'}
LOG_LEVEL DEBUG : 2020-11-18 23:35:23,163 :: Releasing connection <py2neo.client.bolt.Bolt4x0 object at 0x7f5b371f5cd0>
LOG_LEVEL DEBUG : 2020-11-18 23:35:23,164 :: Acquiring connection from pool <DirectConnectionPool profile=ConnectionProfile('bolt://neo4j@localhost:7687') in_use=0 free=1 spare=99>
LOG_LEVEL DEBUG : 2020-11-18 23:35:23,165 :: [#9D02] C: RUN 'SHOW DATABASES' {} {'db': 'system'}
LOG_LEVEL DEBUG : 2020-11-18 23:35:23,165 :: [#9D02] C: PULL {'n': -1}
LOG_LEVEL DEBUG : 2020-11-18 23:35:23,166 :: [#9D02] C: (Sent 43 bytes)
LOG_LEVEL DEBUG : 2020-11-18 23:35:23,298 :: [#9D02] S: SUCCESS {'t_first': 124, 'fields': ['name', 'address', 'role', 'requestedStatus', 'currentStatus', 'error', 'default']}
LOG_LEVEL DEBUG : 2020-11-18 23:35:23,298 :: [#9D02] S: RECORD ['neo4j', 'localhost:7687', 'standalone', 'online', 'online', '', True]
LOG_LEVEL DEBUG : 2020-11-18 23:35:23,299 :: [#9D02] S: RECORD ['system', 'localhost:7687', 'standalone', 'online', 'online', '', False]
LOG_LEVEL DEBUG : 2020-11-18 23:35:23,299 :: [#9D02] S: SUCCESS {'bookmark': '00000000-0000-0000-0000-000000000001:40', 'type': 's', 't_last': 4, 'db': 'system'}
LOG_LEVEL DEBUG : 2020-11-18 23:35:23,299 :: Releasing connection <py2neo.client.bolt.Bolt4x0 object at 0x7f5b371f5cd0>
LOG_LEVEL DEBUG : 2020-11-18 23:35:23,300 :: Acquiring connection from pool <DirectConnectionPool profile=ConnectionProfile('bolt://neo4j@localhost:7687') in_use=0 free=1 spare=99>
LOG_LEVEL DEBUG : 2020-11-18 23:35:23,300 :: [#9D02] C: BEGIN {'db': 'neo4j'}
LOG_LEVEL DEBUG : 2020-11-18 23:35:23,457 :: [#9D02] C: RUN 'MATCH (o1:Object)-[r1:HAS]-(i:Image)-[r2:HAS]-(o2:Object) WHERE o1.name = $in_obj1 AND o2.name = $in_obj2 AND r1.score > $in_r1_score AND r2.score > $in_r2_score AND i.dataset IN [$in_src_ds_1 , $in_src_ds_2]RETURN DISTINCT i.name as Image, i.dataset as Source LIMIT $in_limit' {'in_obj1': 'person', 'in_obj2': 'truck', 'in_limit': 20, 'in_r1_score': 90.0, 'in_r2_score': 90.0, 'in_src_ds_1': 'flickr30k', 'in_src_ds_2': 'coco_test_2017'} {}
LOG_LEVEL DEBUG : 2020-11-18 23:35:23,458 :: [#9D02] C: PULL {'n': -1}
LOG_LEVEL DEBUG : 2020-11-18 23:35:23,458 :: [#9D02] C: (Sent 443 bytes)
LOG_LEVEL DEBUG : 2020-11-18 23:35:23,474 :: [#9D02] S: SUCCESS {}
LOG_LEVEL DEBUG : 2020-11-18 23:35:23,474 :: [#9D02] S: SUCCESS {'t_first': 3, 'fields': ['Image', 'Source'], 'qid': 0}
LOG_LEVEL DEBUG : 2020-11-18 23:35:23,474 :: [#9D02] S: RECORD ['000000169542.jpg', 'coco_test_2017']
LOG_LEVEL DEBUG : 2020-11-18 23:35:23,474 :: [#9D02] S: RECORD ['000000169516.jpg', 'coco_test_2017']
LOG_LEVEL DEBUG : 2020-11-18 23:35:23,474 :: [#9D02] S: RECORD ['000000292186.jpg', 'coco_test_2017']
LOG_LEVEL DEBUG : 2020-11-18 23:35:23,474 :: [#9D02] S: RECORD ['000000146747.jpg', 'coco_test_2017']
LOG_LEVEL DEBUG : 2020-11-18 23:35:23,474 :: [#9D02] S: RECORD ['000000168815.jpg', 'coco_test_2017']
LOG_LEVEL DEBUG : 2020-11-18 23:35:23,474 :: [#9D02] S: RECORD ['000000168743.jpg', 'coco_test_2017']
LOG_LEVEL DEBUG : 2020-11-18 23:35:23,474 :: [#9D02] S: RECORD ['000000265504.jpg', 'coco_test_2017']
LOG_LEVEL DEBUG : 2020-11-18 23:35:23,474 :: [#9D02] S: RECORD ['000000225081.jpg', 'coco_test_2017']
LOG_LEVEL DEBUG : 2020-11-18 23:35:23,474 :: [#9D02] S: RECORD ['000000225051.jpg', 'coco_test_2017']
LOG_LEVEL DEBUG : 2020-11-18 23:35:23,475 :: [#9D02] S: RECORD ['000000241061.jpg', 'coco_test_2017']
LOG_LEVEL DEBUG : 2020-11-18 23:35:23,475 :: [#9D02] S: RECORD ['000000230729.jpg', 'coco_test_2017']
LOG_LEVEL DEBUG : 2020-11-18 23:35:23,475 :: [#9D02] S: RECORD ['000000526988.jpg', 'coco_test_2017']
LOG_LEVEL DEBUG : 2020-11-18 23:35:23,475 :: [#9D02] S: RECORD ['000000006844.jpg', 'coco_test_2017']
LOG_LEVEL DEBUG : 2020-11-18 23:35:23,475 :: [#9D02] S: RECORD ['000000078095.jpg', 'coco_test_2017']
LOG_LEVEL DEBUG : 2020-11-18 23:35:23,475 :: [#9D02] S: RECORD ['000000079789.jpg', 'coco_test_2017']
LOG_LEVEL DEBUG : 2020-11-18 23:35:23,475 :: [#9D02] S: RECORD ['000000039440.jpg', 'coco_test_2017']
LOG_LEVEL DEBUG : 2020-11-18 23:35:23,475 :: [#9D02] S: RECORD ['000000121451.jpg', 'coco_test_2017']
LOG_LEVEL DEBUG : 2020-11-18 23:35:23,475 :: [#9D02] S: RECORD ['000000562653.jpg', 'coco_test_2017']
LOG_LEVEL DEBUG : 2020-11-18 23:35:23,475 :: [#9D02] S: RECORD ['000000254474.jpg', 'coco_test_2017']
LOG_LEVEL DEBUG : 2020-11-18 23:35:23,475 :: [#9D02] S: RECORD ['000000279257.jpg', 'coco_test_2017']
LOG_LEVEL DEBUG : 2020-11-18 23:35:23,475 :: [#9D02] S: SUCCESS {'type': 'r', 't_last': 12, 'db': 'neo4j'}
LOG_LEVEL DEBUG : 2020-11-18 23:35:23,478 :: Acquiring connection from pool <DirectConnectionPool profile=ConnectionProfile('bolt://neo4j@localhost:7687') in_use=1 free=0 spare=99>
LOG_LEVEL DEBUG : 2020-11-18 23:35:23,478 :: [#0000] C: (Dialing <localhost:7687>)
LOG_LEVEL DEBUG : 2020-11-18 23:35:23,478 :: [#9D04] S: (Accepted)
LOG_LEVEL DEBUG : 2020-11-18 23:35:23,479 :: [#9D04] C: <BOLT>
LOG_LEVEL DEBUG : 2020-11-18 23:35:23,479 :: [#9D04] C: <PROTOCOL> 4.0 | 3.0 | 2.0 | 1.0
LOG_LEVEL DEBUG : 2020-11-18 23:35:23,485 :: [#9D04] S: <PROTOCOL> 4.0
LOG_LEVEL DEBUG : 2020-11-18 23:35:23,486 :: [#9D04] C: HELLO {'user_agent': 'py2neo/2020.0.0 Python/3.7.9-final-0 (linux)', 'scheme': 'basic', 'principal': 'neo4j', 'credentials': '*******'}
LOG_LEVEL DEBUG : 2020-11-18 23:35:23,486 :: [#9D04] C: (Sent 109 bytes)
LOG_LEVEL DEBUG : 2020-11-18 23:35:23,487 :: [#9D04] S: SUCCESS {'server': 'Neo4j/4.0.3', 'connection_id': 'bolt-17'}
LOG_LEVEL DEBUG : 2020-11-18 23:35:23,487 :: [#9D04] C: RUN 'SHOW DATABASES' {} {'db': 'system'}
LOG_LEVEL DEBUG : 2020-11-18 23:35:23,487 :: [#9D04] C: PULL {'n': -1}
LOG_LEVEL DEBUG : 2020-11-18 23:35:23,487 :: [#9D04] C: (Sent 43 bytes)
LOG_LEVEL DEBUG : 2020-11-18 23:35:23,495 :: [#9D04] S: SUCCESS {'t_first': 6, 'fields': ['name', 'address', 'role', 'requestedStatus', 'currentStatus', 'error', 'default']}
LOG_LEVEL DEBUG : 2020-11-18 23:35:23,495 :: [#9D04] S: RECORD ['neo4j', 'localhost:7687', 'standalone', 'online', 'online', '', True]
LOG_LEVEL DEBUG : 2020-11-18 23:35:23,495 :: [#9D04] S: RECORD ['system', 'localhost:7687', 'standalone', 'online', 'online', '', False]
LOG_LEVEL DEBUG : 2020-11-18 23:35:23,495 :: [#9D04] S: SUCCESS {'bookmark': '00000000-0000-0000-0000-000000000001:40', 'type': 's', 't_last': 1, 'db': 'system'}
LOG_LEVEL DEBUG : 2020-11-18 23:35:23,495 :: Releasing connection <py2neo.client.bolt.Bolt4x0 object at 0x7f5b2c2b7f10>
LOG_LEVEL DEBUG : 2020-11-18 23:35:23,495 :: Acquiring connection from pool <DirectConnectionPool profile=ConnectionProfile('bolt://neo4j@localhost:7687') in_use=1 free=1 spare=98>
LOG_LEVEL DEBUG : 2020-11-18 23:35:23,495 :: [#9D04] C: BEGIN {'db': 'neo4j'}
LOG_LEVEL DEBUG : 2020-11-18 23:35:23,495 :: [#9D04] C: RUN 'MATCH (o1:Object)-[r1:HAS]-(i:Image)-[r2:HAS]-(o2:Object) WHERE o1.name = $in_obj1 AND o2.name = $in_obj2 AND r1.score > $in_r1_score AND r2.score > $in_r2_score AND i.dataset IN [$in_src_ds_1 , $in_src_ds_2]RETURN DISTINCT i.name as Image, i.dataset as Source LIMIT $in_limit' {'in_obj1': 'bicycle', 'in_obj2': 'person', 'in_limit': 20, 'in_r1_score': 90.0, 'in_r2_score': 90.0, 'in_src_ds_1': 'flickr30k', 'in_src_ds_2': 'coco_test_2017'} {}
LOG_LEVEL DEBUG : 2020-11-18 23:35:23,496 :: [#9D04] C: PULL {'n': -1}
LOG_LEVEL DEBUG : 2020-11-18 23:35:23,496 :: [#9D04] C: (Sent 445 bytes)
LOG_LEVEL DEBUG : 2020-11-18 23:35:23,606 :: [#9D04] S: SUCCESS {}
LOG_LEVEL DEBUG : 2020-11-18 23:35:23,606 :: [#9D04] S: SUCCESS {'t_first': 1, 'fields': ['Image', 'Source'], 'qid': 0}
LOG_LEVEL DEBUG : 2020-11-18 23:35:23,606 :: [#9D04] S: RECORD ['000000033973.jpg', 'coco_test_2017']
LOG_LEVEL DEBUG : 2020-11-18 23:35:23,606 :: [#9D04] S: RECORD ['000000033951.jpg', 'coco_test_2017']
LOG_LEVEL DEBUG : 2020-11-18 23:35:23,606 :: [#9D04] S: RECORD ['000000169618.jpg', 'coco_test_2017']
LOG_LEVEL DEBUG : 2020-11-18 23:35:23,606 :: [#9D04] S: RECORD ['000000155758.jpg', 'coco_test_2017']
LOG_LEVEL DEBUG : 2020-11-18 23:35:23,606 :: [#9D04] S: RECORD ['000000503231.jpg', 'coco_test_2017']
LOG_LEVEL DEBUG : 2020-11-18 23:35:23,606 :: [#9D04] S: RECORD ['000000214602.jpg', 'coco_test_2017']
LOG_LEVEL DEBUG : 2020-11-18 23:35:23,606 :: [#9D04] S: RECORD ['000000063509.jpg', 'coco_test_2017']
LOG_LEVEL DEBUG : 2020-11-18 23:35:23,606 :: [#9D04] S: RECORD ['000000499654.jpg', 'coco_test_2017']
LOG_LEVEL DEBUG : 2020-11-18 23:35:23,607 :: [#9D04] S: RECORD ['000000069493.jpg', 'coco_test_2017']
LOG_LEVEL DEBUG : 2020-11-18 23:35:23,607 :: [#9D04] S: RECORD ['000000414617.jpg', 'coco_test_2017']
LOG_LEVEL DEBUG : 2020-11-18 23:35:23,607 :: [#9D04] S: RECORD ['000000539106.jpg', 'coco_test_2017']
LOG_LEVEL DEBUG : 2020-11-18 23:35:23,607 :: [#9D04] S: RECORD ['000000023319.jpg', 'coco_test_2017']
LOG_LEVEL DEBUG : 2020-11-18 23:35:23,607 :: [#9D04] S: RECORD ['000000445120.jpg', 'coco_test_2017']
LOG_LEVEL DEBUG : 2020-11-18 23:35:23,607 :: [#9D04] S: RECORD ['000000418375.jpg', 'coco_test_2017']
LOG_LEVEL DEBUG : 2020-11-18 23:35:23,607 :: [#9D04] S: RECORD ['000000036975.jpg', 'coco_test_2017']
LOG_LEVEL DEBUG : 2020-11-18 23:35:23,607 :: [#9D04] S: RECORD ['000000545222.jpg', 'coco_test_2017']
LOG_LEVEL DEBUG : 2020-11-18 23:35:23,607 :: [#9D04] S: RECORD ['000000375327.jpg', 'coco_test_2017']
LOG_LEVEL DEBUG : 2020-11-18 23:35:23,607 :: [#9D04] S: RECORD ['000000056139.jpg', 'coco_test_2017']
LOG_LEVEL DEBUG : 2020-11-18 23:35:23,607 :: [#9D04] S: RECORD ['000000203407.jpg', 'coco_test_2017']
LOG_LEVEL DEBUG : 2020-11-18 23:35:23,607 :: [#9D04] S: RECORD ['000000269916.jpg', 'coco_test_2017']
LOG_LEVEL DEBUG : 2020-11-18 23:35:23,607 :: [#9D04] S: SUCCESS {'type': 'r', 't_last': 109, 'db': 'neo4j'}
LOG_LEVEL DEBUG : 2020-11-18 23:35:23,610 :: Acquiring connection from pool <DirectConnectionPool profile=ConnectionProfile('bolt://neo4j@localhost:7687') in_use=2 free=0 spare=98>
LOG_LEVEL DEBUG : 2020-11-18 23:35:23,611 :: [#0000] C: (Dialing <localhost:7687>)
LOG_LEVEL DEBUG : 2020-11-18 23:35:23,611 :: [#9D06] S: (Accepted)
LOG_LEVEL DEBUG : 2020-11-18 23:35:23,611 :: [#9D06] C: <BOLT>
LOG_LEVEL DEBUG : 2020-11-18 23:35:23,611 :: [#9D06] C: <PROTOCOL> 4.0 | 3.0 | 2.0 | 1.0
LOG_LEVEL DEBUG : 2020-11-18 23:35:23,612 :: [#9D06] S: <PROTOCOL> 4.0
LOG_LEVEL DEBUG : 2020-11-18 23:35:23,612 :: [#9D06] C: HELLO {'user_agent': 'py2neo/2020.0.0 Python/3.7.9-final-0 (linux)', 'scheme': 'basic', 'principal': 'neo4j', 'credentials': '*******'}
LOG_LEVEL DEBUG : 2020-11-18 23:35:23,612 :: [#9D06] C: (Sent 109 bytes)
LOG_LEVEL DEBUG : 2020-11-18 23:35:23,613 :: [#9D06] S: SUCCESS {'server': 'Neo4j/4.0.3', 'connection_id': 'bolt-18'}
LOG_LEVEL DEBUG : 2020-11-18 23:35:23,614 :: [#9D06] C: RUN 'SHOW DATABASES' {} {'db': 'system'}
LOG_LEVEL DEBUG : 2020-11-18 23:35:23,614 :: [#9D06] C: PULL {'n': -1}
LOG_LEVEL DEBUG : 2020-11-18 23:35:23,614 :: [#9D06] C: (Sent 43 bytes)
LOG_LEVEL DEBUG : 2020-11-18 23:35:23,616 :: [#9D06] S: SUCCESS {'t_first': 1, 'fields': ['name', 'address', 'role', 'requestedStatus', 'currentStatus', 'error', 'default']}
LOG_LEVEL DEBUG : 2020-11-18 23:35:23,616 :: [#9D06] S: RECORD ['neo4j', 'localhost:7687', 'standalone', 'online', 'online', '', True]
LOG_LEVEL DEBUG : 2020-11-18 23:35:23,617 :: [#9D06] S: RECORD ['system', 'localhost:7687', 'standalone', 'online', 'online', '', False]
LOG_LEVEL DEBUG : 2020-11-18 23:35:23,617 :: [#9D06] S: SUCCESS {'bookmark': '00000000-0000-0000-0000-000000000001:40', 'type': 's', 't_last': 1, 'db': 'system'}
LOG_LEVEL DEBUG : 2020-11-18 23:35:23,617 :: Releasing connection <py2neo.client.bolt.Bolt4x0 object at 0x7f5b3b807610>
LOG_LEVEL DEBUG : 2020-11-18 23:35:23,617 :: Acquiring connection from pool <DirectConnectionPool profile=ConnectionProfile('bolt://neo4j@localhost:7687') in_use=2 free=1 spare=97>
LOG_LEVEL DEBUG : 2020-11-18 23:35:23,617 :: [#9D06] C: BEGIN {'db': 'neo4j'}
LOG_LEVEL DEBUG : 2020-11-18 23:35:23,617 :: [#9D06] C: RUN 'MATCH (o1:Object)-[r1:HAS]-(i:Image)-[r2:HAS]-(o2:Object) WHERE o1.name = $in_obj1 AND o2.name = $in_obj2 AND r1.score > $in_r1_score AND r2.score > $in_r2_score AND i.dataset IN [$in_src_ds_1 , $in_src_ds_2]RETURN DISTINCT i.name as Image, i.dataset as Source LIMIT $in_limit' {'in_obj1': 'person', 'in_obj2': 'pizza', 'in_limit': 20, 'in_r1_score': 90.0, 'in_r2_score': 90.0, 'in_src_ds_1': 'flickr30k', 'in_src_ds_2': 'coco_test_2017'} {}
LOG_LEVEL DEBUG : 2020-11-18 23:35:23,617 :: [#9D06] C: PULL {'n': -1}
LOG_LEVEL DEBUG : 2020-11-18 23:35:23,617 :: [#9D06] C: (Sent 443 bytes)
LOG_LEVEL DEBUG : 2020-11-18 23:35:23,709 :: [#9D06] S: SUCCESS {}
LOG_LEVEL DEBUG : 2020-11-18 23:35:23,709 :: [#9D06] S: SUCCESS {'t_first': 83, 'fields': ['Image', 'Source'], 'qid': 0}
LOG_LEVEL DEBUG : 2020-11-18 23:35:23,709 :: [#9D06] S: RECORD ['000000232087.jpg', 'coco_test_2017']
LOG_LEVEL DEBUG : 2020-11-18 23:35:23,709 :: [#9D06] S: RECORD ['000000492564.jpg', 'coco_test_2017']
LOG_LEVEL DEBUG : 2020-11-18 23:35:23,709 :: [#9D06] S: RECORD ['000000545192.jpg', 'coco_test_2017']
LOG_LEVEL DEBUG : 2020-11-18 23:35:23,709 :: [#9D06] S: RECORD ['000000361081.jpg', 'coco_test_2017']
LOG_LEVEL DEBUG : 2020-11-18 23:35:23,710 :: [#9D06] S: RECORD ['000000469453.jpg', 'coco_test_2017']
LOG_LEVEL DEBUG : 2020-11-18 23:35:23,710 :: [#9D06] S: RECORD ['000000007039.jpg', 'coco_test_2017']
LOG_LEVEL DEBUG : 2020-11-18 23:35:23,710 :: [#9D06] S: RECORD ['000000006844.jpg', 'coco_test_2017']
LOG_LEVEL DEBUG : 2020-11-18 23:35:23,710 :: [#9D06] S: RECORD ['000000564194.jpg', 'coco_test_2017']
LOG_LEVEL DEBUG : 2020-11-18 23:35:23,710 :: [#9D06] S: RECORD ['000000312409.jpg', 'coco_test_2017']
LOG_LEVEL DEBUG : 2020-11-18 23:35:23,710 :: [#9D06] S: RECORD ['000000352388.jpg', 'coco_test_2017']
LOG_LEVEL DEBUG : 2020-11-18 23:35:23,710 :: [#9D06] S: RECORD ['000000254053.jpg', 'coco_test_2017']
LOG_LEVEL DEBUG : 2020-11-18 23:35:23,710 :: [#9D06] S: RECORD ['000000444947.jpg', 'coco_test_2017']
LOG_LEVEL DEBUG : 2020-11-18 23:35:23,711 :: [#9D06] S: RECORD ['000000078123.jpg', 'coco_test_2017']
LOG_LEVEL DEBUG : 2020-11-18 23:35:23,711 :: [#9D06] S: RECORD ['000000005354.jpg', 'coco_test_2017']
LOG_LEVEL DEBUG : 2020-11-18 23:35:23,711 :: [#9D06] S: RECORD ['000000258347.jpg', 'coco_test_2017']
LOG_LEVEL DEBUG : 2020-11-18 23:35:23,711 :: [#9D06] S: RECORD ['000000294277.jpg', 'coco_test_2017']
LOG_LEVEL DEBUG : 2020-11-18 23:35:23,711 :: [#9D06] S: RECORD ['000000389110.jpg', 'coco_test_2017']
LOG_LEVEL DEBUG : 2020-11-18 23:35:23,711 :: [#9D06] S: RECORD ['000000056215.jpg', 'coco_test_2017']
LOG_LEVEL DEBUG : 2020-11-18 23:35:23,711 :: [#9D06] S: RECORD ['000000289819.jpg', 'coco_test_2017']
LOG_LEVEL DEBUG : 2020-11-18 23:35:23,711 :: [#9D06] S: RECORD ['000000160075.jpg', 'coco_test_2017']
LOG_LEVEL DEBUG : 2020-11-18 23:35:23,711 :: [#9D06] S: SUCCESS {'type': 'r', 't_last': 7, 'db': 'neo4j'}
LOG_LEVEL INFO : 2020-11-18 23:35:23,719 :: 
After QUERY NEO4J logic execution, Database query results - Candidate Images at this stage:

LOG_LEVEL INFO : 2020-11-18 23:35:23,719 :: 
Query 1) Keywords: ['person', 'truck']
Query result:
[{'Image': '000000169542.jpg', 'Source': 'coco_test_2017'}, {'Image': '000000169516.jpg', 'Source': 'coco_test_2017'}, {'Image': '000000292186.jpg', 'Source': 'coco_test_2017'}, {'Image': '000000146747.jpg', 'Source': 'coco_test_2017'}, {'Image': '000000168815.jpg', 'Source': 'coco_test_2017'}, {'Image': '000000168743.jpg', 'Source': 'coco_test_2017'}, {'Image': '000000265504.jpg', 'Source': 'coco_test_2017'}, {'Image': '000000225081.jpg', 'Source': 'coco_test_2017'}, {'Image': '000000225051.jpg', 'Source': 'coco_test_2017'}, {'Image': '000000241061.jpg', 'Source': 'coco_test_2017'}, {'Image': '000000230729.jpg', 'Source': 'coco_test_2017'}, {'Image': '000000526988.jpg', 'Source': 'coco_test_2017'}, {'Image': '000000006844.jpg', 'Source': 'coco_test_2017'}, {'Image': '000000078095.jpg', 'Source': 'coco_test_2017'}, {'Image': '000000079789.jpg', 'Source': 'coco_test_2017'}, {'Image': '000000039440.jpg', 'Source': 'coco_test_2017'}, {'Image': '000000121451.jpg', 'Source': 'coco_test_2017'}, {'Image': '000000562653.jpg', 'Source': 'coco_test_2017'}, {'Image': '000000254474.jpg', 'Source': 'coco_test_2017'}, {'Image': '000000279257.jpg', 'Source': 'coco_test_2017'}]
LOG_LEVEL INFO : 2020-11-18 23:35:23,719 :: 
Query 2) Keywords: ['bicycle', 'person']
Query result:
[{'Image': '000000033973.jpg', 'Source': 'coco_test_2017'}, {'Image': '000000033951.jpg', 'Source': 'coco_test_2017'}, {'Image': '000000169618.jpg', 'Source': 'coco_test_2017'}, {'Image': '000000155758.jpg', 'Source': 'coco_test_2017'}, {'Image': '000000503231.jpg', 'Source': 'coco_test_2017'}, {'Image': '000000214602.jpg', 'Source': 'coco_test_2017'}, {'Image': '000000063509.jpg', 'Source': 'coco_test_2017'}, {'Image': '000000499654.jpg', 'Source': 'coco_test_2017'}, {'Image': '000000069493.jpg', 'Source': 'coco_test_2017'}, {'Image': '000000414617.jpg', 'Source': 'coco_test_2017'}, {'Image': '000000539106.jpg', 'Source': 'coco_test_2017'}, {'Image': '000000023319.jpg', 'Source': 'coco_test_2017'}, {'Image': '000000445120.jpg', 'Source': 'coco_test_2017'}, {'Image': '000000418375.jpg', 'Source': 'coco_test_2017'}, {'Image': '000000036975.jpg', 'Source': 'coco_test_2017'}, {'Image': '000000545222.jpg', 'Source': 'coco_test_2017'}, {'Image': '000000375327.jpg', 'Source': 'coco_test_2017'}, {'Image': '000000056139.jpg', 'Source': 'coco_test_2017'}, {'Image': '000000203407.jpg', 'Source': 'coco_test_2017'}, {'Image': '000000269916.jpg', 'Source': 'coco_test_2017'}]
LOG_LEVEL INFO : 2020-11-18 23:35:23,719 :: 
Query 3) Keywords: ['person', 'pizza']
Query result:
[{'Image': '000000232087.jpg', 'Source': 'coco_test_2017'}, {'Image': '000000492564.jpg', 'Source': 'coco_test_2017'}, {'Image': '000000545192.jpg', 'Source': 'coco_test_2017'}, {'Image': '000000361081.jpg', 'Source': 'coco_test_2017'}, {'Image': '000000469453.jpg', 'Source': 'coco_test_2017'}, {'Image': '000000007039.jpg', 'Source': 'coco_test_2017'}, {'Image': '000000006844.jpg', 'Source': 'coco_test_2017'}, {'Image': '000000564194.jpg', 'Source': 'coco_test_2017'}, {'Image': '000000312409.jpg', 'Source': 'coco_test_2017'}, {'Image': '000000352388.jpg', 'Source': 'coco_test_2017'}, {'Image': '000000254053.jpg', 'Source': 'coco_test_2017'}, {'Image': '000000444947.jpg', 'Source': 'coco_test_2017'}, {'Image': '000000078123.jpg', 'Source': 'coco_test_2017'}, {'Image': '000000005354.jpg', 'Source': 'coco_test_2017'}, {'Image': '000000258347.jpg', 'Source': 'coco_test_2017'}, {'Image': '000000294277.jpg', 'Source': 'coco_test_2017'}, {'Image': '000000389110.jpg', 'Source': 'coco_test_2017'}, {'Image': '000000056215.jpg', 'Source': 'coco_test_2017'}, {'Image': '000000289819.jpg', 'Source': 'coco_test_2017'}, {'Image': '000000160075.jpg', 'Source': 'coco_test_2017'}]
LOG_LEVEL INFO : 2020-11-18 23:35:23,719 :: 

-------------------------------------------------------------------
-------------------------------------------------------------------
    STAGE 4)  STARTING EXECUTION OF IMAGE SELECTION VIA GUI        
-------------------------------------------------------------------
-------------------------------------------------------------------


LOG_LEVEL DEBUG : 2020-11-18 23:35:24,847 :: Num of images = 20
array=
['/media/rohit/DATA/EverythingD/01SRHBDBA_Acads/Thesis/StoryGenerator/Data/COCO_test2017_41k/test2017/000000169542.jpg', '/media/rohit/DATA/EverythingD/01SRHBDBA_Acads/Thesis/StoryGenerator/Data/COCO_test2017_41k/test2017/000000169516.jpg', '/media/rohit/DATA/EverythingD/01SRHBDBA_Acads/Thesis/StoryGenerator/Data/COCO_test2017_41k/test2017/000000292186.jpg', '/media/rohit/DATA/EverythingD/01SRHBDBA_Acads/Thesis/StoryGenerator/Data/COCO_test2017_41k/test2017/000000146747.jpg', '/media/rohit/DATA/EverythingD/01SRHBDBA_Acads/Thesis/StoryGenerator/Data/COCO_test2017_41k/test2017/000000168815.jpg', '/media/rohit/DATA/EverythingD/01SRHBDBA_Acads/Thesis/StoryGenerator/Data/COCO_test2017_41k/test2017/000000168743.jpg', '/media/rohit/DATA/EverythingD/01SRHBDBA_Acads/Thesis/StoryGenerator/Data/COCO_test2017_41k/test2017/000000265504.jpg', '/media/rohit/DATA/EverythingD/01SRHBDBA_Acads/Thesis/StoryGenerator/Data/COCO_test2017_41k/test2017/000000225081.jpg', '/media/rohit/DATA/EverythingD/01SRHBDBA_Acads/Thesis/StoryGenerator/Data/COCO_test2017_41k/test2017/000000225051.jpg', '/media/rohit/DATA/EverythingD/01SRHBDBA_Acads/Thesis/StoryGenerator/Data/COCO_test2017_41k/test2017/000000241061.jpg', '/media/rohit/DATA/EverythingD/01SRHBDBA_Acads/Thesis/StoryGenerator/Data/COCO_test2017_41k/test2017/000000230729.jpg', '/media/rohit/DATA/EverythingD/01SRHBDBA_Acads/Thesis/StoryGenerator/Data/COCO_test2017_41k/test2017/000000526988.jpg', '/media/rohit/DATA/EverythingD/01SRHBDBA_Acads/Thesis/StoryGenerator/Data/COCO_test2017_41k/test2017/000000006844.jpg', '/media/rohit/DATA/EverythingD/01SRHBDBA_Acads/Thesis/StoryGenerator/Data/COCO_test2017_41k/test2017/000000078095.jpg', '/media/rohit/DATA/EverythingD/01SRHBDBA_Acads/Thesis/StoryGenerator/Data/COCO_test2017_41k/test2017/000000079789.jpg', '/media/rohit/DATA/EverythingD/01SRHBDBA_Acads/Thesis/StoryGenerator/Data/COCO_test2017_41k/test2017/000000039440.jpg', '/media/rohit/DATA/EverythingD/01SRHBDBA_Acads/Thesis/StoryGenerator/Data/COCO_test2017_41k/test2017/000000121451.jpg', '/media/rohit/DATA/EverythingD/01SRHBDBA_Acads/Thesis/StoryGenerator/Data/COCO_test2017_41k/test2017/000000562653.jpg', '/media/rohit/DATA/EverythingD/01SRHBDBA_Acads/Thesis/StoryGenerator/Data/COCO_test2017_41k/test2017/000000254474.jpg', '/media/rohit/DATA/EverythingD/01SRHBDBA_Acads/Thesis/StoryGenerator/Data/COCO_test2017_41k/test2017/000000279257.jpg']

LOG_LEVEL INFO : 2020-11-18 23:36:48,389 :: 
For Query 1, Deselected positions=
[1, 2, 3, 4, 5, 6, 7, 8, 9, 10, 12, 13, 15, 17, 18]
LOG_LEVEL DEBUG : 2020-11-18 23:36:48,403 :: 
Completed selection process - Query number 1
Number of images before selection began = 20
Number of images Deselected by user = 15.
Number of images that will remain = 5

LOG_LEVEL DEBUG : 2020-11-18 23:36:49,422 :: Num of images = 20
array=
['/media/rohit/DATA/EverythingD/01SRHBDBA_Acads/Thesis/StoryGenerator/Data/COCO_test2017_41k/test2017/000000033973.jpg', '/media/rohit/DATA/EverythingD/01SRHBDBA_Acads/Thesis/StoryGenerator/Data/COCO_test2017_41k/test2017/000000033951.jpg', '/media/rohit/DATA/EverythingD/01SRHBDBA_Acads/Thesis/StoryGenerator/Data/COCO_test2017_41k/test2017/000000169618.jpg', '/media/rohit/DATA/EverythingD/01SRHBDBA_Acads/Thesis/StoryGenerator/Data/COCO_test2017_41k/test2017/000000155758.jpg', '/media/rohit/DATA/EverythingD/01SRHBDBA_Acads/Thesis/StoryGenerator/Data/COCO_test2017_41k/test2017/000000503231.jpg', '/media/rohit/DATA/EverythingD/01SRHBDBA_Acads/Thesis/StoryGenerator/Data/COCO_test2017_41k/test2017/000000214602.jpg', '/media/rohit/DATA/EverythingD/01SRHBDBA_Acads/Thesis/StoryGenerator/Data/COCO_test2017_41k/test2017/000000063509.jpg', '/media/rohit/DATA/EverythingD/01SRHBDBA_Acads/Thesis/StoryGenerator/Data/COCO_test2017_41k/test2017/000000499654.jpg', '/media/rohit/DATA/EverythingD/01SRHBDBA_Acads/Thesis/StoryGenerator/Data/COCO_test2017_41k/test2017/000000069493.jpg', '/media/rohit/DATA/EverythingD/01SRHBDBA_Acads/Thesis/StoryGenerator/Data/COCO_test2017_41k/test2017/000000414617.jpg', '/media/rohit/DATA/EverythingD/01SRHBDBA_Acads/Thesis/StoryGenerator/Data/COCO_test2017_41k/test2017/000000539106.jpg', '/media/rohit/DATA/EverythingD/01SRHBDBA_Acads/Thesis/StoryGenerator/Data/COCO_test2017_41k/test2017/000000023319.jpg', '/media/rohit/DATA/EverythingD/01SRHBDBA_Acads/Thesis/StoryGenerator/Data/COCO_test2017_41k/test2017/000000445120.jpg', '/media/rohit/DATA/EverythingD/01SRHBDBA_Acads/Thesis/StoryGenerator/Data/COCO_test2017_41k/test2017/000000418375.jpg', '/media/rohit/DATA/EverythingD/01SRHBDBA_Acads/Thesis/StoryGenerator/Data/COCO_test2017_41k/test2017/000000036975.jpg', '/media/rohit/DATA/EverythingD/01SRHBDBA_Acads/Thesis/StoryGenerator/Data/COCO_test2017_41k/test2017/000000545222.jpg', '/media/rohit/DATA/EverythingD/01SRHBDBA_Acads/Thesis/StoryGenerator/Data/COCO_test2017_41k/test2017/000000375327.jpg', '/media/rohit/DATA/EverythingD/01SRHBDBA_Acads/Thesis/StoryGenerator/Data/COCO_test2017_41k/test2017/000000056139.jpg', '/media/rohit/DATA/EverythingD/01SRHBDBA_Acads/Thesis/StoryGenerator/Data/COCO_test2017_41k/test2017/000000203407.jpg', '/media/rohit/DATA/EverythingD/01SRHBDBA_Acads/Thesis/StoryGenerator/Data/COCO_test2017_41k/test2017/000000269916.jpg']

LOG_LEVEL INFO : 2020-11-18 23:37:58,205 :: 
For Query 2, Deselected positions=
[0, 1, 2, 6, 8, 9, 10, 11, 12, 13, 14, 15, 16, 18, 19]
LOG_LEVEL DEBUG : 2020-11-18 23:37:58,251 :: 
Completed selection process - Query number 2
Number of images before selection began = 20
Number of images Deselected by user = 15.
Number of images that will remain = 5

LOG_LEVEL DEBUG : 2020-11-18 23:38:01,278 :: Num of images = 20
array=
['/media/rohit/DATA/EverythingD/01SRHBDBA_Acads/Thesis/StoryGenerator/Data/COCO_test2017_41k/test2017/000000232087.jpg', '/media/rohit/DATA/EverythingD/01SRHBDBA_Acads/Thesis/StoryGenerator/Data/COCO_test2017_41k/test2017/000000492564.jpg', '/media/rohit/DATA/EverythingD/01SRHBDBA_Acads/Thesis/StoryGenerator/Data/COCO_test2017_41k/test2017/000000545192.jpg', '/media/rohit/DATA/EverythingD/01SRHBDBA_Acads/Thesis/StoryGenerator/Data/COCO_test2017_41k/test2017/000000361081.jpg', '/media/rohit/DATA/EverythingD/01SRHBDBA_Acads/Thesis/StoryGenerator/Data/COCO_test2017_41k/test2017/000000469453.jpg', '/media/rohit/DATA/EverythingD/01SRHBDBA_Acads/Thesis/StoryGenerator/Data/COCO_test2017_41k/test2017/000000007039.jpg', '/media/rohit/DATA/EverythingD/01SRHBDBA_Acads/Thesis/StoryGenerator/Data/COCO_test2017_41k/test2017/000000006844.jpg', '/media/rohit/DATA/EverythingD/01SRHBDBA_Acads/Thesis/StoryGenerator/Data/COCO_test2017_41k/test2017/000000564194.jpg', '/media/rohit/DATA/EverythingD/01SRHBDBA_Acads/Thesis/StoryGenerator/Data/COCO_test2017_41k/test2017/000000312409.jpg', '/media/rohit/DATA/EverythingD/01SRHBDBA_Acads/Thesis/StoryGenerator/Data/COCO_test2017_41k/test2017/000000352388.jpg', '/media/rohit/DATA/EverythingD/01SRHBDBA_Acads/Thesis/StoryGenerator/Data/COCO_test2017_41k/test2017/000000254053.jpg', '/media/rohit/DATA/EverythingD/01SRHBDBA_Acads/Thesis/StoryGenerator/Data/COCO_test2017_41k/test2017/000000444947.jpg', '/media/rohit/DATA/EverythingD/01SRHBDBA_Acads/Thesis/StoryGenerator/Data/COCO_test2017_41k/test2017/000000078123.jpg', '/media/rohit/DATA/EverythingD/01SRHBDBA_Acads/Thesis/StoryGenerator/Data/COCO_test2017_41k/test2017/000000005354.jpg', '/media/rohit/DATA/EverythingD/01SRHBDBA_Acads/Thesis/StoryGenerator/Data/COCO_test2017_41k/test2017/000000258347.jpg', '/media/rohit/DATA/EverythingD/01SRHBDBA_Acads/Thesis/StoryGenerator/Data/COCO_test2017_41k/test2017/000000294277.jpg', '/media/rohit/DATA/EverythingD/01SRHBDBA_Acads/Thesis/StoryGenerator/Data/COCO_test2017_41k/test2017/000000389110.jpg', '/media/rohit/DATA/EverythingD/01SRHBDBA_Acads/Thesis/StoryGenerator/Data/COCO_test2017_41k/test2017/000000056215.jpg', '/media/rohit/DATA/EverythingD/01SRHBDBA_Acads/Thesis/StoryGenerator/Data/COCO_test2017_41k/test2017/000000289819.jpg', '/media/rohit/DATA/EverythingD/01SRHBDBA_Acads/Thesis/StoryGenerator/Data/COCO_test2017_41k/test2017/000000160075.jpg']

LOG_LEVEL INFO : 2020-11-18 23:39:58,747 :: 
For Query 3, Deselected positions=
[0, 2, 3, 5, 6, 7, 8, 9, 11, 12, 14, 15, 16, 17, 18]
LOG_LEVEL DEBUG : 2020-11-18 23:39:58,791 :: 
Completed selection process - Query number 3
Number of images before selection began = 20
Number of images Deselected by user = 15.
Number of images that will remain = 5

LOG_LEVEL DEBUG : 2020-11-18 23:39:58,791 :: 

-------------------------------- SUMMARY INFORMATON --------------------------------

LOG_LEVEL DEBUG : 2020-11-18 23:39:58,791 :: 
FOR QUERY 1
Number of candidate images before selection = 20
Number of Deselections done = 15
Number of images remaining after Deselections = 5

LOG_LEVEL DEBUG : 2020-11-18 23:39:58,792 :: 
	------ Query images info BEFORE::
[{'Image': '000000169542.jpg', 'Source': 'coco_test_2017'}, {'Image': '000000169516.jpg', 'Source': 'coco_test_2017'}, {'Image': '000000292186.jpg', 'Source': 'coco_test_2017'}, {'Image': '000000146747.jpg', 'Source': 'coco_test_2017'}, {'Image': '000000168815.jpg', 'Source': 'coco_test_2017'}, {'Image': '000000168743.jpg', 'Source': 'coco_test_2017'}, {'Image': '000000265504.jpg', 'Source': 'coco_test_2017'}, {'Image': '000000225081.jpg', 'Source': 'coco_test_2017'}, {'Image': '000000225051.jpg', 'Source': 'coco_test_2017'}, {'Image': '000000241061.jpg', 'Source': 'coco_test_2017'}, {'Image': '000000230729.jpg', 'Source': 'coco_test_2017'}, {'Image': '000000526988.jpg', 'Source': 'coco_test_2017'}, {'Image': '000000006844.jpg', 'Source': 'coco_test_2017'}, {'Image': '000000078095.jpg', 'Source': 'coco_test_2017'}, {'Image': '000000079789.jpg', 'Source': 'coco_test_2017'}, {'Image': '000000039440.jpg', 'Source': 'coco_test_2017'}, {'Image': '000000121451.jpg', 'Source': 'coco_test_2017'}, {'Image': '000000562653.jpg', 'Source': 'coco_test_2017'}, {'Image': '000000254474.jpg', 'Source': 'coco_test_2017'}, {'Image': '000000279257.jpg', 'Source': 'coco_test_2017'}]
	------ Positions removed::
[1, 2, 3, 4, 5, 6, 7, 8, 9, 10, 12, 13, 15, 17, 18]
	------ Query images info AFTER::
[{'Image': '000000169542.jpg', 'Source': 'coco_test_2017'}, {'Image': '000000526988.jpg', 'Source': 'coco_test_2017'}, {'Image': '000000079789.jpg', 'Source': 'coco_test_2017'}, {'Image': '000000121451.jpg', 'Source': 'coco_test_2017'}, {'Image': '000000279257.jpg', 'Source': 'coco_test_2017'}]


LOG_LEVEL DEBUG : 2020-11-18 23:39:58,792 :: 
FOR QUERY 2
Number of candidate images before selection = 20
Number of Deselections done = 15
Number of images remaining after Deselections = 5

LOG_LEVEL DEBUG : 2020-11-18 23:39:58,792 :: 
	------ Query images info BEFORE::
[{'Image': '000000033973.jpg', 'Source': 'coco_test_2017'}, {'Image': '000000033951.jpg', 'Source': 'coco_test_2017'}, {'Image': '000000169618.jpg', 'Source': 'coco_test_2017'}, {'Image': '000000155758.jpg', 'Source': 'coco_test_2017'}, {'Image': '000000503231.jpg', 'Source': 'coco_test_2017'}, {'Image': '000000214602.jpg', 'Source': 'coco_test_2017'}, {'Image': '000000063509.jpg', 'Source': 'coco_test_2017'}, {'Image': '000000499654.jpg', 'Source': 'coco_test_2017'}, {'Image': '000000069493.jpg', 'Source': 'coco_test_2017'}, {'Image': '000000414617.jpg', 'Source': 'coco_test_2017'}, {'Image': '000000539106.jpg', 'Source': 'coco_test_2017'}, {'Image': '000000023319.jpg', 'Source': 'coco_test_2017'}, {'Image': '000000445120.jpg', 'Source': 'coco_test_2017'}, {'Image': '000000418375.jpg', 'Source': 'coco_test_2017'}, {'Image': '000000036975.jpg', 'Source': 'coco_test_2017'}, {'Image': '000000545222.jpg', 'Source': 'coco_test_2017'}, {'Image': '000000375327.jpg', 'Source': 'coco_test_2017'}, {'Image': '000000056139.jpg', 'Source': 'coco_test_2017'}, {'Image': '000000203407.jpg', 'Source': 'coco_test_2017'}, {'Image': '000000269916.jpg', 'Source': 'coco_test_2017'}]
	------ Positions removed::
[0, 1, 2, 6, 8, 9, 10, 11, 12, 13, 14, 15, 16, 18, 19]
	------ Query images info AFTER::
[{'Image': '000000155758.jpg', 'Source': 'coco_test_2017'}, {'Image': '000000503231.jpg', 'Source': 'coco_test_2017'}, {'Image': '000000214602.jpg', 'Source': 'coco_test_2017'}, {'Image': '000000499654.jpg', 'Source': 'coco_test_2017'}, {'Image': '000000056139.jpg', 'Source': 'coco_test_2017'}]


LOG_LEVEL DEBUG : 2020-11-18 23:39:58,792 :: 
FOR QUERY 3
Number of candidate images before selection = 20
Number of Deselections done = 15
Number of images remaining after Deselections = 5

LOG_LEVEL DEBUG : 2020-11-18 23:39:58,792 :: 
	------ Query images info BEFORE::
[{'Image': '000000232087.jpg', 'Source': 'coco_test_2017'}, {'Image': '000000492564.jpg', 'Source': 'coco_test_2017'}, {'Image': '000000545192.jpg', 'Source': 'coco_test_2017'}, {'Image': '000000361081.jpg', 'Source': 'coco_test_2017'}, {'Image': '000000469453.jpg', 'Source': 'coco_test_2017'}, {'Image': '000000007039.jpg', 'Source': 'coco_test_2017'}, {'Image': '000000006844.jpg', 'Source': 'coco_test_2017'}, {'Image': '000000564194.jpg', 'Source': 'coco_test_2017'}, {'Image': '000000312409.jpg', 'Source': 'coco_test_2017'}, {'Image': '000000352388.jpg', 'Source': 'coco_test_2017'}, {'Image': '000000254053.jpg', 'Source': 'coco_test_2017'}, {'Image': '000000444947.jpg', 'Source': 'coco_test_2017'}, {'Image': '000000078123.jpg', 'Source': 'coco_test_2017'}, {'Image': '000000005354.jpg', 'Source': 'coco_test_2017'}, {'Image': '000000258347.jpg', 'Source': 'coco_test_2017'}, {'Image': '000000294277.jpg', 'Source': 'coco_test_2017'}, {'Image': '000000389110.jpg', 'Source': 'coco_test_2017'}, {'Image': '000000056215.jpg', 'Source': 'coco_test_2017'}, {'Image': '000000289819.jpg', 'Source': 'coco_test_2017'}, {'Image': '000000160075.jpg', 'Source': 'coco_test_2017'}]
	------ Positions removed::
[0, 2, 3, 5, 6, 7, 8, 9, 11, 12, 14, 15, 16, 17, 18]
	------ Query images info AFTER::
[{'Image': '000000492564.jpg', 'Source': 'coco_test_2017'}, {'Image': '000000469453.jpg', 'Source': 'coco_test_2017'}, {'Image': '000000254053.jpg', 'Source': 'coco_test_2017'}, {'Image': '000000005354.jpg', 'Source': 'coco_test_2017'}, {'Image': '000000160075.jpg', 'Source': 'coco_test_2017'}]


LOG_LEVEL INFO : 2020-11-18 23:39:58,792 :: 
After GUI CANDIDATE IMAGES SELECTION logic execution:
gui_candidate_image_selection_logic_RC = 0
gui_candidate_image_selection_logic_msg = None
gui_candidate_image_selection_module_results = [[{'Image': '000000169542.jpg', 'Source': 'coco_test_2017'}, {'Image': '000000526988.jpg', 'Source': 'coco_test_2017'}, {'Image': '000000079789.jpg', 'Source': 'coco_test_2017'}, {'Image': '000000121451.jpg', 'Source': 'coco_test_2017'}, {'Image': '000000279257.jpg', 'Source': 'coco_test_2017'}], [{'Image': '000000155758.jpg', 'Source': 'coco_test_2017'}, {'Image': '000000503231.jpg', 'Source': 'coco_test_2017'}, {'Image': '000000214602.jpg', 'Source': 'coco_test_2017'}, {'Image': '000000499654.jpg', 'Source': 'coco_test_2017'}, {'Image': '000000056139.jpg', 'Source': 'coco_test_2017'}], [{'Image': '000000492564.jpg', 'Source': 'coco_test_2017'}, {'Image': '000000469453.jpg', 'Source': 'coco_test_2017'}, {'Image': '000000254053.jpg', 'Source': 'coco_test_2017'}, {'Image': '000000005354.jpg', 'Source': 'coco_test_2017'}, {'Image': '000000160075.jpg', 'Source': 'coco_test_2017'}]]

LOG_LEVEL INFO : 2020-11-18 23:39:58,792 :: 
Images retained after Deselections (to be passed to Auto-caption block):

LOG_LEVEL INFO : 2020-11-18 23:39:58,792 :: 
1) Keywords: ['person', 'truck']
Selected Images results:
[{'Image': '000000169542.jpg', 'Source': 'coco_test_2017'}, {'Image': '000000526988.jpg', 'Source': 'coco_test_2017'}, {'Image': '000000079789.jpg', 'Source': 'coco_test_2017'}, {'Image': '000000121451.jpg', 'Source': 'coco_test_2017'}, {'Image': '000000279257.jpg', 'Source': 'coco_test_2017'}]
LOG_LEVEL INFO : 2020-11-18 23:39:58,792 :: 
2) Keywords: ['bicycle', 'person']
Selected Images results:
[{'Image': '000000155758.jpg', 'Source': 'coco_test_2017'}, {'Image': '000000503231.jpg', 'Source': 'coco_test_2017'}, {'Image': '000000214602.jpg', 'Source': 'coco_test_2017'}, {'Image': '000000499654.jpg', 'Source': 'coco_test_2017'}, {'Image': '000000056139.jpg', 'Source': 'coco_test_2017'}]
LOG_LEVEL INFO : 2020-11-18 23:39:58,792 :: 
3) Keywords: ['person', 'pizza']
Selected Images results:
[{'Image': '000000492564.jpg', 'Source': 'coco_test_2017'}, {'Image': '000000469453.jpg', 'Source': 'coco_test_2017'}, {'Image': '000000254053.jpg', 'Source': 'coco_test_2017'}, {'Image': '000000005354.jpg', 'Source': 'coco_test_2017'}, {'Image': '000000160075.jpg', 'Source': 'coco_test_2017'}]
LOG_LEVEL INFO : 2020-11-18 23:39:58,792 :: 

-------------------------------------------------------------------
-------------------------------------------------------------------
   STAGE 5-a)  STARTING EXECUTION OF IMAGE CAPTIONING - NO ATTN    
-------------------------------------------------------------------
-------------------------------------------------------------------


LOG_LEVEL INFO : 2020-11-18 23:40:03,960 :: 
RNN Decoder model defined with these paramenters:

EMBEDDING_DIMS = 200 , VOCAB_SIZE = 6758 , MAX_LENGTH_CAPTION = 49

Attempting to load weights...
LOG_LEVEL INFO : 2020-11-18 23:40:04,175 :: 
Reloaded Image Captioning Decoder using weights file =

/media/rohit/DATA/EverythingD/01SRHBDBA_Acads/Thesis/StoryGenerator/Code/ModelsRuns/ImgCap/SavedData/Thesis_ImgCap_Weights_In_Run3/Decoder_Run_3_Wt_ep_18.h5

LOG_LEVEL INFO : 2020-11-18 23:40:57,163 :: 
After IMAGE CAPTIONING NO-ATTENTION logic execution:
img_cap_after_no_attn_inference_logic_RC = 0
img_cap_after_no_attn_inference_logic_msg = None
img_cap_after_no_attn_inference_module_results = [{'key_elements': ['person', 'truck'], 'selected_images_no_attn': [['/media/rohit/DATA/EverythingD/01SRHBDBA_Acads/Thesis/StoryGenerator/Data/COCO_test2017_41k/test2017/000000169542.jpg', 'large truck is parked on the side of the road'], ['/media/rohit/DATA/EverythingD/01SRHBDBA_Acads/Thesis/StoryGenerator/Data/COCO_test2017_41k/test2017/000000526988.jpg', 'fire truck is parked on the side of the road'], ['/media/rohit/DATA/EverythingD/01SRHBDBA_Acads/Thesis/StoryGenerator/Data/COCO_test2017_41k/test2017/000000079789.jpg', 'large truck is parked on the side of the road'], ['/media/rohit/DATA/EverythingD/01SRHBDBA_Acads/Thesis/StoryGenerator/Data/COCO_test2017_41k/test2017/000000121451.jpg', 'truck is parked in front of building'], ['/media/rohit/DATA/EverythingD/01SRHBDBA_Acads/Thesis/StoryGenerator/Data/COCO_test2017_41k/test2017/000000279257.jpg', 'group of people standing next to each other on street']]}, {'key_elements': ['bicycle', 'person'], 'selected_images_no_attn': [['/media/rohit/DATA/EverythingD/01SRHBDBA_Acads/Thesis/StoryGenerator/Data/COCO_test2017_41k/test2017/000000155758.jpg', 'man riding bike on the side of the road'], ['/media/rohit/DATA/EverythingD/01SRHBDBA_Acads/Thesis/StoryGenerator/Data/COCO_test2017_41k/test2017/000000503231.jpg', 'person riding bike on the side of the road'], ['/media/rohit/DATA/EverythingD/01SRHBDBA_Acads/Thesis/StoryGenerator/Data/COCO_test2017_41k/test2017/000000214602.jpg', 'man riding bike on the side of the road'], ['/media/rohit/DATA/EverythingD/01SRHBDBA_Acads/Thesis/StoryGenerator/Data/COCO_test2017_41k/test2017/000000499654.jpg', 'man standing on the beach holding surfboard'], ['/media/rohit/DATA/EverythingD/01SRHBDBA_Acads/Thesis/StoryGenerator/Data/COCO_test2017_41k/test2017/000000056139.jpg', 'man riding bike next to man on beach']]}, {'key_elements': ['person', 'pizza'], 'selected_images_no_attn': [['/media/rohit/DATA/EverythingD/01SRHBDBA_Acads/Thesis/StoryGenerator/Data/COCO_test2017_41k/test2017/000000492564.jpg', 'woman sitting at table with pizza on it'], ['/media/rohit/DATA/EverythingD/01SRHBDBA_Acads/Thesis/StoryGenerator/Data/COCO_test2017_41k/test2017/000000469453.jpg', 'woman sitting at table with pizza and drink'], ['/media/rohit/DATA/EverythingD/01SRHBDBA_Acads/Thesis/StoryGenerator/Data/COCO_test2017_41k/test2017/000000254053.jpg', 'man sitting at table in front of plate of pizza'], ['/media/rohit/DATA/EverythingD/01SRHBDBA_Acads/Thesis/StoryGenerator/Data/COCO_test2017_41k/test2017/000000005354.jpg', 'group of people sitting at table with plates of food'], ['/media/rohit/DATA/EverythingD/01SRHBDBA_Acads/Thesis/StoryGenerator/Data/COCO_test2017_41k/test2017/000000160075.jpg', 'group of people sitting at table with pizza']]}]

LOG_LEVEL INFO : 2020-11-18 23:40:57,163 :: 

-------------------------------------------------------------------
-------------------------------------------------------------------
  STAGE 5-b)  STARTING EXECUTION OF IMAGE CAPTIONING - WITH ATTN   
-------------------------------------------------------------------
-------------------------------------------------------------------


LOG_LEVEL INFO : 2020-11-18 23:41:00,727 :: Cleared current contents of the Destination dir

LOG_LEVEL INFO : 2020-11-18 23:41:03,956 :: Copied 11 files

	FROM:
/media/rohit/DATA/EverythingD/01SRHBDBA_Acads/Thesis/StoryGenerator/Code/ModelsRuns/ImgCapAttention/SavedData/Thesis_ImgCapATTENTION_ChkPts_In_Run4_Ep21/
	TO:
/home/rohit/PyWDUbuntu/thesis/ImgCapATTEND_opdir_DUMMY_RUN/chkPointDir_DUMMY_RUN/train_DUMMY_RUN/

LOG_LEVEL WARNING : 2020-11-18 23:41:09,040 :: Unresolved object in checkpoint: (root).optimizer.beta_1
LOG_LEVEL WARNING : 2020-11-18 23:41:09,040 :: Unresolved object in checkpoint: (root).optimizer.beta_2
LOG_LEVEL WARNING : 2020-11-18 23:41:09,040 :: Unresolved object in checkpoint: (root).optimizer.decay
LOG_LEVEL WARNING : 2020-11-18 23:41:09,040 :: Unresolved object in checkpoint: (root).optimizer.learning_rate
LOG_LEVEL WARNING : 2020-11-18 23:41:09,040 :: Unresolved object in checkpoint: (root).optimizer.iter
LOG_LEVEL WARNING : 2020-11-18 23:41:09,040 :: A checkpoint was restored (e.g. tf.train.Checkpoint.restore or tf.keras.Model.load_weights) but not all checkpointed values were used. See above for specific issues. Use expect_partial() on the load status object, e.g. tf.train.Checkpoint.restore(...).expect_partial(), to silence these warnings, or use assert_consumed() to make the check explicit. See https://www.tensorflow.org/guide/checkpoint#loading_mechanics for details.
LOG_LEVEL INFO : 2020-11-18 23:41:09,042 :: 
After IMAGE CAPTIONING WITH-ATTENTION logic execution:
img_cap_after_WITH_attn_inference_logic_RC = 0
img_cap_after_WITH_attn_inference_logic_msg = None
img_cap_after_WITH_attn_inference_module_results = [{'key_elements': ['person', 'truck'], 'selected_images_no_attn': [['/media/rohit/DATA/EverythingD/01SRHBDBA_Acads/Thesis/StoryGenerator/Data/COCO_test2017_41k/test2017/000000169542.jpg', 'large truck is parked on the side of the road'], ['/media/rohit/DATA/EverythingD/01SRHBDBA_Acads/Thesis/StoryGenerator/Data/COCO_test2017_41k/test2017/000000526988.jpg', 'fire truck is parked on the side of the road'], ['/media/rohit/DATA/EverythingD/01SRHBDBA_Acads/Thesis/StoryGenerator/Data/COCO_test2017_41k/test2017/000000079789.jpg', 'large truck is parked on the side of the road'], ['/media/rohit/DATA/EverythingD/01SRHBDBA_Acads/Thesis/StoryGenerator/Data/COCO_test2017_41k/test2017/000000121451.jpg', 'truck is parked in front of building'], ['/media/rohit/DATA/EverythingD/01SRHBDBA_Acads/Thesis/StoryGenerator/Data/COCO_test2017_41k/test2017/000000279257.jpg', 'group of people standing next to each other on street']], 'selected_images_with_attn': [['/media/rohit/DATA/EverythingD/01SRHBDBA_Acads/Thesis/StoryGenerator/Data/COCO_test2017_41k/test2017/000000169542.jpg', 'a man standing next to a white trash bin for a man in the back'], ['/media/rohit/DATA/EverythingD/01SRHBDBA_Acads/Thesis/StoryGenerator/Data/COCO_test2017_41k/test2017/000000526988.jpg', 'a red firetruck driving down a street next to a bus'], ['/media/rohit/DATA/EverythingD/01SRHBDBA_Acads/Thesis/StoryGenerator/Data/COCO_test2017_41k/test2017/000000079789.jpg', 'a tow truck driving down a street'], ['/media/rohit/DATA/EverythingD/01SRHBDBA_Acads/Thesis/StoryGenerator/Data/COCO_test2017_41k/test2017/000000121451.jpg', 'a man standing next to a large truck'], ['/media/rohit/DATA/EverythingD/01SRHBDBA_Acads/Thesis/StoryGenerator/Data/COCO_test2017_41k/test2017/000000279257.jpg', 'a man standing outside a food truck']]}, {'key_elements': ['bicycle', 'person'], 'selected_images_no_attn': [['/media/rohit/DATA/EverythingD/01SRHBDBA_Acads/Thesis/StoryGenerator/Data/COCO_test2017_41k/test2017/000000155758.jpg', 'man riding bike on the side of the road'], ['/media/rohit/DATA/EverythingD/01SRHBDBA_Acads/Thesis/StoryGenerator/Data/COCO_test2017_41k/test2017/000000503231.jpg', 'person riding bike on the side of the road'], ['/media/rohit/DATA/EverythingD/01SRHBDBA_Acads/Thesis/StoryGenerator/Data/COCO_test2017_41k/test2017/000000214602.jpg', 'man riding bike on the side of the road'], ['/media/rohit/DATA/EverythingD/01SRHBDBA_Acads/Thesis/StoryGenerator/Data/COCO_test2017_41k/test2017/000000499654.jpg', 'man standing on the beach holding surfboard'], ['/media/rohit/DATA/EverythingD/01SRHBDBA_Acads/Thesis/StoryGenerator/Data/COCO_test2017_41k/test2017/000000056139.jpg', 'man riding bike next to man on beach']], 'selected_images_with_attn': [['/media/rohit/DATA/EverythingD/01SRHBDBA_Acads/Thesis/StoryGenerator/Data/COCO_test2017_41k/test2017/000000155758.jpg', 'a man and woman are riding a bike with a dog'], ['/media/rohit/DATA/EverythingD/01SRHBDBA_Acads/Thesis/StoryGenerator/Data/COCO_test2017_41k/test2017/000000503231.jpg', 'a man on a bike down a bike'], ['/media/rohit/DATA/EverythingD/01SRHBDBA_Acads/Thesis/StoryGenerator/Data/COCO_test2017_41k/test2017/000000214602.jpg', 'a man is riding a bike and a dog'], ['/media/rohit/DATA/EverythingD/01SRHBDBA_Acads/Thesis/StoryGenerator/Data/COCO_test2017_41k/test2017/000000499654.jpg', 'a man walking a dog on a beach with a bicycle with a surfboard on the beach with surfboards walking on the beach with surfboards leaning against the water'], ['/media/rohit/DATA/EverythingD/01SRHBDBA_Acads/Thesis/StoryGenerator/Data/COCO_test2017_41k/test2017/000000056139.jpg', 'a man is riding a bicycle on a beach with a bird on the beach']]}, {'key_elements': ['person', 'pizza'], 'selected_images_no_attn': [['/media/rohit/DATA/EverythingD/01SRHBDBA_Acads/Thesis/StoryGenerator/Data/COCO_test2017_41k/test2017/000000492564.jpg', 'woman sitting at table with pizza on it'], ['/media/rohit/DATA/EverythingD/01SRHBDBA_Acads/Thesis/StoryGenerator/Data/COCO_test2017_41k/test2017/000000469453.jpg', 'woman sitting at table with pizza and drink'], ['/media/rohit/DATA/EverythingD/01SRHBDBA_Acads/Thesis/StoryGenerator/Data/COCO_test2017_41k/test2017/000000254053.jpg', 'man sitting at table in front of plate of pizza'], ['/media/rohit/DATA/EverythingD/01SRHBDBA_Acads/Thesis/StoryGenerator/Data/COCO_test2017_41k/test2017/000000005354.jpg', 'group of people sitting at table with plates of food'], ['/media/rohit/DATA/EverythingD/01SRHBDBA_Acads/Thesis/StoryGenerator/Data/COCO_test2017_41k/test2017/000000160075.jpg', 'group of people sitting at table with pizza']], 'selected_images_with_attn': [['/media/rohit/DATA/EverythingD/01SRHBDBA_Acads/Thesis/StoryGenerator/Data/COCO_test2017_41k/test2017/000000492564.jpg', 'a man eating a pizza on a table'], ['/media/rohit/DATA/EverythingD/01SRHBDBA_Acads/Thesis/StoryGenerator/Data/COCO_test2017_41k/test2017/000000469453.jpg', 'a group of people sitting at a table with a plate of food'], ['/media/rohit/DATA/EverythingD/01SRHBDBA_Acads/Thesis/StoryGenerator/Data/COCO_test2017_41k/test2017/000000254053.jpg', 'a woman eating pizza and a plate'], ['/media/rohit/DATA/EverythingD/01SRHBDBA_Acads/Thesis/StoryGenerator/Data/COCO_test2017_41k/test2017/000000005354.jpg', 'a group of people sitting at a table with pizza'], ['/media/rohit/DATA/EverythingD/01SRHBDBA_Acads/Thesis/StoryGenerator/Data/COCO_test2017_41k/test2017/000000160075.jpg', 'a group of people sitting at a table eating pizza']]}]

LOG_LEVEL INFO : 2020-11-18 23:41:09,042 :: 

-------------------------------------------------------------------------------
-------------------------------------------------------------------------------
    STAGE 6)  STARTING EXECUTION OF GUI DISPLAY fOR IMAGE CAPTIONING RESULTS   
-------------------------------------------------------------------------------
-------------------------------------------------------------------------------


LOG_LEVEL DEBUG : 2020-11-18 23:47:12,174 :: 

ImgCap:: After Enlarge window for Query 1, Image=
/media/rohit/DATA/EverythingD/01SRHBDBA_Acads/Thesis/StoryGenerator/Data/COCO_test2017_41k/test2017/000000121451.jpg
Caption WAS CHANGED
Original Caption =
truck is parked in front of building
Editable Caption =
persons are standing next to a truck parked in front of a building

LOG_LEVEL DEBUG : 2020-11-18 23:47:12,175 :: 

ImgCap:: After Enlarge window for Query 1, Image=
/media/rohit/DATA/EverythingD/01SRHBDBA_Acads/Thesis/StoryGenerator/Data/COCO_test2017_41k/test2017/000000121451.jpg
Caption_Attn WAS CHANGED
Original Caption_Attn =
a man standing next to a large truck
Editable Caption_Attn =
a group of men standing next to a large truck

LOG_LEVEL DEBUG : 2020-11-18 23:49:00,646 :: 

ImgCap:: After Enlarge window for Query 1, Image=
/media/rohit/DATA/EverythingD/01SRHBDBA_Acads/Thesis/StoryGenerator/Data/COCO_test2017_41k/test2017/000000279257.jpg
Caption WAS CHANGED
Original Caption =
group of people standing next to each other on street
Editable Caption =
a group of people standing around a truck

LOG_LEVEL DEBUG : 2020-11-18 23:49:00,646 :: 

ImgCap:: After Enlarge window for Query 1, Image=
/media/rohit/DATA/EverythingD/01SRHBDBA_Acads/Thesis/StoryGenerator/Data/COCO_test2017_41k/test2017/000000279257.jpg
Caption_Attn WAS CHANGED
Original Caption_Attn =
a man standing outside a food truck
Editable Caption_Attn =
a group of people standing outside a food truck

LOG_LEVEL DEBUG : 2020-11-18 23:49:10,329 :: 
For Query 1, Deselected positions=
[0, 1, 2]

LOG_LEVEL DEBUG : 2020-11-18 23:49:10,349 :: 
Completed selection process - Query number 1
Deselected image positions this query = [0, 1, 2]
Number of images before selection began = 5
Number of images Deselected by user = 3.
Number of images that will remain = 2

LOG_LEVEL DEBUG : 2020-11-18 23:54:24,234 :: 

ImgCap:: After Enlarge window for Query 2, Image=
/media/rohit/DATA/EverythingD/01SRHBDBA_Acads/Thesis/StoryGenerator/Data/COCO_test2017_41k/test2017/000000155758.jpg
Caption WAS CHANGED
Original Caption =
man riding bike on the side of the road
Editable Caption =
a man is riding a bike down a road

LOG_LEVEL DEBUG : 2020-11-18 23:54:24,235 :: 

ImgCap:: After Enlarge window for Query 2, Image=
/media/rohit/DATA/EverythingD/01SRHBDBA_Acads/Thesis/StoryGenerator/Data/COCO_test2017_41k/test2017/000000155758.jpg
Caption_Attn WAS CHANGED
Original Caption_Attn =
a man and woman are riding a bike with a dog
Editable Caption_Attn =
a man and child are riding a bike and there are some dogs far behind

LOG_LEVEL DEBUG : 2020-11-18 23:56:55,775 :: 

ImgCap:: After Enlarge window for Query 2, Image=
/media/rohit/DATA/EverythingD/01SRHBDBA_Acads/Thesis/StoryGenerator/Data/COCO_test2017_41k/test2017/000000503231.jpg
Caption WAS CHANGED
Original Caption =
person riding bike on the side of the road
Editable Caption =
a person is riding a bike on the side of the road

LOG_LEVEL DEBUG : 2020-11-18 23:56:55,775 :: 

ImgCap:: After Enlarge window for Query 2, Image=
/media/rohit/DATA/EverythingD/01SRHBDBA_Acads/Thesis/StoryGenerator/Data/COCO_test2017_41k/test2017/000000503231.jpg
Caption_Attn WAS CHANGED
Original Caption_Attn =
a man on a bike down a bike
Editable Caption_Attn =
a man on a bike down a road

LOG_LEVEL DEBUG : 2020-11-18 23:57:14,207 :: 
For Query 2, Deselected positions=
[2, 3, 4]

LOG_LEVEL DEBUG : 2020-11-18 23:57:14,281 :: 
Completed selection process - Query number 2
Deselected image positions this query = [2, 3, 4]
Number of images before selection began = 5
Number of images Deselected by user = 3.
Number of images that will remain = 2

LOG_LEVEL DEBUG : 2020-11-18 23:59:00,203 :: 

ImgCap:: After Enlarge window for Query 3, Image=
/media/rohit/DATA/EverythingD/01SRHBDBA_Acads/Thesis/StoryGenerator/Data/COCO_test2017_41k/test2017/000000469453.jpg
Caption WAS CHANGED
Original Caption =
woman sitting at table with pizza and drink
Editable Caption =
two women are sitting at a table with pizza and drink

LOG_LEVEL DEBUG : 2020-11-19 00:02:53,552 :: 

ImgCap:: After Enlarge window for Query 3, Image=
/media/rohit/DATA/EverythingD/01SRHBDBA_Acads/Thesis/StoryGenerator/Data/COCO_test2017_41k/test2017/000000005354.jpg
Caption WAS CHANGED
Original Caption =
group of people sitting at table with plates of food
Editable Caption =
a group of people sitting at a table with plates of food

LOG_LEVEL DEBUG : 2020-11-19 00:03:59,553 :: 

ImgCap:: After Enlarge window for Query 3, Image=
/media/rohit/DATA/EverythingD/01SRHBDBA_Acads/Thesis/StoryGenerator/Data/COCO_test2017_41k/test2017/000000160075.jpg
Caption WAS CHANGED
Original Caption =
group of people sitting at table with pizza
Editable Caption =
a group of people sitting at a table with pizza

LOG_LEVEL DEBUG : 2020-11-19 00:04:23,058 :: 
For Query 3, Deselected positions=
[0, 2]

LOG_LEVEL DEBUG : 2020-11-19 00:04:23,116 :: 
Completed selection process - Query number 3
Deselected image positions this query = [0, 2]
Number of images before selection began = 5
Number of images Deselected by user = 2.
Number of images that will remain = 3

LOG_LEVEL DEBUG : 2020-11-19 00:04:23,116 :: 


******************************************************************
********* SUMMARY for Image Captioning GUI - all queries *********
*********     BEFORE removing the deselected images      *********
******************************************************************
Data structure BEFORE =
[{'key_elements': ['person', 'truck'], 'selected_images_no_attn': [['/media/rohit/DATA/EverythingD/01SRHBDBA_Acads/Thesis/StoryGenerator/Data/COCO_test2017_41k/test2017/000000169542.jpg', 'large truck is parked on the side of the road'], ['/media/rohit/DATA/EverythingD/01SRHBDBA_Acads/Thesis/StoryGenerator/Data/COCO_test2017_41k/test2017/000000526988.jpg', 'fire truck is parked on the side of the road'], ['/media/rohit/DATA/EverythingD/01SRHBDBA_Acads/Thesis/StoryGenerator/Data/COCO_test2017_41k/test2017/000000079789.jpg', 'large truck is parked on the side of the road'], ['/media/rohit/DATA/EverythingD/01SRHBDBA_Acads/Thesis/StoryGenerator/Data/COCO_test2017_41k/test2017/000000121451.jpg', 'truck is parked in front of building'], ['/media/rohit/DATA/EverythingD/01SRHBDBA_Acads/Thesis/StoryGenerator/Data/COCO_test2017_41k/test2017/000000279257.jpg', 'group of people standing next to each other on street']], 'selected_images_with_attn': [['/media/rohit/DATA/EverythingD/01SRHBDBA_Acads/Thesis/StoryGenerator/Data/COCO_test2017_41k/test2017/000000169542.jpg', 'a man standing next to a white trash bin for a man in the back'], ['/media/rohit/DATA/EverythingD/01SRHBDBA_Acads/Thesis/StoryGenerator/Data/COCO_test2017_41k/test2017/000000526988.jpg', 'a red firetruck driving down a street next to a bus'], ['/media/rohit/DATA/EverythingD/01SRHBDBA_Acads/Thesis/StoryGenerator/Data/COCO_test2017_41k/test2017/000000079789.jpg', 'a tow truck driving down a street'], ['/media/rohit/DATA/EverythingD/01SRHBDBA_Acads/Thesis/StoryGenerator/Data/COCO_test2017_41k/test2017/000000121451.jpg', 'a man standing next to a large truck'], ['/media/rohit/DATA/EverythingD/01SRHBDBA_Acads/Thesis/StoryGenerator/Data/COCO_test2017_41k/test2017/000000279257.jpg', 'a man standing outside a food truck']]}, {'key_elements': ['bicycle', 'person'], 'selected_images_no_attn': [['/media/rohit/DATA/EverythingD/01SRHBDBA_Acads/Thesis/StoryGenerator/Data/COCO_test2017_41k/test2017/000000155758.jpg', 'man riding bike on the side of the road'], ['/media/rohit/DATA/EverythingD/01SRHBDBA_Acads/Thesis/StoryGenerator/Data/COCO_test2017_41k/test2017/000000503231.jpg', 'person riding bike on the side of the road'], ['/media/rohit/DATA/EverythingD/01SRHBDBA_Acads/Thesis/StoryGenerator/Data/COCO_test2017_41k/test2017/000000214602.jpg', 'man riding bike on the side of the road'], ['/media/rohit/DATA/EverythingD/01SRHBDBA_Acads/Thesis/StoryGenerator/Data/COCO_test2017_41k/test2017/000000499654.jpg', 'man standing on the beach holding surfboard'], ['/media/rohit/DATA/EverythingD/01SRHBDBA_Acads/Thesis/StoryGenerator/Data/COCO_test2017_41k/test2017/000000056139.jpg', 'man riding bike next to man on beach']], 'selected_images_with_attn': [['/media/rohit/DATA/EverythingD/01SRHBDBA_Acads/Thesis/StoryGenerator/Data/COCO_test2017_41k/test2017/000000155758.jpg', 'a man and woman are riding a bike with a dog'], ['/media/rohit/DATA/EverythingD/01SRHBDBA_Acads/Thesis/StoryGenerator/Data/COCO_test2017_41k/test2017/000000503231.jpg', 'a man on a bike down a bike'], ['/media/rohit/DATA/EverythingD/01SRHBDBA_Acads/Thesis/StoryGenerator/Data/COCO_test2017_41k/test2017/000000214602.jpg', 'a man is riding a bike and a dog'], ['/media/rohit/DATA/EverythingD/01SRHBDBA_Acads/Thesis/StoryGenerator/Data/COCO_test2017_41k/test2017/000000499654.jpg', 'a man walking a dog on a beach with a bicycle with a surfboard on the beach with surfboards walking on the beach with surfboards leaning against the water'], ['/media/rohit/DATA/EverythingD/01SRHBDBA_Acads/Thesis/StoryGenerator/Data/COCO_test2017_41k/test2017/000000056139.jpg', 'a man is riding a bicycle on a beach with a bird on the beach']]}, {'key_elements': ['person', 'pizza'], 'selected_images_no_attn': [['/media/rohit/DATA/EverythingD/01SRHBDBA_Acads/Thesis/StoryGenerator/Data/COCO_test2017_41k/test2017/000000492564.jpg', 'woman sitting at table with pizza on it'], ['/media/rohit/DATA/EverythingD/01SRHBDBA_Acads/Thesis/StoryGenerator/Data/COCO_test2017_41k/test2017/000000469453.jpg', 'woman sitting at table with pizza and drink'], ['/media/rohit/DATA/EverythingD/01SRHBDBA_Acads/Thesis/StoryGenerator/Data/COCO_test2017_41k/test2017/000000254053.jpg', 'man sitting at table in front of plate of pizza'], ['/media/rohit/DATA/EverythingD/01SRHBDBA_Acads/Thesis/StoryGenerator/Data/COCO_test2017_41k/test2017/000000005354.jpg', 'group of people sitting at table with plates of food'], ['/media/rohit/DATA/EverythingD/01SRHBDBA_Acads/Thesis/StoryGenerator/Data/COCO_test2017_41k/test2017/000000160075.jpg', 'group of people sitting at table with pizza']], 'selected_images_with_attn': [['/media/rohit/DATA/EverythingD/01SRHBDBA_Acads/Thesis/StoryGenerator/Data/COCO_test2017_41k/test2017/000000492564.jpg', 'a man eating a pizza on a table'], ['/media/rohit/DATA/EverythingD/01SRHBDBA_Acads/Thesis/StoryGenerator/Data/COCO_test2017_41k/test2017/000000469453.jpg', 'a group of people sitting at a table with a plate of food'], ['/media/rohit/DATA/EverythingD/01SRHBDBA_Acads/Thesis/StoryGenerator/Data/COCO_test2017_41k/test2017/000000254053.jpg', 'a woman eating pizza and a plate'], ['/media/rohit/DATA/EverythingD/01SRHBDBA_Acads/Thesis/StoryGenerator/Data/COCO_test2017_41k/test2017/000000005354.jpg', 'a group of people sitting at a table with pizza'], ['/media/rohit/DATA/EverythingD/01SRHBDBA_Acads/Thesis/StoryGenerator/Data/COCO_test2017_41k/test2017/000000160075.jpg', 'a group of people sitting at a table eating pizza']]}]
Data structure AFTER GUI only; only changed captions should reflect but no deselection done as yet  =
[{'key_elements': ['person', 'truck'], 'selected_images_no_attn': [['/media/rohit/DATA/EverythingD/01SRHBDBA_Acads/Thesis/StoryGenerator/Data/COCO_test2017_41k/test2017/000000169542.jpg', 'large truck is parked on the side of the road'], ['/media/rohit/DATA/EverythingD/01SRHBDBA_Acads/Thesis/StoryGenerator/Data/COCO_test2017_41k/test2017/000000526988.jpg', 'fire truck is parked on the side of the road'], ['/media/rohit/DATA/EverythingD/01SRHBDBA_Acads/Thesis/StoryGenerator/Data/COCO_test2017_41k/test2017/000000079789.jpg', 'large truck is parked on the side of the road'], ['/media/rohit/DATA/EverythingD/01SRHBDBA_Acads/Thesis/StoryGenerator/Data/COCO_test2017_41k/test2017/000000121451.jpg', 'persons are standing next to a truck parked in front of a building'], ['/media/rohit/DATA/EverythingD/01SRHBDBA_Acads/Thesis/StoryGenerator/Data/COCO_test2017_41k/test2017/000000279257.jpg', 'a group of people standing around a truck']], 'selected_images_with_attn': [['/media/rohit/DATA/EverythingD/01SRHBDBA_Acads/Thesis/StoryGenerator/Data/COCO_test2017_41k/test2017/000000169542.jpg', 'a man standing next to a white trash bin for a man in the back'], ['/media/rohit/DATA/EverythingD/01SRHBDBA_Acads/Thesis/StoryGenerator/Data/COCO_test2017_41k/test2017/000000526988.jpg', 'a red firetruck driving down a street next to a bus'], ['/media/rohit/DATA/EverythingD/01SRHBDBA_Acads/Thesis/StoryGenerator/Data/COCO_test2017_41k/test2017/000000079789.jpg', 'a tow truck driving down a street'], ['/media/rohit/DATA/EverythingD/01SRHBDBA_Acads/Thesis/StoryGenerator/Data/COCO_test2017_41k/test2017/000000121451.jpg', 'a group of men standing next to a large truck'], ['/media/rohit/DATA/EverythingD/01SRHBDBA_Acads/Thesis/StoryGenerator/Data/COCO_test2017_41k/test2017/000000279257.jpg', 'a group of people standing outside a food truck']]}, {'key_elements': ['bicycle', 'person'], 'selected_images_no_attn': [['/media/rohit/DATA/EverythingD/01SRHBDBA_Acads/Thesis/StoryGenerator/Data/COCO_test2017_41k/test2017/000000155758.jpg', 'a man is riding a bike down a road'], ['/media/rohit/DATA/EverythingD/01SRHBDBA_Acads/Thesis/StoryGenerator/Data/COCO_test2017_41k/test2017/000000503231.jpg', 'a person is riding a bike on the side of the road'], ['/media/rohit/DATA/EverythingD/01SRHBDBA_Acads/Thesis/StoryGenerator/Data/COCO_test2017_41k/test2017/000000214602.jpg', 'man riding bike on the side of the road'], ['/media/rohit/DATA/EverythingD/01SRHBDBA_Acads/Thesis/StoryGenerator/Data/COCO_test2017_41k/test2017/000000499654.jpg', 'man standing on the beach holding surfboard'], ['/media/rohit/DATA/EverythingD/01SRHBDBA_Acads/Thesis/StoryGenerator/Data/COCO_test2017_41k/test2017/000000056139.jpg', 'man riding bike next to man on beach']], 'selected_images_with_attn': [['/media/rohit/DATA/EverythingD/01SRHBDBA_Acads/Thesis/StoryGenerator/Data/COCO_test2017_41k/test2017/000000155758.jpg', 'a man and child are riding a bike and there are some dogs far behind'], ['/media/rohit/DATA/EverythingD/01SRHBDBA_Acads/Thesis/StoryGenerator/Data/COCO_test2017_41k/test2017/000000503231.jpg', 'a man on a bike down a road'], ['/media/rohit/DATA/EverythingD/01SRHBDBA_Acads/Thesis/StoryGenerator/Data/COCO_test2017_41k/test2017/000000214602.jpg', 'a man is riding a bike and a dog'], ['/media/rohit/DATA/EverythingD/01SRHBDBA_Acads/Thesis/StoryGenerator/Data/COCO_test2017_41k/test2017/000000499654.jpg', 'a man walking a dog on a beach with a bicycle with a surfboard on the beach with surfboards walking on the beach with surfboards leaning against the water'], ['/media/rohit/DATA/EverythingD/01SRHBDBA_Acads/Thesis/StoryGenerator/Data/COCO_test2017_41k/test2017/000000056139.jpg', 'a man is riding a bicycle on a beach with a bird on the beach']]}, {'key_elements': ['person', 'pizza'], 'selected_images_no_attn': [['/media/rohit/DATA/EverythingD/01SRHBDBA_Acads/Thesis/StoryGenerator/Data/COCO_test2017_41k/test2017/000000492564.jpg', 'woman sitting at table with pizza on it'], ['/media/rohit/DATA/EverythingD/01SRHBDBA_Acads/Thesis/StoryGenerator/Data/COCO_test2017_41k/test2017/000000469453.jpg', 'two women are sitting at a table with pizza and drink'], ['/media/rohit/DATA/EverythingD/01SRHBDBA_Acads/Thesis/StoryGenerator/Data/COCO_test2017_41k/test2017/000000254053.jpg', 'man sitting at table in front of plate of pizza'], ['/media/rohit/DATA/EverythingD/01SRHBDBA_Acads/Thesis/StoryGenerator/Data/COCO_test2017_41k/test2017/000000005354.jpg', 'a group of people sitting at a table with plates of food'], ['/media/rohit/DATA/EverythingD/01SRHBDBA_Acads/Thesis/StoryGenerator/Data/COCO_test2017_41k/test2017/000000160075.jpg', 'a group of people sitting at a table with pizza']], 'selected_images_with_attn': [['/media/rohit/DATA/EverythingD/01SRHBDBA_Acads/Thesis/StoryGenerator/Data/COCO_test2017_41k/test2017/000000492564.jpg', 'a man eating a pizza on a table'], ['/media/rohit/DATA/EverythingD/01SRHBDBA_Acads/Thesis/StoryGenerator/Data/COCO_test2017_41k/test2017/000000469453.jpg', 'a group of people sitting at a table with a plate of food'], ['/media/rohit/DATA/EverythingD/01SRHBDBA_Acads/Thesis/StoryGenerator/Data/COCO_test2017_41k/test2017/000000254053.jpg', 'a woman eating pizza and a plate'], ['/media/rohit/DATA/EverythingD/01SRHBDBA_Acads/Thesis/StoryGenerator/Data/COCO_test2017_41k/test2017/000000005354.jpg', 'a group of people sitting at a table with pizza'], ['/media/rohit/DATA/EverythingD/01SRHBDBA_Acads/Thesis/StoryGenerator/Data/COCO_test2017_41k/test2017/000000160075.jpg', 'a group of people sitting at a table eating pizza']]}]

LOG_LEVEL DEBUG : 2020-11-19 00:04:23,116 :: 


******************************************************************
********* SUMMARY for Image Captioning GUI - all queries *********
*********     AFTER removing the deselected images      *********
******************************************************************
Data structure BEFORE =
[{'key_elements': ['person', 'truck'], 'selected_images_no_attn': [['/media/rohit/DATA/EverythingD/01SRHBDBA_Acads/Thesis/StoryGenerator/Data/COCO_test2017_41k/test2017/000000169542.jpg', 'large truck is parked on the side of the road'], ['/media/rohit/DATA/EverythingD/01SRHBDBA_Acads/Thesis/StoryGenerator/Data/COCO_test2017_41k/test2017/000000526988.jpg', 'fire truck is parked on the side of the road'], ['/media/rohit/DATA/EverythingD/01SRHBDBA_Acads/Thesis/StoryGenerator/Data/COCO_test2017_41k/test2017/000000079789.jpg', 'large truck is parked on the side of the road'], ['/media/rohit/DATA/EverythingD/01SRHBDBA_Acads/Thesis/StoryGenerator/Data/COCO_test2017_41k/test2017/000000121451.jpg', 'truck is parked in front of building'], ['/media/rohit/DATA/EverythingD/01SRHBDBA_Acads/Thesis/StoryGenerator/Data/COCO_test2017_41k/test2017/000000279257.jpg', 'group of people standing next to each other on street']], 'selected_images_with_attn': [['/media/rohit/DATA/EverythingD/01SRHBDBA_Acads/Thesis/StoryGenerator/Data/COCO_test2017_41k/test2017/000000169542.jpg', 'a man standing next to a white trash bin for a man in the back'], ['/media/rohit/DATA/EverythingD/01SRHBDBA_Acads/Thesis/StoryGenerator/Data/COCO_test2017_41k/test2017/000000526988.jpg', 'a red firetruck driving down a street next to a bus'], ['/media/rohit/DATA/EverythingD/01SRHBDBA_Acads/Thesis/StoryGenerator/Data/COCO_test2017_41k/test2017/000000079789.jpg', 'a tow truck driving down a street'], ['/media/rohit/DATA/EverythingD/01SRHBDBA_Acads/Thesis/StoryGenerator/Data/COCO_test2017_41k/test2017/000000121451.jpg', 'a man standing next to a large truck'], ['/media/rohit/DATA/EverythingD/01SRHBDBA_Acads/Thesis/StoryGenerator/Data/COCO_test2017_41k/test2017/000000279257.jpg', 'a man standing outside a food truck']]}, {'key_elements': ['bicycle', 'person'], 'selected_images_no_attn': [['/media/rohit/DATA/EverythingD/01SRHBDBA_Acads/Thesis/StoryGenerator/Data/COCO_test2017_41k/test2017/000000155758.jpg', 'man riding bike on the side of the road'], ['/media/rohit/DATA/EverythingD/01SRHBDBA_Acads/Thesis/StoryGenerator/Data/COCO_test2017_41k/test2017/000000503231.jpg', 'person riding bike on the side of the road'], ['/media/rohit/DATA/EverythingD/01SRHBDBA_Acads/Thesis/StoryGenerator/Data/COCO_test2017_41k/test2017/000000214602.jpg', 'man riding bike on the side of the road'], ['/media/rohit/DATA/EverythingD/01SRHBDBA_Acads/Thesis/StoryGenerator/Data/COCO_test2017_41k/test2017/000000499654.jpg', 'man standing on the beach holding surfboard'], ['/media/rohit/DATA/EverythingD/01SRHBDBA_Acads/Thesis/StoryGenerator/Data/COCO_test2017_41k/test2017/000000056139.jpg', 'man riding bike next to man on beach']], 'selected_images_with_attn': [['/media/rohit/DATA/EverythingD/01SRHBDBA_Acads/Thesis/StoryGenerator/Data/COCO_test2017_41k/test2017/000000155758.jpg', 'a man and woman are riding a bike with a dog'], ['/media/rohit/DATA/EverythingD/01SRHBDBA_Acads/Thesis/StoryGenerator/Data/COCO_test2017_41k/test2017/000000503231.jpg', 'a man on a bike down a bike'], ['/media/rohit/DATA/EverythingD/01SRHBDBA_Acads/Thesis/StoryGenerator/Data/COCO_test2017_41k/test2017/000000214602.jpg', 'a man is riding a bike and a dog'], ['/media/rohit/DATA/EverythingD/01SRHBDBA_Acads/Thesis/StoryGenerator/Data/COCO_test2017_41k/test2017/000000499654.jpg', 'a man walking a dog on a beach with a bicycle with a surfboard on the beach with surfboards walking on the beach with surfboards leaning against the water'], ['/media/rohit/DATA/EverythingD/01SRHBDBA_Acads/Thesis/StoryGenerator/Data/COCO_test2017_41k/test2017/000000056139.jpg', 'a man is riding a bicycle on a beach with a bird on the beach']]}, {'key_elements': ['person', 'pizza'], 'selected_images_no_attn': [['/media/rohit/DATA/EverythingD/01SRHBDBA_Acads/Thesis/StoryGenerator/Data/COCO_test2017_41k/test2017/000000492564.jpg', 'woman sitting at table with pizza on it'], ['/media/rohit/DATA/EverythingD/01SRHBDBA_Acads/Thesis/StoryGenerator/Data/COCO_test2017_41k/test2017/000000469453.jpg', 'woman sitting at table with pizza and drink'], ['/media/rohit/DATA/EverythingD/01SRHBDBA_Acads/Thesis/StoryGenerator/Data/COCO_test2017_41k/test2017/000000254053.jpg', 'man sitting at table in front of plate of pizza'], ['/media/rohit/DATA/EverythingD/01SRHBDBA_Acads/Thesis/StoryGenerator/Data/COCO_test2017_41k/test2017/000000005354.jpg', 'group of people sitting at table with plates of food'], ['/media/rohit/DATA/EverythingD/01SRHBDBA_Acads/Thesis/StoryGenerator/Data/COCO_test2017_41k/test2017/000000160075.jpg', 'group of people sitting at table with pizza']], 'selected_images_with_attn': [['/media/rohit/DATA/EverythingD/01SRHBDBA_Acads/Thesis/StoryGenerator/Data/COCO_test2017_41k/test2017/000000492564.jpg', 'a man eating a pizza on a table'], ['/media/rohit/DATA/EverythingD/01SRHBDBA_Acads/Thesis/StoryGenerator/Data/COCO_test2017_41k/test2017/000000469453.jpg', 'a group of people sitting at a table with a plate of food'], ['/media/rohit/DATA/EverythingD/01SRHBDBA_Acads/Thesis/StoryGenerator/Data/COCO_test2017_41k/test2017/000000254053.jpg', 'a woman eating pizza and a plate'], ['/media/rohit/DATA/EverythingD/01SRHBDBA_Acads/Thesis/StoryGenerator/Data/COCO_test2017_41k/test2017/000000005354.jpg', 'a group of people sitting at a table with pizza'], ['/media/rohit/DATA/EverythingD/01SRHBDBA_Acads/Thesis/StoryGenerator/Data/COCO_test2017_41k/test2017/000000160075.jpg', 'a group of people sitting at a table eating pizza']]}]
Deselected image positions all queries = [[0, 1, 2], [2, 3, 4], [0, 2]]
Data structure AFTER GUI; changed captions and removing Deselected images =
[{'key_elements': ['person', 'truck'], 'selected_images_no_attn': [['/media/rohit/DATA/EverythingD/01SRHBDBA_Acads/Thesis/StoryGenerator/Data/COCO_test2017_41k/test2017/000000121451.jpg', 'persons are standing next to a truck parked in front of a building'], ['/media/rohit/DATA/EverythingD/01SRHBDBA_Acads/Thesis/StoryGenerator/Data/COCO_test2017_41k/test2017/000000279257.jpg', 'a group of people standing around a truck']], 'selected_images_with_attn': [['/media/rohit/DATA/EverythingD/01SRHBDBA_Acads/Thesis/StoryGenerator/Data/COCO_test2017_41k/test2017/000000121451.jpg', 'a group of men standing next to a large truck'], ['/media/rohit/DATA/EverythingD/01SRHBDBA_Acads/Thesis/StoryGenerator/Data/COCO_test2017_41k/test2017/000000279257.jpg', 'a group of people standing outside a food truck']]}, {'key_elements': ['bicycle', 'person'], 'selected_images_no_attn': [['/media/rohit/DATA/EverythingD/01SRHBDBA_Acads/Thesis/StoryGenerator/Data/COCO_test2017_41k/test2017/000000155758.jpg', 'a man is riding a bike down a road'], ['/media/rohit/DATA/EverythingD/01SRHBDBA_Acads/Thesis/StoryGenerator/Data/COCO_test2017_41k/test2017/000000503231.jpg', 'a person is riding a bike on the side of the road']], 'selected_images_with_attn': [['/media/rohit/DATA/EverythingD/01SRHBDBA_Acads/Thesis/StoryGenerator/Data/COCO_test2017_41k/test2017/000000155758.jpg', 'a man and child are riding a bike and there are some dogs far behind'], ['/media/rohit/DATA/EverythingD/01SRHBDBA_Acads/Thesis/StoryGenerator/Data/COCO_test2017_41k/test2017/000000503231.jpg', 'a man on a bike down a road']]}, {'key_elements': ['person', 'pizza'], 'selected_images_no_attn': [['/media/rohit/DATA/EverythingD/01SRHBDBA_Acads/Thesis/StoryGenerator/Data/COCO_test2017_41k/test2017/000000469453.jpg', 'two women are sitting at a table with pizza and drink'], ['/media/rohit/DATA/EverythingD/01SRHBDBA_Acads/Thesis/StoryGenerator/Data/COCO_test2017_41k/test2017/000000005354.jpg', 'a group of people sitting at a table with plates of food'], ['/media/rohit/DATA/EverythingD/01SRHBDBA_Acads/Thesis/StoryGenerator/Data/COCO_test2017_41k/test2017/000000160075.jpg', 'a group of people sitting at a table with pizza']], 'selected_images_with_attn': [['/media/rohit/DATA/EverythingD/01SRHBDBA_Acads/Thesis/StoryGenerator/Data/COCO_test2017_41k/test2017/000000469453.jpg', 'a group of people sitting at a table with a plate of food'], ['/media/rohit/DATA/EverythingD/01SRHBDBA_Acads/Thesis/StoryGenerator/Data/COCO_test2017_41k/test2017/000000005354.jpg', 'a group of people sitting at a table with pizza'], ['/media/rohit/DATA/EverythingD/01SRHBDBA_Acads/Thesis/StoryGenerator/Data/COCO_test2017_41k/test2017/000000160075.jpg', 'a group of people sitting at a table eating pizza']]}]

LOG_LEVEL INFO : 2020-11-19 00:04:23,168 :: 
Saved results to file for the Story Generator stage.
File :: /home/rohit/PyWDUbuntu/thesis/combined_execution/ImgCapAfterGui/op_img_cap_after_gui.txt
LOG_LEVEL INFO : 2020-11-19 00:04:23,168 :: 
After GUI TO DISPLAY IMAGE CAPTIONING RESULTS logic execution:
gui_img_cap_show_results_logic_RC = 0
gui_img_cap_show_results_logic_msg =
None
gui_img_cap_module_results =
[{'key_elements': ['person', 'truck'], 'selected_images_no_attn': [['/media/rohit/DATA/EverythingD/01SRHBDBA_Acads/Thesis/StoryGenerator/Data/COCO_test2017_41k/test2017/000000121451.jpg', 'persons are standing next to a truck parked in front of a building'], ['/media/rohit/DATA/EverythingD/01SRHBDBA_Acads/Thesis/StoryGenerator/Data/COCO_test2017_41k/test2017/000000279257.jpg', 'a group of people standing around a truck']], 'selected_images_with_attn': [['/media/rohit/DATA/EverythingD/01SRHBDBA_Acads/Thesis/StoryGenerator/Data/COCO_test2017_41k/test2017/000000121451.jpg', 'a group of men standing next to a large truck'], ['/media/rohit/DATA/EverythingD/01SRHBDBA_Acads/Thesis/StoryGenerator/Data/COCO_test2017_41k/test2017/000000279257.jpg', 'a group of people standing outside a food truck']]}, {'key_elements': ['bicycle', 'person'], 'selected_images_no_attn': [['/media/rohit/DATA/EverythingD/01SRHBDBA_Acads/Thesis/StoryGenerator/Data/COCO_test2017_41k/test2017/000000155758.jpg', 'a man is riding a bike down a road'], ['/media/rohit/DATA/EverythingD/01SRHBDBA_Acads/Thesis/StoryGenerator/Data/COCO_test2017_41k/test2017/000000503231.jpg', 'a person is riding a bike on the side of the road']], 'selected_images_with_attn': [['/media/rohit/DATA/EverythingD/01SRHBDBA_Acads/Thesis/StoryGenerator/Data/COCO_test2017_41k/test2017/000000155758.jpg', 'a man and child are riding a bike and there are some dogs far behind'], ['/media/rohit/DATA/EverythingD/01SRHBDBA_Acads/Thesis/StoryGenerator/Data/COCO_test2017_41k/test2017/000000503231.jpg', 'a man on a bike down a road']]}, {'key_elements': ['person', 'pizza'], 'selected_images_no_attn': [['/media/rohit/DATA/EverythingD/01SRHBDBA_Acads/Thesis/StoryGenerator/Data/COCO_test2017_41k/test2017/000000469453.jpg', 'two women are sitting at a table with pizza and drink'], ['/media/rohit/DATA/EverythingD/01SRHBDBA_Acads/Thesis/StoryGenerator/Data/COCO_test2017_41k/test2017/000000005354.jpg', 'a group of people sitting at a table with plates of food'], ['/media/rohit/DATA/EverythingD/01SRHBDBA_Acads/Thesis/StoryGenerator/Data/COCO_test2017_41k/test2017/000000160075.jpg', 'a group of people sitting at a table with pizza']], 'selected_images_with_attn': [['/media/rohit/DATA/EverythingD/01SRHBDBA_Acads/Thesis/StoryGenerator/Data/COCO_test2017_41k/test2017/000000469453.jpg', 'a group of people sitting at a table with a plate of food'], ['/media/rohit/DATA/EverythingD/01SRHBDBA_Acads/Thesis/StoryGenerator/Data/COCO_test2017_41k/test2017/000000005354.jpg', 'a group of people sitting at a table with pizza'], ['/media/rohit/DATA/EverythingD/01SRHBDBA_Acads/Thesis/StoryGenerator/Data/COCO_test2017_41k/test2017/000000160075.jpg', 'a group of people sitting at a table eating pizza']]}]

LOG_LEVEL INFO : 2020-11-19 00:04:23,168 :: 


Normal exit from program.

