LOG_LEVEL INFO : 2020-11-18 14:48:28,621 :: 

-------------------------------------------------------------------
-------------------------------------------------------------------
    STAGE 1)  STARTING EXECUTION OF MIC INPUT + STT LOGIC          
-------------------------------------------------------------------
-------------------------------------------------------------------


LOG_LEVEL INFO : 2020-11-18 14:48:28,621 :: 

Running WITHOUT mic input


LOG_LEVEL INFO : 2020-11-18 14:48:28,621 :: 
Entries for Wav files:
LOG_LEVEL INFO : 2020-11-18 14:48:28,621 :: 	1) /home/rohit/PyWDUbuntu/thesis/audio/wavs/fromMic/st_MIC_file1.wav
LOG_LEVEL INFO : 2020-11-18 14:48:28,621 :: 	2) /home/rohit/PyWDUbuntu/thesis/audio/wavs/fromMic/st_MIC_file2.wav
LOG_LEVEL INFO : 2020-11-18 14:48:28,621 :: 	3) /home/rohit/PyWDUbuntu/thesis/audio/wavs/fromMic/st_MIC_file3.wav
LOG_LEVEL INFO : 2020-11-18 14:48:32,822 :: 
Commencing STT inference with Deepspeech version 0.7.3.
on wav file = /home/rohit/PyWDUbuntu/thesis/audio/wavs/fromMic/st_MIC_file1.wav
	Command built as :
deepspeech --model /home/rohit/deepspeech/pretrained/v073/deepspeech-0.7.3-models.pbmm --scorer /home/rohit/deepspeech/pretrained/v073/deepspeech-0.7.3-models.scorer --audio /home/rohit/PyWDUbuntu/thesis/audio/wavs/fromMic/st_MIC_file1.wav
LOG_LEVEL INFO : 2020-11-18 14:48:42,781 :: 
Word replacement: NO change

LOG_LEVEL INFO : 2020-11-18 14:48:42,782 :: 
Inference output :
a person reads a book
LOG_LEVEL INFO : 2020-11-18 14:48:44,787 :: 
Commencing STT inference with Deepspeech version 0.7.3.
on wav file = /home/rohit/PyWDUbuntu/thesis/audio/wavs/fromMic/st_MIC_file2.wav
	Command built as :
deepspeech --model /home/rohit/deepspeech/pretrained/v073/deepspeech-0.7.3-models.pbmm --scorer /home/rohit/deepspeech/pretrained/v073/deepspeech-0.7.3-models.scorer --audio /home/rohit/PyWDUbuntu/thesis/audio/wavs/fromMic/st_MIC_file2.wav
LOG_LEVEL INFO : 2020-11-18 14:48:56,828 :: 
Word replacement: CHANGES made
Orig inference =
next the person plays video games on his television monitor
Changed inference =
next the person plays video games on his tvmonitor

LOG_LEVEL INFO : 2020-11-18 14:48:56,829 :: 
Inference output :
next the person plays video games on his tvmonitor
LOG_LEVEL INFO : 2020-11-18 14:48:58,832 :: 
Commencing STT inference with Deepspeech version 0.7.3.
on wav file = /home/rohit/PyWDUbuntu/thesis/audio/wavs/fromMic/st_MIC_file3.wav
	Command built as :
deepspeech --model /home/rohit/deepspeech/pretrained/v073/deepspeech-0.7.3-models.pbmm --scorer /home/rohit/deepspeech/pretrained/v073/deepspeech-0.7.3-models.scorer --audio /home/rohit/PyWDUbuntu/thesis/audio/wavs/fromMic/st_MIC_file3.wav
LOG_LEVEL INFO : 2020-11-18 14:49:08,332 :: 
Word replacement: CHANGES made
Orig inference =
a dining table with lord of food
Changed inference =
a diningtable with lord of food

LOG_LEVEL INFO : 2020-11-18 14:49:08,332 :: 
Inference output :
a diningtable with lord of food
LOG_LEVEL INFO : 2020-11-18 14:49:10,465 :: 
After MIC INPUT + STT logic execution:
mic_stt_logic_RC = 0
mic_stt_logic_msg = None
mic_stt_module_results = ['a person reads a book', 'next the person plays video games on his tvmonitor', 'a diningtable with lord of food']

LOG_LEVEL INFO : 2020-11-18 14:49:10,465 :: 

-------------------------------------------------------------------
-------------------------------------------------------------------
    STAGE 2)  STARTING EXECUTION OF IDENTIFY KEYWORDS LOGIC        
-------------------------------------------------------------------
-------------------------------------------------------------------


LOG_LEVEL DEBUG : 2020-11-18 14:49:25,406 :: 

The following sentences will be processed:

LOG_LEVEL DEBUG : 2020-11-18 14:49:25,407 :: 	Sentence 1 :
a person reads a book
LOG_LEVEL DEBUG : 2020-11-18 14:49:25,407 :: 	Sentence 2 :
next the person plays video games on his tvmonitor
LOG_LEVEL DEBUG : 2020-11-18 14:49:25,407 :: 	Sentence 3 :
a diningtable with lord of food
LOG_LEVEL INFO : 2020-11-18 14:49:25,407 :: 

Words of each input sentence:

LOG_LEVEL INFO : 2020-11-18 14:49:25,407 :: 	Sentence 1 :
['a', 'person', 'reads', 'a', 'book']
LOG_LEVEL INFO : 2020-11-18 14:49:25,407 :: 	Sentence 2 :
['next', 'the', 'person', 'plays', 'video', 'games', 'on', 'his', 'tvmonitor']
LOG_LEVEL INFO : 2020-11-18 14:49:25,407 :: 	Sentence 3 :
['a', 'diningtable', 'with', 'lord', 'of', 'food']
LOG_LEVEL INFO : 2020-11-18 14:49:25,407 :: 

Words of each input sentence after removing all stop words:

LOG_LEVEL INFO : 2020-11-18 14:49:25,407 :: 	Sentence 1 :
['person', 'reads', 'book']
LOG_LEVEL INFO : 2020-11-18 14:49:25,407 :: 	Sentence 2 :
['person', 'plays', 'video', 'games', 'tvmonitor']
LOG_LEVEL INFO : 2020-11-18 14:49:25,407 :: 	Sentence 3 :
['diningtable', 'lord', 'food']
LOG_LEVEL INFO : 2020-11-18 14:49:25,407 :: 

Joining the non-stop words as a new sentence (for readability only):

LOG_LEVEL INFO : 2020-11-18 14:49:25,408 :: 	New sentence 1 :
person reads book
LOG_LEVEL INFO : 2020-11-18 14:49:25,408 :: 	New sentence 2 :
person plays video games tvmonitor
LOG_LEVEL INFO : 2020-11-18 14:49:25,408 :: 	New sentence 3 :
diningtable lord food
LOG_LEVEL INFO : 2020-11-18 14:49:25,425 :: 

All non-stop words pos info:

LOG_LEVEL INFO : 2020-11-18 14:49:25,425 :: .........
LOG_LEVEL INFO : 2020-11-18 14:49:25,425 :: Sentence 1, word 1 :
{'text': 'person', 'lemma_': 'person', 'pos_': 'NOUN', 'tag_': 'NN', 'dep_': 'nsubj', 'shape_': 'xxxx', 'is_alpha': True, 'is_stop': False}
LOG_LEVEL INFO : 2020-11-18 14:49:25,425 :: Sentence 1, word 2 :
{'text': 'reads', 'lemma_': 'read', 'pos_': 'VERB', 'tag_': 'VBZ', 'dep_': 'ROOT', 'shape_': 'xxxx', 'is_alpha': True, 'is_stop': False}
LOG_LEVEL INFO : 2020-11-18 14:49:25,425 :: Sentence 1, word 3 :
{'text': 'book', 'lemma_': 'book', 'pos_': 'NOUN', 'tag_': 'NN', 'dep_': 'dobj', 'shape_': 'xxxx', 'is_alpha': True, 'is_stop': False}
LOG_LEVEL INFO : 2020-11-18 14:49:25,425 :: .........
LOG_LEVEL INFO : 2020-11-18 14:49:25,425 :: Sentence 2, word 1 :
{'text': 'person', 'lemma_': 'person', 'pos_': 'NOUN', 'tag_': 'NN', 'dep_': 'nsubj', 'shape_': 'xxxx', 'is_alpha': True, 'is_stop': False}
LOG_LEVEL INFO : 2020-11-18 14:49:25,425 :: Sentence 2, word 2 :
{'text': 'plays', 'lemma_': 'play', 'pos_': 'VERB', 'tag_': 'VBZ', 'dep_': 'ROOT', 'shape_': 'xxxx', 'is_alpha': True, 'is_stop': False}
LOG_LEVEL INFO : 2020-11-18 14:49:25,425 :: Sentence 2, word 3 :
{'text': 'video', 'lemma_': 'video', 'pos_': 'NOUN', 'tag_': 'NN', 'dep_': 'compound', 'shape_': 'xxxx', 'is_alpha': True, 'is_stop': False}
LOG_LEVEL INFO : 2020-11-18 14:49:25,425 :: Sentence 2, word 4 :
{'text': 'games', 'lemma_': 'game', 'pos_': 'NOUN', 'tag_': 'NNS', 'dep_': 'compound', 'shape_': 'xxxx', 'is_alpha': True, 'is_stop': False}
LOG_LEVEL INFO : 2020-11-18 14:49:25,425 :: Sentence 2, word 5 :
{'text': 'tvmonitor', 'lemma_': 'tvmonitor', 'pos_': 'NOUN', 'tag_': 'NN', 'dep_': 'dobj', 'shape_': 'xxxx', 'is_alpha': True, 'is_stop': False}
LOG_LEVEL INFO : 2020-11-18 14:49:25,425 :: .........
LOG_LEVEL INFO : 2020-11-18 14:49:25,425 :: Sentence 3, word 1 :
{'text': 'diningtable', 'lemma_': 'diningtable', 'pos_': 'ADJ', 'tag_': 'JJ', 'dep_': 'amod', 'shape_': 'xxxx', 'is_alpha': True, 'is_stop': False}
LOG_LEVEL INFO : 2020-11-18 14:49:25,425 :: Sentence 3, word 2 :
{'text': 'lord', 'lemma_': 'lord', 'pos_': 'PROPN', 'tag_': 'NNP', 'dep_': 'compound', 'shape_': 'xxxx', 'is_alpha': True, 'is_stop': False}
LOG_LEVEL INFO : 2020-11-18 14:49:25,425 :: Sentence 3, word 3 :
{'text': 'food', 'lemma_': 'food', 'pos_': 'PROPN', 'tag_': 'NNP', 'dep_': 'ROOT', 'shape_': 'xxxx', 'is_alpha': True, 'is_stop': False}
LOG_LEVEL INFO : 2020-11-18 14:49:25,426 :: 

All POS info file successfully created here:
/home/rohit/PyWDUbuntu/thesis/combined_execution/IdElements/all_words_pos_info_1.txt


LOG_LEVEL INFO : 2020-11-18 14:49:25,426 :: 

Candidate keywords AFTER matching against class labels:
[['person', 'book'], ['person', 'tvmonitor']]


LOG_LEVEL DEBUG : 2020-11-18 14:49:25,426 :: 

Candidate key words BEFORE any changes for sentence 1 :
['person', 'book']

LOG_LEVEL DEBUG : 2020-11-18 14:49:30,918 :: 

CONFIRM SELECTIONS BUTTON PRESSED

LOG_LEVEL DEBUG : 2020-11-18 14:49:30,919 :: 
Deselected positions=
[]


LOG_LEVEL DEBUG : 2020-11-18 14:49:30,935 :: 

Candidate key words BEFORE any changes for sentence 2 :
['person', 'tvmonitor']

LOG_LEVEL DEBUG : 2020-11-18 14:49:32,622 :: 

CONFIRM SELECTIONS BUTTON PRESSED

LOG_LEVEL DEBUG : 2020-11-18 14:49:32,623 :: 
Deselected positions=
[]


LOG_LEVEL DEBUG : 2020-11-18 14:49:32,639 :: 
Sentence 1:
BEFORE = ['person', 'book']
Deselected = []
AFTER = ['person', 'book']

LOG_LEVEL DEBUG : 2020-11-18 14:49:32,639 :: 
Sentence 2:
BEFORE = ['person', 'tvmonitor']
Deselected = []
AFTER = ['person', 'tvmonitor']

LOG_LEVEL INFO : 2020-11-18 14:49:33,027 :: 
After ID KEYWORDS AND SELECTION logic execution:
id_elements_logic_RC = 0
id_elements_logic_msg = None
id_elements_module_results = [['person', 'book'], ['person', 'tvmonitor']]

LOG_LEVEL INFO : 2020-11-18 14:49:33,027 :: 

-------------------------------------------------------------------
-------------------------------------------------------------------
    STAGE 3)  STARTING EXECUTION OF QUERY NEO4J LOGIC              
-------------------------------------------------------------------
-------------------------------------------------------------------


LOG_LEVEL DEBUG : 2020-11-18 14:49:33,027 :: 

type key_elements_list = <class 'list'>
key_elements_list =
[['person', 'book'], ['person', 'tvmonitor']]
LOG_LEVEL DEBUG : 2020-11-18 14:49:33,039 :: Acquiring connection from pool <DirectConnectionPool profile=ConnectionProfile('bolt://neo4j@localhost:7687') in_use=0 free=0 spare=100>
LOG_LEVEL DEBUG : 2020-11-18 14:49:33,147 :: [#0000] C: (Dialing <localhost:7687>)
LOG_LEVEL DEBUG : 2020-11-18 14:49:33,147 :: [#975E] S: (Accepted)
LOG_LEVEL DEBUG : 2020-11-18 14:49:33,147 :: [#975E] C: <BOLT>
LOG_LEVEL DEBUG : 2020-11-18 14:49:33,148 :: [#975E] C: <PROTOCOL> 4.0 | 3.0 | 2.0 | 1.0
LOG_LEVEL DEBUG : 2020-11-18 14:49:33,149 :: [#975E] S: <PROTOCOL> 4.0
LOG_LEVEL DEBUG : 2020-11-18 14:49:33,149 :: [#975E] C: HELLO {'user_agent': 'py2neo/2020.0.0 Python/3.7.9-final-0 (linux)', 'scheme': 'basic', 'principal': 'neo4j', 'credentials': '*******'}
LOG_LEVEL DEBUG : 2020-11-18 14:49:33,149 :: [#975E] C: (Sent 109 bytes)
LOG_LEVEL DEBUG : 2020-11-18 14:49:33,151 :: [#975E] S: SUCCESS {'server': 'Neo4j/4.0.3', 'connection_id': 'bolt-8'}
LOG_LEVEL DEBUG : 2020-11-18 14:49:33,151 :: Releasing connection <py2neo.client.bolt.Bolt4x0 object at 0x7f347b1d2b90>
LOG_LEVEL DEBUG : 2020-11-18 14:49:33,151 :: Acquiring connection from pool <DirectConnectionPool profile=ConnectionProfile('bolt://neo4j@localhost:7687') in_use=0 free=1 spare=99>
LOG_LEVEL DEBUG : 2020-11-18 14:49:33,151 :: [#975E] C: RUN 'SHOW DATABASES' {} {'db': 'system'}
LOG_LEVEL DEBUG : 2020-11-18 14:49:33,151 :: [#975E] C: PULL {'n': -1}
LOG_LEVEL DEBUG : 2020-11-18 14:49:33,151 :: [#975E] C: (Sent 43 bytes)
LOG_LEVEL DEBUG : 2020-11-18 14:49:33,387 :: [#975E] S: SUCCESS {'t_first': 225, 'fields': ['name', 'address', 'role', 'requestedStatus', 'currentStatus', 'error', 'default']}
LOG_LEVEL DEBUG : 2020-11-18 14:49:33,387 :: [#975E] S: RECORD ['neo4j', 'localhost:7687', 'standalone', 'online', 'online', '', True]
LOG_LEVEL DEBUG : 2020-11-18 14:49:33,387 :: [#975E] S: RECORD ['system', 'localhost:7687', 'standalone', 'online', 'online', '', False]
LOG_LEVEL DEBUG : 2020-11-18 14:49:33,387 :: [#975E] S: SUCCESS {'bookmark': '00000000-0000-0000-0000-000000000001:40', 'type': 's', 't_last': 9, 'db': 'system'}
LOG_LEVEL DEBUG : 2020-11-18 14:49:33,387 :: Releasing connection <py2neo.client.bolt.Bolt4x0 object at 0x7f347b1d2b90>
LOG_LEVEL DEBUG : 2020-11-18 14:49:33,388 :: Acquiring connection from pool <DirectConnectionPool profile=ConnectionProfile('bolt://neo4j@localhost:7687') in_use=0 free=1 spare=99>
LOG_LEVEL DEBUG : 2020-11-18 14:49:33,388 :: [#975E] C: BEGIN {'db': 'neo4j'}
LOG_LEVEL DEBUG : 2020-11-18 14:49:33,500 :: [#975E] C: RUN 'MATCH (o1:Object)-[r1:HAS]-(i:Image)-[r2:HAS]-(o2:Object) WHERE o1.name = $in_obj1 AND o2.name = $in_obj2 AND r1.score > $in_r1_score AND r2.score > $in_r2_score AND i.dataset IN [$in_src_ds_1 , $in_src_ds_2]RETURN DISTINCT i.name as Image, i.dataset as Source LIMIT $in_limit' {'in_obj1': 'person', 'in_obj2': 'book', 'in_limit': 20, 'in_r1_score': 90.0, 'in_r2_score': 90.0, 'in_src_ds_1': 'flickr30k', 'in_src_ds_2': 'coco_test_2017'} {}
LOG_LEVEL DEBUG : 2020-11-18 14:49:33,500 :: [#975E] C: PULL {'n': -1}
LOG_LEVEL DEBUG : 2020-11-18 14:49:33,500 :: [#975E] C: (Sent 442 bytes)
LOG_LEVEL DEBUG : 2020-11-18 14:49:33,817 :: [#975E] S: SUCCESS {}
LOG_LEVEL DEBUG : 2020-11-18 14:49:33,817 :: [#975E] S: SUCCESS {'t_first': 254, 'fields': ['Image', 'Source'], 'qid': 0}
LOG_LEVEL DEBUG : 2020-11-18 14:49:33,817 :: [#975E] S: RECORD ['000000139968.jpg', 'coco_test_2017']
LOG_LEVEL DEBUG : 2020-11-18 14:49:33,817 :: [#975E] S: RECORD ['000000354005.jpg', 'coco_test_2017']
LOG_LEVEL DEBUG : 2020-11-18 14:49:33,817 :: [#975E] S: RECORD ['000000376289.jpg', 'coco_test_2017']
LOG_LEVEL DEBUG : 2020-11-18 14:49:33,817 :: [#975E] S: RECORD ['000000530395.jpg', 'coco_test_2017']
LOG_LEVEL DEBUG : 2020-11-18 14:49:33,817 :: [#975E] S: RECORD ['000000054112.jpg', 'coco_test_2017']
LOG_LEVEL DEBUG : 2020-11-18 14:49:33,818 :: [#975E] S: RECORD ['000000356158.jpg', 'coco_test_2017']
LOG_LEVEL DEBUG : 2020-11-18 14:49:33,818 :: [#975E] S: RECORD ['000000055345.jpg', 'coco_test_2017']
LOG_LEVEL DEBUG : 2020-11-18 14:49:33,818 :: [#975E] S: RECORD ['000000467509.jpg', 'coco_test_2017']
LOG_LEVEL DEBUG : 2020-11-18 14:49:33,818 :: [#975E] S: RECORD ['000000415683.jpg', 'coco_test_2017']
LOG_LEVEL DEBUG : 2020-11-18 14:49:33,818 :: [#975E] S: RECORD ['000000473668.jpg', 'coco_test_2017']
LOG_LEVEL DEBUG : 2020-11-18 14:49:33,818 :: [#975E] S: RECORD ['000000528686.jpg', 'coco_test_2017']
LOG_LEVEL DEBUG : 2020-11-18 14:49:33,818 :: [#975E] S: RECORD ['352023925.jpg', 'flickr30k']
LOG_LEVEL DEBUG : 2020-11-18 14:49:33,818 :: [#975E] S: RECORD ['4303898422.jpg', 'flickr30k']
LOG_LEVEL DEBUG : 2020-11-18 14:49:33,818 :: [#975E] S: RECORD ['2142526754.jpg', 'flickr30k']
LOG_LEVEL DEBUG : 2020-11-18 14:49:33,818 :: [#975E] S: RECORD ['4701385015.jpg', 'flickr30k']
LOG_LEVEL DEBUG : 2020-11-18 14:49:33,818 :: [#975E] S: RECORD ['4748496940.jpg', 'flickr30k']
LOG_LEVEL DEBUG : 2020-11-18 14:49:33,818 :: [#975E] S: RECORD ['2117596127.jpg', 'flickr30k']
LOG_LEVEL DEBUG : 2020-11-18 14:49:33,818 :: [#975E] S: RECORD ['6166659366.jpg', 'flickr30k']
LOG_LEVEL DEBUG : 2020-11-18 14:49:33,818 :: [#975E] S: RECORD ['2771039423.jpg', 'flickr30k']
LOG_LEVEL DEBUG : 2020-11-18 14:49:33,818 :: [#975E] S: RECORD ['33256003.jpg', 'flickr30k']
LOG_LEVEL DEBUG : 2020-11-18 14:49:33,818 :: [#975E] S: SUCCESS {'type': 'r', 't_last': 61, 'db': 'neo4j'}
LOG_LEVEL DEBUG : 2020-11-18 14:49:33,822 :: Acquiring connection from pool <DirectConnectionPool profile=ConnectionProfile('bolt://neo4j@localhost:7687') in_use=1 free=0 spare=99>
LOG_LEVEL DEBUG : 2020-11-18 14:49:33,822 :: [#0000] C: (Dialing <localhost:7687>)
LOG_LEVEL DEBUG : 2020-11-18 14:49:33,822 :: [#9760] S: (Accepted)
LOG_LEVEL DEBUG : 2020-11-18 14:49:33,822 :: [#9760] C: <BOLT>
LOG_LEVEL DEBUG : 2020-11-18 14:49:33,822 :: [#9760] C: <PROTOCOL> 4.0 | 3.0 | 2.0 | 1.0
LOG_LEVEL DEBUG : 2020-11-18 14:49:33,824 :: [#9760] S: <PROTOCOL> 4.0
LOG_LEVEL DEBUG : 2020-11-18 14:49:33,824 :: [#9760] C: HELLO {'user_agent': 'py2neo/2020.0.0 Python/3.7.9-final-0 (linux)', 'scheme': 'basic', 'principal': 'neo4j', 'credentials': '*******'}
LOG_LEVEL DEBUG : 2020-11-18 14:49:33,824 :: [#9760] C: (Sent 109 bytes)
LOG_LEVEL DEBUG : 2020-11-18 14:49:33,825 :: [#9760] S: SUCCESS {'server': 'Neo4j/4.0.3', 'connection_id': 'bolt-9'}
LOG_LEVEL DEBUG : 2020-11-18 14:49:33,826 :: [#9760] C: RUN 'SHOW DATABASES' {} {'db': 'system'}
LOG_LEVEL DEBUG : 2020-11-18 14:49:33,826 :: [#9760] C: PULL {'n': -1}
LOG_LEVEL DEBUG : 2020-11-18 14:49:33,826 :: [#9760] C: (Sent 43 bytes)
LOG_LEVEL DEBUG : 2020-11-18 14:49:33,831 :: [#9760] S: SUCCESS {'t_first': 3, 'fields': ['name', 'address', 'role', 'requestedStatus', 'currentStatus', 'error', 'default']}
LOG_LEVEL DEBUG : 2020-11-18 14:49:33,831 :: [#9760] S: RECORD ['neo4j', 'localhost:7687', 'standalone', 'online', 'online', '', True]
LOG_LEVEL DEBUG : 2020-11-18 14:49:33,831 :: [#9760] S: RECORD ['system', 'localhost:7687', 'standalone', 'online', 'online', '', False]
LOG_LEVEL DEBUG : 2020-11-18 14:49:33,831 :: [#9760] S: SUCCESS {'bookmark': '00000000-0000-0000-0000-000000000001:40', 'type': 's', 't_last': 1, 'db': 'system'}
LOG_LEVEL DEBUG : 2020-11-18 14:49:33,831 :: Releasing connection <py2neo.client.bolt.Bolt4x0 object at 0x7f347b17a4d0>
LOG_LEVEL DEBUG : 2020-11-18 14:49:33,831 :: Acquiring connection from pool <DirectConnectionPool profile=ConnectionProfile('bolt://neo4j@localhost:7687') in_use=1 free=1 spare=98>
LOG_LEVEL DEBUG : 2020-11-18 14:49:33,831 :: [#9760] C: BEGIN {'db': 'neo4j'}
LOG_LEVEL DEBUG : 2020-11-18 14:49:33,831 :: [#9760] C: RUN 'MATCH (o1:Object)-[r1:HAS]-(i:Image)-[r2:HAS]-(o2:Object) WHERE o1.name = $in_obj1 AND o2.name = $in_obj2 AND r1.score > $in_r1_score AND r2.score > $in_r2_score AND i.dataset IN [$in_src_ds_1 , $in_src_ds_2]RETURN DISTINCT i.name as Image, i.dataset as Source LIMIT $in_limit' {'in_obj1': 'person', 'in_obj2': 'tvmonitor', 'in_limit': 20, 'in_r1_score': 90.0, 'in_r2_score': 90.0, 'in_src_ds_1': 'flickr30k', 'in_src_ds_2': 'coco_test_2017'} {}
LOG_LEVEL DEBUG : 2020-11-18 14:49:33,832 :: [#9760] C: PULL {'n': -1}
LOG_LEVEL DEBUG : 2020-11-18 14:49:33,832 :: [#9760] C: (Sent 447 bytes)
LOG_LEVEL DEBUG : 2020-11-18 14:49:33,865 :: [#9760] S: SUCCESS {}
LOG_LEVEL DEBUG : 2020-11-18 14:49:33,865 :: [#9760] S: SUCCESS {'t_first': 0, 'fields': ['Image', 'Source'], 'qid': 0}
LOG_LEVEL DEBUG : 2020-11-18 14:49:33,865 :: [#9760] S: RECORD ['000000369555.jpg', 'coco_test_2017']
LOG_LEVEL DEBUG : 2020-11-18 14:49:33,865 :: [#9760] S: RECORD ['000000214645.jpg', 'coco_test_2017']
LOG_LEVEL DEBUG : 2020-11-18 14:49:33,865 :: [#9760] S: RECORD ['000000382917.jpg', 'coco_test_2017']
LOG_LEVEL DEBUG : 2020-11-18 14:49:33,865 :: [#9760] S: RECORD ['000000432422.jpg', 'coco_test_2017']
LOG_LEVEL DEBUG : 2020-11-18 14:49:33,865 :: [#9760] S: RECORD ['000000304656.jpg', 'coco_test_2017']
LOG_LEVEL DEBUG : 2020-11-18 14:49:33,865 :: [#9760] S: RECORD ['000000097390.jpg', 'coco_test_2017']
LOG_LEVEL DEBUG : 2020-11-18 14:49:33,865 :: [#9760] S: RECORD ['000000270335.jpg', 'coco_test_2017']
LOG_LEVEL DEBUG : 2020-11-18 14:49:33,865 :: [#9760] S: RECORD ['000000064938.jpg', 'coco_test_2017']
LOG_LEVEL DEBUG : 2020-11-18 14:49:33,865 :: [#9760] S: RECORD ['000000183227.jpg', 'coco_test_2017']
LOG_LEVEL DEBUG : 2020-11-18 14:49:33,865 :: [#9760] S: RECORD ['000000275725.jpg', 'coco_test_2017']
LOG_LEVEL DEBUG : 2020-11-18 14:49:33,865 :: [#9760] S: RECORD ['000000456963.jpg', 'coco_test_2017']
LOG_LEVEL DEBUG : 2020-11-18 14:49:33,865 :: [#9760] S: RECORD ['000000210277.jpg', 'coco_test_2017']
LOG_LEVEL DEBUG : 2020-11-18 14:49:33,865 :: [#9760] S: RECORD ['000000337346.jpg', 'coco_test_2017']
LOG_LEVEL DEBUG : 2020-11-18 14:49:33,865 :: [#9760] S: RECORD ['000000558980.jpg', 'coco_test_2017']
LOG_LEVEL DEBUG : 2020-11-18 14:49:33,865 :: [#9760] S: RECORD ['000000181773.jpg', 'coco_test_2017']
LOG_LEVEL DEBUG : 2020-11-18 14:49:33,866 :: [#9760] S: RECORD ['000000438521.jpg', 'coco_test_2017']
LOG_LEVEL DEBUG : 2020-11-18 14:49:33,866 :: [#9760] S: RECORD ['000000287296.jpg', 'coco_test_2017']
LOG_LEVEL DEBUG : 2020-11-18 14:49:33,866 :: [#9760] S: RECORD ['000000570030.jpg', 'coco_test_2017']
LOG_LEVEL DEBUG : 2020-11-18 14:49:33,866 :: [#9760] S: RECORD ['000000104274.jpg', 'coco_test_2017']
LOG_LEVEL DEBUG : 2020-11-18 14:49:33,866 :: [#9760] S: RECORD ['000000175337.jpg', 'coco_test_2017']
LOG_LEVEL DEBUG : 2020-11-18 14:49:33,866 :: [#9760] S: SUCCESS {'type': 'r', 't_last': 30, 'db': 'neo4j'}
LOG_LEVEL INFO : 2020-11-18 14:49:33,869 :: 
After QUERY NEO4J logic execution, Database query results - Candidate Images at this stage:

LOG_LEVEL INFO : 2020-11-18 14:49:33,869 :: 
Query 1) Keywords: ['person', 'book']
Query result:
[{'Image': '000000139968.jpg', 'Source': 'coco_test_2017'}, {'Image': '000000354005.jpg', 'Source': 'coco_test_2017'}, {'Image': '000000376289.jpg', 'Source': 'coco_test_2017'}, {'Image': '000000530395.jpg', 'Source': 'coco_test_2017'}, {'Image': '000000054112.jpg', 'Source': 'coco_test_2017'}, {'Image': '000000356158.jpg', 'Source': 'coco_test_2017'}, {'Image': '000000055345.jpg', 'Source': 'coco_test_2017'}, {'Image': '000000467509.jpg', 'Source': 'coco_test_2017'}, {'Image': '000000415683.jpg', 'Source': 'coco_test_2017'}, {'Image': '000000473668.jpg', 'Source': 'coco_test_2017'}, {'Image': '000000528686.jpg', 'Source': 'coco_test_2017'}, {'Image': '352023925.jpg', 'Source': 'flickr30k'}, {'Image': '4303898422.jpg', 'Source': 'flickr30k'}, {'Image': '2142526754.jpg', 'Source': 'flickr30k'}, {'Image': '4701385015.jpg', 'Source': 'flickr30k'}, {'Image': '4748496940.jpg', 'Source': 'flickr30k'}, {'Image': '2117596127.jpg', 'Source': 'flickr30k'}, {'Image': '6166659366.jpg', 'Source': 'flickr30k'}, {'Image': '2771039423.jpg', 'Source': 'flickr30k'}, {'Image': '33256003.jpg', 'Source': 'flickr30k'}]
LOG_LEVEL INFO : 2020-11-18 14:49:33,870 :: 
Query 2) Keywords: ['person', 'tvmonitor']
Query result:
[{'Image': '000000369555.jpg', 'Source': 'coco_test_2017'}, {'Image': '000000214645.jpg', 'Source': 'coco_test_2017'}, {'Image': '000000382917.jpg', 'Source': 'coco_test_2017'}, {'Image': '000000432422.jpg', 'Source': 'coco_test_2017'}, {'Image': '000000304656.jpg', 'Source': 'coco_test_2017'}, {'Image': '000000097390.jpg', 'Source': 'coco_test_2017'}, {'Image': '000000270335.jpg', 'Source': 'coco_test_2017'}, {'Image': '000000064938.jpg', 'Source': 'coco_test_2017'}, {'Image': '000000183227.jpg', 'Source': 'coco_test_2017'}, {'Image': '000000275725.jpg', 'Source': 'coco_test_2017'}, {'Image': '000000456963.jpg', 'Source': 'coco_test_2017'}, {'Image': '000000210277.jpg', 'Source': 'coco_test_2017'}, {'Image': '000000337346.jpg', 'Source': 'coco_test_2017'}, {'Image': '000000558980.jpg', 'Source': 'coco_test_2017'}, {'Image': '000000181773.jpg', 'Source': 'coco_test_2017'}, {'Image': '000000438521.jpg', 'Source': 'coco_test_2017'}, {'Image': '000000287296.jpg', 'Source': 'coco_test_2017'}, {'Image': '000000570030.jpg', 'Source': 'coco_test_2017'}, {'Image': '000000104274.jpg', 'Source': 'coco_test_2017'}, {'Image': '000000175337.jpg', 'Source': 'coco_test_2017'}]
LOG_LEVEL INFO : 2020-11-18 14:49:33,870 :: 

-------------------------------------------------------------------
-------------------------------------------------------------------
    STAGE 4)  STARTING EXECUTION OF IMAGE SELECTION VIA GUI        
-------------------------------------------------------------------
-------------------------------------------------------------------


LOG_LEVEL DEBUG : 2020-11-18 14:49:35,550 :: Num of images = 20
array=
['/media/rohit/DATA/EverythingD/01SRHBDBA_Acads/Thesis/StoryGenerator/Data/COCO_test2017_41k/test2017/000000139968.jpg', '/media/rohit/DATA/EverythingD/01SRHBDBA_Acads/Thesis/StoryGenerator/Data/COCO_test2017_41k/test2017/000000354005.jpg', '/media/rohit/DATA/EverythingD/01SRHBDBA_Acads/Thesis/StoryGenerator/Data/COCO_test2017_41k/test2017/000000376289.jpg', '/media/rohit/DATA/EverythingD/01SRHBDBA_Acads/Thesis/StoryGenerator/Data/COCO_test2017_41k/test2017/000000530395.jpg', '/media/rohit/DATA/EverythingD/01SRHBDBA_Acads/Thesis/StoryGenerator/Data/COCO_test2017_41k/test2017/000000054112.jpg', '/media/rohit/DATA/EverythingD/01SRHBDBA_Acads/Thesis/StoryGenerator/Data/COCO_test2017_41k/test2017/000000356158.jpg', '/media/rohit/DATA/EverythingD/01SRHBDBA_Acads/Thesis/StoryGenerator/Data/COCO_test2017_41k/test2017/000000055345.jpg', '/media/rohit/DATA/EverythingD/01SRHBDBA_Acads/Thesis/StoryGenerator/Data/COCO_test2017_41k/test2017/000000467509.jpg', '/media/rohit/DATA/EverythingD/01SRHBDBA_Acads/Thesis/StoryGenerator/Data/COCO_test2017_41k/test2017/000000415683.jpg', '/media/rohit/DATA/EverythingD/01SRHBDBA_Acads/Thesis/StoryGenerator/Data/COCO_test2017_41k/test2017/000000473668.jpg', '/media/rohit/DATA/EverythingD/01SRHBDBA_Acads/Thesis/StoryGenerator/Data/COCO_test2017_41k/test2017/000000528686.jpg', '/media/rohit/DATA/EverythingD/01SRHBDBA_Acads/Thesis/StoryGenerator/Data/flickr30k_images/flickr30k_images/352023925.jpg', '/media/rohit/DATA/EverythingD/01SRHBDBA_Acads/Thesis/StoryGenerator/Data/flickr30k_images/flickr30k_images/4303898422.jpg', '/media/rohit/DATA/EverythingD/01SRHBDBA_Acads/Thesis/StoryGenerator/Data/flickr30k_images/flickr30k_images/2142526754.jpg', '/media/rohit/DATA/EverythingD/01SRHBDBA_Acads/Thesis/StoryGenerator/Data/flickr30k_images/flickr30k_images/4701385015.jpg', '/media/rohit/DATA/EverythingD/01SRHBDBA_Acads/Thesis/StoryGenerator/Data/flickr30k_images/flickr30k_images/4748496940.jpg', '/media/rohit/DATA/EverythingD/01SRHBDBA_Acads/Thesis/StoryGenerator/Data/flickr30k_images/flickr30k_images/2117596127.jpg', '/media/rohit/DATA/EverythingD/01SRHBDBA_Acads/Thesis/StoryGenerator/Data/flickr30k_images/flickr30k_images/6166659366.jpg', '/media/rohit/DATA/EverythingD/01SRHBDBA_Acads/Thesis/StoryGenerator/Data/flickr30k_images/flickr30k_images/2771039423.jpg', '/media/rohit/DATA/EverythingD/01SRHBDBA_Acads/Thesis/StoryGenerator/Data/flickr30k_images/flickr30k_images/33256003.jpg']

LOG_LEVEL INFO : 2020-11-18 14:52:05,127 :: 
For Query 1, Deselected positions=
[0, 1, 2, 3, 4, 5, 6, 9, 10, 11, 12, 13, 14, 15, 16, 17, 18, 19]
LOG_LEVEL DEBUG : 2020-11-18 14:52:05,146 :: 
Completed selection process - Query number 1
Number of images before selection began = 20
Number of images Deselected by user = 18.
Number of images that will remain = 2

LOG_LEVEL DEBUG : 2020-11-18 14:52:05,958 :: Num of images = 20
array=
['/media/rohit/DATA/EverythingD/01SRHBDBA_Acads/Thesis/StoryGenerator/Data/COCO_test2017_41k/test2017/000000369555.jpg', '/media/rohit/DATA/EverythingD/01SRHBDBA_Acads/Thesis/StoryGenerator/Data/COCO_test2017_41k/test2017/000000214645.jpg', '/media/rohit/DATA/EverythingD/01SRHBDBA_Acads/Thesis/StoryGenerator/Data/COCO_test2017_41k/test2017/000000382917.jpg', '/media/rohit/DATA/EverythingD/01SRHBDBA_Acads/Thesis/StoryGenerator/Data/COCO_test2017_41k/test2017/000000432422.jpg', '/media/rohit/DATA/EverythingD/01SRHBDBA_Acads/Thesis/StoryGenerator/Data/COCO_test2017_41k/test2017/000000304656.jpg', '/media/rohit/DATA/EverythingD/01SRHBDBA_Acads/Thesis/StoryGenerator/Data/COCO_test2017_41k/test2017/000000097390.jpg', '/media/rohit/DATA/EverythingD/01SRHBDBA_Acads/Thesis/StoryGenerator/Data/COCO_test2017_41k/test2017/000000270335.jpg', '/media/rohit/DATA/EverythingD/01SRHBDBA_Acads/Thesis/StoryGenerator/Data/COCO_test2017_41k/test2017/000000064938.jpg', '/media/rohit/DATA/EverythingD/01SRHBDBA_Acads/Thesis/StoryGenerator/Data/COCO_test2017_41k/test2017/000000183227.jpg', '/media/rohit/DATA/EverythingD/01SRHBDBA_Acads/Thesis/StoryGenerator/Data/COCO_test2017_41k/test2017/000000275725.jpg', '/media/rohit/DATA/EverythingD/01SRHBDBA_Acads/Thesis/StoryGenerator/Data/COCO_test2017_41k/test2017/000000456963.jpg', '/media/rohit/DATA/EverythingD/01SRHBDBA_Acads/Thesis/StoryGenerator/Data/COCO_test2017_41k/test2017/000000210277.jpg', '/media/rohit/DATA/EverythingD/01SRHBDBA_Acads/Thesis/StoryGenerator/Data/COCO_test2017_41k/test2017/000000337346.jpg', '/media/rohit/DATA/EverythingD/01SRHBDBA_Acads/Thesis/StoryGenerator/Data/COCO_test2017_41k/test2017/000000558980.jpg', '/media/rohit/DATA/EverythingD/01SRHBDBA_Acads/Thesis/StoryGenerator/Data/COCO_test2017_41k/test2017/000000181773.jpg', '/media/rohit/DATA/EverythingD/01SRHBDBA_Acads/Thesis/StoryGenerator/Data/COCO_test2017_41k/test2017/000000438521.jpg', '/media/rohit/DATA/EverythingD/01SRHBDBA_Acads/Thesis/StoryGenerator/Data/COCO_test2017_41k/test2017/000000287296.jpg', '/media/rohit/DATA/EverythingD/01SRHBDBA_Acads/Thesis/StoryGenerator/Data/COCO_test2017_41k/test2017/000000570030.jpg', '/media/rohit/DATA/EverythingD/01SRHBDBA_Acads/Thesis/StoryGenerator/Data/COCO_test2017_41k/test2017/000000104274.jpg', '/media/rohit/DATA/EverythingD/01SRHBDBA_Acads/Thesis/StoryGenerator/Data/COCO_test2017_41k/test2017/000000175337.jpg']

LOG_LEVEL INFO : 2020-11-18 14:53:14,071 :: 
For Query 2, Deselected positions=
[0, 2, 3, 4, 5, 6, 7, 8, 9, 10, 11, 12, 13, 14, 17, 18, 19]
LOG_LEVEL DEBUG : 2020-11-18 14:53:14,094 :: 
Completed selection process - Query number 2
Number of images before selection began = 20
Number of images Deselected by user = 17.
Number of images that will remain = 3

LOG_LEVEL DEBUG : 2020-11-18 14:53:14,094 :: 

-------------------------------- SUMMARY INFORMATON --------------------------------

LOG_LEVEL DEBUG : 2020-11-18 14:53:14,094 :: 
FOR QUERY 1
Number of candidate images before selection = 20
Number of Deselections done = 18
Number of images remaining after Deselections = 2

LOG_LEVEL DEBUG : 2020-11-18 14:53:14,094 :: 
	------ Query images info BEFORE::
[{'Image': '000000139968.jpg', 'Source': 'coco_test_2017'}, {'Image': '000000354005.jpg', 'Source': 'coco_test_2017'}, {'Image': '000000376289.jpg', 'Source': 'coco_test_2017'}, {'Image': '000000530395.jpg', 'Source': 'coco_test_2017'}, {'Image': '000000054112.jpg', 'Source': 'coco_test_2017'}, {'Image': '000000356158.jpg', 'Source': 'coco_test_2017'}, {'Image': '000000055345.jpg', 'Source': 'coco_test_2017'}, {'Image': '000000467509.jpg', 'Source': 'coco_test_2017'}, {'Image': '000000415683.jpg', 'Source': 'coco_test_2017'}, {'Image': '000000473668.jpg', 'Source': 'coco_test_2017'}, {'Image': '000000528686.jpg', 'Source': 'coco_test_2017'}, {'Image': '352023925.jpg', 'Source': 'flickr30k'}, {'Image': '4303898422.jpg', 'Source': 'flickr30k'}, {'Image': '2142526754.jpg', 'Source': 'flickr30k'}, {'Image': '4701385015.jpg', 'Source': 'flickr30k'}, {'Image': '4748496940.jpg', 'Source': 'flickr30k'}, {'Image': '2117596127.jpg', 'Source': 'flickr30k'}, {'Image': '6166659366.jpg', 'Source': 'flickr30k'}, {'Image': '2771039423.jpg', 'Source': 'flickr30k'}, {'Image': '33256003.jpg', 'Source': 'flickr30k'}]
	------ Positions removed::
[0, 1, 2, 3, 4, 5, 6, 9, 10, 11, 12, 13, 14, 15, 16, 17, 18, 19]
	------ Query images info AFTER::
[{'Image': '000000467509.jpg', 'Source': 'coco_test_2017'}, {'Image': '000000415683.jpg', 'Source': 'coco_test_2017'}]


LOG_LEVEL DEBUG : 2020-11-18 14:53:14,094 :: 
FOR QUERY 2
Number of candidate images before selection = 20
Number of Deselections done = 17
Number of images remaining after Deselections = 3

LOG_LEVEL DEBUG : 2020-11-18 14:53:14,094 :: 
	------ Query images info BEFORE::
[{'Image': '000000369555.jpg', 'Source': 'coco_test_2017'}, {'Image': '000000214645.jpg', 'Source': 'coco_test_2017'}, {'Image': '000000382917.jpg', 'Source': 'coco_test_2017'}, {'Image': '000000432422.jpg', 'Source': 'coco_test_2017'}, {'Image': '000000304656.jpg', 'Source': 'coco_test_2017'}, {'Image': '000000097390.jpg', 'Source': 'coco_test_2017'}, {'Image': '000000270335.jpg', 'Source': 'coco_test_2017'}, {'Image': '000000064938.jpg', 'Source': 'coco_test_2017'}, {'Image': '000000183227.jpg', 'Source': 'coco_test_2017'}, {'Image': '000000275725.jpg', 'Source': 'coco_test_2017'}, {'Image': '000000456963.jpg', 'Source': 'coco_test_2017'}, {'Image': '000000210277.jpg', 'Source': 'coco_test_2017'}, {'Image': '000000337346.jpg', 'Source': 'coco_test_2017'}, {'Image': '000000558980.jpg', 'Source': 'coco_test_2017'}, {'Image': '000000181773.jpg', 'Source': 'coco_test_2017'}, {'Image': '000000438521.jpg', 'Source': 'coco_test_2017'}, {'Image': '000000287296.jpg', 'Source': 'coco_test_2017'}, {'Image': '000000570030.jpg', 'Source': 'coco_test_2017'}, {'Image': '000000104274.jpg', 'Source': 'coco_test_2017'}, {'Image': '000000175337.jpg', 'Source': 'coco_test_2017'}]
	------ Positions removed::
[0, 2, 3, 4, 5, 6, 7, 8, 9, 10, 11, 12, 13, 14, 17, 18, 19]
	------ Query images info AFTER::
[{'Image': '000000214645.jpg', 'Source': 'coco_test_2017'}, {'Image': '000000438521.jpg', 'Source': 'coco_test_2017'}, {'Image': '000000287296.jpg', 'Source': 'coco_test_2017'}]


LOG_LEVEL INFO : 2020-11-18 14:53:14,095 :: 
After GUI CANDIDATE IMAGES SELECTION logic execution:
gui_candidate_image_selection_logic_RC = 0
gui_candidate_image_selection_logic_msg = None
gui_candidate_image_selection_module_results = [[{'Image': '000000467509.jpg', 'Source': 'coco_test_2017'}, {'Image': '000000415683.jpg', 'Source': 'coco_test_2017'}], [{'Image': '000000214645.jpg', 'Source': 'coco_test_2017'}, {'Image': '000000438521.jpg', 'Source': 'coco_test_2017'}, {'Image': '000000287296.jpg', 'Source': 'coco_test_2017'}]]

LOG_LEVEL INFO : 2020-11-18 14:53:14,095 :: 
Images retained after Deselections (to be passed to Auto-caption block):

LOG_LEVEL INFO : 2020-11-18 14:53:14,095 :: 
1) Keywords: ['person', 'book']
Selected Images results:
[{'Image': '000000467509.jpg', 'Source': 'coco_test_2017'}, {'Image': '000000415683.jpg', 'Source': 'coco_test_2017'}]
LOG_LEVEL INFO : 2020-11-18 14:53:14,095 :: 
2) Keywords: ['person', 'tvmonitor']
Selected Images results:
[{'Image': '000000214645.jpg', 'Source': 'coco_test_2017'}, {'Image': '000000438521.jpg', 'Source': 'coco_test_2017'}, {'Image': '000000287296.jpg', 'Source': 'coco_test_2017'}]
LOG_LEVEL INFO : 2020-11-18 14:53:14,095 :: 

-------------------------------------------------------------------
-------------------------------------------------------------------
   STAGE 5-a)  STARTING EXECUTION OF IMAGE CAPTIONING - NO ATTN    
-------------------------------------------------------------------
-------------------------------------------------------------------


LOG_LEVEL INFO : 2020-11-18 14:53:17,652 :: 
RNN Decoder model defined with these paramenters:

EMBEDDING_DIMS = 200 , VOCAB_SIZE = 6758 , MAX_LENGTH_CAPTION = 49

Attempting to load weights...
LOG_LEVEL INFO : 2020-11-18 14:53:17,848 :: 
Reloaded Image Captioning Decoder using weights file =

/media/rohit/DATA/EverythingD/01SRHBDBA_Acads/Thesis/StoryGenerator/Code/ModelsRuns/ImgCap/SavedData/Thesis_ImgCap_Weights_In_Run3/Decoder_Run_3_Wt_ep_18.h5

LOG_LEVEL INFO : 2020-11-18 14:54:07,770 :: 
After IMAGE CAPTIONING NO-ATTENTION logic execution:
img_cap_after_no_attn_inference_logic_RC = 0
img_cap_after_no_attn_inference_logic_msg = None
img_cap_after_no_attn_inference_module_results = [{'key_elements': ['person', 'book'], 'selected_images_no_attn': [['/media/rohit/DATA/EverythingD/01SRHBDBA_Acads/Thesis/StoryGenerator/Data/COCO_test2017_41k/test2017/000000467509.jpg', 'woman is sitting on couch with her cell phone'], ['/media/rohit/DATA/EverythingD/01SRHBDBA_Acads/Thesis/StoryGenerator/Data/COCO_test2017_41k/test2017/000000415683.jpg', 'woman is cutting cake with knife']]}, {'key_elements': ['person', 'tvmonitor'], 'selected_images_no_attn': [['/media/rohit/DATA/EverythingD/01SRHBDBA_Acads/Thesis/StoryGenerator/Data/COCO_test2017_41k/test2017/000000214645.jpg', 'man and woman playing video game together'], ['/media/rohit/DATA/EverythingD/01SRHBDBA_Acads/Thesis/StoryGenerator/Data/COCO_test2017_41k/test2017/000000438521.jpg', 'man and woman are playing video game'], ['/media/rohit/DATA/EverythingD/01SRHBDBA_Acads/Thesis/StoryGenerator/Data/COCO_test2017_41k/test2017/000000287296.jpg', 'young boy standing in front of tv playing video game']]}]

LOG_LEVEL INFO : 2020-11-18 14:54:07,771 :: 

-------------------------------------------------------------------
-------------------------------------------------------------------
  STAGE 5-b)  STARTING EXECUTION OF IMAGE CAPTIONING - WITH ATTN   
-------------------------------------------------------------------
-------------------------------------------------------------------


LOG_LEVEL INFO : 2020-11-18 14:54:10,271 :: Cleared current contents of the Destination dir

LOG_LEVEL INFO : 2020-11-18 14:54:12,182 :: Copied 11 files

	FROM:
/media/rohit/DATA/EverythingD/01SRHBDBA_Acads/Thesis/StoryGenerator/Code/ModelsRuns/ImgCapAttention/SavedData/Thesis_ImgCapATTENTION_ChkPts_In_Run4_Ep21/
	TO:
/home/rohit/PyWDUbuntu/thesis/ImgCapATTEND_opdir_DUMMY_RUN/chkPointDir_DUMMY_RUN/train_DUMMY_RUN/

LOG_LEVEL WARNING : 2020-11-18 14:54:14,372 :: Unresolved object in checkpoint: (root).optimizer.beta_1
LOG_LEVEL WARNING : 2020-11-18 14:54:14,373 :: Unresolved object in checkpoint: (root).optimizer.beta_2
LOG_LEVEL WARNING : 2020-11-18 14:54:14,373 :: Unresolved object in checkpoint: (root).optimizer.decay
LOG_LEVEL WARNING : 2020-11-18 14:54:14,373 :: Unresolved object in checkpoint: (root).optimizer.learning_rate
LOG_LEVEL WARNING : 2020-11-18 14:54:14,373 :: Unresolved object in checkpoint: (root).optimizer.iter
LOG_LEVEL WARNING : 2020-11-18 14:54:14,373 :: A checkpoint was restored (e.g. tf.train.Checkpoint.restore or tf.keras.Model.load_weights) but not all checkpointed values were used. See above for specific issues. Use expect_partial() on the load status object, e.g. tf.train.Checkpoint.restore(...).expect_partial(), to silence these warnings, or use assert_consumed() to make the check explicit. See https://www.tensorflow.org/guide/checkpoint#loading_mechanics for details.
LOG_LEVEL INFO : 2020-11-18 14:54:14,378 :: 
After IMAGE CAPTIONING WITH-ATTENTION logic execution:
img_cap_after_WITH_attn_inference_logic_RC = 0
img_cap_after_WITH_attn_inference_logic_msg = None
img_cap_after_WITH_attn_inference_module_results = [{'key_elements': ['person', 'book'], 'selected_images_no_attn': [['/media/rohit/DATA/EverythingD/01SRHBDBA_Acads/Thesis/StoryGenerator/Data/COCO_test2017_41k/test2017/000000467509.jpg', 'woman is sitting on couch with her cell phone'], ['/media/rohit/DATA/EverythingD/01SRHBDBA_Acads/Thesis/StoryGenerator/Data/COCO_test2017_41k/test2017/000000415683.jpg', 'woman is cutting cake with knife']], 'selected_images_with_attn': [['/media/rohit/DATA/EverythingD/01SRHBDBA_Acads/Thesis/StoryGenerator/Data/COCO_test2017_41k/test2017/000000467509.jpg', 'a man sitting on a couch with a laptop'], ['/media/rohit/DATA/EverythingD/01SRHBDBA_Acads/Thesis/StoryGenerator/Data/COCO_test2017_41k/test2017/000000415683.jpg', 'a man is sitting at a book on a book']]}, {'key_elements': ['person', 'tvmonitor'], 'selected_images_no_attn': [['/media/rohit/DATA/EverythingD/01SRHBDBA_Acads/Thesis/StoryGenerator/Data/COCO_test2017_41k/test2017/000000214645.jpg', 'man and woman playing video game together'], ['/media/rohit/DATA/EverythingD/01SRHBDBA_Acads/Thesis/StoryGenerator/Data/COCO_test2017_41k/test2017/000000438521.jpg', 'man and woman are playing video game'], ['/media/rohit/DATA/EverythingD/01SRHBDBA_Acads/Thesis/StoryGenerator/Data/COCO_test2017_41k/test2017/000000287296.jpg', 'young boy standing in front of tv playing video game']], 'selected_images_with_attn': [['/media/rohit/DATA/EverythingD/01SRHBDBA_Acads/Thesis/StoryGenerator/Data/COCO_test2017_41k/test2017/000000214645.jpg', 'a woman is cutting a remote and a woman'], ['/media/rohit/DATA/EverythingD/01SRHBDBA_Acads/Thesis/StoryGenerator/Data/COCO_test2017_41k/test2017/000000438521.jpg', 'two men playing wii in a living room'], ['/media/rohit/DATA/EverythingD/01SRHBDBA_Acads/Thesis/StoryGenerator/Data/COCO_test2017_41k/test2017/000000287296.jpg', 'a man playing a game with a wii remote']]}]

LOG_LEVEL INFO : 2020-11-18 14:54:14,378 :: 

-------------------------------------------------------------------------------
-------------------------------------------------------------------------------
    STAGE 6)  STARTING EXECUTION OF GUI DISPLAY fOR IMAGE CAPTIONING RESULTS   
-------------------------------------------------------------------------------
-------------------------------------------------------------------------------


LOG_LEVEL DEBUG : 2020-11-18 15:00:43,574 :: 

ImgCap:: After Enlarge window for Query 1, Image=
/media/rohit/DATA/EverythingD/01SRHBDBA_Acads/Thesis/StoryGenerator/Data/COCO_test2017_41k/test2017/000000467509.jpg
Caption WAS CHANGED
Original Caption =
woman is sitting on couch with her cell phone
Editable Caption =
a woman is sitting on a couch with a book

LOG_LEVEL DEBUG : 2020-11-18 15:00:43,575 :: 

ImgCap:: After Enlarge window for Query 1, Image=
/media/rohit/DATA/EverythingD/01SRHBDBA_Acads/Thesis/StoryGenerator/Data/COCO_test2017_41k/test2017/000000467509.jpg
Caption_Attn WAS CHANGED
Original Caption_Attn =
a man sitting on a couch with a laptop
Editable Caption_Attn =
a woman sitting on a couch with a book

LOG_LEVEL DEBUG : 2020-11-18 15:02:33,600 :: 

ImgCap:: After Enlarge window for Query 1, Image=
/media/rohit/DATA/EverythingD/01SRHBDBA_Acads/Thesis/StoryGenerator/Data/COCO_test2017_41k/test2017/000000415683.jpg
Caption WAS CHANGED
Original Caption =
woman is cutting cake with knife
Editable Caption =
a girl is reading a book

LOG_LEVEL DEBUG : 2020-11-18 15:02:33,601 :: 

ImgCap:: After Enlarge window for Query 1, Image=
/media/rohit/DATA/EverythingD/01SRHBDBA_Acads/Thesis/StoryGenerator/Data/COCO_test2017_41k/test2017/000000415683.jpg
Caption_Attn WAS CHANGED
Original Caption_Attn =
a man is sitting at a book on a book
Editable Caption_Attn =
a girl is reading a book

LOG_LEVEL DEBUG : 2020-11-18 15:02:55,594 :: 
For Query 1, Deselected positions=
[]

LOG_LEVEL DEBUG : 2020-11-18 15:02:55,606 :: 
Completed selection process - Query number 1
Deselected image positions this query = []
Number of images before selection began = 2
Number of images Deselected by user = 0.
Number of images that will remain = 2

LOG_LEVEL DEBUG : 2020-11-18 15:04:40,986 :: 

ImgCap:: After Enlarge window for Query 2, Image=
/media/rohit/DATA/EverythingD/01SRHBDBA_Acads/Thesis/StoryGenerator/Data/COCO_test2017_41k/test2017/000000214645.jpg
Caption WAS CHANGED
Original Caption =
man and woman playing video game together
Editable Caption =
an old man and an old woman are playing a video game together

LOG_LEVEL DEBUG : 2020-11-18 15:04:40,987 :: 

ImgCap:: After Enlarge window for Query 2, Image=
/media/rohit/DATA/EverythingD/01SRHBDBA_Acads/Thesis/StoryGenerator/Data/COCO_test2017_41k/test2017/000000214645.jpg
Caption_Attn WAS CHANGED
Original Caption_Attn =
a woman is cutting a remote and a woman
Editable Caption_Attn =
a woman is playing a video game

LOG_LEVEL DEBUG : 2020-11-18 15:07:31,667 :: 

ImgCap:: After Enlarge window for Query 2, Image=
/media/rohit/DATA/EverythingD/01SRHBDBA_Acads/Thesis/StoryGenerator/Data/COCO_test2017_41k/test2017/000000438521.jpg
Caption WAS CHANGED
Original Caption =
man and woman are playing video game
Editable Caption =
a man and his friend are playing a video game

LOG_LEVEL DEBUG : 2020-11-18 15:07:31,668 :: 

ImgCap:: After Enlarge window for Query 2, Image=
/media/rohit/DATA/EverythingD/01SRHBDBA_Acads/Thesis/StoryGenerator/Data/COCO_test2017_41k/test2017/000000438521.jpg
Caption_Attn WAS CHANGED
Original Caption_Attn =
two men playing wii in a living room
Editable Caption_Attn =
two men playing are playing wii video game in a living room

LOG_LEVEL DEBUG : 2020-11-18 15:07:42,507 :: 

ImgCap:: After Enlarge window for Query 2, Image=
/media/rohit/DATA/EverythingD/01SRHBDBA_Acads/Thesis/StoryGenerator/Data/COCO_test2017_41k/test2017/000000438521.jpg
Caption_Attn WAS CHANGED
Original Caption_Attn =
two men playing are playing wii video game in a living room
Editable Caption_Attn =
two men are playing wii video game in a living room

LOG_LEVEL DEBUG : 2020-11-18 15:08:10,828 :: 

ImgCap:: After Enlarge window for Query 2, Image=
/media/rohit/DATA/EverythingD/01SRHBDBA_Acads/Thesis/StoryGenerator/Data/COCO_test2017_41k/test2017/000000438521.jpg
Caption_Attn WAS CHANGED
Original Caption_Attn =
two men are playing wii video game in a living room
Editable Caption_Attn =
two men are playing a wii video game in a living room

LOG_LEVEL DEBUG : 2020-11-18 15:09:27,255 :: 

ImgCap:: After Enlarge window for Query 2, Image=
/media/rohit/DATA/EverythingD/01SRHBDBA_Acads/Thesis/StoryGenerator/Data/COCO_test2017_41k/test2017/000000287296.jpg
Caption WAS CHANGED
Original Caption =
young boy standing in front of tv playing video game
Editable Caption =
a young girl is standing in front of a tv playing a video game

LOG_LEVEL DEBUG : 2020-11-18 15:09:27,256 :: 

ImgCap:: After Enlarge window for Query 2, Image=
/media/rohit/DATA/EverythingD/01SRHBDBA_Acads/Thesis/StoryGenerator/Data/COCO_test2017_41k/test2017/000000287296.jpg
Caption_Attn WAS CHANGED
Original Caption_Attn =
a man playing a game with a wii remote
Editable Caption_Attn =
a girl is playing a game with a wii remote

LOG_LEVEL DEBUG : 2020-11-18 15:09:43,722 :: 

ImgCap:: After Enlarge window for Query 2, Image=
/media/rohit/DATA/EverythingD/01SRHBDBA_Acads/Thesis/StoryGenerator/Data/COCO_test2017_41k/test2017/000000287296.jpg
Caption_Attn WAS CHANGED
Original Caption_Attn =
a girl is playing a game with a wii remote
Editable Caption_Attn =
a girl is playing a video game with a wii remote

LOG_LEVEL DEBUG : 2020-11-18 15:09:59,586 :: 
For Query 2, Deselected positions=
[]

LOG_LEVEL DEBUG : 2020-11-18 15:09:59,633 :: 
Completed selection process - Query number 2
Deselected image positions this query = []
Number of images before selection began = 3
Number of images Deselected by user = 0.
Number of images that will remain = 3

LOG_LEVEL DEBUG : 2020-11-18 15:09:59,633 :: 


******************************************************************
********* SUMMARY for Image Captioning GUI - all queries *********
*********     BEFORE removing the deselected images      *********
******************************************************************
Data structure BEFORE =
[{'key_elements': ['person', 'book'], 'selected_images_no_attn': [['/media/rohit/DATA/EverythingD/01SRHBDBA_Acads/Thesis/StoryGenerator/Data/COCO_test2017_41k/test2017/000000467509.jpg', 'woman is sitting on couch with her cell phone'], ['/media/rohit/DATA/EverythingD/01SRHBDBA_Acads/Thesis/StoryGenerator/Data/COCO_test2017_41k/test2017/000000415683.jpg', 'woman is cutting cake with knife']], 'selected_images_with_attn': [['/media/rohit/DATA/EverythingD/01SRHBDBA_Acads/Thesis/StoryGenerator/Data/COCO_test2017_41k/test2017/000000467509.jpg', 'a man sitting on a couch with a laptop'], ['/media/rohit/DATA/EverythingD/01SRHBDBA_Acads/Thesis/StoryGenerator/Data/COCO_test2017_41k/test2017/000000415683.jpg', 'a man is sitting at a book on a book']]}, {'key_elements': ['person', 'tvmonitor'], 'selected_images_no_attn': [['/media/rohit/DATA/EverythingD/01SRHBDBA_Acads/Thesis/StoryGenerator/Data/COCO_test2017_41k/test2017/000000214645.jpg', 'man and woman playing video game together'], ['/media/rohit/DATA/EverythingD/01SRHBDBA_Acads/Thesis/StoryGenerator/Data/COCO_test2017_41k/test2017/000000438521.jpg', 'man and woman are playing video game'], ['/media/rohit/DATA/EverythingD/01SRHBDBA_Acads/Thesis/StoryGenerator/Data/COCO_test2017_41k/test2017/000000287296.jpg', 'young boy standing in front of tv playing video game']], 'selected_images_with_attn': [['/media/rohit/DATA/EverythingD/01SRHBDBA_Acads/Thesis/StoryGenerator/Data/COCO_test2017_41k/test2017/000000214645.jpg', 'a woman is cutting a remote and a woman'], ['/media/rohit/DATA/EverythingD/01SRHBDBA_Acads/Thesis/StoryGenerator/Data/COCO_test2017_41k/test2017/000000438521.jpg', 'two men playing wii in a living room'], ['/media/rohit/DATA/EverythingD/01SRHBDBA_Acads/Thesis/StoryGenerator/Data/COCO_test2017_41k/test2017/000000287296.jpg', 'a man playing a game with a wii remote']]}]
Data structure AFTER GUI only; only changed captions should reflect but no deselection done as yet  =
[{'key_elements': ['person', 'book'], 'selected_images_no_attn': [['/media/rohit/DATA/EverythingD/01SRHBDBA_Acads/Thesis/StoryGenerator/Data/COCO_test2017_41k/test2017/000000467509.jpg', 'a woman is sitting on a couch with a book'], ['/media/rohit/DATA/EverythingD/01SRHBDBA_Acads/Thesis/StoryGenerator/Data/COCO_test2017_41k/test2017/000000415683.jpg', 'a girl is reading a book']], 'selected_images_with_attn': [['/media/rohit/DATA/EverythingD/01SRHBDBA_Acads/Thesis/StoryGenerator/Data/COCO_test2017_41k/test2017/000000467509.jpg', 'a woman sitting on a couch with a book'], ['/media/rohit/DATA/EverythingD/01SRHBDBA_Acads/Thesis/StoryGenerator/Data/COCO_test2017_41k/test2017/000000415683.jpg', 'a girl is reading a book']]}, {'key_elements': ['person', 'tvmonitor'], 'selected_images_no_attn': [['/media/rohit/DATA/EverythingD/01SRHBDBA_Acads/Thesis/StoryGenerator/Data/COCO_test2017_41k/test2017/000000214645.jpg', 'an old man and an old woman are playing a video game together'], ['/media/rohit/DATA/EverythingD/01SRHBDBA_Acads/Thesis/StoryGenerator/Data/COCO_test2017_41k/test2017/000000438521.jpg', 'a man and his friend are playing a video game'], ['/media/rohit/DATA/EverythingD/01SRHBDBA_Acads/Thesis/StoryGenerator/Data/COCO_test2017_41k/test2017/000000287296.jpg', 'a young girl is standing in front of a tv playing a video game']], 'selected_images_with_attn': [['/media/rohit/DATA/EverythingD/01SRHBDBA_Acads/Thesis/StoryGenerator/Data/COCO_test2017_41k/test2017/000000214645.jpg', 'a woman is playing a video game'], ['/media/rohit/DATA/EverythingD/01SRHBDBA_Acads/Thesis/StoryGenerator/Data/COCO_test2017_41k/test2017/000000438521.jpg', 'two men are playing a wii video game in a living room'], ['/media/rohit/DATA/EverythingD/01SRHBDBA_Acads/Thesis/StoryGenerator/Data/COCO_test2017_41k/test2017/000000287296.jpg', 'a girl is playing a video game with a wii remote']]}]

LOG_LEVEL DEBUG : 2020-11-18 15:09:59,633 :: 


******************************************************************
********* SUMMARY for Image Captioning GUI - all queries *********
*********     AFTER removing the deselected images      *********
******************************************************************
Data structure BEFORE =
[{'key_elements': ['person', 'book'], 'selected_images_no_attn': [['/media/rohit/DATA/EverythingD/01SRHBDBA_Acads/Thesis/StoryGenerator/Data/COCO_test2017_41k/test2017/000000467509.jpg', 'woman is sitting on couch with her cell phone'], ['/media/rohit/DATA/EverythingD/01SRHBDBA_Acads/Thesis/StoryGenerator/Data/COCO_test2017_41k/test2017/000000415683.jpg', 'woman is cutting cake with knife']], 'selected_images_with_attn': [['/media/rohit/DATA/EverythingD/01SRHBDBA_Acads/Thesis/StoryGenerator/Data/COCO_test2017_41k/test2017/000000467509.jpg', 'a man sitting on a couch with a laptop'], ['/media/rohit/DATA/EverythingD/01SRHBDBA_Acads/Thesis/StoryGenerator/Data/COCO_test2017_41k/test2017/000000415683.jpg', 'a man is sitting at a book on a book']]}, {'key_elements': ['person', 'tvmonitor'], 'selected_images_no_attn': [['/media/rohit/DATA/EverythingD/01SRHBDBA_Acads/Thesis/StoryGenerator/Data/COCO_test2017_41k/test2017/000000214645.jpg', 'man and woman playing video game together'], ['/media/rohit/DATA/EverythingD/01SRHBDBA_Acads/Thesis/StoryGenerator/Data/COCO_test2017_41k/test2017/000000438521.jpg', 'man and woman are playing video game'], ['/media/rohit/DATA/EverythingD/01SRHBDBA_Acads/Thesis/StoryGenerator/Data/COCO_test2017_41k/test2017/000000287296.jpg', 'young boy standing in front of tv playing video game']], 'selected_images_with_attn': [['/media/rohit/DATA/EverythingD/01SRHBDBA_Acads/Thesis/StoryGenerator/Data/COCO_test2017_41k/test2017/000000214645.jpg', 'a woman is cutting a remote and a woman'], ['/media/rohit/DATA/EverythingD/01SRHBDBA_Acads/Thesis/StoryGenerator/Data/COCO_test2017_41k/test2017/000000438521.jpg', 'two men playing wii in a living room'], ['/media/rohit/DATA/EverythingD/01SRHBDBA_Acads/Thesis/StoryGenerator/Data/COCO_test2017_41k/test2017/000000287296.jpg', 'a man playing a game with a wii remote']]}]
Deselected image positions all queries = [[], []]
Data structure AFTER GUI; changed captions and removing Deselected images =
[{'key_elements': ['person', 'book'], 'selected_images_no_attn': [['/media/rohit/DATA/EverythingD/01SRHBDBA_Acads/Thesis/StoryGenerator/Data/COCO_test2017_41k/test2017/000000467509.jpg', 'a woman is sitting on a couch with a book'], ['/media/rohit/DATA/EverythingD/01SRHBDBA_Acads/Thesis/StoryGenerator/Data/COCO_test2017_41k/test2017/000000415683.jpg', 'a girl is reading a book']], 'selected_images_with_attn': [['/media/rohit/DATA/EverythingD/01SRHBDBA_Acads/Thesis/StoryGenerator/Data/COCO_test2017_41k/test2017/000000467509.jpg', 'a woman sitting on a couch with a book'], ['/media/rohit/DATA/EverythingD/01SRHBDBA_Acads/Thesis/StoryGenerator/Data/COCO_test2017_41k/test2017/000000415683.jpg', 'a girl is reading a book']]}, {'key_elements': ['person', 'tvmonitor'], 'selected_images_no_attn': [['/media/rohit/DATA/EverythingD/01SRHBDBA_Acads/Thesis/StoryGenerator/Data/COCO_test2017_41k/test2017/000000214645.jpg', 'an old man and an old woman are playing a video game together'], ['/media/rohit/DATA/EverythingD/01SRHBDBA_Acads/Thesis/StoryGenerator/Data/COCO_test2017_41k/test2017/000000438521.jpg', 'a man and his friend are playing a video game'], ['/media/rohit/DATA/EverythingD/01SRHBDBA_Acads/Thesis/StoryGenerator/Data/COCO_test2017_41k/test2017/000000287296.jpg', 'a young girl is standing in front of a tv playing a video game']], 'selected_images_with_attn': [['/media/rohit/DATA/EverythingD/01SRHBDBA_Acads/Thesis/StoryGenerator/Data/COCO_test2017_41k/test2017/000000214645.jpg', 'a woman is playing a video game'], ['/media/rohit/DATA/EverythingD/01SRHBDBA_Acads/Thesis/StoryGenerator/Data/COCO_test2017_41k/test2017/000000438521.jpg', 'two men are playing a wii video game in a living room'], ['/media/rohit/DATA/EverythingD/01SRHBDBA_Acads/Thesis/StoryGenerator/Data/COCO_test2017_41k/test2017/000000287296.jpg', 'a girl is playing a video game with a wii remote']]}]

LOG_LEVEL INFO : 2020-11-18 15:09:59,633 :: 
Saved results to file for the Story Generator stage.
File :: /home/rohit/PyWDUbuntu/thesis/combined_execution/ImgCapAfterGui/op_img_cap_after_gui.txt
LOG_LEVEL INFO : 2020-11-18 15:09:59,633 :: 
After GUI TO DISPLAY IMAGE CAPTIONING RESULTS logic execution:
gui_img_cap_show_results_logic_RC = 0
gui_img_cap_show_results_logic_msg =
None
gui_img_cap_module_results =
[{'key_elements': ['person', 'book'], 'selected_images_no_attn': [['/media/rohit/DATA/EverythingD/01SRHBDBA_Acads/Thesis/StoryGenerator/Data/COCO_test2017_41k/test2017/000000467509.jpg', 'a woman is sitting on a couch with a book'], ['/media/rohit/DATA/EverythingD/01SRHBDBA_Acads/Thesis/StoryGenerator/Data/COCO_test2017_41k/test2017/000000415683.jpg', 'a girl is reading a book']], 'selected_images_with_attn': [['/media/rohit/DATA/EverythingD/01SRHBDBA_Acads/Thesis/StoryGenerator/Data/COCO_test2017_41k/test2017/000000467509.jpg', 'a woman sitting on a couch with a book'], ['/media/rohit/DATA/EverythingD/01SRHBDBA_Acads/Thesis/StoryGenerator/Data/COCO_test2017_41k/test2017/000000415683.jpg', 'a girl is reading a book']]}, {'key_elements': ['person', 'tvmonitor'], 'selected_images_no_attn': [['/media/rohit/DATA/EverythingD/01SRHBDBA_Acads/Thesis/StoryGenerator/Data/COCO_test2017_41k/test2017/000000214645.jpg', 'an old man and an old woman are playing a video game together'], ['/media/rohit/DATA/EverythingD/01SRHBDBA_Acads/Thesis/StoryGenerator/Data/COCO_test2017_41k/test2017/000000438521.jpg', 'a man and his friend are playing a video game'], ['/media/rohit/DATA/EverythingD/01SRHBDBA_Acads/Thesis/StoryGenerator/Data/COCO_test2017_41k/test2017/000000287296.jpg', 'a young girl is standing in front of a tv playing a video game']], 'selected_images_with_attn': [['/media/rohit/DATA/EverythingD/01SRHBDBA_Acads/Thesis/StoryGenerator/Data/COCO_test2017_41k/test2017/000000214645.jpg', 'a woman is playing a video game'], ['/media/rohit/DATA/EverythingD/01SRHBDBA_Acads/Thesis/StoryGenerator/Data/COCO_test2017_41k/test2017/000000438521.jpg', 'two men are playing a wii video game in a living room'], ['/media/rohit/DATA/EverythingD/01SRHBDBA_Acads/Thesis/StoryGenerator/Data/COCO_test2017_41k/test2017/000000287296.jpg', 'a girl is playing a video game with a wii remote']]}]

LOG_LEVEL INFO : 2020-11-18 15:09:59,633 :: 


Normal exit from program.

