LOG_LEVEL INFO : 2020-08-06 05:05:46,835 :: 

-------------------------------------------------------------------
-------------------------------------------------------------------
              STARTING EXECUTION OF STT LOGIC                      
-------------------------------------------------------------------
-------------------------------------------------------------------


LOG_LEVEL INFO : 2020-08-06 05:05:46,835 :: 
Following wav files are found to process:
LOG_LEVEL INFO : 2020-08-06 05:05:46,835 :: 	1) /home/rohit/PyWDUbuntu/thesis/combined_execution/audio/wavs/st_13_AF_Catherine_file1.wav
LOG_LEVEL INFO : 2020-08-06 05:05:46,836 :: 	2) /home/rohit/PyWDUbuntu/thesis/combined_execution/audio/wavs/st_13_AF_Catherine_file2.wav
LOG_LEVEL INFO : 2020-08-06 05:05:46,836 :: 	3) /home/rohit/PyWDUbuntu/thesis/combined_execution/audio/wavs/st_13_AF_Catherine_file3.wav
LOG_LEVEL DEBUG : 2020-08-06 05:05:46,836 :: 

ds_inf_cmd_fixed=
deepspeech --model /home/rohit/deepspeech/pretrained/v073/deepspeech-0.7.3-models.pbmm --scorer /home/rohit/deepspeech/pretrained/v073/deepspeech-0.7.3-models.scorer --audio 


LOG_LEVEL INFO : 2020-08-06 05:05:46,836 :: 

Commencing model inference from Deepspeech version 0.7.3.

LOG_LEVEL INFO : 2020-08-06 05:05:46,836 :: 

	Command number 1:
deepspeech --model /home/rohit/deepspeech/pretrained/v073/deepspeech-0.7.3-models.pbmm --scorer /home/rohit/deepspeech/pretrained/v073/deepspeech-0.7.3-models.scorer --audio /home/rohit/PyWDUbuntu/thesis/combined_execution/audio/wavs/st_13_AF_Catherine_file1.wav
LOG_LEVEL INFO : 2020-08-06 05:05:48,255 :: 	Inference:
i took an aeroplane to india for a back packing trip
LOG_LEVEL INFO : 2020-08-06 05:05:48,256 :: 

	Command number 2:
deepspeech --model /home/rohit/deepspeech/pretrained/v073/deepspeech-0.7.3-models.pbmm --scorer /home/rohit/deepspeech/pretrained/v073/deepspeech-0.7.3-models.scorer --audio /home/rohit/PyWDUbuntu/thesis/combined_execution/audio/wavs/st_13_AF_Catherine_file2.wav
LOG_LEVEL INFO : 2020-08-06 05:05:49,639 :: 	Inference:
i eat apple and banana for evening snacks
LOG_LEVEL INFO : 2020-08-06 05:05:49,639 :: 

	Command number 3:
deepspeech --model /home/rohit/deepspeech/pretrained/v073/deepspeech-0.7.3-models.pbmm --scorer /home/rohit/deepspeech/pretrained/v073/deepspeech-0.7.3-models.scorer --audio /home/rohit/PyWDUbuntu/thesis/combined_execution/audio/wavs/st_13_AF_Catherine_file3.wav
LOG_LEVEL INFO : 2020-08-06 05:05:50,445 :: 	Inference:
i like my bed
LOG_LEVEL INFO : 2020-08-06 05:05:53,506 :: 
After STT logic execution:
stt_logic_RC = 0
stt_logic_msg = None
stt_module_results = ['i took an aeroplane to india for a back packing trip', 'i eat apple and banana for evening snacks', 'i like my bed']

LOG_LEVEL INFO : 2020-08-06 05:05:53,507 :: 

-------------------------------------------------------------------
-------------------------------------------------------------------
       STARTING EXECUTION OF IDENTIFY KEYWORDS LOGIC               
-------------------------------------------------------------------
-------------------------------------------------------------------


LOG_LEVEL DEBUG : 2020-08-06 05:05:56,846 :: 

The following sentences will be processed:

LOG_LEVEL DEBUG : 2020-08-06 05:05:56,846 :: 	Sentence 1 :
i took an aeroplane to india for a back packing trip
LOG_LEVEL DEBUG : 2020-08-06 05:05:56,846 :: 	Sentence 2 :
i eat apple and banana for evening snacks
LOG_LEVEL DEBUG : 2020-08-06 05:05:56,846 :: 	Sentence 3 :
i like my bed
LOG_LEVEL INFO : 2020-08-06 05:05:56,846 :: 

Words of each input sentence:

LOG_LEVEL INFO : 2020-08-06 05:05:56,846 :: 	Sentence 1 :
['i', 'took', 'an', 'aeroplane', 'to', 'india', 'for', 'a', 'back', 'packing', 'trip']
LOG_LEVEL INFO : 2020-08-06 05:05:56,846 :: 	Sentence 2 :
['i', 'eat', 'apple', 'and', 'banana', 'for', 'evening', 'snacks']
LOG_LEVEL INFO : 2020-08-06 05:05:56,846 :: 	Sentence 3 :
['i', 'like', 'my', 'bed']
LOG_LEVEL INFO : 2020-08-06 05:05:56,846 :: 

Words of each input sentence after removing all stop words:

LOG_LEVEL INFO : 2020-08-06 05:05:56,846 :: 	Sentence 1 :
['took', 'aeroplane', 'india', 'packing', 'trip']
LOG_LEVEL INFO : 2020-08-06 05:05:56,846 :: 	Sentence 2 :
['eat', 'apple', 'banana', 'evening', 'snacks']
LOG_LEVEL INFO : 2020-08-06 05:05:56,846 :: 	Sentence 3 :
['like', 'bed']
LOG_LEVEL INFO : 2020-08-06 05:05:56,846 :: 

Joining the non-stop words as a new sentence (for readability only):

LOG_LEVEL INFO : 2020-08-06 05:05:56,846 :: 	New sentence 1 :
took aeroplane india packing trip
LOG_LEVEL INFO : 2020-08-06 05:05:56,846 :: 	New sentence 2 :
eat apple banana evening snacks
LOG_LEVEL INFO : 2020-08-06 05:05:56,846 :: 	New sentence 3 :
like bed
LOG_LEVEL INFO : 2020-08-06 05:05:56,861 :: 

All non-stop words pos info:

LOG_LEVEL INFO : 2020-08-06 05:05:56,861 :: .........
LOG_LEVEL INFO : 2020-08-06 05:05:56,861 :: Sentence 1, word 1 :
{'text': 'took', 'lemma_': 'take', 'pos_': 'VERB', 'tag_': 'VBD', 'dep_': 'ROOT', 'shape_': 'xxxx', 'is_alpha': True, 'is_stop': False}
LOG_LEVEL INFO : 2020-08-06 05:05:56,861 :: Sentence 1, word 2 :
{'text': 'aeroplane', 'lemma_': 'aeroplane', 'pos_': 'PROPN', 'tag_': 'NNP', 'dep_': 'compound', 'shape_': 'xxxx', 'is_alpha': True, 'is_stop': False}
LOG_LEVEL INFO : 2020-08-06 05:05:56,861 :: Sentence 1, word 3 :
{'text': 'india', 'lemma_': 'india', 'pos_': 'PROPN', 'tag_': 'NNP', 'dep_': 'compound', 'shape_': 'xxxx', 'is_alpha': True, 'is_stop': False}
LOG_LEVEL INFO : 2020-08-06 05:05:56,861 :: Sentence 1, word 4 :
{'text': 'packing', 'lemma_': 'packing', 'pos_': 'NOUN', 'tag_': 'NN', 'dep_': 'compound', 'shape_': 'xxxx', 'is_alpha': True, 'is_stop': False}
LOG_LEVEL INFO : 2020-08-06 05:05:56,861 :: Sentence 1, word 5 :
{'text': 'trip', 'lemma_': 'trip', 'pos_': 'NOUN', 'tag_': 'NN', 'dep_': 'dobj', 'shape_': 'xxxx', 'is_alpha': True, 'is_stop': False}
LOG_LEVEL INFO : 2020-08-06 05:05:56,861 :: .........
LOG_LEVEL INFO : 2020-08-06 05:05:56,861 :: Sentence 2, word 1 :
{'text': 'eat', 'lemma_': 'eat', 'pos_': 'VERB', 'tag_': 'VB', 'dep_': 'ROOT', 'shape_': 'xxx', 'is_alpha': True, 'is_stop': False}
LOG_LEVEL INFO : 2020-08-06 05:05:56,861 :: Sentence 2, word 2 :
{'text': 'apple', 'lemma_': 'apple', 'pos_': 'PROPN', 'tag_': 'NNP', 'dep_': 'compound', 'shape_': 'xxxx', 'is_alpha': True, 'is_stop': False}
LOG_LEVEL INFO : 2020-08-06 05:05:56,861 :: Sentence 2, word 3 :
{'text': 'banana', 'lemma_': 'banana', 'pos_': 'NOUN', 'tag_': 'NN', 'dep_': 'compound', 'shape_': 'xxxx', 'is_alpha': True, 'is_stop': False}
LOG_LEVEL INFO : 2020-08-06 05:05:56,862 :: Sentence 2, word 4 :
{'text': 'evening', 'lemma_': 'evening', 'pos_': 'NOUN', 'tag_': 'NN', 'dep_': 'compound', 'shape_': 'xxxx', 'is_alpha': True, 'is_stop': False}
LOG_LEVEL INFO : 2020-08-06 05:05:56,862 :: Sentence 2, word 5 :
{'text': 'snacks', 'lemma_': 'snack', 'pos_': 'NOUN', 'tag_': 'NNS', 'dep_': 'dobj', 'shape_': 'xxxx', 'is_alpha': True, 'is_stop': False}
LOG_LEVEL INFO : 2020-08-06 05:05:56,862 :: .........
LOG_LEVEL INFO : 2020-08-06 05:05:56,862 :: Sentence 3, word 1 :
{'text': 'like', 'lemma_': 'like', 'pos_': 'SCONJ', 'tag_': 'IN', 'dep_': 'ROOT', 'shape_': 'xxxx', 'is_alpha': True, 'is_stop': False}
LOG_LEVEL INFO : 2020-08-06 05:05:56,862 :: Sentence 3, word 2 :
{'text': 'bed', 'lemma_': 'bed', 'pos_': 'NOUN', 'tag_': 'NN', 'dep_': 'pobj', 'shape_': 'xxx', 'is_alpha': True, 'is_stop': False}
LOG_LEVEL INFO : 2020-08-06 05:05:56,862 :: 

All POS info file successfully created here:
/home/rohit/PyWDUbuntu/thesis/combined_execution/IdElements/all_words_pos_info_1.txt


LOG_LEVEL INFO : 2020-08-06 05:05:56,862 :: 

Candidate keywords AFTER matching against class labels:
[['aeroplane'], ['apple', 'banana'], ['bed']]


LOG_LEVEL DEBUG : 2020-08-06 05:05:56,862 :: 

Candidate key words BEFORE any changes for sentence 1 :
['aeroplane']

LOG_LEVEL DEBUG : 2020-08-06 05:06:03,661 :: 

CONFIRM SELECTIONS BUTTON PRESSED

LOG_LEVEL DEBUG : 2020-08-06 05:06:03,661 :: 
Deselected positions=
[]


LOG_LEVEL DEBUG : 2020-08-06 05:06:03,672 :: 

Candidate key words BEFORE any changes for sentence 2 :
['apple', 'banana']

LOG_LEVEL DEBUG : 2020-08-06 05:06:05,222 :: 

CONFIRM SELECTIONS BUTTON PRESSED

LOG_LEVEL DEBUG : 2020-08-06 05:06:05,222 :: 
Deselected positions=
[]


LOG_LEVEL DEBUG : 2020-08-06 05:06:05,234 :: 

Candidate key words BEFORE any changes for sentence 3 :
['bed']

LOG_LEVEL DEBUG : 2020-08-06 05:06:11,317 :: 

CONFIRM SELECTIONS BUTTON PRESSED

LOG_LEVEL DEBUG : 2020-08-06 05:06:11,318 :: 
Deselected positions=
[]


LOG_LEVEL DEBUG : 2020-08-06 05:06:11,328 :: 
Sentence 1:
BEFORE = ['aeroplane']
Deselected = []
AFTER = ['aeroplane']

LOG_LEVEL DEBUG : 2020-08-06 05:06:11,328 :: 
Sentence 2:
BEFORE = ['apple', 'banana']
Deselected = []
AFTER = ['apple', 'banana']

LOG_LEVEL DEBUG : 2020-08-06 05:06:11,328 :: 
Sentence 3:
BEFORE = ['bed']
Deselected = []
AFTER = ['bed']

LOG_LEVEL INFO : 2020-08-06 05:06:11,721 :: 
After ID KEYWORDS AND SELECTION logic execution:
id_elements_logic_RC = 0
id_elements_logic_msg = None
id_elements_module_results = [['aeroplane'], ['apple', 'banana'], ['bed']]

LOG_LEVEL INFO : 2020-08-06 05:06:11,721 :: 

-------------------------------------------------------------------
-------------------------------------------------------------------
          STARTING EXECUTION OF QUERY NEO4J LOGIC                  
-------------------------------------------------------------------
-------------------------------------------------------------------


LOG_LEVEL DEBUG : 2020-08-06 05:06:11,721 :: 

type key_elements_list = <class 'list'>
key_elements_list =
[['aeroplane'], ['apple', 'banana'], ['bed']]
LOG_LEVEL DEBUG : 2020-08-06 05:06:11,821 :: [#0000]  C: <RESOLVE> ('localhost', 7687)
LOG_LEVEL DEBUG : 2020-08-06 05:06:11,822 :: [#0000]  C: <OPEN> ('127.0.0.1', 7687)
LOG_LEVEL DEBUG : 2020-08-06 05:06:11,822 :: [#C158]  C: <MAGIC> 0x6060B017
LOG_LEVEL DEBUG : 2020-08-06 05:06:11,822 :: [#C158]  C: <HANDSHAKE> 0x00000003 0x00000002 0x00000001 0x00000000
LOG_LEVEL DEBUG : 2020-08-06 05:06:11,826 :: [#C158]  S: <HANDSHAKE> 0x00000003
LOG_LEVEL DEBUG : 2020-08-06 05:06:11,826 :: [#C158]  C: HELLO {'user_agent': 'neobolt/1.7.17 Python/3.7.7-final-0 (linux)', 'scheme': 'basic', 'principal': 'neo4j', 'credentials': '*******'}
LOG_LEVEL DEBUG : 2020-08-06 05:06:11,827 :: [#C158]  S: SUCCESS {'server': 'Neo4j/4.0.3', 'connection_id': 'bolt-5'}
LOG_LEVEL DEBUG : 2020-08-06 05:06:11,827 :: [#C158]  C: BEGIN {}
LOG_LEVEL DEBUG : 2020-08-06 05:06:11,827 :: [#C158]  C: RUN 'MATCH (o1:Object)--(i:Image) WHERE o1.name = $in_obj1 RETURN DISTINCT i.name as Image, i.dataset as Source LIMIT $in_limit' {'in_obj1': 'aeroplane', 'in_limit': 20} {}
LOG_LEVEL DEBUG : 2020-08-06 05:06:11,827 :: [#C158]  C: PULL_ALL
LOG_LEVEL DEBUG : 2020-08-06 05:06:12,036 :: [#C158]  S: SUCCESS {}
LOG_LEVEL DEBUG : 2020-08-06 05:06:12,036 :: [#C158]  S: SUCCESS {'t_first': 167, 'fields': ['Image', 'Source']}
LOG_LEVEL DEBUG : 2020-08-06 05:06:12,036 :: [#C158]  S: RECORD * 20
LOG_LEVEL DEBUG : 2020-08-06 05:06:12,036 :: [#C158]  S: SUCCESS {'type': 'r', 't_last': 39}
LOG_LEVEL DEBUG : 2020-08-06 05:06:12,037 :: [#0000]  C: <RESOLVE> ('localhost', 7687)
LOG_LEVEL DEBUG : 2020-08-06 05:06:12,037 :: [#0000]  C: <OPEN> ('127.0.0.1', 7687)
LOG_LEVEL DEBUG : 2020-08-06 05:06:12,037 :: [#C15A]  C: <MAGIC> 0x6060B017
LOG_LEVEL DEBUG : 2020-08-06 05:06:12,037 :: [#C15A]  C: <HANDSHAKE> 0x00000003 0x00000002 0x00000001 0x00000000
LOG_LEVEL DEBUG : 2020-08-06 05:06:12,038 :: [#C15A]  S: <HANDSHAKE> 0x00000003
LOG_LEVEL DEBUG : 2020-08-06 05:06:12,038 :: [#C15A]  C: HELLO {'user_agent': 'neobolt/1.7.17 Python/3.7.7-final-0 (linux)', 'scheme': 'basic', 'principal': 'neo4j', 'credentials': '*******'}
LOG_LEVEL DEBUG : 2020-08-06 05:06:12,040 :: [#C15A]  S: SUCCESS {'server': 'Neo4j/4.0.3', 'connection_id': 'bolt-6'}
LOG_LEVEL DEBUG : 2020-08-06 05:06:12,040 :: [#C15A]  C: BEGIN {}
LOG_LEVEL DEBUG : 2020-08-06 05:06:12,040 :: [#C15A]  C: RUN 'MATCH (o1:Object)--(i:Image)--(o2:Object) WHERE o1.name = $in_obj1 AND o2.name = $in_obj2 RETURN DISTINCT i.name as Image, i.dataset as Source LIMIT $in_limit' {'in_obj1': 'apple', 'in_obj2': 'banana', 'in_limit': 20} {}
LOG_LEVEL DEBUG : 2020-08-06 05:06:12,040 :: [#C15A]  C: PULL_ALL
LOG_LEVEL DEBUG : 2020-08-06 05:06:13,006 :: [#C15A]  S: SUCCESS {}
LOG_LEVEL DEBUG : 2020-08-06 05:06:13,006 :: [#C15A]  S: SUCCESS {'t_first': 946, 'fields': ['Image', 'Source']}
LOG_LEVEL DEBUG : 2020-08-06 05:06:13,007 :: [#C15A]  S: RECORD * 20
LOG_LEVEL DEBUG : 2020-08-06 05:06:13,007 :: [#C15A]  S: SUCCESS {'type': 'r', 't_last': 19}
LOG_LEVEL DEBUG : 2020-08-06 05:06:13,007 :: [#0000]  C: <RESOLVE> ('localhost', 7687)
LOG_LEVEL DEBUG : 2020-08-06 05:06:13,007 :: [#0000]  C: <OPEN> ('127.0.0.1', 7687)
LOG_LEVEL DEBUG : 2020-08-06 05:06:13,007 :: [#C15C]  C: <MAGIC> 0x6060B017
LOG_LEVEL DEBUG : 2020-08-06 05:06:13,007 :: [#C15C]  C: <HANDSHAKE> 0x00000003 0x00000002 0x00000001 0x00000000
LOG_LEVEL DEBUG : 2020-08-06 05:06:13,009 :: [#C15C]  S: <HANDSHAKE> 0x00000003
LOG_LEVEL DEBUG : 2020-08-06 05:06:13,009 :: [#C15C]  C: HELLO {'user_agent': 'neobolt/1.7.17 Python/3.7.7-final-0 (linux)', 'scheme': 'basic', 'principal': 'neo4j', 'credentials': '*******'}
LOG_LEVEL DEBUG : 2020-08-06 05:06:13,010 :: [#C15C]  S: SUCCESS {'server': 'Neo4j/4.0.3', 'connection_id': 'bolt-7'}
LOG_LEVEL DEBUG : 2020-08-06 05:06:13,011 :: [#C15C]  C: BEGIN {}
LOG_LEVEL DEBUG : 2020-08-06 05:06:13,011 :: [#C15C]  C: RUN 'MATCH (o1:Object)--(i:Image) WHERE o1.name = $in_obj1 RETURN DISTINCT i.name as Image, i.dataset as Source LIMIT $in_limit' {'in_obj1': 'bed', 'in_limit': 20} {}
LOG_LEVEL DEBUG : 2020-08-06 05:06:13,011 :: [#C15C]  C: PULL_ALL
LOG_LEVEL DEBUG : 2020-08-06 05:06:13,021 :: [#C15C]  S: SUCCESS {}
LOG_LEVEL DEBUG : 2020-08-06 05:06:13,021 :: [#C15C]  S: SUCCESS {'t_first': 1, 'fields': ['Image', 'Source']}
LOG_LEVEL DEBUG : 2020-08-06 05:06:13,021 :: [#C15C]  S: RECORD * 20
LOG_LEVEL DEBUG : 2020-08-06 05:06:13,021 :: [#C15C]  S: SUCCESS {'type': 'r', 't_last': 7}
LOG_LEVEL INFO : 2020-08-06 05:06:13,021 :: 
Query 1) Keywords: ['aeroplane']
Query result:
[{'Image': '000000183683.jpg', 'Source': 'coco_test_2017'}, {'Image': '000000292246.jpg', 'Source': 'coco_test_2017'}, {'Image': '000000010575.jpg', 'Source': 'coco_test_2017'}, {'Image': '000000088326.jpg', 'Source': 'coco_test_2017'}, {'Image': '000000224288.jpg', 'Source': 'coco_test_2017'}, {'Image': '000000569870.jpg', 'Source': 'coco_test_2017'}, {'Image': '000000509771.jpg', 'Source': 'coco_test_2017'}, {'Image': '000000307320.jpg', 'Source': 'coco_test_2017'}, {'Image': '000000016835.jpg', 'Source': 'coco_test_2017'}, {'Image': '000000062371.jpg', 'Source': 'coco_test_2017'}, {'Image': '000000011986.jpg', 'Source': 'coco_test_2017'}, {'Image': '000000349987.jpg', 'Source': 'coco_test_2017'}, {'Image': '000000341163.jpg', 'Source': 'coco_test_2017'}, {'Image': '000000369586.jpg', 'Source': 'coco_test_2017'}, {'Image': '000000214548.jpg', 'Source': 'coco_test_2017'}, {'Image': '000000545166.jpg', 'Source': 'coco_test_2017'}, {'Image': '000000201147.jpg', 'Source': 'coco_test_2017'}, {'Image': '000000518174.jpg', 'Source': 'coco_test_2017'}, {'Image': '000000209629.jpg', 'Source': 'coco_test_2017'}, {'Image': '000000023060.jpg', 'Source': 'coco_test_2017'}]
LOG_LEVEL INFO : 2020-08-06 05:06:13,021 :: 
Query 2) Keywords: ['apple', 'banana']
Query result:
[{'Image': '000000157451.jpg', 'Source': 'coco_test_2017'}, {'Image': '000000230774.jpg', 'Source': 'coco_test_2017'}, {'Image': '000000325066.jpg', 'Source': 'coco_test_2017'}, {'Image': '000000128946.jpg', 'Source': 'coco_test_2017'}, {'Image': '000000487894.jpg', 'Source': 'coco_test_2017'}, {'Image': '000000421582.jpg', 'Source': 'coco_test_2017'}, {'Image': '000000552743.jpg', 'Source': 'coco_test_2017'}, {'Image': '000000153132.jpg', 'Source': 'coco_test_2017'}, {'Image': '000000469589.jpg', 'Source': 'coco_test_2017'}, {'Image': '000000229579.jpg', 'Source': 'coco_test_2017'}, {'Image': '000000564731.jpg', 'Source': 'coco_test_2017'}, {'Image': '000000347946.jpg', 'Source': 'coco_test_2017'}, {'Image': '000000205821.jpg', 'Source': 'coco_test_2017'}, {'Image': '000000183543.jpg', 'Source': 'coco_test_2017'}, {'Image': '000000518035.jpg', 'Source': 'coco_test_2017'}, {'Image': '000000141467.jpg', 'Source': 'coco_test_2017'}, {'Image': '000000162540.jpg', 'Source': 'coco_test_2017'}, {'Image': '000000222861.jpg', 'Source': 'coco_test_2017'}, {'Image': '000000301862.jpg', 'Source': 'coco_test_2017'}, {'Image': '000000235841.jpg', 'Source': 'coco_test_2017'}]
LOG_LEVEL INFO : 2020-08-06 05:06:13,021 :: 
Query 3) Keywords: ['bed']
Query result:
[{'Image': '000000146735.jpg', 'Source': 'coco_test_2017'}, {'Image': '000000292682.jpg', 'Source': 'coco_test_2017'}, {'Image': '000000043252.jpg', 'Source': 'coco_test_2017'}, {'Image': '000000570355.jpg', 'Source': 'coco_test_2017'}, {'Image': '000000244346.jpg', 'Source': 'coco_test_2017'}, {'Image': '000000492518.jpg', 'Source': 'coco_test_2017'}, {'Image': '000000163223.jpg', 'Source': 'coco_test_2017'}, {'Image': '000000369590.jpg', 'Source': 'coco_test_2017'}, {'Image': '000000408441.jpg', 'Source': 'coco_test_2017'}, {'Image': '000000518141.jpg', 'Source': 'coco_test_2017'}, {'Image': '000000111521.jpg', 'Source': 'coco_test_2017'}, {'Image': '000000101257.jpg', 'Source': 'coco_test_2017'}, {'Image': '000000209673.jpg', 'Source': 'coco_test_2017'}, {'Image': '000000209625.jpg', 'Source': 'coco_test_2017'}, {'Image': '000000310827.jpg', 'Source': 'coco_test_2017'}, {'Image': '000000201668.jpg', 'Source': 'coco_test_2017'}, {'Image': '000000560030.jpg', 'Source': 'coco_test_2017'}, {'Image': '000000263344.jpg', 'Source': 'coco_test_2017'}, {'Image': '000000329321.jpg', 'Source': 'coco_test_2017'}, {'Image': '000000432251.jpg', 'Source': 'coco_test_2017'}]
LOG_LEVEL INFO : 2020-08-06 05:06:13,021 :: 

-------------------------------------------------------------------
-------------------------------------------------------------------
  STARTING EXECUTION OF IMAGE SELECTION VIA GUI                    
-------------------------------------------------------------------
-------------------------------------------------------------------


LOG_LEVEL DEBUG : 2020-08-06 05:06:14,223 :: Num of images = 20
array=
['/media/rohit/DATA/EverythingD/01SRH-BDBA Acads/Thesis/StoryGenerator/Data/COCO_test2017_41k/test2017/000000183683.jpg', '/media/rohit/DATA/EverythingD/01SRH-BDBA Acads/Thesis/StoryGenerator/Data/COCO_test2017_41k/test2017/000000292246.jpg', '/media/rohit/DATA/EverythingD/01SRH-BDBA Acads/Thesis/StoryGenerator/Data/COCO_test2017_41k/test2017/000000010575.jpg', '/media/rohit/DATA/EverythingD/01SRH-BDBA Acads/Thesis/StoryGenerator/Data/COCO_test2017_41k/test2017/000000088326.jpg', '/media/rohit/DATA/EverythingD/01SRH-BDBA Acads/Thesis/StoryGenerator/Data/COCO_test2017_41k/test2017/000000224288.jpg', '/media/rohit/DATA/EverythingD/01SRH-BDBA Acads/Thesis/StoryGenerator/Data/COCO_test2017_41k/test2017/000000569870.jpg', '/media/rohit/DATA/EverythingD/01SRH-BDBA Acads/Thesis/StoryGenerator/Data/COCO_test2017_41k/test2017/000000509771.jpg', '/media/rohit/DATA/EverythingD/01SRH-BDBA Acads/Thesis/StoryGenerator/Data/COCO_test2017_41k/test2017/000000307320.jpg', '/media/rohit/DATA/EverythingD/01SRH-BDBA Acads/Thesis/StoryGenerator/Data/COCO_test2017_41k/test2017/000000016835.jpg', '/media/rohit/DATA/EverythingD/01SRH-BDBA Acads/Thesis/StoryGenerator/Data/COCO_test2017_41k/test2017/000000062371.jpg', '/media/rohit/DATA/EverythingD/01SRH-BDBA Acads/Thesis/StoryGenerator/Data/COCO_test2017_41k/test2017/000000011986.jpg', '/media/rohit/DATA/EverythingD/01SRH-BDBA Acads/Thesis/StoryGenerator/Data/COCO_test2017_41k/test2017/000000349987.jpg', '/media/rohit/DATA/EverythingD/01SRH-BDBA Acads/Thesis/StoryGenerator/Data/COCO_test2017_41k/test2017/000000341163.jpg', '/media/rohit/DATA/EverythingD/01SRH-BDBA Acads/Thesis/StoryGenerator/Data/COCO_test2017_41k/test2017/000000369586.jpg', '/media/rohit/DATA/EverythingD/01SRH-BDBA Acads/Thesis/StoryGenerator/Data/COCO_test2017_41k/test2017/000000214548.jpg', '/media/rohit/DATA/EverythingD/01SRH-BDBA Acads/Thesis/StoryGenerator/Data/COCO_test2017_41k/test2017/000000545166.jpg', '/media/rohit/DATA/EverythingD/01SRH-BDBA Acads/Thesis/StoryGenerator/Data/COCO_test2017_41k/test2017/000000201147.jpg', '/media/rohit/DATA/EverythingD/01SRH-BDBA Acads/Thesis/StoryGenerator/Data/COCO_test2017_41k/test2017/000000518174.jpg', '/media/rohit/DATA/EverythingD/01SRH-BDBA Acads/Thesis/StoryGenerator/Data/COCO_test2017_41k/test2017/000000209629.jpg', '/media/rohit/DATA/EverythingD/01SRH-BDBA Acads/Thesis/StoryGenerator/Data/COCO_test2017_41k/test2017/000000023060.jpg']

LOG_LEVEL INFO : 2020-08-06 05:07:00,518 :: 
For Query 1, Deselected positions=
[1, 2, 4, 5, 6, 7, 8, 9, 10, 11, 12, 13, 14, 17, 19]
LOG_LEVEL DEBUG : 2020-08-06 05:07:00,562 :: 
Completed selection process - Query number 1
Number of images before selection began = 20

Number of images Deselected by user = 15.
Number of images that will remain = 5

LOG_LEVEL DEBUG : 2020-08-06 05:07:01,623 :: Num of images = 20
array=
['/media/rohit/DATA/EverythingD/01SRH-BDBA Acads/Thesis/StoryGenerator/Data/COCO_test2017_41k/test2017/000000157451.jpg', '/media/rohit/DATA/EverythingD/01SRH-BDBA Acads/Thesis/StoryGenerator/Data/COCO_test2017_41k/test2017/000000230774.jpg', '/media/rohit/DATA/EverythingD/01SRH-BDBA Acads/Thesis/StoryGenerator/Data/COCO_test2017_41k/test2017/000000325066.jpg', '/media/rohit/DATA/EverythingD/01SRH-BDBA Acads/Thesis/StoryGenerator/Data/COCO_test2017_41k/test2017/000000128946.jpg', '/media/rohit/DATA/EverythingD/01SRH-BDBA Acads/Thesis/StoryGenerator/Data/COCO_test2017_41k/test2017/000000487894.jpg', '/media/rohit/DATA/EverythingD/01SRH-BDBA Acads/Thesis/StoryGenerator/Data/COCO_test2017_41k/test2017/000000421582.jpg', '/media/rohit/DATA/EverythingD/01SRH-BDBA Acads/Thesis/StoryGenerator/Data/COCO_test2017_41k/test2017/000000552743.jpg', '/media/rohit/DATA/EverythingD/01SRH-BDBA Acads/Thesis/StoryGenerator/Data/COCO_test2017_41k/test2017/000000153132.jpg', '/media/rohit/DATA/EverythingD/01SRH-BDBA Acads/Thesis/StoryGenerator/Data/COCO_test2017_41k/test2017/000000469589.jpg', '/media/rohit/DATA/EverythingD/01SRH-BDBA Acads/Thesis/StoryGenerator/Data/COCO_test2017_41k/test2017/000000229579.jpg', '/media/rohit/DATA/EverythingD/01SRH-BDBA Acads/Thesis/StoryGenerator/Data/COCO_test2017_41k/test2017/000000564731.jpg', '/media/rohit/DATA/EverythingD/01SRH-BDBA Acads/Thesis/StoryGenerator/Data/COCO_test2017_41k/test2017/000000347946.jpg', '/media/rohit/DATA/EverythingD/01SRH-BDBA Acads/Thesis/StoryGenerator/Data/COCO_test2017_41k/test2017/000000205821.jpg', '/media/rohit/DATA/EverythingD/01SRH-BDBA Acads/Thesis/StoryGenerator/Data/COCO_test2017_41k/test2017/000000183543.jpg', '/media/rohit/DATA/EverythingD/01SRH-BDBA Acads/Thesis/StoryGenerator/Data/COCO_test2017_41k/test2017/000000518035.jpg', '/media/rohit/DATA/EverythingD/01SRH-BDBA Acads/Thesis/StoryGenerator/Data/COCO_test2017_41k/test2017/000000141467.jpg', '/media/rohit/DATA/EverythingD/01SRH-BDBA Acads/Thesis/StoryGenerator/Data/COCO_test2017_41k/test2017/000000162540.jpg', '/media/rohit/DATA/EverythingD/01SRH-BDBA Acads/Thesis/StoryGenerator/Data/COCO_test2017_41k/test2017/000000222861.jpg', '/media/rohit/DATA/EverythingD/01SRH-BDBA Acads/Thesis/StoryGenerator/Data/COCO_test2017_41k/test2017/000000301862.jpg', '/media/rohit/DATA/EverythingD/01SRH-BDBA Acads/Thesis/StoryGenerator/Data/COCO_test2017_41k/test2017/000000235841.jpg']

LOG_LEVEL DEBUG : 2020-08-06 05:07:10,462 :: 

Inference invoked for: /media/rohit/DATA/EverythingD/01SRH-BDBA Acads/Thesis/StoryGenerator/Data/COCO_test2017_41k/test2017/000000230774.jpg

LOG_LEVEL DEBUG : 2020-08-06 05:07:10,463 :: 

Executing model inference on image_to_infer : /media/rohit/DATA/EverythingD/01SRH-BDBA Acads/Thesis/StoryGenerator/Data/COCO_test2017_41k/test2017/000000230774.jpg

LOG_LEVEL INFO : 2020-08-06 05:07:12,727 :: 

    LOADED KERAS MODEL from: /home/rohit/PyWDUbuntu/thesis/saved_keras_model/yolov3_coco80.saved.model      


LOG_LEVEL INFO : 2020-08-06 05:07:19,633 :: 1) diningtable : 72.27%
LOG_LEVEL INFO : 2020-08-06 05:07:19,640 :: 2) banana : 59.37%
LOG_LEVEL INFO : 2020-08-06 05:07:19,640 :: 3) apple : 56.12%
LOG_LEVEL INFO : 2020-08-06 05:07:19,648 :: 4) fork : 62.43%
LOG_LEVEL DEBUG : 2020-08-06 05:08:06,710 :: 

Inference invoked for: /media/rohit/DATA/EverythingD/01SRH-BDBA Acads/Thesis/StoryGenerator/Data/COCO_test2017_41k/test2017/000000205821.jpg

LOG_LEVEL DEBUG : 2020-08-06 05:08:06,711 :: 

Executing model inference on image_to_infer : /media/rohit/DATA/EverythingD/01SRH-BDBA Acads/Thesis/StoryGenerator/Data/COCO_test2017_41k/test2017/000000205821.jpg

LOG_LEVEL INFO : 2020-08-06 05:08:09,346 :: 1) apple : 76.44%
LOG_LEVEL INFO : 2020-08-06 05:08:09,347 :: 2) orange : 97.74%
LOG_LEVEL INFO : 2020-08-06 05:08:09,360 :: 3) banana : 99.95%
LOG_LEVEL INFO : 2020-08-06 05:08:34,927 :: 
For Query 2, Deselected positions=
[0, 1, 3, 4, 6, 7, 8, 10, 11, 14, 15, 16, 17, 18, 19]
LOG_LEVEL DEBUG : 2020-08-06 05:08:34,971 :: 
Completed selection process - Query number 2
Number of images before selection began = 20

Number of images Deselected by user = 15.
Number of images that will remain = 5

LOG_LEVEL DEBUG : 2020-08-06 05:08:35,968 :: Num of images = 20
array=
['/media/rohit/DATA/EverythingD/01SRH-BDBA Acads/Thesis/StoryGenerator/Data/COCO_test2017_41k/test2017/000000146735.jpg', '/media/rohit/DATA/EverythingD/01SRH-BDBA Acads/Thesis/StoryGenerator/Data/COCO_test2017_41k/test2017/000000292682.jpg', '/media/rohit/DATA/EverythingD/01SRH-BDBA Acads/Thesis/StoryGenerator/Data/COCO_test2017_41k/test2017/000000043252.jpg', '/media/rohit/DATA/EverythingD/01SRH-BDBA Acads/Thesis/StoryGenerator/Data/COCO_test2017_41k/test2017/000000570355.jpg', '/media/rohit/DATA/EverythingD/01SRH-BDBA Acads/Thesis/StoryGenerator/Data/COCO_test2017_41k/test2017/000000244346.jpg', '/media/rohit/DATA/EverythingD/01SRH-BDBA Acads/Thesis/StoryGenerator/Data/COCO_test2017_41k/test2017/000000492518.jpg', '/media/rohit/DATA/EverythingD/01SRH-BDBA Acads/Thesis/StoryGenerator/Data/COCO_test2017_41k/test2017/000000163223.jpg', '/media/rohit/DATA/EverythingD/01SRH-BDBA Acads/Thesis/StoryGenerator/Data/COCO_test2017_41k/test2017/000000369590.jpg', '/media/rohit/DATA/EverythingD/01SRH-BDBA Acads/Thesis/StoryGenerator/Data/COCO_test2017_41k/test2017/000000408441.jpg', '/media/rohit/DATA/EverythingD/01SRH-BDBA Acads/Thesis/StoryGenerator/Data/COCO_test2017_41k/test2017/000000518141.jpg', '/media/rohit/DATA/EverythingD/01SRH-BDBA Acads/Thesis/StoryGenerator/Data/COCO_test2017_41k/test2017/000000111521.jpg', '/media/rohit/DATA/EverythingD/01SRH-BDBA Acads/Thesis/StoryGenerator/Data/COCO_test2017_41k/test2017/000000101257.jpg', '/media/rohit/DATA/EverythingD/01SRH-BDBA Acads/Thesis/StoryGenerator/Data/COCO_test2017_41k/test2017/000000209673.jpg', '/media/rohit/DATA/EverythingD/01SRH-BDBA Acads/Thesis/StoryGenerator/Data/COCO_test2017_41k/test2017/000000209625.jpg', '/media/rohit/DATA/EverythingD/01SRH-BDBA Acads/Thesis/StoryGenerator/Data/COCO_test2017_41k/test2017/000000310827.jpg', '/media/rohit/DATA/EverythingD/01SRH-BDBA Acads/Thesis/StoryGenerator/Data/COCO_test2017_41k/test2017/000000201668.jpg', '/media/rohit/DATA/EverythingD/01SRH-BDBA Acads/Thesis/StoryGenerator/Data/COCO_test2017_41k/test2017/000000560030.jpg', '/media/rohit/DATA/EverythingD/01SRH-BDBA Acads/Thesis/StoryGenerator/Data/COCO_test2017_41k/test2017/000000263344.jpg', '/media/rohit/DATA/EverythingD/01SRH-BDBA Acads/Thesis/StoryGenerator/Data/COCO_test2017_41k/test2017/000000329321.jpg', '/media/rohit/DATA/EverythingD/01SRH-BDBA Acads/Thesis/StoryGenerator/Data/COCO_test2017_41k/test2017/000000432251.jpg']

LOG_LEVEL INFO : 2020-08-06 05:09:10,135 :: 
For Query 3, Deselected positions=
[1, 3, 4, 5, 6, 7, 8, 9, 10, 11, 12, 13, 14, 15, 16, 18, 19]
LOG_LEVEL DEBUG : 2020-08-06 05:09:10,172 :: 
Completed selection process - Query number 3
Number of images before selection began = 20

Number of images Deselected by user = 17.
Number of images that will remain = 3

LOG_LEVEL DEBUG : 2020-08-06 05:09:10,172 :: 

-------------------------------- SUMMARY INFORMATON --------------------------------

LOG_LEVEL DEBUG : 2020-08-06 05:09:10,172 :: For Query 1
Number of candidate images before selection = 20
Number of Deselections done = 15
Number of images remaining after Deselections = 5

LOG_LEVEL DEBUG : 2020-08-06 05:09:10,172 :: 
	------ Query images info BEFORE::
[{'Image': '000000183683.jpg', 'Source': 'coco_test_2017'}, {'Image': '000000292246.jpg', 'Source': 'coco_test_2017'}, {'Image': '000000010575.jpg', 'Source': 'coco_test_2017'}, {'Image': '000000088326.jpg', 'Source': 'coco_test_2017'}, {'Image': '000000224288.jpg', 'Source': 'coco_test_2017'}, {'Image': '000000569870.jpg', 'Source': 'coco_test_2017'}, {'Image': '000000509771.jpg', 'Source': 'coco_test_2017'}, {'Image': '000000307320.jpg', 'Source': 'coco_test_2017'}, {'Image': '000000016835.jpg', 'Source': 'coco_test_2017'}, {'Image': '000000062371.jpg', 'Source': 'coco_test_2017'}, {'Image': '000000011986.jpg', 'Source': 'coco_test_2017'}, {'Image': '000000349987.jpg', 'Source': 'coco_test_2017'}, {'Image': '000000341163.jpg', 'Source': 'coco_test_2017'}, {'Image': '000000369586.jpg', 'Source': 'coco_test_2017'}, {'Image': '000000214548.jpg', 'Source': 'coco_test_2017'}, {'Image': '000000545166.jpg', 'Source': 'coco_test_2017'}, {'Image': '000000201147.jpg', 'Source': 'coco_test_2017'}, {'Image': '000000518174.jpg', 'Source': 'coco_test_2017'}, {'Image': '000000209629.jpg', 'Source': 'coco_test_2017'}, {'Image': '000000023060.jpg', 'Source': 'coco_test_2017'}]
	------ Positions removed::
[1, 2, 4, 5, 6, 7, 8, 9, 10, 11, 12, 13, 14, 17, 19]
	------ Query images info AFTER::
[{'Image': '000000183683.jpg', 'Source': 'coco_test_2017'}, {'Image': '000000088326.jpg', 'Source': 'coco_test_2017'}, {'Image': '000000545166.jpg', 'Source': 'coco_test_2017'}, {'Image': '000000201147.jpg', 'Source': 'coco_test_2017'}, {'Image': '000000209629.jpg', 'Source': 'coco_test_2017'}]


LOG_LEVEL DEBUG : 2020-08-06 05:09:10,172 :: For Query 2
Number of candidate images before selection = 20
Number of Deselections done = 15
Number of images remaining after Deselections = 5

LOG_LEVEL DEBUG : 2020-08-06 05:09:10,172 :: 
	------ Query images info BEFORE::
[{'Image': '000000157451.jpg', 'Source': 'coco_test_2017'}, {'Image': '000000230774.jpg', 'Source': 'coco_test_2017'}, {'Image': '000000325066.jpg', 'Source': 'coco_test_2017'}, {'Image': '000000128946.jpg', 'Source': 'coco_test_2017'}, {'Image': '000000487894.jpg', 'Source': 'coco_test_2017'}, {'Image': '000000421582.jpg', 'Source': 'coco_test_2017'}, {'Image': '000000552743.jpg', 'Source': 'coco_test_2017'}, {'Image': '000000153132.jpg', 'Source': 'coco_test_2017'}, {'Image': '000000469589.jpg', 'Source': 'coco_test_2017'}, {'Image': '000000229579.jpg', 'Source': 'coco_test_2017'}, {'Image': '000000564731.jpg', 'Source': 'coco_test_2017'}, {'Image': '000000347946.jpg', 'Source': 'coco_test_2017'}, {'Image': '000000205821.jpg', 'Source': 'coco_test_2017'}, {'Image': '000000183543.jpg', 'Source': 'coco_test_2017'}, {'Image': '000000518035.jpg', 'Source': 'coco_test_2017'}, {'Image': '000000141467.jpg', 'Source': 'coco_test_2017'}, {'Image': '000000162540.jpg', 'Source': 'coco_test_2017'}, {'Image': '000000222861.jpg', 'Source': 'coco_test_2017'}, {'Image': '000000301862.jpg', 'Source': 'coco_test_2017'}, {'Image': '000000235841.jpg', 'Source': 'coco_test_2017'}]
	------ Positions removed::
[0, 1, 3, 4, 6, 7, 8, 10, 11, 14, 15, 16, 17, 18, 19]
	------ Query images info AFTER::
[{'Image': '000000325066.jpg', 'Source': 'coco_test_2017'}, {'Image': '000000421582.jpg', 'Source': 'coco_test_2017'}, {'Image': '000000229579.jpg', 'Source': 'coco_test_2017'}, {'Image': '000000205821.jpg', 'Source': 'coco_test_2017'}, {'Image': '000000183543.jpg', 'Source': 'coco_test_2017'}]


LOG_LEVEL DEBUG : 2020-08-06 05:09:10,172 :: For Query 3
Number of candidate images before selection = 20
Number of Deselections done = 17
Number of images remaining after Deselections = 3

LOG_LEVEL DEBUG : 2020-08-06 05:09:10,173 :: 
	------ Query images info BEFORE::
[{'Image': '000000146735.jpg', 'Source': 'coco_test_2017'}, {'Image': '000000292682.jpg', 'Source': 'coco_test_2017'}, {'Image': '000000043252.jpg', 'Source': 'coco_test_2017'}, {'Image': '000000570355.jpg', 'Source': 'coco_test_2017'}, {'Image': '000000244346.jpg', 'Source': 'coco_test_2017'}, {'Image': '000000492518.jpg', 'Source': 'coco_test_2017'}, {'Image': '000000163223.jpg', 'Source': 'coco_test_2017'}, {'Image': '000000369590.jpg', 'Source': 'coco_test_2017'}, {'Image': '000000408441.jpg', 'Source': 'coco_test_2017'}, {'Image': '000000518141.jpg', 'Source': 'coco_test_2017'}, {'Image': '000000111521.jpg', 'Source': 'coco_test_2017'}, {'Image': '000000101257.jpg', 'Source': 'coco_test_2017'}, {'Image': '000000209673.jpg', 'Source': 'coco_test_2017'}, {'Image': '000000209625.jpg', 'Source': 'coco_test_2017'}, {'Image': '000000310827.jpg', 'Source': 'coco_test_2017'}, {'Image': '000000201668.jpg', 'Source': 'coco_test_2017'}, {'Image': '000000560030.jpg', 'Source': 'coco_test_2017'}, {'Image': '000000263344.jpg', 'Source': 'coco_test_2017'}, {'Image': '000000329321.jpg', 'Source': 'coco_test_2017'}, {'Image': '000000432251.jpg', 'Source': 'coco_test_2017'}]
	------ Positions removed::
[1, 3, 4, 5, 6, 7, 8, 9, 10, 11, 12, 13, 14, 15, 16, 18, 19]
	------ Query images info AFTER::
[{'Image': '000000146735.jpg', 'Source': 'coco_test_2017'}, {'Image': '000000043252.jpg', 'Source': 'coco_test_2017'}, {'Image': '000000263344.jpg', 'Source': 'coco_test_2017'}]


LOG_LEVEL INFO : 2020-08-06 05:09:10,173 :: 
After QUERY NEO4J logic execution:
gui_candidate_image_selection_logic_RC = 0
gui_candidate_image_selection_logic_msg = None
gui_candidate_image_selection_module_results = [[{'Image': '000000183683.jpg', 'Source': 'coco_test_2017'}, {'Image': '000000088326.jpg', 'Source': 'coco_test_2017'}, {'Image': '000000545166.jpg', 'Source': 'coco_test_2017'}, {'Image': '000000201147.jpg', 'Source': 'coco_test_2017'}, {'Image': '000000209629.jpg', 'Source': 'coco_test_2017'}], [{'Image': '000000325066.jpg', 'Source': 'coco_test_2017'}, {'Image': '000000421582.jpg', 'Source': 'coco_test_2017'}, {'Image': '000000229579.jpg', 'Source': 'coco_test_2017'}, {'Image': '000000205821.jpg', 'Source': 'coco_test_2017'}, {'Image': '000000183543.jpg', 'Source': 'coco_test_2017'}], [{'Image': '000000146735.jpg', 'Source': 'coco_test_2017'}, {'Image': '000000043252.jpg', 'Source': 'coco_test_2017'}, {'Image': '000000263344.jpg', 'Source': 'coco_test_2017'}]]

LOG_LEVEL INFO : 2020-08-06 05:09:10,173 :: 
Images retained after Deselections (to be passed to Auto-caption block):

LOG_LEVEL INFO : 2020-08-06 05:09:10,173 :: 
1) Keywords: ['aeroplane']
Selected Images results:
[{'Image': '000000183683.jpg', 'Source': 'coco_test_2017'}, {'Image': '000000088326.jpg', 'Source': 'coco_test_2017'}, {'Image': '000000545166.jpg', 'Source': 'coco_test_2017'}, {'Image': '000000201147.jpg', 'Source': 'coco_test_2017'}, {'Image': '000000209629.jpg', 'Source': 'coco_test_2017'}]
LOG_LEVEL INFO : 2020-08-06 05:09:10,173 :: 
2) Keywords: ['apple', 'banana']
Selected Images results:
[{'Image': '000000325066.jpg', 'Source': 'coco_test_2017'}, {'Image': '000000421582.jpg', 'Source': 'coco_test_2017'}, {'Image': '000000229579.jpg', 'Source': 'coco_test_2017'}, {'Image': '000000205821.jpg', 'Source': 'coco_test_2017'}, {'Image': '000000183543.jpg', 'Source': 'coco_test_2017'}]
LOG_LEVEL INFO : 2020-08-06 05:09:10,173 :: 
3) Keywords: ['bed']
Selected Images results:
[{'Image': '000000146735.jpg', 'Source': 'coco_test_2017'}, {'Image': '000000043252.jpg', 'Source': 'coco_test_2017'}, {'Image': '000000263344.jpg', 'Source': 'coco_test_2017'}]
LOG_LEVEL INFO : 2020-08-06 05:09:10,173 :: 

-------------------------------------------------------------------
-------------------------------------------------------------------
  STARTING EXECUTION OF IMAGE SELECTION VIA GUI                    
-------------------------------------------------------------------
-------------------------------------------------------------------


LOG_LEVEL INFO : 2020-08-06 05:09:10,173 :: 


Normal exit from program.

