LOG_LEVEL INFO : 2020-11-16 00:04:19,754 :: 

-------------------------------------------------------------------
-------------------------------------------------------------------
    STAGE 1)  STARTING EXECUTION OF MIC INPUT + STT LOGIC          
-------------------------------------------------------------------
-------------------------------------------------------------------


LOG_LEVEL INFO : 2020-11-16 00:04:19,754 :: 

Running WITHOUT mic input


LOG_LEVEL INFO : 2020-11-16 00:04:19,754 :: 
Entries for Wav files:
LOG_LEVEL INFO : 2020-11-16 00:04:19,754 :: 	1) /home/rohit/PyWDUbuntu/thesis/audio/wavs/fromMic/st_MIC_file1.wav
LOG_LEVEL INFO : 2020-11-16 00:04:19,754 :: 	2) /home/rohit/PyWDUbuntu/thesis/audio/wavs/fromMic/st_MIC_file2.wav
LOG_LEVEL INFO : 2020-11-16 00:04:19,754 :: 	3) /home/rohit/PyWDUbuntu/thesis/audio/wavs/fromMic/st_MIC_file3.wav
LOG_LEVEL INFO : 2020-11-16 00:04:22,250 :: 
Commencing STT inference with Deepspeech version 0.7.3.
on wav file = /home/rohit/PyWDUbuntu/thesis/audio/wavs/fromMic/st_MIC_file1.wav
	Command built as :
deepspeech --model /home/rohit/deepspeech/pretrained/v073/deepspeech-0.7.3-models.pbmm --scorer /home/rohit/deepspeech/pretrained/v073/deepspeech-0.7.3-models.scorer --audio /home/rohit/PyWDUbuntu/thesis/audio/wavs/fromMic/st_MIC_file1.wav
LOG_LEVEL INFO : 2020-11-16 00:04:26,348 :: 
Word replacement: NO change

LOG_LEVEL INFO : 2020-11-16 00:04:26,348 :: 
Inference output :
a person ride a bicycle in the park
LOG_LEVEL INFO : 2020-11-16 00:04:28,353 :: 
Commencing STT inference with Deepspeech version 0.7.3.
on wav file = /home/rohit/PyWDUbuntu/thesis/audio/wavs/fromMic/st_MIC_file2.wav
	Command built as :
deepspeech --model /home/rohit/deepspeech/pretrained/v073/deepspeech-0.7.3-models.pbmm --scorer /home/rohit/deepspeech/pretrained/v073/deepspeech-0.7.3-models.scorer --audio /home/rohit/PyWDUbuntu/thesis/audio/wavs/fromMic/st_MIC_file2.wav
LOG_LEVEL INFO : 2020-11-16 00:04:32,443 :: 
Word replacement: CHANGES made
Orig inference =
a person watches the news on the television monitor
Changed inference =
a person watches the news on the tvmonitor

LOG_LEVEL INFO : 2020-11-16 00:04:32,444 :: 
Inference output :
a person watches the news on the tvmonitor
LOG_LEVEL INFO : 2020-11-16 00:04:34,448 :: 
Commencing STT inference with Deepspeech version 0.7.3.
on wav file = /home/rohit/PyWDUbuntu/thesis/audio/wavs/fromMic/st_MIC_file3.wav
	Command built as :
deepspeech --model /home/rohit/deepspeech/pretrained/v073/deepspeech-0.7.3-models.pbmm --scorer /home/rohit/deepspeech/pretrained/v073/deepspeech-0.7.3-models.scorer --audio /home/rohit/PyWDUbuntu/thesis/audio/wavs/fromMic/st_MIC_file3.wav
LOG_LEVEL INFO : 2020-11-16 00:04:38,571 :: 
Word replacement: CHANGES made
Orig inference =
the hand bag has many items in it
Changed inference =
the handbag has many items in it

LOG_LEVEL INFO : 2020-11-16 00:04:38,571 :: 
Inference output :
the handbag has many items in it
LOG_LEVEL INFO : 2020-11-16 00:04:40,588 :: 
After MIC INPUT + STT logic execution:
mic_stt_logic_RC = 0
mic_stt_logic_msg = None
mic_stt_module_results = ['a person ride a bicycle in the park', 'a person watches the news on the tvmonitor', 'the handbag has many items in it']

LOG_LEVEL INFO : 2020-11-16 00:04:40,588 :: 

-------------------------------------------------------------------
-------------------------------------------------------------------
    STAGE 2)  STARTING EXECUTION OF IDENTIFY KEYWORDS LOGIC        
-------------------------------------------------------------------
-------------------------------------------------------------------


LOG_LEVEL DEBUG : 2020-11-16 00:04:43,661 :: 

The following sentences will be processed:

LOG_LEVEL DEBUG : 2020-11-16 00:04:43,661 :: 	Sentence 1 :
a person ride a bicycle in the park
LOG_LEVEL DEBUG : 2020-11-16 00:04:43,661 :: 	Sentence 2 :
a person watches the news on the tvmonitor
LOG_LEVEL DEBUG : 2020-11-16 00:04:43,661 :: 	Sentence 3 :
the handbag has many items in it
LOG_LEVEL INFO : 2020-11-16 00:04:43,661 :: 

Words of each input sentence:

LOG_LEVEL INFO : 2020-11-16 00:04:43,661 :: 	Sentence 1 :
['a', 'person', 'ride', 'a', 'bicycle', 'in', 'the', 'park']
LOG_LEVEL INFO : 2020-11-16 00:04:43,661 :: 	Sentence 2 :
['a', 'person', 'watches', 'the', 'news', 'on', 'the', 'tvmonitor']
LOG_LEVEL INFO : 2020-11-16 00:04:43,661 :: 	Sentence 3 :
['the', 'handbag', 'has', 'many', 'items', 'in', 'it']
LOG_LEVEL INFO : 2020-11-16 00:04:43,661 :: 

Words of each input sentence after removing all stop words:

LOG_LEVEL INFO : 2020-11-16 00:04:43,661 :: 	Sentence 1 :
['person', 'ride', 'bicycle', 'park']
LOG_LEVEL INFO : 2020-11-16 00:04:43,661 :: 	Sentence 2 :
['person', 'watches', 'news', 'tvmonitor']
LOG_LEVEL INFO : 2020-11-16 00:04:43,661 :: 	Sentence 3 :
['handbag', 'items']
LOG_LEVEL INFO : 2020-11-16 00:04:43,661 :: 

Joining the non-stop words as a new sentence (for readability only):

LOG_LEVEL INFO : 2020-11-16 00:04:43,662 :: 	New sentence 1 :
person ride bicycle park
LOG_LEVEL INFO : 2020-11-16 00:04:43,662 :: 	New sentence 2 :
person watches news tvmonitor
LOG_LEVEL INFO : 2020-11-16 00:04:43,662 :: 	New sentence 3 :
handbag items
LOG_LEVEL INFO : 2020-11-16 00:04:43,675 :: 

All non-stop words pos info:

LOG_LEVEL INFO : 2020-11-16 00:04:43,676 :: .........
LOG_LEVEL INFO : 2020-11-16 00:04:43,676 :: Sentence 1, word 1 :
{'text': 'person', 'lemma_': 'person', 'pos_': 'PROPN', 'tag_': 'NNP', 'dep_': 'nsubj', 'shape_': 'xxxx', 'is_alpha': True, 'is_stop': False}
LOG_LEVEL INFO : 2020-11-16 00:04:43,676 :: Sentence 1, word 2 :
{'text': 'ride', 'lemma_': 'ride', 'pos_': 'PROPN', 'tag_': 'NNP', 'dep_': 'ROOT', 'shape_': 'xxxx', 'is_alpha': True, 'is_stop': False}
LOG_LEVEL INFO : 2020-11-16 00:04:43,676 :: Sentence 1, word 3 :
{'text': 'bicycle', 'lemma_': 'bicycle', 'pos_': 'PROPN', 'tag_': 'NNP', 'dep_': 'compound', 'shape_': 'xxxx', 'is_alpha': True, 'is_stop': False}
LOG_LEVEL INFO : 2020-11-16 00:04:43,676 :: Sentence 1, word 4 :
{'text': 'park', 'lemma_': 'park', 'pos_': 'NOUN', 'tag_': 'NN', 'dep_': 'dobj', 'shape_': 'xxxx', 'is_alpha': True, 'is_stop': False}
LOG_LEVEL INFO : 2020-11-16 00:04:43,676 :: .........
LOG_LEVEL INFO : 2020-11-16 00:04:43,676 :: Sentence 2, word 1 :
{'text': 'person', 'lemma_': 'person', 'pos_': 'PROPN', 'tag_': 'NNP', 'dep_': 'nsubj', 'shape_': 'xxxx', 'is_alpha': True, 'is_stop': False}
LOG_LEVEL INFO : 2020-11-16 00:04:43,676 :: Sentence 2, word 2 :
{'text': 'watches', 'lemma_': 'watch', 'pos_': 'VERB', 'tag_': 'VBZ', 'dep_': 'ROOT', 'shape_': 'xxxx', 'is_alpha': True, 'is_stop': False}
LOG_LEVEL INFO : 2020-11-16 00:04:43,676 :: Sentence 2, word 3 :
{'text': 'news', 'lemma_': 'news', 'pos_': 'NOUN', 'tag_': 'NN', 'dep_': 'compound', 'shape_': 'xxxx', 'is_alpha': True, 'is_stop': False}
LOG_LEVEL INFO : 2020-11-16 00:04:43,676 :: Sentence 2, word 4 :
{'text': 'tvmonitor', 'lemma_': 'tvmonitor', 'pos_': 'NOUN', 'tag_': 'NN', 'dep_': 'dobj', 'shape_': 'xxxx', 'is_alpha': True, 'is_stop': False}
LOG_LEVEL INFO : 2020-11-16 00:04:43,676 :: .........
LOG_LEVEL INFO : 2020-11-16 00:04:43,676 :: Sentence 3, word 1 :
{'text': 'handbag', 'lemma_': 'handbag', 'pos_': 'NOUN', 'tag_': 'NN', 'dep_': 'compound', 'shape_': 'xxxx', 'is_alpha': True, 'is_stop': False}
LOG_LEVEL INFO : 2020-11-16 00:04:43,676 :: Sentence 3, word 2 :
{'text': 'items', 'lemma_': 'item', 'pos_': 'NOUN', 'tag_': 'NNS', 'dep_': 'ROOT', 'shape_': 'xxxx', 'is_alpha': True, 'is_stop': False}
LOG_LEVEL INFO : 2020-11-16 00:04:43,677 :: 

All POS info file successfully created here:
/home/rohit/PyWDUbuntu/thesis/combined_execution/IdElements/all_words_pos_info_1.txt


LOG_LEVEL INFO : 2020-11-16 00:04:43,677 :: 

Candidate keywords AFTER matching against class labels:
[['person', 'bicycle'], ['person', 'tvmonitor'], ['handbag']]


LOG_LEVEL DEBUG : 2020-11-16 00:04:43,677 :: 

Candidate key words BEFORE any changes for sentence 1 :
['person', 'bicycle']

LOG_LEVEL DEBUG : 2020-11-16 00:05:22,883 :: 

CONFIRM SELECTIONS BUTTON PRESSED

LOG_LEVEL DEBUG : 2020-11-16 00:05:22,884 :: 
Deselected positions=
[]


LOG_LEVEL DEBUG : 2020-11-16 00:05:22,904 :: 

Candidate key words BEFORE any changes for sentence 2 :
['person', 'tvmonitor']

LOG_LEVEL DEBUG : 2020-11-16 00:05:24,299 :: 

CONFIRM SELECTIONS BUTTON PRESSED

LOG_LEVEL DEBUG : 2020-11-16 00:05:24,300 :: 
Deselected positions=
[]


LOG_LEVEL DEBUG : 2020-11-16 00:05:24,312 :: 

Candidate key words BEFORE any changes for sentence 3 :
['handbag']

LOG_LEVEL DEBUG : 2020-11-16 00:05:25,451 :: 

CONFIRM SELECTIONS BUTTON PRESSED

LOG_LEVEL DEBUG : 2020-11-16 00:05:25,452 :: 
Deselected positions=
[]


LOG_LEVEL DEBUG : 2020-11-16 00:05:25,466 :: 
Sentence 1:
BEFORE = ['person', 'bicycle']
Deselected = []
AFTER = ['person', 'bicycle']

LOG_LEVEL DEBUG : 2020-11-16 00:05:25,466 :: 
Sentence 2:
BEFORE = ['person', 'tvmonitor']
Deselected = []
AFTER = ['person', 'tvmonitor']

LOG_LEVEL DEBUG : 2020-11-16 00:05:25,467 :: 
Sentence 3:
BEFORE = ['handbag']
Deselected = []
AFTER = ['handbag']

LOG_LEVEL INFO : 2020-11-16 00:05:25,869 :: 
After ID KEYWORDS AND SELECTION logic execution:
id_elements_logic_RC = 0
id_elements_logic_msg = None
id_elements_module_results = [['person', 'bicycle'], ['person', 'tvmonitor'], ['handbag']]

LOG_LEVEL INFO : 2020-11-16 00:05:25,869 :: 

-------------------------------------------------------------------
-------------------------------------------------------------------
    STAGE 3)  STARTING EXECUTION OF QUERY NEO4J LOGIC              
-------------------------------------------------------------------
-------------------------------------------------------------------


LOG_LEVEL DEBUG : 2020-11-16 00:05:25,870 :: 

type key_elements_list = <class 'list'>
key_elements_list =
[['person', 'bicycle'], ['person', 'tvmonitor'], ['handbag']]
LOG_LEVEL DEBUG : 2020-11-16 00:05:25,870 :: Acquiring connection from pool <DirectConnectionPool profile=ConnectionProfile('bolt://neo4j@localhost:7687') in_use=0 free=0 spare=100>
LOG_LEVEL DEBUG : 2020-11-16 00:05:25,888 :: [#0000] C: (Dialing <localhost:7687>)
LOG_LEVEL DEBUG : 2020-11-16 00:05:25,888 :: [#BEDA] S: (Accepted)
LOG_LEVEL DEBUG : 2020-11-16 00:05:25,888 :: [#BEDA] C: <BOLT>
LOG_LEVEL DEBUG : 2020-11-16 00:05:25,888 :: [#BEDA] C: <PROTOCOL> 4.0 | 3.0 | 2.0 | 1.0
LOG_LEVEL DEBUG : 2020-11-16 00:05:25,889 :: [#BEDA] S: <PROTOCOL> 4.0
LOG_LEVEL DEBUG : 2020-11-16 00:05:25,890 :: [#BEDA] C: HELLO {'user_agent': 'py2neo/2020.0.0 Python/3.7.9-final-0 (linux)', 'scheme': 'basic', 'principal': 'neo4j', 'credentials': '*******'}
LOG_LEVEL DEBUG : 2020-11-16 00:05:25,890 :: [#BEDA] C: (Sent 109 bytes)
LOG_LEVEL DEBUG : 2020-11-16 00:05:25,891 :: [#BEDA] S: SUCCESS {'server': 'Neo4j/4.0.3', 'connection_id': 'bolt-9'}
LOG_LEVEL DEBUG : 2020-11-16 00:05:25,891 :: Releasing connection <py2neo.client.bolt.Bolt4x0 object at 0x7f40a5690c90>
LOG_LEVEL DEBUG : 2020-11-16 00:05:25,891 :: Acquiring connection from pool <DirectConnectionPool profile=ConnectionProfile('bolt://neo4j@localhost:7687') in_use=0 free=1 spare=99>
LOG_LEVEL DEBUG : 2020-11-16 00:05:25,891 :: [#BEDA] C: RUN 'SHOW DATABASES' {} {'db': 'system'}
LOG_LEVEL DEBUG : 2020-11-16 00:05:25,891 :: [#BEDA] C: PULL {'n': -1}
LOG_LEVEL DEBUG : 2020-11-16 00:05:25,891 :: [#BEDA] C: (Sent 43 bytes)
LOG_LEVEL DEBUG : 2020-11-16 00:05:25,901 :: [#BEDA] S: SUCCESS {'t_first': 8, 'fields': ['name', 'address', 'role', 'requestedStatus', 'currentStatus', 'error', 'default']}
LOG_LEVEL DEBUG : 2020-11-16 00:05:25,901 :: [#BEDA] S: RECORD ['neo4j', 'localhost:7687', 'standalone', 'online', 'online', '', True]
LOG_LEVEL DEBUG : 2020-11-16 00:05:25,901 :: [#BEDA] S: RECORD ['system', 'localhost:7687', 'standalone', 'online', 'online', '', False]
LOG_LEVEL DEBUG : 2020-11-16 00:05:25,901 :: [#BEDA] S: SUCCESS {'bookmark': '00000000-0000-0000-0000-000000000001:40', 'type': 's', 't_last': 1, 'db': 'system'}
LOG_LEVEL DEBUG : 2020-11-16 00:05:25,901 :: Releasing connection <py2neo.client.bolt.Bolt4x0 object at 0x7f40a5690c90>
LOG_LEVEL DEBUG : 2020-11-16 00:05:25,901 :: Acquiring connection from pool <DirectConnectionPool profile=ConnectionProfile('bolt://neo4j@localhost:7687') in_use=0 free=1 spare=99>
LOG_LEVEL DEBUG : 2020-11-16 00:05:25,901 :: [#BEDA] C: BEGIN {'db': 'neo4j'}
LOG_LEVEL DEBUG : 2020-11-16 00:05:26,003 :: [#BEDA] C: RUN 'MATCH (o1:Object)-[r1:HAS]-(i:Image)-[r2:HAS]-(o2:Object) WHERE o1.name = $in_obj1 AND o2.name = $in_obj2 AND r1.score > $in_r1_score AND r2.score > $in_r2_score AND i.dataset IN [$in_src_ds_1 , $in_src_ds_2]RETURN DISTINCT i.name as Image, i.dataset as Source LIMIT $in_limit' {'in_obj1': 'person', 'in_obj2': 'bicycle', 'in_limit': 20, 'in_r1_score': 90.0, 'in_r2_score': 90.0, 'in_src_ds_1': 'flickr30k', 'in_src_ds_2': 'coco_test_2017'} {}
LOG_LEVEL DEBUG : 2020-11-16 00:05:26,003 :: [#BEDA] C: PULL {'n': -1}
LOG_LEVEL DEBUG : 2020-11-16 00:05:26,003 :: [#BEDA] C: (Sent 445 bytes)
LOG_LEVEL DEBUG : 2020-11-16 00:05:26,015 :: [#BEDA] S: SUCCESS {}
LOG_LEVEL DEBUG : 2020-11-16 00:05:26,015 :: [#BEDA] S: SUCCESS {'t_first': 0, 'fields': ['Image', 'Source'], 'qid': 0}
LOG_LEVEL DEBUG : 2020-11-16 00:05:26,015 :: [#BEDA] S: RECORD ['000000033973.jpg', 'coco_test_2017']
LOG_LEVEL DEBUG : 2020-11-16 00:05:26,015 :: [#BEDA] S: RECORD ['000000033951.jpg', 'coco_test_2017']
LOG_LEVEL DEBUG : 2020-11-16 00:05:26,015 :: [#BEDA] S: RECORD ['000000169618.jpg', 'coco_test_2017']
LOG_LEVEL DEBUG : 2020-11-16 00:05:26,015 :: [#BEDA] S: RECORD ['000000155758.jpg', 'coco_test_2017']
LOG_LEVEL DEBUG : 2020-11-16 00:05:26,015 :: [#BEDA] S: RECORD ['000000503231.jpg', 'coco_test_2017']
LOG_LEVEL DEBUG : 2020-11-16 00:05:26,016 :: [#BEDA] S: RECORD ['000000214602.jpg', 'coco_test_2017']
LOG_LEVEL DEBUG : 2020-11-16 00:05:26,016 :: [#BEDA] S: RECORD ['000000063509.jpg', 'coco_test_2017']
LOG_LEVEL DEBUG : 2020-11-16 00:05:26,016 :: [#BEDA] S: RECORD ['000000499654.jpg', 'coco_test_2017']
LOG_LEVEL DEBUG : 2020-11-16 00:05:26,016 :: [#BEDA] S: RECORD ['000000069493.jpg', 'coco_test_2017']
LOG_LEVEL DEBUG : 2020-11-16 00:05:26,016 :: [#BEDA] S: RECORD ['000000414617.jpg', 'coco_test_2017']
LOG_LEVEL DEBUG : 2020-11-16 00:05:26,016 :: [#BEDA] S: RECORD ['000000539106.jpg', 'coco_test_2017']
LOG_LEVEL DEBUG : 2020-11-16 00:05:26,016 :: [#BEDA] S: RECORD ['000000023319.jpg', 'coco_test_2017']
LOG_LEVEL DEBUG : 2020-11-16 00:05:26,016 :: [#BEDA] S: RECORD ['000000445120.jpg', 'coco_test_2017']
LOG_LEVEL DEBUG : 2020-11-16 00:05:26,016 :: [#BEDA] S: RECORD ['000000418375.jpg', 'coco_test_2017']
LOG_LEVEL DEBUG : 2020-11-16 00:05:26,016 :: [#BEDA] S: RECORD ['000000036975.jpg', 'coco_test_2017']
LOG_LEVEL DEBUG : 2020-11-16 00:05:26,016 :: [#BEDA] S: RECORD ['000000545222.jpg', 'coco_test_2017']
LOG_LEVEL DEBUG : 2020-11-16 00:05:26,016 :: [#BEDA] S: RECORD ['000000375327.jpg', 'coco_test_2017']
LOG_LEVEL DEBUG : 2020-11-16 00:05:26,016 :: [#BEDA] S: RECORD ['000000056139.jpg', 'coco_test_2017']
LOG_LEVEL DEBUG : 2020-11-16 00:05:26,016 :: [#BEDA] S: RECORD ['000000203407.jpg', 'coco_test_2017']
LOG_LEVEL DEBUG : 2020-11-16 00:05:26,016 :: [#BEDA] S: RECORD ['000000269916.jpg', 'coco_test_2017']
LOG_LEVEL DEBUG : 2020-11-16 00:05:26,016 :: [#BEDA] S: SUCCESS {'type': 'r', 't_last': 11, 'db': 'neo4j'}
LOG_LEVEL DEBUG : 2020-11-16 00:05:26,020 :: Acquiring connection from pool <DirectConnectionPool profile=ConnectionProfile('bolt://neo4j@localhost:7687') in_use=1 free=0 spare=99>
LOG_LEVEL DEBUG : 2020-11-16 00:05:26,020 :: [#0000] C: (Dialing <localhost:7687>)
LOG_LEVEL DEBUG : 2020-11-16 00:05:26,020 :: [#BEDC] S: (Accepted)
LOG_LEVEL DEBUG : 2020-11-16 00:05:26,020 :: [#BEDC] C: <BOLT>
LOG_LEVEL DEBUG : 2020-11-16 00:05:26,020 :: [#BEDC] C: <PROTOCOL> 4.0 | 3.0 | 2.0 | 1.0
LOG_LEVEL DEBUG : 2020-11-16 00:05:26,021 :: [#BEDC] S: <PROTOCOL> 4.0
LOG_LEVEL DEBUG : 2020-11-16 00:05:26,022 :: [#BEDC] C: HELLO {'user_agent': 'py2neo/2020.0.0 Python/3.7.9-final-0 (linux)', 'scheme': 'basic', 'principal': 'neo4j', 'credentials': '*******'}
LOG_LEVEL DEBUG : 2020-11-16 00:05:26,022 :: [#BEDC] C: (Sent 109 bytes)
LOG_LEVEL DEBUG : 2020-11-16 00:05:26,023 :: [#BEDC] S: SUCCESS {'server': 'Neo4j/4.0.3', 'connection_id': 'bolt-10'}
LOG_LEVEL DEBUG : 2020-11-16 00:05:26,023 :: [#BEDC] C: RUN 'SHOW DATABASES' {} {'db': 'system'}
LOG_LEVEL DEBUG : 2020-11-16 00:05:26,023 :: [#BEDC] C: PULL {'n': -1}
LOG_LEVEL DEBUG : 2020-11-16 00:05:26,023 :: [#BEDC] C: (Sent 43 bytes)
LOG_LEVEL DEBUG : 2020-11-16 00:05:26,026 :: [#BEDC] S: SUCCESS {'t_first': 2, 'fields': ['name', 'address', 'role', 'requestedStatus', 'currentStatus', 'error', 'default']}
LOG_LEVEL DEBUG : 2020-11-16 00:05:26,027 :: [#BEDC] S: RECORD ['neo4j', 'localhost:7687', 'standalone', 'online', 'online', '', True]
LOG_LEVEL DEBUG : 2020-11-16 00:05:26,027 :: [#BEDC] S: RECORD ['system', 'localhost:7687', 'standalone', 'online', 'online', '', False]
LOG_LEVEL DEBUG : 2020-11-16 00:05:26,027 :: [#BEDC] S: SUCCESS {'bookmark': '00000000-0000-0000-0000-000000000001:40', 'type': 's', 't_last': 1, 'db': 'system'}
LOG_LEVEL DEBUG : 2020-11-16 00:05:26,027 :: Releasing connection <py2neo.client.bolt.Bolt4x0 object at 0x7f40b216c090>
LOG_LEVEL DEBUG : 2020-11-16 00:05:26,027 :: Acquiring connection from pool <DirectConnectionPool profile=ConnectionProfile('bolt://neo4j@localhost:7687') in_use=1 free=1 spare=98>
LOG_LEVEL DEBUG : 2020-11-16 00:05:26,027 :: [#BEDC] C: BEGIN {'db': 'neo4j'}
LOG_LEVEL DEBUG : 2020-11-16 00:05:26,027 :: [#BEDC] C: RUN 'MATCH (o1:Object)-[r1:HAS]-(i:Image)-[r2:HAS]-(o2:Object) WHERE o1.name = $in_obj1 AND o2.name = $in_obj2 AND r1.score > $in_r1_score AND r2.score > $in_r2_score AND i.dataset IN [$in_src_ds_1 , $in_src_ds_2]RETURN DISTINCT i.name as Image, i.dataset as Source LIMIT $in_limit' {'in_obj1': 'person', 'in_obj2': 'tvmonitor', 'in_limit': 20, 'in_r1_score': 90.0, 'in_r2_score': 90.0, 'in_src_ds_1': 'flickr30k', 'in_src_ds_2': 'coco_test_2017'} {}
LOG_LEVEL DEBUG : 2020-11-16 00:05:26,027 :: [#BEDC] C: PULL {'n': -1}
LOG_LEVEL DEBUG : 2020-11-16 00:05:26,027 :: [#BEDC] C: (Sent 447 bytes)
LOG_LEVEL DEBUG : 2020-11-16 00:05:26,041 :: [#BEDC] S: SUCCESS {}
LOG_LEVEL DEBUG : 2020-11-16 00:05:26,041 :: [#BEDC] S: SUCCESS {'t_first': 0, 'fields': ['Image', 'Source'], 'qid': 0}
LOG_LEVEL DEBUG : 2020-11-16 00:05:26,042 :: [#BEDC] S: RECORD ['000000369555.jpg', 'coco_test_2017']
LOG_LEVEL DEBUG : 2020-11-16 00:05:26,042 :: [#BEDC] S: RECORD ['000000214645.jpg', 'coco_test_2017']
LOG_LEVEL DEBUG : 2020-11-16 00:05:26,042 :: [#BEDC] S: RECORD ['000000382917.jpg', 'coco_test_2017']
LOG_LEVEL DEBUG : 2020-11-16 00:05:26,042 :: [#BEDC] S: RECORD ['000000432422.jpg', 'coco_test_2017']
LOG_LEVEL DEBUG : 2020-11-16 00:05:26,042 :: [#BEDC] S: RECORD ['000000304656.jpg', 'coco_test_2017']
LOG_LEVEL DEBUG : 2020-11-16 00:05:26,042 :: [#BEDC] S: RECORD ['000000097390.jpg', 'coco_test_2017']
LOG_LEVEL DEBUG : 2020-11-16 00:05:26,042 :: [#BEDC] S: RECORD ['000000270335.jpg', 'coco_test_2017']
LOG_LEVEL DEBUG : 2020-11-16 00:05:26,042 :: [#BEDC] S: RECORD ['000000064938.jpg', 'coco_test_2017']
LOG_LEVEL DEBUG : 2020-11-16 00:05:26,042 :: [#BEDC] S: RECORD ['000000183227.jpg', 'coco_test_2017']
LOG_LEVEL DEBUG : 2020-11-16 00:05:26,042 :: [#BEDC] S: RECORD ['000000275725.jpg', 'coco_test_2017']
LOG_LEVEL DEBUG : 2020-11-16 00:05:26,042 :: [#BEDC] S: RECORD ['000000456963.jpg', 'coco_test_2017']
LOG_LEVEL DEBUG : 2020-11-16 00:05:26,042 :: [#BEDC] S: RECORD ['000000210277.jpg', 'coco_test_2017']
LOG_LEVEL DEBUG : 2020-11-16 00:05:26,042 :: [#BEDC] S: RECORD ['000000337346.jpg', 'coco_test_2017']
LOG_LEVEL DEBUG : 2020-11-16 00:05:26,042 :: [#BEDC] S: RECORD ['000000558980.jpg', 'coco_test_2017']
LOG_LEVEL DEBUG : 2020-11-16 00:05:26,042 :: [#BEDC] S: RECORD ['000000181773.jpg', 'coco_test_2017']
LOG_LEVEL DEBUG : 2020-11-16 00:05:26,042 :: [#BEDC] S: RECORD ['000000438521.jpg', 'coco_test_2017']
LOG_LEVEL DEBUG : 2020-11-16 00:05:26,042 :: [#BEDC] S: RECORD ['000000287296.jpg', 'coco_test_2017']
LOG_LEVEL DEBUG : 2020-11-16 00:05:26,042 :: [#BEDC] S: RECORD ['000000570030.jpg', 'coco_test_2017']
LOG_LEVEL DEBUG : 2020-11-16 00:05:26,042 :: [#BEDC] S: RECORD ['000000104274.jpg', 'coco_test_2017']
LOG_LEVEL DEBUG : 2020-11-16 00:05:26,043 :: [#BEDC] S: RECORD ['000000175337.jpg', 'coco_test_2017']
LOG_LEVEL DEBUG : 2020-11-16 00:05:26,043 :: [#BEDC] S: SUCCESS {'type': 'r', 't_last': 13, 'db': 'neo4j'}
LOG_LEVEL DEBUG : 2020-11-16 00:05:26,046 :: Acquiring connection from pool <DirectConnectionPool profile=ConnectionProfile('bolt://neo4j@localhost:7687') in_use=2 free=0 spare=98>
LOG_LEVEL DEBUG : 2020-11-16 00:05:26,046 :: [#0000] C: (Dialing <localhost:7687>)
LOG_LEVEL DEBUG : 2020-11-16 00:05:26,046 :: [#BEDE] S: (Accepted)
LOG_LEVEL DEBUG : 2020-11-16 00:05:26,046 :: [#BEDE] C: <BOLT>
LOG_LEVEL DEBUG : 2020-11-16 00:05:26,046 :: [#BEDE] C: <PROTOCOL> 4.0 | 3.0 | 2.0 | 1.0
LOG_LEVEL DEBUG : 2020-11-16 00:05:26,048 :: [#BEDE] S: <PROTOCOL> 4.0
LOG_LEVEL DEBUG : 2020-11-16 00:05:26,048 :: [#BEDE] C: HELLO {'user_agent': 'py2neo/2020.0.0 Python/3.7.9-final-0 (linux)', 'scheme': 'basic', 'principal': 'neo4j', 'credentials': '*******'}
LOG_LEVEL DEBUG : 2020-11-16 00:05:26,048 :: [#BEDE] C: (Sent 109 bytes)
LOG_LEVEL DEBUG : 2020-11-16 00:05:26,049 :: [#BEDE] S: SUCCESS {'server': 'Neo4j/4.0.3', 'connection_id': 'bolt-11'}
LOG_LEVEL DEBUG : 2020-11-16 00:05:26,050 :: [#BEDE] C: RUN 'SHOW DATABASES' {} {'db': 'system'}
LOG_LEVEL DEBUG : 2020-11-16 00:05:26,050 :: [#BEDE] C: PULL {'n': -1}
LOG_LEVEL DEBUG : 2020-11-16 00:05:26,050 :: [#BEDE] C: (Sent 43 bytes)
LOG_LEVEL DEBUG : 2020-11-16 00:05:26,053 :: [#BEDE] S: SUCCESS {'t_first': 2, 'fields': ['name', 'address', 'role', 'requestedStatus', 'currentStatus', 'error', 'default']}
LOG_LEVEL DEBUG : 2020-11-16 00:05:26,053 :: [#BEDE] S: RECORD ['neo4j', 'localhost:7687', 'standalone', 'online', 'online', '', True]
LOG_LEVEL DEBUG : 2020-11-16 00:05:26,053 :: [#BEDE] S: RECORD ['system', 'localhost:7687', 'standalone', 'online', 'online', '', False]
LOG_LEVEL DEBUG : 2020-11-16 00:05:26,053 :: [#BEDE] S: SUCCESS {'bookmark': '00000000-0000-0000-0000-000000000001:40', 'type': 's', 't_last': 1, 'db': 'system'}
LOG_LEVEL DEBUG : 2020-11-16 00:05:26,054 :: Releasing connection <py2neo.client.bolt.Bolt4x0 object at 0x7f40b6de5fd0>
LOG_LEVEL DEBUG : 2020-11-16 00:05:26,054 :: Acquiring connection from pool <DirectConnectionPool profile=ConnectionProfile('bolt://neo4j@localhost:7687') in_use=2 free=1 spare=97>
LOG_LEVEL DEBUG : 2020-11-16 00:05:26,054 :: [#BEDE] C: BEGIN {'db': 'neo4j'}
LOG_LEVEL DEBUG : 2020-11-16 00:05:26,054 :: [#BEDE] C: RUN 'MATCH (o1:Object)-[r1:HAS]-(i:Image) WHERE o1.name = $in_obj1 AND r1.score > $in_r1_score AND i.dataset IN [$in_src_ds_1 , $in_src_ds_2]RETURN DISTINCT i.name as Image, i.dataset as Source LIMIT $in_limit' {'in_obj1': 'handbag', 'in_limit': 20, 'in_r1_score': 90.0, 'in_src_ds_1': 'flickr30k', 'in_src_ds_2': 'coco_test_2017'} {}
LOG_LEVEL DEBUG : 2020-11-16 00:05:26,054 :: [#BEDE] C: PULL {'n': -1}
LOG_LEVEL DEBUG : 2020-11-16 00:05:26,054 :: [#BEDE] C: (Sent 336 bytes)
LOG_LEVEL DEBUG : 2020-11-16 00:05:26,062 :: [#BEDE] S: SUCCESS {}
LOG_LEVEL DEBUG : 2020-11-16 00:05:26,062 :: [#BEDE] S: SUCCESS {'t_first': 0, 'fields': ['Image', 'Source'], 'qid': 0}
LOG_LEVEL DEBUG : 2020-11-16 00:05:26,062 :: [#BEDE] S: RECORD ['000000209714.jpg', 'coco_test_2017']
LOG_LEVEL DEBUG : 2020-11-16 00:05:26,062 :: [#BEDE] S: RECORD ['000000327859.jpg', 'coco_test_2017']
LOG_LEVEL DEBUG : 2020-11-16 00:05:26,062 :: [#BEDE] S: RECORD ['000000325361.jpg', 'coco_test_2017']
LOG_LEVEL DEBUG : 2020-11-16 00:05:26,062 :: [#BEDE] S: RECORD ['000000459406.jpg', 'coco_test_2017']
LOG_LEVEL DEBUG : 2020-11-16 00:05:26,062 :: [#BEDE] S: RECORD ['000000100575.jpg', 'coco_test_2017']
LOG_LEVEL DEBUG : 2020-11-16 00:05:26,062 :: [#BEDE] S: RECORD ['000000117100.jpg', 'coco_test_2017']
LOG_LEVEL DEBUG : 2020-11-16 00:05:26,062 :: [#BEDE] S: RECORD ['000000041151.jpg', 'coco_test_2017']
LOG_LEVEL DEBUG : 2020-11-16 00:05:26,062 :: [#BEDE] S: RECORD ['000000478231.jpg', 'coco_test_2017']
LOG_LEVEL DEBUG : 2020-11-16 00:05:26,062 :: [#BEDE] S: RECORD ['000000461212.jpg', 'coco_test_2017']
LOG_LEVEL DEBUG : 2020-11-16 00:05:26,062 :: [#BEDE] S: RECORD ['000000568651.jpg', 'coco_test_2017']
LOG_LEVEL DEBUG : 2020-11-16 00:05:26,062 :: [#BEDE] S: RECORD ['000000093925.jpg', 'coco_test_2017']
LOG_LEVEL DEBUG : 2020-11-16 00:05:26,062 :: [#BEDE] S: RECORD ['000000065637.jpg', 'coco_test_2017']
LOG_LEVEL DEBUG : 2020-11-16 00:05:26,062 :: [#BEDE] S: RECORD ['000000086957.jpg', 'coco_test_2017']
LOG_LEVEL DEBUG : 2020-11-16 00:05:26,062 :: [#BEDE] S: RECORD ['000000210969.jpg', 'coco_test_2017']
LOG_LEVEL DEBUG : 2020-11-16 00:05:26,062 :: [#BEDE] S: RECORD ['000000313060.jpg', 'coco_test_2017']
LOG_LEVEL DEBUG : 2020-11-16 00:05:26,063 :: [#BEDE] S: RECORD ['000000400063.jpg', 'coco_test_2017']
LOG_LEVEL DEBUG : 2020-11-16 00:05:26,063 :: [#BEDE] S: RECORD ['000000154406.jpg', 'coco_test_2017']
LOG_LEVEL DEBUG : 2020-11-16 00:05:26,063 :: [#BEDE] S: RECORD ['000000577689.jpg', 'coco_test_2017']
LOG_LEVEL DEBUG : 2020-11-16 00:05:26,063 :: [#BEDE] S: RECORD ['000000070895.jpg', 'coco_test_2017']
LOG_LEVEL DEBUG : 2020-11-16 00:05:26,063 :: [#BEDE] S: RECORD ['000000181406.jpg', 'coco_test_2017']
LOG_LEVEL DEBUG : 2020-11-16 00:05:26,063 :: [#BEDE] S: SUCCESS {'type': 'r', 't_last': 6, 'db': 'neo4j'}
LOG_LEVEL INFO : 2020-11-16 00:05:26,066 :: 
After QUERY NEO4J logic execution, Database query results - Candidate Images at this stage:

LOG_LEVEL INFO : 2020-11-16 00:05:26,067 :: 
Query 1) Keywords: ['person', 'bicycle']
Query result:
[{'Image': '000000033973.jpg', 'Source': 'coco_test_2017'}, {'Image': '000000033951.jpg', 'Source': 'coco_test_2017'}, {'Image': '000000169618.jpg', 'Source': 'coco_test_2017'}, {'Image': '000000155758.jpg', 'Source': 'coco_test_2017'}, {'Image': '000000503231.jpg', 'Source': 'coco_test_2017'}, {'Image': '000000214602.jpg', 'Source': 'coco_test_2017'}, {'Image': '000000063509.jpg', 'Source': 'coco_test_2017'}, {'Image': '000000499654.jpg', 'Source': 'coco_test_2017'}, {'Image': '000000069493.jpg', 'Source': 'coco_test_2017'}, {'Image': '000000414617.jpg', 'Source': 'coco_test_2017'}, {'Image': '000000539106.jpg', 'Source': 'coco_test_2017'}, {'Image': '000000023319.jpg', 'Source': 'coco_test_2017'}, {'Image': '000000445120.jpg', 'Source': 'coco_test_2017'}, {'Image': '000000418375.jpg', 'Source': 'coco_test_2017'}, {'Image': '000000036975.jpg', 'Source': 'coco_test_2017'}, {'Image': '000000545222.jpg', 'Source': 'coco_test_2017'}, {'Image': '000000375327.jpg', 'Source': 'coco_test_2017'}, {'Image': '000000056139.jpg', 'Source': 'coco_test_2017'}, {'Image': '000000203407.jpg', 'Source': 'coco_test_2017'}, {'Image': '000000269916.jpg', 'Source': 'coco_test_2017'}]
LOG_LEVEL INFO : 2020-11-16 00:05:26,067 :: 
Query 2) Keywords: ['person', 'tvmonitor']
Query result:
[{'Image': '000000369555.jpg', 'Source': 'coco_test_2017'}, {'Image': '000000214645.jpg', 'Source': 'coco_test_2017'}, {'Image': '000000382917.jpg', 'Source': 'coco_test_2017'}, {'Image': '000000432422.jpg', 'Source': 'coco_test_2017'}, {'Image': '000000304656.jpg', 'Source': 'coco_test_2017'}, {'Image': '000000097390.jpg', 'Source': 'coco_test_2017'}, {'Image': '000000270335.jpg', 'Source': 'coco_test_2017'}, {'Image': '000000064938.jpg', 'Source': 'coco_test_2017'}, {'Image': '000000183227.jpg', 'Source': 'coco_test_2017'}, {'Image': '000000275725.jpg', 'Source': 'coco_test_2017'}, {'Image': '000000456963.jpg', 'Source': 'coco_test_2017'}, {'Image': '000000210277.jpg', 'Source': 'coco_test_2017'}, {'Image': '000000337346.jpg', 'Source': 'coco_test_2017'}, {'Image': '000000558980.jpg', 'Source': 'coco_test_2017'}, {'Image': '000000181773.jpg', 'Source': 'coco_test_2017'}, {'Image': '000000438521.jpg', 'Source': 'coco_test_2017'}, {'Image': '000000287296.jpg', 'Source': 'coco_test_2017'}, {'Image': '000000570030.jpg', 'Source': 'coco_test_2017'}, {'Image': '000000104274.jpg', 'Source': 'coco_test_2017'}, {'Image': '000000175337.jpg', 'Source': 'coco_test_2017'}]
LOG_LEVEL INFO : 2020-11-16 00:05:26,067 :: 
Query 3) Keywords: ['handbag']
Query result:
[{'Image': '000000209714.jpg', 'Source': 'coco_test_2017'}, {'Image': '000000327859.jpg', 'Source': 'coco_test_2017'}, {'Image': '000000325361.jpg', 'Source': 'coco_test_2017'}, {'Image': '000000459406.jpg', 'Source': 'coco_test_2017'}, {'Image': '000000100575.jpg', 'Source': 'coco_test_2017'}, {'Image': '000000117100.jpg', 'Source': 'coco_test_2017'}, {'Image': '000000041151.jpg', 'Source': 'coco_test_2017'}, {'Image': '000000478231.jpg', 'Source': 'coco_test_2017'}, {'Image': '000000461212.jpg', 'Source': 'coco_test_2017'}, {'Image': '000000568651.jpg', 'Source': 'coco_test_2017'}, {'Image': '000000093925.jpg', 'Source': 'coco_test_2017'}, {'Image': '000000065637.jpg', 'Source': 'coco_test_2017'}, {'Image': '000000086957.jpg', 'Source': 'coco_test_2017'}, {'Image': '000000210969.jpg', 'Source': 'coco_test_2017'}, {'Image': '000000313060.jpg', 'Source': 'coco_test_2017'}, {'Image': '000000400063.jpg', 'Source': 'coco_test_2017'}, {'Image': '000000154406.jpg', 'Source': 'coco_test_2017'}, {'Image': '000000577689.jpg', 'Source': 'coco_test_2017'}, {'Image': '000000070895.jpg', 'Source': 'coco_test_2017'}, {'Image': '000000181406.jpg', 'Source': 'coco_test_2017'}]
LOG_LEVEL INFO : 2020-11-16 00:05:26,067 :: 

-------------------------------------------------------------------
-------------------------------------------------------------------
    STAGE 4)  STARTING EXECUTION OF IMAGE SELECTION VIA GUI        
-------------------------------------------------------------------
-------------------------------------------------------------------


LOG_LEVEL DEBUG : 2020-11-16 00:05:27,011 :: Num of images = 20
array=
['/media/rohit/DATA/EverythingD/01SRHBDBA_Acads/Thesis/StoryGenerator/Data/COCO_test2017_41k/test2017/000000033973.jpg', '/media/rohit/DATA/EverythingD/01SRHBDBA_Acads/Thesis/StoryGenerator/Data/COCO_test2017_41k/test2017/000000033951.jpg', '/media/rohit/DATA/EverythingD/01SRHBDBA_Acads/Thesis/StoryGenerator/Data/COCO_test2017_41k/test2017/000000169618.jpg', '/media/rohit/DATA/EverythingD/01SRHBDBA_Acads/Thesis/StoryGenerator/Data/COCO_test2017_41k/test2017/000000155758.jpg', '/media/rohit/DATA/EverythingD/01SRHBDBA_Acads/Thesis/StoryGenerator/Data/COCO_test2017_41k/test2017/000000503231.jpg', '/media/rohit/DATA/EverythingD/01SRHBDBA_Acads/Thesis/StoryGenerator/Data/COCO_test2017_41k/test2017/000000214602.jpg', '/media/rohit/DATA/EverythingD/01SRHBDBA_Acads/Thesis/StoryGenerator/Data/COCO_test2017_41k/test2017/000000063509.jpg', '/media/rohit/DATA/EverythingD/01SRHBDBA_Acads/Thesis/StoryGenerator/Data/COCO_test2017_41k/test2017/000000499654.jpg', '/media/rohit/DATA/EverythingD/01SRHBDBA_Acads/Thesis/StoryGenerator/Data/COCO_test2017_41k/test2017/000000069493.jpg', '/media/rohit/DATA/EverythingD/01SRHBDBA_Acads/Thesis/StoryGenerator/Data/COCO_test2017_41k/test2017/000000414617.jpg', '/media/rohit/DATA/EverythingD/01SRHBDBA_Acads/Thesis/StoryGenerator/Data/COCO_test2017_41k/test2017/000000539106.jpg', '/media/rohit/DATA/EverythingD/01SRHBDBA_Acads/Thesis/StoryGenerator/Data/COCO_test2017_41k/test2017/000000023319.jpg', '/media/rohit/DATA/EverythingD/01SRHBDBA_Acads/Thesis/StoryGenerator/Data/COCO_test2017_41k/test2017/000000445120.jpg', '/media/rohit/DATA/EverythingD/01SRHBDBA_Acads/Thesis/StoryGenerator/Data/COCO_test2017_41k/test2017/000000418375.jpg', '/media/rohit/DATA/EverythingD/01SRHBDBA_Acads/Thesis/StoryGenerator/Data/COCO_test2017_41k/test2017/000000036975.jpg', '/media/rohit/DATA/EverythingD/01SRHBDBA_Acads/Thesis/StoryGenerator/Data/COCO_test2017_41k/test2017/000000545222.jpg', '/media/rohit/DATA/EverythingD/01SRHBDBA_Acads/Thesis/StoryGenerator/Data/COCO_test2017_41k/test2017/000000375327.jpg', '/media/rohit/DATA/EverythingD/01SRHBDBA_Acads/Thesis/StoryGenerator/Data/COCO_test2017_41k/test2017/000000056139.jpg', '/media/rohit/DATA/EverythingD/01SRHBDBA_Acads/Thesis/StoryGenerator/Data/COCO_test2017_41k/test2017/000000203407.jpg', '/media/rohit/DATA/EverythingD/01SRHBDBA_Acads/Thesis/StoryGenerator/Data/COCO_test2017_41k/test2017/000000269916.jpg']

LOG_LEVEL INFO : 2020-11-16 00:05:42,851 :: 
For Query 1, Deselected positions=
[0, 1, 2, 4, 5, 6, 7, 8, 9, 11, 12, 13, 14, 15, 18, 19]
LOG_LEVEL DEBUG : 2020-11-16 00:05:42,871 :: 
Completed selection process - Query number 1
Number of images before selection began = 20
Number of images Deselected by user = 16.
Number of images that will remain = 4

LOG_LEVEL DEBUG : 2020-11-16 00:05:43,507 :: Num of images = 20
array=
['/media/rohit/DATA/EverythingD/01SRHBDBA_Acads/Thesis/StoryGenerator/Data/COCO_test2017_41k/test2017/000000369555.jpg', '/media/rohit/DATA/EverythingD/01SRHBDBA_Acads/Thesis/StoryGenerator/Data/COCO_test2017_41k/test2017/000000214645.jpg', '/media/rohit/DATA/EverythingD/01SRHBDBA_Acads/Thesis/StoryGenerator/Data/COCO_test2017_41k/test2017/000000382917.jpg', '/media/rohit/DATA/EverythingD/01SRHBDBA_Acads/Thesis/StoryGenerator/Data/COCO_test2017_41k/test2017/000000432422.jpg', '/media/rohit/DATA/EverythingD/01SRHBDBA_Acads/Thesis/StoryGenerator/Data/COCO_test2017_41k/test2017/000000304656.jpg', '/media/rohit/DATA/EverythingD/01SRHBDBA_Acads/Thesis/StoryGenerator/Data/COCO_test2017_41k/test2017/000000097390.jpg', '/media/rohit/DATA/EverythingD/01SRHBDBA_Acads/Thesis/StoryGenerator/Data/COCO_test2017_41k/test2017/000000270335.jpg', '/media/rohit/DATA/EverythingD/01SRHBDBA_Acads/Thesis/StoryGenerator/Data/COCO_test2017_41k/test2017/000000064938.jpg', '/media/rohit/DATA/EverythingD/01SRHBDBA_Acads/Thesis/StoryGenerator/Data/COCO_test2017_41k/test2017/000000183227.jpg', '/media/rohit/DATA/EverythingD/01SRHBDBA_Acads/Thesis/StoryGenerator/Data/COCO_test2017_41k/test2017/000000275725.jpg', '/media/rohit/DATA/EverythingD/01SRHBDBA_Acads/Thesis/StoryGenerator/Data/COCO_test2017_41k/test2017/000000456963.jpg', '/media/rohit/DATA/EverythingD/01SRHBDBA_Acads/Thesis/StoryGenerator/Data/COCO_test2017_41k/test2017/000000210277.jpg', '/media/rohit/DATA/EverythingD/01SRHBDBA_Acads/Thesis/StoryGenerator/Data/COCO_test2017_41k/test2017/000000337346.jpg', '/media/rohit/DATA/EverythingD/01SRHBDBA_Acads/Thesis/StoryGenerator/Data/COCO_test2017_41k/test2017/000000558980.jpg', '/media/rohit/DATA/EverythingD/01SRHBDBA_Acads/Thesis/StoryGenerator/Data/COCO_test2017_41k/test2017/000000181773.jpg', '/media/rohit/DATA/EverythingD/01SRHBDBA_Acads/Thesis/StoryGenerator/Data/COCO_test2017_41k/test2017/000000438521.jpg', '/media/rohit/DATA/EverythingD/01SRHBDBA_Acads/Thesis/StoryGenerator/Data/COCO_test2017_41k/test2017/000000287296.jpg', '/media/rohit/DATA/EverythingD/01SRHBDBA_Acads/Thesis/StoryGenerator/Data/COCO_test2017_41k/test2017/000000570030.jpg', '/media/rohit/DATA/EverythingD/01SRHBDBA_Acads/Thesis/StoryGenerator/Data/COCO_test2017_41k/test2017/000000104274.jpg', '/media/rohit/DATA/EverythingD/01SRHBDBA_Acads/Thesis/StoryGenerator/Data/COCO_test2017_41k/test2017/000000175337.jpg']

LOG_LEVEL INFO : 2020-11-16 00:06:06,716 :: 
For Query 2, Deselected positions=
[0, 1, 3, 4, 5, 6, 7, 8, 9, 10, 11, 12, 13, 14, 16, 17, 18, 19]
LOG_LEVEL DEBUG : 2020-11-16 00:06:06,760 :: 
Completed selection process - Query number 2
Number of images before selection began = 20
Number of images Deselected by user = 18.
Number of images that will remain = 2

LOG_LEVEL DEBUG : 2020-11-16 00:06:07,500 :: Num of images = 20
array=
['/media/rohit/DATA/EverythingD/01SRHBDBA_Acads/Thesis/StoryGenerator/Data/COCO_test2017_41k/test2017/000000209714.jpg', '/media/rohit/DATA/EverythingD/01SRHBDBA_Acads/Thesis/StoryGenerator/Data/COCO_test2017_41k/test2017/000000327859.jpg', '/media/rohit/DATA/EverythingD/01SRHBDBA_Acads/Thesis/StoryGenerator/Data/COCO_test2017_41k/test2017/000000325361.jpg', '/media/rohit/DATA/EverythingD/01SRHBDBA_Acads/Thesis/StoryGenerator/Data/COCO_test2017_41k/test2017/000000459406.jpg', '/media/rohit/DATA/EverythingD/01SRHBDBA_Acads/Thesis/StoryGenerator/Data/COCO_test2017_41k/test2017/000000100575.jpg', '/media/rohit/DATA/EverythingD/01SRHBDBA_Acads/Thesis/StoryGenerator/Data/COCO_test2017_41k/test2017/000000117100.jpg', '/media/rohit/DATA/EverythingD/01SRHBDBA_Acads/Thesis/StoryGenerator/Data/COCO_test2017_41k/test2017/000000041151.jpg', '/media/rohit/DATA/EverythingD/01SRHBDBA_Acads/Thesis/StoryGenerator/Data/COCO_test2017_41k/test2017/000000478231.jpg', '/media/rohit/DATA/EverythingD/01SRHBDBA_Acads/Thesis/StoryGenerator/Data/COCO_test2017_41k/test2017/000000461212.jpg', '/media/rohit/DATA/EverythingD/01SRHBDBA_Acads/Thesis/StoryGenerator/Data/COCO_test2017_41k/test2017/000000568651.jpg', '/media/rohit/DATA/EverythingD/01SRHBDBA_Acads/Thesis/StoryGenerator/Data/COCO_test2017_41k/test2017/000000093925.jpg', '/media/rohit/DATA/EverythingD/01SRHBDBA_Acads/Thesis/StoryGenerator/Data/COCO_test2017_41k/test2017/000000065637.jpg', '/media/rohit/DATA/EverythingD/01SRHBDBA_Acads/Thesis/StoryGenerator/Data/COCO_test2017_41k/test2017/000000086957.jpg', '/media/rohit/DATA/EverythingD/01SRHBDBA_Acads/Thesis/StoryGenerator/Data/COCO_test2017_41k/test2017/000000210969.jpg', '/media/rohit/DATA/EverythingD/01SRHBDBA_Acads/Thesis/StoryGenerator/Data/COCO_test2017_41k/test2017/000000313060.jpg', '/media/rohit/DATA/EverythingD/01SRHBDBA_Acads/Thesis/StoryGenerator/Data/COCO_test2017_41k/test2017/000000400063.jpg', '/media/rohit/DATA/EverythingD/01SRHBDBA_Acads/Thesis/StoryGenerator/Data/COCO_test2017_41k/test2017/000000154406.jpg', '/media/rohit/DATA/EverythingD/01SRHBDBA_Acads/Thesis/StoryGenerator/Data/COCO_test2017_41k/test2017/000000577689.jpg', '/media/rohit/DATA/EverythingD/01SRHBDBA_Acads/Thesis/StoryGenerator/Data/COCO_test2017_41k/test2017/000000070895.jpg', '/media/rohit/DATA/EverythingD/01SRHBDBA_Acads/Thesis/StoryGenerator/Data/COCO_test2017_41k/test2017/000000181406.jpg']

LOG_LEVEL INFO : 2020-11-16 00:06:23,020 :: 
For Query 3, Deselected positions=
[0, 1, 2, 3, 4, 6, 7, 8, 9, 11, 12, 13, 15, 16, 17, 18, 19]
LOG_LEVEL DEBUG : 2020-11-16 00:06:23,038 :: 
Completed selection process - Query number 3
Number of images before selection began = 20
Number of images Deselected by user = 17.
Number of images that will remain = 3

LOG_LEVEL DEBUG : 2020-11-16 00:06:23,038 :: 

-------------------------------- SUMMARY INFORMATON --------------------------------

LOG_LEVEL DEBUG : 2020-11-16 00:06:23,038 :: 
FOR QUERY 1
Number of candidate images before selection = 20
Number of Deselections done = 16
Number of images remaining after Deselections = 4

LOG_LEVEL DEBUG : 2020-11-16 00:06:23,038 :: 
	------ Query images info BEFORE::
[{'Image': '000000033973.jpg', 'Source': 'coco_test_2017'}, {'Image': '000000033951.jpg', 'Source': 'coco_test_2017'}, {'Image': '000000169618.jpg', 'Source': 'coco_test_2017'}, {'Image': '000000155758.jpg', 'Source': 'coco_test_2017'}, {'Image': '000000503231.jpg', 'Source': 'coco_test_2017'}, {'Image': '000000214602.jpg', 'Source': 'coco_test_2017'}, {'Image': '000000063509.jpg', 'Source': 'coco_test_2017'}, {'Image': '000000499654.jpg', 'Source': 'coco_test_2017'}, {'Image': '000000069493.jpg', 'Source': 'coco_test_2017'}, {'Image': '000000414617.jpg', 'Source': 'coco_test_2017'}, {'Image': '000000539106.jpg', 'Source': 'coco_test_2017'}, {'Image': '000000023319.jpg', 'Source': 'coco_test_2017'}, {'Image': '000000445120.jpg', 'Source': 'coco_test_2017'}, {'Image': '000000418375.jpg', 'Source': 'coco_test_2017'}, {'Image': '000000036975.jpg', 'Source': 'coco_test_2017'}, {'Image': '000000545222.jpg', 'Source': 'coco_test_2017'}, {'Image': '000000375327.jpg', 'Source': 'coco_test_2017'}, {'Image': '000000056139.jpg', 'Source': 'coco_test_2017'}, {'Image': '000000203407.jpg', 'Source': 'coco_test_2017'}, {'Image': '000000269916.jpg', 'Source': 'coco_test_2017'}]
	------ Positions removed::
[0, 1, 2, 4, 5, 6, 7, 8, 9, 11, 12, 13, 14, 15, 18, 19]
	------ Query images info AFTER::
[{'Image': '000000155758.jpg', 'Source': 'coco_test_2017'}, {'Image': '000000539106.jpg', 'Source': 'coco_test_2017'}, {'Image': '000000375327.jpg', 'Source': 'coco_test_2017'}, {'Image': '000000056139.jpg', 'Source': 'coco_test_2017'}]


LOG_LEVEL DEBUG : 2020-11-16 00:06:23,039 :: 
FOR QUERY 2
Number of candidate images before selection = 20
Number of Deselections done = 18
Number of images remaining after Deselections = 2

LOG_LEVEL DEBUG : 2020-11-16 00:06:23,039 :: 
	------ Query images info BEFORE::
[{'Image': '000000369555.jpg', 'Source': 'coco_test_2017'}, {'Image': '000000214645.jpg', 'Source': 'coco_test_2017'}, {'Image': '000000382917.jpg', 'Source': 'coco_test_2017'}, {'Image': '000000432422.jpg', 'Source': 'coco_test_2017'}, {'Image': '000000304656.jpg', 'Source': 'coco_test_2017'}, {'Image': '000000097390.jpg', 'Source': 'coco_test_2017'}, {'Image': '000000270335.jpg', 'Source': 'coco_test_2017'}, {'Image': '000000064938.jpg', 'Source': 'coco_test_2017'}, {'Image': '000000183227.jpg', 'Source': 'coco_test_2017'}, {'Image': '000000275725.jpg', 'Source': 'coco_test_2017'}, {'Image': '000000456963.jpg', 'Source': 'coco_test_2017'}, {'Image': '000000210277.jpg', 'Source': 'coco_test_2017'}, {'Image': '000000337346.jpg', 'Source': 'coco_test_2017'}, {'Image': '000000558980.jpg', 'Source': 'coco_test_2017'}, {'Image': '000000181773.jpg', 'Source': 'coco_test_2017'}, {'Image': '000000438521.jpg', 'Source': 'coco_test_2017'}, {'Image': '000000287296.jpg', 'Source': 'coco_test_2017'}, {'Image': '000000570030.jpg', 'Source': 'coco_test_2017'}, {'Image': '000000104274.jpg', 'Source': 'coco_test_2017'}, {'Image': '000000175337.jpg', 'Source': 'coco_test_2017'}]
	------ Positions removed::
[0, 1, 3, 4, 5, 6, 7, 8, 9, 10, 11, 12, 13, 14, 16, 17, 18, 19]
	------ Query images info AFTER::
[{'Image': '000000382917.jpg', 'Source': 'coco_test_2017'}, {'Image': '000000438521.jpg', 'Source': 'coco_test_2017'}]


LOG_LEVEL DEBUG : 2020-11-16 00:06:23,039 :: 
FOR QUERY 3
Number of candidate images before selection = 20
Number of Deselections done = 17
Number of images remaining after Deselections = 3

LOG_LEVEL DEBUG : 2020-11-16 00:06:23,039 :: 
	------ Query images info BEFORE::
[{'Image': '000000209714.jpg', 'Source': 'coco_test_2017'}, {'Image': '000000327859.jpg', 'Source': 'coco_test_2017'}, {'Image': '000000325361.jpg', 'Source': 'coco_test_2017'}, {'Image': '000000459406.jpg', 'Source': 'coco_test_2017'}, {'Image': '000000100575.jpg', 'Source': 'coco_test_2017'}, {'Image': '000000117100.jpg', 'Source': 'coco_test_2017'}, {'Image': '000000041151.jpg', 'Source': 'coco_test_2017'}, {'Image': '000000478231.jpg', 'Source': 'coco_test_2017'}, {'Image': '000000461212.jpg', 'Source': 'coco_test_2017'}, {'Image': '000000568651.jpg', 'Source': 'coco_test_2017'}, {'Image': '000000093925.jpg', 'Source': 'coco_test_2017'}, {'Image': '000000065637.jpg', 'Source': 'coco_test_2017'}, {'Image': '000000086957.jpg', 'Source': 'coco_test_2017'}, {'Image': '000000210969.jpg', 'Source': 'coco_test_2017'}, {'Image': '000000313060.jpg', 'Source': 'coco_test_2017'}, {'Image': '000000400063.jpg', 'Source': 'coco_test_2017'}, {'Image': '000000154406.jpg', 'Source': 'coco_test_2017'}, {'Image': '000000577689.jpg', 'Source': 'coco_test_2017'}, {'Image': '000000070895.jpg', 'Source': 'coco_test_2017'}, {'Image': '000000181406.jpg', 'Source': 'coco_test_2017'}]
	------ Positions removed::
[0, 1, 2, 3, 4, 6, 7, 8, 9, 11, 12, 13, 15, 16, 17, 18, 19]
	------ Query images info AFTER::
[{'Image': '000000117100.jpg', 'Source': 'coco_test_2017'}, {'Image': '000000093925.jpg', 'Source': 'coco_test_2017'}, {'Image': '000000313060.jpg', 'Source': 'coco_test_2017'}]


LOG_LEVEL INFO : 2020-11-16 00:06:23,039 :: 
After GUI CANDIDATE IMAGES SELECTION logic execution:
gui_candidate_image_selection_logic_RC = 0
gui_candidate_image_selection_logic_msg = None
gui_candidate_image_selection_module_results = [[{'Image': '000000155758.jpg', 'Source': 'coco_test_2017'}, {'Image': '000000539106.jpg', 'Source': 'coco_test_2017'}, {'Image': '000000375327.jpg', 'Source': 'coco_test_2017'}, {'Image': '000000056139.jpg', 'Source': 'coco_test_2017'}], [{'Image': '000000382917.jpg', 'Source': 'coco_test_2017'}, {'Image': '000000438521.jpg', 'Source': 'coco_test_2017'}], [{'Image': '000000117100.jpg', 'Source': 'coco_test_2017'}, {'Image': '000000093925.jpg', 'Source': 'coco_test_2017'}, {'Image': '000000313060.jpg', 'Source': 'coco_test_2017'}]]

LOG_LEVEL INFO : 2020-11-16 00:06:23,039 :: 
Images retained after Deselections (to be passed to Auto-caption block):

LOG_LEVEL INFO : 2020-11-16 00:06:23,039 :: 
1) Keywords: ['person', 'bicycle']
Selected Images results:
[{'Image': '000000155758.jpg', 'Source': 'coco_test_2017'}, {'Image': '000000539106.jpg', 'Source': 'coco_test_2017'}, {'Image': '000000375327.jpg', 'Source': 'coco_test_2017'}, {'Image': '000000056139.jpg', 'Source': 'coco_test_2017'}]
LOG_LEVEL INFO : 2020-11-16 00:06:23,039 :: 
2) Keywords: ['person', 'tvmonitor']
Selected Images results:
[{'Image': '000000382917.jpg', 'Source': 'coco_test_2017'}, {'Image': '000000438521.jpg', 'Source': 'coco_test_2017'}]
LOG_LEVEL INFO : 2020-11-16 00:06:23,039 :: 
3) Keywords: ['handbag']
Selected Images results:
[{'Image': '000000117100.jpg', 'Source': 'coco_test_2017'}, {'Image': '000000093925.jpg', 'Source': 'coco_test_2017'}, {'Image': '000000313060.jpg', 'Source': 'coco_test_2017'}]
LOG_LEVEL INFO : 2020-11-16 00:06:23,039 :: 

-------------------------------------------------------------------
-------------------------------------------------------------------
   STAGE 5-a)  STARTING EXECUTION OF IMAGE CAPTIONING - NO ATTN    
-------------------------------------------------------------------
-------------------------------------------------------------------


LOG_LEVEL INFO : 2020-11-16 00:06:25,760 :: 
RNN Decoder model defined with these paramenters:

EMBEDDING_DIMS = 200 , VOCAB_SIZE = 6758 , MAX_LENGTH_CAPTION = 49

Attempting to load weights...
LOG_LEVEL INFO : 2020-11-16 00:06:25,983 :: 
Reloaded Image Captioning Decoder using weights file =

/media/rohit/DATA/EverythingD/01SRHBDBA_Acads/Thesis/StoryGenerator/Code/ModelsRuns/ImgCap/SavedData/Thesis_ImgCap_Weights_In_Run3/Decoder_Run_3_Wt_ep_18.h5

LOG_LEVEL INFO : 2020-11-16 00:07:57,660 :: 
After IMAGE CAPTIONING NO-ATTENTION logic execution:
img_cap_after_no_attn_inference_logic_RC = 0
img_cap_after_no_attn_inference_logic_msg = None
img_cap_after_no_attn_inference_module_results = [{'key_elements': ['person', 'bicycle'], 'selected_images_no_attn': [['/media/rohit/DATA/EverythingD/01SRHBDBA_Acads/Thesis/StoryGenerator/Data/COCO_test2017_41k/test2017/000000155758.jpg', 'man riding bike on the side of the road'], ['/media/rohit/DATA/EverythingD/01SRHBDBA_Acads/Thesis/StoryGenerator/Data/COCO_test2017_41k/test2017/000000539106.jpg', 'person riding bike on the side of the road'], ['/media/rohit/DATA/EverythingD/01SRHBDBA_Acads/Thesis/StoryGenerator/Data/COCO_test2017_41k/test2017/000000375327.jpg', 'man riding skateboard down the side of street'], ['/media/rohit/DATA/EverythingD/01SRHBDBA_Acads/Thesis/StoryGenerator/Data/COCO_test2017_41k/test2017/000000056139.jpg', 'man riding bike next to man on beach']]}, {'key_elements': ['person', 'tvmonitor'], 'selected_images_no_attn': [['/media/rohit/DATA/EverythingD/01SRHBDBA_Acads/Thesis/StoryGenerator/Data/COCO_test2017_41k/test2017/000000382917.jpg', 'man standing in living room holding nintendo wii game controller'], ['/media/rohit/DATA/EverythingD/01SRHBDBA_Acads/Thesis/StoryGenerator/Data/COCO_test2017_41k/test2017/000000438521.jpg', 'man and woman are playing video game']]}, {'key_elements': ['handbag'], 'selected_images_no_attn': [['/media/rohit/DATA/EverythingD/01SRHBDBA_Acads/Thesis/StoryGenerator/Data/COCO_test2017_41k/test2017/000000117100.jpg', 'two suitcases sitting next to each other on the side of the road'], ['/media/rohit/DATA/EverythingD/01SRHBDBA_Acads/Thesis/StoryGenerator/Data/COCO_test2017_41k/test2017/000000093925.jpg', 'man in suit and tie standing in front of building'], ['/media/rohit/DATA/EverythingD/01SRHBDBA_Acads/Thesis/StoryGenerator/Data/COCO_test2017_41k/test2017/000000313060.jpg', 'woman is standing in front of her cell phone']]}]

LOG_LEVEL INFO : 2020-11-16 00:07:57,663 :: 

-------------------------------------------------------------------
-------------------------------------------------------------------
  STAGE 5-b)  STARTING EXECUTION OF IMAGE CAPTIONING - WITH ATTN   
-------------------------------------------------------------------
-------------------------------------------------------------------


LOG_LEVEL INFO : 2020-11-16 00:08:01,626 :: Cleared current contents of the Destination dir

LOG_LEVEL INFO : 2020-11-16 00:08:01,959 :: Copied 11 files

	FROM:
/media/rohit/DATA/EverythingD/01SRHBDBA_Acads/Thesis/StoryGenerator/Code/ModelsRuns/ImgCapAttention/SavedData/Thesis_ImgCapATTENTION_ChkPts_In_Run4_Ep21/
	TO:
/home/rohit/PyWDUbuntu/thesis/ImgCapATTEND_opdir_DUMMY_RUN/chkPointDir_DUMMY_RUN/train_DUMMY_RUN/

LOG_LEVEL WARNING : 2020-11-16 00:08:05,447 :: Unresolved object in checkpoint: (root).optimizer.beta_1
LOG_LEVEL WARNING : 2020-11-16 00:08:05,447 :: Unresolved object in checkpoint: (root).optimizer.beta_2
LOG_LEVEL WARNING : 2020-11-16 00:08:05,447 :: Unresolved object in checkpoint: (root).optimizer.decay
LOG_LEVEL WARNING : 2020-11-16 00:08:05,447 :: Unresolved object in checkpoint: (root).optimizer.learning_rate
LOG_LEVEL WARNING : 2020-11-16 00:08:05,448 :: Unresolved object in checkpoint: (root).optimizer.iter
LOG_LEVEL WARNING : 2020-11-16 00:08:05,448 :: A checkpoint was restored (e.g. tf.train.Checkpoint.restore or tf.keras.Model.load_weights) but not all checkpointed values were used. See above for specific issues. Use expect_partial() on the load status object, e.g. tf.train.Checkpoint.restore(...).expect_partial(), to silence these warnings, or use assert_consumed() to make the check explicit. See https://www.tensorflow.org/guide/checkpoint#loading_mechanics for details.
LOG_LEVEL INFO : 2020-11-16 00:08:05,451 :: 
After IMAGE CAPTIONING WITH-ATTENTION logic execution:
img_cap_after_WITH_attn_inference_logic_RC = 0
img_cap_after_WITH_attn_inference_logic_msg = None
img_cap_after_WITH_attn_inference_module_results = [{'key_elements': ['person', 'bicycle'], 'selected_images_no_attn': [['/media/rohit/DATA/EverythingD/01SRHBDBA_Acads/Thesis/StoryGenerator/Data/COCO_test2017_41k/test2017/000000155758.jpg', 'man riding bike on the side of the road'], ['/media/rohit/DATA/EverythingD/01SRHBDBA_Acads/Thesis/StoryGenerator/Data/COCO_test2017_41k/test2017/000000539106.jpg', 'person riding bike on the side of the road'], ['/media/rohit/DATA/EverythingD/01SRHBDBA_Acads/Thesis/StoryGenerator/Data/COCO_test2017_41k/test2017/000000375327.jpg', 'man riding skateboard down the side of street'], ['/media/rohit/DATA/EverythingD/01SRHBDBA_Acads/Thesis/StoryGenerator/Data/COCO_test2017_41k/test2017/000000056139.jpg', 'man riding bike next to man on beach']], 'selected_images_with_attn': [['/media/rohit/DATA/EverythingD/01SRHBDBA_Acads/Thesis/StoryGenerator/Data/COCO_test2017_41k/test2017/000000155758.jpg', 'a man and woman are riding a bike with a dog'], ['/media/rohit/DATA/EverythingD/01SRHBDBA_Acads/Thesis/StoryGenerator/Data/COCO_test2017_41k/test2017/000000539106.jpg', 'a man riding a bike down a trail'], ['/media/rohit/DATA/EverythingD/01SRHBDBA_Acads/Thesis/StoryGenerator/Data/COCO_test2017_41k/test2017/000000375327.jpg', 'a man riding a ski board'], ['/media/rohit/DATA/EverythingD/01SRHBDBA_Acads/Thesis/StoryGenerator/Data/COCO_test2017_41k/test2017/000000056139.jpg', 'a man is riding a bicycle on a beach with a bird on the beach']]}, {'key_elements': ['person', 'tvmonitor'], 'selected_images_no_attn': [['/media/rohit/DATA/EverythingD/01SRHBDBA_Acads/Thesis/StoryGenerator/Data/COCO_test2017_41k/test2017/000000382917.jpg', 'man standing in living room holding nintendo wii game controller'], ['/media/rohit/DATA/EverythingD/01SRHBDBA_Acads/Thesis/StoryGenerator/Data/COCO_test2017_41k/test2017/000000438521.jpg', 'man and woman are playing video game']], 'selected_images_with_attn': [['/media/rohit/DATA/EverythingD/01SRHBDBA_Acads/Thesis/StoryGenerator/Data/COCO_test2017_41k/test2017/000000382917.jpg', 'a man playing a game with a remote controller'], ['/media/rohit/DATA/EverythingD/01SRHBDBA_Acads/Thesis/StoryGenerator/Data/COCO_test2017_41k/test2017/000000438521.jpg', 'two men playing wii in a living room']]}, {'key_elements': ['handbag'], 'selected_images_no_attn': [['/media/rohit/DATA/EverythingD/01SRHBDBA_Acads/Thesis/StoryGenerator/Data/COCO_test2017_41k/test2017/000000117100.jpg', 'two suitcases sitting next to each other on the side of the road'], ['/media/rohit/DATA/EverythingD/01SRHBDBA_Acads/Thesis/StoryGenerator/Data/COCO_test2017_41k/test2017/000000093925.jpg', 'man in suit and tie standing in front of building'], ['/media/rohit/DATA/EverythingD/01SRHBDBA_Acads/Thesis/StoryGenerator/Data/COCO_test2017_41k/test2017/000000313060.jpg', 'woman is standing in front of her cell phone']], 'selected_images_with_attn': [['/media/rohit/DATA/EverythingD/01SRHBDBA_Acads/Thesis/StoryGenerator/Data/COCO_test2017_41k/test2017/000000117100.jpg', 'a little girl sitting on a black suitcase'], ['/media/rohit/DATA/EverythingD/01SRHBDBA_Acads/Thesis/StoryGenerator/Data/COCO_test2017_41k/test2017/000000093925.jpg', 'a man in a suit and tie'], ['/media/rohit/DATA/EverythingD/01SRHBDBA_Acads/Thesis/StoryGenerator/Data/COCO_test2017_41k/test2017/000000313060.jpg', 'a man is sitting on a cell phone while looking at a cell phone']]}]

LOG_LEVEL INFO : 2020-11-16 00:08:05,451 :: 

-------------------------------------------------------------------------------
-------------------------------------------------------------------------------
    STAGE 6)  STARTING EXECUTION OF GUI DISPLAY fOR IMAGE CAPTIONING RESULTS   
-------------------------------------------------------------------------------
-------------------------------------------------------------------------------


LOG_LEVEL DEBUG : 2020-11-16 00:28:23,801 :: 

ImgCap:: After Enlarge window for Query 1, Image=
/media/rohit/DATA/EverythingD/01SRHBDBA_Acads/Thesis/StoryGenerator/Data/COCO_test2017_41k/test2017/000000056139.jpg
Caption_Attn WAS CHANGED
Original Caption_Attn =
a man is riding a bicycle on a beach with a bird on the beach
Editable Caption_Attn =
a woman with a bicycle on a beach with some kites flying behind her

LOG_LEVEL DEBUG : 2020-11-16 00:35:43,442 :: 

ImgCap:: After Enlarge window for Query 1, Image=
/media/rohit/DATA/EverythingD/01SRHBDBA_Acads/Thesis/StoryGenerator/Data/COCO_test2017_41k/test2017/000000056139.jpg
Caption NOT CHANGED
Original Caption =
man riding bike next to man on beach
Editable Caption =
man riding bike next to man on beach

Caption_Attn NOT CHANGED
Original Caption_Attn =
a woman with a bicycle on a beach with some kites flying behind her
Editable Caption_Attn =
a woman with a bicycle on a beach with some kites flying behind her

LOG_LEVEL DEBUG : 2020-11-16 00:36:20,601 :: 

ImgCap:: After Enlarge window for Query 1, Image=
/media/rohit/DATA/EverythingD/01SRHBDBA_Acads/Thesis/StoryGenerator/Data/COCO_test2017_41k/test2017/000000155758.jpg
Caption WAS CHANGED
Original Caption =
man riding bike on the side of the road
Editable Caption =
man riding bike on the side of the road with child in carriage behing it

LOG_LEVEL DEBUG : 2020-11-16 00:39:40,020 :: 
For Query 1, Deselected positions=
[1, 2]

LOG_LEVEL DEBUG : 2020-11-16 00:39:40,056 :: 
Completed selection process - Query number 1
Deselected image positions this query = [1, 2]
Number of images before selection began = 4
Number of images Deselected by user = 2.
Number of images that will remain = 2

LOG_LEVEL DEBUG : 2020-11-16 00:40:49,403 :: 

ImgCap:: After Enlarge window for Query 2, Image=
/media/rohit/DATA/EverythingD/01SRHBDBA_Acads/Thesis/StoryGenerator/Data/COCO_test2017_41k/test2017/000000382917.jpg
Caption WAS CHANGED
Original Caption =
man standing in living room holding nintendo wii game controller
Editable Caption =
QUERY 2 - IMAGE 1 - EDITED STANDARD CAPTION

LOG_LEVEL DEBUG : 2020-11-16 00:40:49,403 :: 

ImgCap:: After Enlarge window for Query 2, Image=
/media/rohit/DATA/EverythingD/01SRHBDBA_Acads/Thesis/StoryGenerator/Data/COCO_test2017_41k/test2017/000000382917.jpg
Caption_Attn WAS CHANGED
Original Caption_Attn =
a man playing a game with a remote controller
Editable Caption_Attn =
QUERY 2 - IMAGE 1 - EDITED ATTENTION CAPTION

LOG_LEVEL DEBUG : 2020-11-16 00:41:09,418 :: 

ImgCap:: After Enlarge window for Query 2, Image=
/media/rohit/DATA/EverythingD/01SRHBDBA_Acads/Thesis/StoryGenerator/Data/COCO_test2017_41k/test2017/000000438521.jpg
Caption_Attn WAS CHANGED
Original Caption_Attn =
two men playing wii in a living room
Editable Caption_Attn =
QUERY 2 - IMAGE 2 - EDITED ONLY ATTENTION CAPTION

LOG_LEVEL DEBUG : 2020-11-16 00:41:11,882 :: 
For Query 2, Deselected positions=
[]

LOG_LEVEL DEBUG : 2020-11-16 00:41:11,899 :: 
Completed selection process - Query number 2
Deselected image positions this query = []
Number of images before selection began = 2
Number of images Deselected by user = 0.
Number of images that will remain = 2

LOG_LEVEL DEBUG : 2020-11-16 00:41:20,802 :: 
For Query 3, Deselected positions=
[0, 1, 2]

LOG_LEVEL DEBUG : 2020-11-16 00:41:20,820 :: 
Completed selection process - Query number 3
Deselected image positions this query = [0, 1, 2]
Number of images before selection began = 3
Number of images Deselected by user = 3.
Number of images that will remain = 0

LOG_LEVEL DEBUG : 2020-11-16 00:41:20,821 :: 


******************************************************************
********* SUMMARY for Image Captioning GUI - all queries *********
*********     BEFORE removing the deselected images      *********
******************************************************************
Data structure BEFORE =
[{'key_elements': ['person', 'bicycle'], 'selected_images_no_attn': [['/media/rohit/DATA/EverythingD/01SRHBDBA_Acads/Thesis/StoryGenerator/Data/COCO_test2017_41k/test2017/000000155758.jpg', 'man riding bike on the side of the road'], ['/media/rohit/DATA/EverythingD/01SRHBDBA_Acads/Thesis/StoryGenerator/Data/COCO_test2017_41k/test2017/000000539106.jpg', 'person riding bike on the side of the road'], ['/media/rohit/DATA/EverythingD/01SRHBDBA_Acads/Thesis/StoryGenerator/Data/COCO_test2017_41k/test2017/000000375327.jpg', 'man riding skateboard down the side of street'], ['/media/rohit/DATA/EverythingD/01SRHBDBA_Acads/Thesis/StoryGenerator/Data/COCO_test2017_41k/test2017/000000056139.jpg', 'man riding bike next to man on beach']], 'selected_images_with_attn': [['/media/rohit/DATA/EverythingD/01SRHBDBA_Acads/Thesis/StoryGenerator/Data/COCO_test2017_41k/test2017/000000155758.jpg', 'a man and woman are riding a bike with a dog'], ['/media/rohit/DATA/EverythingD/01SRHBDBA_Acads/Thesis/StoryGenerator/Data/COCO_test2017_41k/test2017/000000539106.jpg', 'a man riding a bike down a trail'], ['/media/rohit/DATA/EverythingD/01SRHBDBA_Acads/Thesis/StoryGenerator/Data/COCO_test2017_41k/test2017/000000375327.jpg', 'a man riding a ski board'], ['/media/rohit/DATA/EverythingD/01SRHBDBA_Acads/Thesis/StoryGenerator/Data/COCO_test2017_41k/test2017/000000056139.jpg', 'a man is riding a bicycle on a beach with a bird on the beach']]}, {'key_elements': ['person', 'tvmonitor'], 'selected_images_no_attn': [['/media/rohit/DATA/EverythingD/01SRHBDBA_Acads/Thesis/StoryGenerator/Data/COCO_test2017_41k/test2017/000000382917.jpg', 'man standing in living room holding nintendo wii game controller'], ['/media/rohit/DATA/EverythingD/01SRHBDBA_Acads/Thesis/StoryGenerator/Data/COCO_test2017_41k/test2017/000000438521.jpg', 'man and woman are playing video game']], 'selected_images_with_attn': [['/media/rohit/DATA/EverythingD/01SRHBDBA_Acads/Thesis/StoryGenerator/Data/COCO_test2017_41k/test2017/000000382917.jpg', 'a man playing a game with a remote controller'], ['/media/rohit/DATA/EverythingD/01SRHBDBA_Acads/Thesis/StoryGenerator/Data/COCO_test2017_41k/test2017/000000438521.jpg', 'two men playing wii in a living room']]}, {'key_elements': ['handbag'], 'selected_images_no_attn': [['/media/rohit/DATA/EverythingD/01SRHBDBA_Acads/Thesis/StoryGenerator/Data/COCO_test2017_41k/test2017/000000117100.jpg', 'two suitcases sitting next to each other on the side of the road'], ['/media/rohit/DATA/EverythingD/01SRHBDBA_Acads/Thesis/StoryGenerator/Data/COCO_test2017_41k/test2017/000000093925.jpg', 'man in suit and tie standing in front of building'], ['/media/rohit/DATA/EverythingD/01SRHBDBA_Acads/Thesis/StoryGenerator/Data/COCO_test2017_41k/test2017/000000313060.jpg', 'woman is standing in front of her cell phone']], 'selected_images_with_attn': [['/media/rohit/DATA/EverythingD/01SRHBDBA_Acads/Thesis/StoryGenerator/Data/COCO_test2017_41k/test2017/000000117100.jpg', 'a little girl sitting on a black suitcase'], ['/media/rohit/DATA/EverythingD/01SRHBDBA_Acads/Thesis/StoryGenerator/Data/COCO_test2017_41k/test2017/000000093925.jpg', 'a man in a suit and tie'], ['/media/rohit/DATA/EverythingD/01SRHBDBA_Acads/Thesis/StoryGenerator/Data/COCO_test2017_41k/test2017/000000313060.jpg', 'a man is sitting on a cell phone while looking at a cell phone']]}]
Data structure AFTER GUI only; only changed captions should reflect but no deselection done as yet  =
[{'key_elements': ['person', 'bicycle'], 'selected_images_no_attn': [['/media/rohit/DATA/EverythingD/01SRHBDBA_Acads/Thesis/StoryGenerator/Data/COCO_test2017_41k/test2017/000000155758.jpg', 'man riding bike on the side of the road with child in carriage behing it'], ['/media/rohit/DATA/EverythingD/01SRHBDBA_Acads/Thesis/StoryGenerator/Data/COCO_test2017_41k/test2017/000000539106.jpg', 'person riding bike on the side of the road'], ['/media/rohit/DATA/EverythingD/01SRHBDBA_Acads/Thesis/StoryGenerator/Data/COCO_test2017_41k/test2017/000000375327.jpg', 'man riding skateboard down the side of street'], ['/media/rohit/DATA/EverythingD/01SRHBDBA_Acads/Thesis/StoryGenerator/Data/COCO_test2017_41k/test2017/000000056139.jpg', 'man riding bike next to man on beach']], 'selected_images_with_attn': [['/media/rohit/DATA/EverythingD/01SRHBDBA_Acads/Thesis/StoryGenerator/Data/COCO_test2017_41k/test2017/000000155758.jpg', 'a man and woman are riding a bike with a dog'], ['/media/rohit/DATA/EverythingD/01SRHBDBA_Acads/Thesis/StoryGenerator/Data/COCO_test2017_41k/test2017/000000539106.jpg', 'a man riding a bike down a trail'], ['/media/rohit/DATA/EverythingD/01SRHBDBA_Acads/Thesis/StoryGenerator/Data/COCO_test2017_41k/test2017/000000375327.jpg', 'a man riding a ski board'], ['/media/rohit/DATA/EverythingD/01SRHBDBA_Acads/Thesis/StoryGenerator/Data/COCO_test2017_41k/test2017/000000056139.jpg', 'a woman with a bicycle on a beach with some kites flying behind her']]}, {'key_elements': ['person', 'tvmonitor'], 'selected_images_no_attn': [['/media/rohit/DATA/EverythingD/01SRHBDBA_Acads/Thesis/StoryGenerator/Data/COCO_test2017_41k/test2017/000000382917.jpg', 'QUERY 2 - IMAGE 1 - EDITED STANDARD CAPTION'], ['/media/rohit/DATA/EverythingD/01SRHBDBA_Acads/Thesis/StoryGenerator/Data/COCO_test2017_41k/test2017/000000438521.jpg', 'man and woman are playing video game']], 'selected_images_with_attn': [['/media/rohit/DATA/EverythingD/01SRHBDBA_Acads/Thesis/StoryGenerator/Data/COCO_test2017_41k/test2017/000000382917.jpg', 'QUERY 2 - IMAGE 1 - EDITED ATTENTION CAPTION'], ['/media/rohit/DATA/EverythingD/01SRHBDBA_Acads/Thesis/StoryGenerator/Data/COCO_test2017_41k/test2017/000000438521.jpg', 'QUERY 2 - IMAGE 2 - EDITED ONLY ATTENTION CAPTION']]}, {'key_elements': ['handbag'], 'selected_images_no_attn': [['/media/rohit/DATA/EverythingD/01SRHBDBA_Acads/Thesis/StoryGenerator/Data/COCO_test2017_41k/test2017/000000117100.jpg', 'two suitcases sitting next to each other on the side of the road'], ['/media/rohit/DATA/EverythingD/01SRHBDBA_Acads/Thesis/StoryGenerator/Data/COCO_test2017_41k/test2017/000000093925.jpg', 'man in suit and tie standing in front of building'], ['/media/rohit/DATA/EverythingD/01SRHBDBA_Acads/Thesis/StoryGenerator/Data/COCO_test2017_41k/test2017/000000313060.jpg', 'woman is standing in front of her cell phone']], 'selected_images_with_attn': [['/media/rohit/DATA/EverythingD/01SRHBDBA_Acads/Thesis/StoryGenerator/Data/COCO_test2017_41k/test2017/000000117100.jpg', 'a little girl sitting on a black suitcase'], ['/media/rohit/DATA/EverythingD/01SRHBDBA_Acads/Thesis/StoryGenerator/Data/COCO_test2017_41k/test2017/000000093925.jpg', 'a man in a suit and tie'], ['/media/rohit/DATA/EverythingD/01SRHBDBA_Acads/Thesis/StoryGenerator/Data/COCO_test2017_41k/test2017/000000313060.jpg', 'a man is sitting on a cell phone while looking at a cell phone']]}]

LOG_LEVEL DEBUG : 2020-11-16 00:41:20,821 :: 


******************************************************************
********* SUMMARY for Image Captioning GUI - all queries *********
*********     AFTER removing the deselected images      *********
******************************************************************
Data structure BEFORE =
[{'key_elements': ['person', 'bicycle'], 'selected_images_no_attn': [['/media/rohit/DATA/EverythingD/01SRHBDBA_Acads/Thesis/StoryGenerator/Data/COCO_test2017_41k/test2017/000000155758.jpg', 'man riding bike on the side of the road'], ['/media/rohit/DATA/EverythingD/01SRHBDBA_Acads/Thesis/StoryGenerator/Data/COCO_test2017_41k/test2017/000000539106.jpg', 'person riding bike on the side of the road'], ['/media/rohit/DATA/EverythingD/01SRHBDBA_Acads/Thesis/StoryGenerator/Data/COCO_test2017_41k/test2017/000000375327.jpg', 'man riding skateboard down the side of street'], ['/media/rohit/DATA/EverythingD/01SRHBDBA_Acads/Thesis/StoryGenerator/Data/COCO_test2017_41k/test2017/000000056139.jpg', 'man riding bike next to man on beach']], 'selected_images_with_attn': [['/media/rohit/DATA/EverythingD/01SRHBDBA_Acads/Thesis/StoryGenerator/Data/COCO_test2017_41k/test2017/000000155758.jpg', 'a man and woman are riding a bike with a dog'], ['/media/rohit/DATA/EverythingD/01SRHBDBA_Acads/Thesis/StoryGenerator/Data/COCO_test2017_41k/test2017/000000539106.jpg', 'a man riding a bike down a trail'], ['/media/rohit/DATA/EverythingD/01SRHBDBA_Acads/Thesis/StoryGenerator/Data/COCO_test2017_41k/test2017/000000375327.jpg', 'a man riding a ski board'], ['/media/rohit/DATA/EverythingD/01SRHBDBA_Acads/Thesis/StoryGenerator/Data/COCO_test2017_41k/test2017/000000056139.jpg', 'a man is riding a bicycle on a beach with a bird on the beach']]}, {'key_elements': ['person', 'tvmonitor'], 'selected_images_no_attn': [['/media/rohit/DATA/EverythingD/01SRHBDBA_Acads/Thesis/StoryGenerator/Data/COCO_test2017_41k/test2017/000000382917.jpg', 'man standing in living room holding nintendo wii game controller'], ['/media/rohit/DATA/EverythingD/01SRHBDBA_Acads/Thesis/StoryGenerator/Data/COCO_test2017_41k/test2017/000000438521.jpg', 'man and woman are playing video game']], 'selected_images_with_attn': [['/media/rohit/DATA/EverythingD/01SRHBDBA_Acads/Thesis/StoryGenerator/Data/COCO_test2017_41k/test2017/000000382917.jpg', 'a man playing a game with a remote controller'], ['/media/rohit/DATA/EverythingD/01SRHBDBA_Acads/Thesis/StoryGenerator/Data/COCO_test2017_41k/test2017/000000438521.jpg', 'two men playing wii in a living room']]}, {'key_elements': ['handbag'], 'selected_images_no_attn': [['/media/rohit/DATA/EverythingD/01SRHBDBA_Acads/Thesis/StoryGenerator/Data/COCO_test2017_41k/test2017/000000117100.jpg', 'two suitcases sitting next to each other on the side of the road'], ['/media/rohit/DATA/EverythingD/01SRHBDBA_Acads/Thesis/StoryGenerator/Data/COCO_test2017_41k/test2017/000000093925.jpg', 'man in suit and tie standing in front of building'], ['/media/rohit/DATA/EverythingD/01SRHBDBA_Acads/Thesis/StoryGenerator/Data/COCO_test2017_41k/test2017/000000313060.jpg', 'woman is standing in front of her cell phone']], 'selected_images_with_attn': [['/media/rohit/DATA/EverythingD/01SRHBDBA_Acads/Thesis/StoryGenerator/Data/COCO_test2017_41k/test2017/000000117100.jpg', 'a little girl sitting on a black suitcase'], ['/media/rohit/DATA/EverythingD/01SRHBDBA_Acads/Thesis/StoryGenerator/Data/COCO_test2017_41k/test2017/000000093925.jpg', 'a man in a suit and tie'], ['/media/rohit/DATA/EverythingD/01SRHBDBA_Acads/Thesis/StoryGenerator/Data/COCO_test2017_41k/test2017/000000313060.jpg', 'a man is sitting on a cell phone while looking at a cell phone']]}]
Deselected image positions all queries = [[1, 2], [], [0, 1, 2]]
Data structure AFTER GUI; changed captions and removing Deselected images =
[{'key_elements': ['person', 'bicycle'], 'selected_images_no_attn': [['/media/rohit/DATA/EverythingD/01SRHBDBA_Acads/Thesis/StoryGenerator/Data/COCO_test2017_41k/test2017/000000155758.jpg', 'man riding bike on the side of the road with child in carriage behing it'], ['/media/rohit/DATA/EverythingD/01SRHBDBA_Acads/Thesis/StoryGenerator/Data/COCO_test2017_41k/test2017/000000056139.jpg', 'man riding bike next to man on beach']], 'selected_images_with_attn': [['/media/rohit/DATA/EverythingD/01SRHBDBA_Acads/Thesis/StoryGenerator/Data/COCO_test2017_41k/test2017/000000155758.jpg', 'a man and woman are riding a bike with a dog'], ['/media/rohit/DATA/EverythingD/01SRHBDBA_Acads/Thesis/StoryGenerator/Data/COCO_test2017_41k/test2017/000000056139.jpg', 'a woman with a bicycle on a beach with some kites flying behind her']]}, {'key_elements': ['person', 'tvmonitor'], 'selected_images_no_attn': [['/media/rohit/DATA/EverythingD/01SRHBDBA_Acads/Thesis/StoryGenerator/Data/COCO_test2017_41k/test2017/000000382917.jpg', 'QUERY 2 - IMAGE 1 - EDITED STANDARD CAPTION'], ['/media/rohit/DATA/EverythingD/01SRHBDBA_Acads/Thesis/StoryGenerator/Data/COCO_test2017_41k/test2017/000000438521.jpg', 'man and woman are playing video game']], 'selected_images_with_attn': [['/media/rohit/DATA/EverythingD/01SRHBDBA_Acads/Thesis/StoryGenerator/Data/COCO_test2017_41k/test2017/000000382917.jpg', 'QUERY 2 - IMAGE 1 - EDITED ATTENTION CAPTION'], ['/media/rohit/DATA/EverythingD/01SRHBDBA_Acads/Thesis/StoryGenerator/Data/COCO_test2017_41k/test2017/000000438521.jpg', 'QUERY 2 - IMAGE 2 - EDITED ONLY ATTENTION CAPTION']]}, {'key_elements': ['handbag'], 'selected_images_no_attn': [], 'selected_images_with_attn': []}]

LOG_LEVEL INFO : 2020-11-16 00:41:20,821 :: 
Saved results to file for the Story Generator stage.
File :: /home/rohit/PyWDUbuntu/thesis/combined_execution/ImgCapAfterGui/op_img_cap_after_gui.txt
LOG_LEVEL INFO : 2020-11-16 00:41:20,821 :: 
After GUI TO DISPLAY IMAGE CAPTIONING RESULTS logic execution:
gui_img_cap_show_results_logic_RC = 0
gui_img_cap_show_results_logic_msg =
None
gui_img_cap_module_results =
[{'key_elements': ['person', 'bicycle'], 'selected_images_no_attn': [['/media/rohit/DATA/EverythingD/01SRHBDBA_Acads/Thesis/StoryGenerator/Data/COCO_test2017_41k/test2017/000000155758.jpg', 'man riding bike on the side of the road with child in carriage behing it'], ['/media/rohit/DATA/EverythingD/01SRHBDBA_Acads/Thesis/StoryGenerator/Data/COCO_test2017_41k/test2017/000000056139.jpg', 'man riding bike next to man on beach']], 'selected_images_with_attn': [['/media/rohit/DATA/EverythingD/01SRHBDBA_Acads/Thesis/StoryGenerator/Data/COCO_test2017_41k/test2017/000000155758.jpg', 'a man and woman are riding a bike with a dog'], ['/media/rohit/DATA/EverythingD/01SRHBDBA_Acads/Thesis/StoryGenerator/Data/COCO_test2017_41k/test2017/000000056139.jpg', 'a woman with a bicycle on a beach with some kites flying behind her']]}, {'key_elements': ['person', 'tvmonitor'], 'selected_images_no_attn': [['/media/rohit/DATA/EverythingD/01SRHBDBA_Acads/Thesis/StoryGenerator/Data/COCO_test2017_41k/test2017/000000382917.jpg', 'QUERY 2 - IMAGE 1 - EDITED STANDARD CAPTION'], ['/media/rohit/DATA/EverythingD/01SRHBDBA_Acads/Thesis/StoryGenerator/Data/COCO_test2017_41k/test2017/000000438521.jpg', 'man and woman are playing video game']], 'selected_images_with_attn': [['/media/rohit/DATA/EverythingD/01SRHBDBA_Acads/Thesis/StoryGenerator/Data/COCO_test2017_41k/test2017/000000382917.jpg', 'QUERY 2 - IMAGE 1 - EDITED ATTENTION CAPTION'], ['/media/rohit/DATA/EverythingD/01SRHBDBA_Acads/Thesis/StoryGenerator/Data/COCO_test2017_41k/test2017/000000438521.jpg', 'QUERY 2 - IMAGE 2 - EDITED ONLY ATTENTION CAPTION']]}, {'key_elements': ['handbag'], 'selected_images_no_attn': [], 'selected_images_with_attn': []}]

LOG_LEVEL INFO : 2020-11-16 00:41:20,821 :: 


Normal exit from program.

