LOG_LEVEL INFO : 2020-08-03 23:29:50,384 :: 

-------------------------------------------------------------------
-------------------------------------------------------------------
              STARTING EXECUTION OF STT LOGIC                      
-------------------------------------------------------------------
-------------------------------------------------------------------


LOG_LEVEL INFO : 2020-08-03 23:29:50,384 :: 
Following wav files are found to process:
LOG_LEVEL INFO : 2020-08-03 23:29:50,384 :: 	1) /home/rohit/PyWDUbuntu/thesis/combined_execution/audio/wavs/rohit_st1_input1.wav
LOG_LEVEL INFO : 2020-08-03 23:29:50,385 :: 	2) /home/rohit/PyWDUbuntu/thesis/combined_execution/audio/wavs/rohit_st1_input2.wav
LOG_LEVEL INFO : 2020-08-03 23:29:50,385 :: 	3) /home/rohit/PyWDUbuntu/thesis/combined_execution/audio/wavs/rohit_st1_input3.wav
LOG_LEVEL INFO : 2020-08-03 23:29:50,385 :: 

Commencing model inference from Deepspeech version 0.7.3.

LOG_LEVEL INFO : 2020-08-03 23:29:50,385 :: 

	Command number 1:
deepspeech --model /home/rohit/deepspeech/pretrained/v073/deepspeech-0.7.3-models.pbmm --scorer /home/rohit/deepspeech/pretrained/v073/deepspeech-0.7.3-models.scorer --audio /home/rohit/PyWDUbuntu/thesis/combined_execution/audio/wavs/rohit_st1_input1.wav
LOG_LEVEL INFO : 2020-08-03 23:29:52,976 :: 	Inference:
me me a tory about persons sitting at table the blanchards
LOG_LEVEL INFO : 2020-08-03 23:29:52,977 :: 

	Command number 2:
deepspeech --model /home/rohit/deepspeech/pretrained/v073/deepspeech-0.7.3-models.pbmm --scorer /home/rohit/deepspeech/pretrained/v073/deepspeech-0.7.3-models.scorer --audio /home/rohit/PyWDUbuntu/thesis/combined_execution/audio/wavs/rohit_st1_input2.wav
LOG_LEVEL INFO : 2020-08-03 23:29:55,480 :: 	Inference:
i want a story about a car on the road a child plays with a toy
LOG_LEVEL INFO : 2020-08-03 23:29:55,480 :: 

	Command number 3:
deepspeech --model /home/rohit/deepspeech/pretrained/v073/deepspeech-0.7.3-models.pbmm --scorer /home/rohit/deepspeech/pretrained/v073/deepspeech-0.7.3-models.scorer --audio /home/rohit/PyWDUbuntu/thesis/combined_execution/audio/wavs/rohit_st1_input3.wav
LOG_LEVEL INFO : 2020-08-03 23:29:58,314 :: 	Inference:
generate a story about persons walking on the street a truck is on the road
LOG_LEVEL INFO : 2020-08-03 23:30:25,644 :: 

-------------------------------------------------------------------
-------------------------------------------------------------------
       STARTING EXECUTION OF IDENTIFY KEYWORDS LOGIC               
-------------------------------------------------------------------
-------------------------------------------------------------------


LOG_LEVEL INFO : 2020-08-03 23:30:28,515 :: 

The following sentences will be processed:

LOG_LEVEL INFO : 2020-08-03 23:30:28,516 :: 	Sentence 1 :
me me a tory about persons sitting at table the blanchards
LOG_LEVEL INFO : 2020-08-03 23:30:28,516 :: 	Sentence 2 :
i want a story about a car on the road a child plays with a toy
LOG_LEVEL INFO : 2020-08-03 23:30:28,516 :: 	Sentence 3 :
generate a story about persons walking on the street a truck is on the road
LOG_LEVEL INFO : 2020-08-03 23:30:28,516 :: 

Words of each input sentence:

LOG_LEVEL INFO : 2020-08-03 23:30:28,516 :: 	Sentence 1 :
['me', 'me', 'a', 'tory', 'about', 'persons', 'sitting', 'at', 'table', 'the', 'blanchards']
LOG_LEVEL INFO : 2020-08-03 23:30:28,516 :: 	Sentence 2 :
['i', 'want', 'a', 'story', 'about', 'a', 'car', 'on', 'the', 'road', 'a', 'child', 'plays', 'with', 'a', 'toy']
LOG_LEVEL INFO : 2020-08-03 23:30:28,516 :: 	Sentence 3 :
['generate', 'a', 'story', 'about', 'persons', 'walking', 'on', 'the', 'street', 'a', 'truck', 'is', 'on', 'the', 'road']
LOG_LEVEL INFO : 2020-08-03 23:30:28,516 :: 

Words of each input sentence after removing all stop words:

LOG_LEVEL INFO : 2020-08-03 23:30:28,516 :: 	Sentence 1 :
['tory', 'persons', 'sitting', 'table', 'blanchards']
LOG_LEVEL INFO : 2020-08-03 23:30:28,516 :: 	Sentence 2 :
['want', 'story', 'car', 'road', 'child', 'plays', 'toy']
LOG_LEVEL INFO : 2020-08-03 23:30:28,516 :: 	Sentence 3 :
['generate', 'story', 'persons', 'walking', 'street', 'truck', 'road']
LOG_LEVEL INFO : 2020-08-03 23:30:28,516 :: 

Joining the non-stop words as a new sentence (for readability only):

LOG_LEVEL INFO : 2020-08-03 23:30:28,516 :: 	New sentence 1 :
tory persons sitting table blanchards
LOG_LEVEL INFO : 2020-08-03 23:30:28,516 :: 	New sentence 2 :
want story car road child plays toy
LOG_LEVEL INFO : 2020-08-03 23:30:28,516 :: 	New sentence 3 :
generate story persons walking street truck road
LOG_LEVEL INFO : 2020-08-03 23:30:28,530 :: 

All non-stop words pos info:

LOG_LEVEL INFO : 2020-08-03 23:30:28,530 :: .........
LOG_LEVEL INFO : 2020-08-03 23:30:28,530 :: Sentence 1, word 1 :
{'text': 'tory', 'lemma_': 'tory', 'pos_': 'PROPN', 'tag_': 'NNP', 'dep_': 'compound', 'shape_': 'xxxx', 'is_alpha': True, 'is_stop': False}
LOG_LEVEL INFO : 2020-08-03 23:30:28,530 :: Sentence 1, word 2 :
{'text': 'persons', 'lemma_': 'person', 'pos_': 'NOUN', 'tag_': 'NNS', 'dep_': 'nsubj', 'shape_': 'xxxx', 'is_alpha': True, 'is_stop': False}
LOG_LEVEL INFO : 2020-08-03 23:30:28,530 :: Sentence 1, word 3 :
{'text': 'sitting', 'lemma_': 'sit', 'pos_': 'VERB', 'tag_': 'VBG', 'dep_': 'ROOT', 'shape_': 'xxxx', 'is_alpha': True, 'is_stop': False}
LOG_LEVEL INFO : 2020-08-03 23:30:28,530 :: Sentence 1, word 4 :
{'text': 'table', 'lemma_': 'table', 'pos_': 'NOUN', 'tag_': 'NN', 'dep_': 'compound', 'shape_': 'xxxx', 'is_alpha': True, 'is_stop': False}
LOG_LEVEL INFO : 2020-08-03 23:30:28,530 :: Sentence 1, word 5 :
{'text': 'blanchards', 'lemma_': 'blanchard', 'pos_': 'NOUN', 'tag_': 'NNS', 'dep_': 'dobj', 'shape_': 'xxxx', 'is_alpha': True, 'is_stop': False}
LOG_LEVEL INFO : 2020-08-03 23:30:28,530 :: .........
LOG_LEVEL INFO : 2020-08-03 23:30:28,530 :: Sentence 2, word 1 :
{'text': 'want', 'lemma_': 'want', 'pos_': 'VERB', 'tag_': 'VBP', 'dep_': 'ROOT', 'shape_': 'xxxx', 'is_alpha': True, 'is_stop': False}
LOG_LEVEL INFO : 2020-08-03 23:30:28,530 :: Sentence 2, word 2 :
{'text': 'story', 'lemma_': 'story', 'pos_': 'NOUN', 'tag_': 'NN', 'dep_': 'compound', 'shape_': 'xxxx', 'is_alpha': True, 'is_stop': False}
LOG_LEVEL INFO : 2020-08-03 23:30:28,530 :: Sentence 2, word 3 :
{'text': 'car', 'lemma_': 'car', 'pos_': 'NOUN', 'tag_': 'NN', 'dep_': 'compound', 'shape_': 'xxx', 'is_alpha': True, 'is_stop': False}
LOG_LEVEL INFO : 2020-08-03 23:30:28,530 :: Sentence 2, word 4 :
{'text': 'road', 'lemma_': 'road', 'pos_': 'NOUN', 'tag_': 'NN', 'dep_': 'compound', 'shape_': 'xxxx', 'is_alpha': True, 'is_stop': False}
LOG_LEVEL INFO : 2020-08-03 23:30:28,530 :: Sentence 2, word 5 :
{'text': 'child', 'lemma_': 'child', 'pos_': 'NOUN', 'tag_': 'NN', 'dep_': 'nsubj', 'shape_': 'xxxx', 'is_alpha': True, 'is_stop': False}
LOG_LEVEL INFO : 2020-08-03 23:30:28,530 :: Sentence 2, word 6 :
{'text': 'plays', 'lemma_': 'play', 'pos_': 'VERB', 'tag_': 'VBZ', 'dep_': 'ccomp', 'shape_': 'xxxx', 'is_alpha': True, 'is_stop': False}
LOG_LEVEL INFO : 2020-08-03 23:30:28,530 :: Sentence 2, word 7 :
{'text': 'toy', 'lemma_': 'toy', 'pos_': 'NOUN', 'tag_': 'NN', 'dep_': 'dobj', 'shape_': 'xxx', 'is_alpha': True, 'is_stop': False}
LOG_LEVEL INFO : 2020-08-03 23:30:28,531 :: .........
LOG_LEVEL INFO : 2020-08-03 23:30:28,531 :: Sentence 3, word 1 :
{'text': 'generate', 'lemma_': 'generate', 'pos_': 'VERB', 'tag_': 'VB', 'dep_': 'ROOT', 'shape_': 'xxxx', 'is_alpha': True, 'is_stop': False}
LOG_LEVEL INFO : 2020-08-03 23:30:28,531 :: Sentence 3, word 2 :
{'text': 'story', 'lemma_': 'story', 'pos_': 'NOUN', 'tag_': 'NN', 'dep_': 'compound', 'shape_': 'xxxx', 'is_alpha': True, 'is_stop': False}
LOG_LEVEL INFO : 2020-08-03 23:30:28,531 :: Sentence 3, word 3 :
{'text': 'persons', 'lemma_': 'person', 'pos_': 'NOUN', 'tag_': 'NNS', 'dep_': 'dobj', 'shape_': 'xxxx', 'is_alpha': True, 'is_stop': False}
LOG_LEVEL INFO : 2020-08-03 23:30:28,531 :: Sentence 3, word 4 :
{'text': 'walking', 'lemma_': 'walk', 'pos_': 'VERB', 'tag_': 'VBG', 'dep_': 'acl', 'shape_': 'xxxx', 'is_alpha': True, 'is_stop': False}
LOG_LEVEL INFO : 2020-08-03 23:30:28,531 :: Sentence 3, word 5 :
{'text': 'street', 'lemma_': 'street', 'pos_': 'PROPN', 'tag_': 'NNP', 'dep_': 'compound', 'shape_': 'xxxx', 'is_alpha': True, 'is_stop': False}
LOG_LEVEL INFO : 2020-08-03 23:30:28,531 :: Sentence 3, word 6 :
{'text': 'truck', 'lemma_': 'truck', 'pos_': 'NOUN', 'tag_': 'NN', 'dep_': 'compound', 'shape_': 'xxxx', 'is_alpha': True, 'is_stop': False}
LOG_LEVEL INFO : 2020-08-03 23:30:28,531 :: Sentence 3, word 7 :
{'text': 'road', 'lemma_': 'road', 'pos_': 'NOUN', 'tag_': 'NN', 'dep_': 'dobj', 'shape_': 'xxxx', 'is_alpha': True, 'is_stop': False}
LOG_LEVEL INFO : 2020-08-03 23:30:28,531 :: 

All POS info file successfully created here:
/home/rohit/PyWDUbuntu/thesis/combined_execution/IdElements/all_words_pos_info_1.txt


LOG_LEVEL INFO : 2020-08-03 23:30:28,531 :: 

Candidate keywords AFTER matching against class labels:
[['person'], ['car'], ['truck', 'person']]


LOG_LEVEL DEBUG : 2020-08-03 23:33:50,775 :: 
Sentence 1:
BEFORE = ['person']
Deselected = [0]
AFTER = []

LOG_LEVEL DEBUG : 2020-08-03 23:33:50,776 :: 
Sentence 2:
BEFORE = ['car']
Deselected = []
AFTER = ['car']

LOG_LEVEL DEBUG : 2020-08-03 23:33:50,776 :: 
Sentence 3:
BEFORE = ['truck', 'person']
Deselected = []
AFTER = ['truck', 'person']

LOG_LEVEL INFO : 2020-08-03 23:33:51,162 :: After user selection of candidate keywords logic, RC was = 0, and results =
[[], ['car'], ['truck', 'person']]


LOG_LEVEL INFO : 2020-08-03 23:33:51,162 :: 

-------------------------------------------------------------------
-------------------------------------------------------------------
          STARTING EXECUTION OF QUERY NEO4J LOGIC                  
-------------------------------------------------------------------
-------------------------------------------------------------------


LOG_LEVEL DEBUG : 2020-08-03 23:33:51,261 :: [#0000]  C: <RESOLVE> ('localhost', 7687)
LOG_LEVEL DEBUG : 2020-08-03 23:33:51,261 :: [#0000]  C: <OPEN> ('127.0.0.1', 7687)
LOG_LEVEL DEBUG : 2020-08-03 23:33:51,261 :: [#0000]  C: <ERROR> ConnectionRefusedError 111 'Connection refused'
LOG_LEVEL DEBUG : 2020-08-03 23:33:51,261 :: [#0000]  C: <CLOSE> ('127.0.0.1', 7687)
LOG_LEVEL ERROR : 2020-08-03 23:33:51,261 :: 

Unexpected ERROR querying neo4j.
Message:
Failed to establish connection to ('127.0.0.1', 7687) (reason [Errno 111] Connection refused)
Function call return with RC=1500.


LOG_LEVEL ERROR : 2020-08-03 23:33:51,261 :: 

FATAL ERROR: Database query logic failed. Return code = 310
	Message = 
FATAL ERROR: Problem retrieving data from Neo4j; query_rc = 1500.
RC=310.

Premature Exit.


