LOG_LEVEL INFO : 2020-10-12 23:33:56,504 :: 

-------------------------------------------------------------------
-------------------------------------------------------------------
    STAGE 1)  STARTING EXECUTION OF MIC INPUT LOGIC                
-------------------------------------------------------------------
-------------------------------------------------------------------


LOG_LEVEL INFO : 2020-10-12 23:33:56,504 :: 
Listen parameters:
chunk = 1024
channels = 1
sampling frequency = 16000 Hz
sample_format = 16 bit
append_every_secs = 3
Listen Min secs = 6
Listen Max secs = 10
Threshold Min volume = 500

LOG_LEVEL INFO : 2020-10-12 23:33:59,450 :: 
Started listening, please start speaking....
LOG_LEVEL INFO : 2020-10-12 23:34:05,520 :: 
Stopped recording: in last 3 seconds, volume was below threshold
vol (255) < threshold value (500)

LOG_LEVEL INFO : 2020-10-12 23:34:05,521 :: 
Saved Wav file here: /home/rohit/PyWDUbuntu/thesis/audio/wavs/fromMic/mic_wav_file1.wav
Recording length = 6.07 seconds

LOG_LEVEL INFO : 2020-10-12 23:34:12,302 :: 
Started listening, please start speaking....
LOG_LEVEL INFO : 2020-10-12 23:34:20,240 :: 
Stopped recording: in last 3 seconds, volume was below threshold
vol (255) < threshold value (500)

LOG_LEVEL INFO : 2020-10-12 23:34:20,242 :: 
Saved Wav file here: /home/rohit/PyWDUbuntu/thesis/audio/wavs/fromMic/mic_wav_file2.wav
Recording length = 7.94 seconds

LOG_LEVEL INFO : 2020-10-12 23:35:02,739 :: 
Started listening, please start speaking....
LOG_LEVEL INFO : 2020-10-12 23:35:10,304 :: 
Stopped recording: in last 3 seconds, volume was below threshold
vol (255) < threshold value (500)

LOG_LEVEL INFO : 2020-10-12 23:35:10,309 :: 
Saved Wav file here: /home/rohit/PyWDUbuntu/thesis/audio/wavs/fromMic/mic_wav_file3.wav
Recording length = 7.56 seconds

LOG_LEVEL INFO : 2020-10-12 23:35:10,312 :: 
Saved 3 wav files to folder: /home/rohit/PyWDUbuntu/thesis/audio/wavs/fromMic/
Wav files created are: ['/home/rohit/PyWDUbuntu/thesis/audio/wavs/fromMic/mic_wav_file1.wav', '/home/rohit/PyWDUbuntu/thesis/audio/wavs/fromMic/mic_wav_file2.wav', '/home/rohit/PyWDUbuntu/thesis/audio/wavs/fromMic/mic_wav_file3.wav']
Created file for STT block processing here: /home/rohit/PyWDUbuntu/thesis/combined_execution/SttTranscribe/mic_input_wavfiles_1.txt
LOG_LEVEL INFO : 2020-10-12 23:35:10,312 :: 
After MIC INPUT logic execution:
mic_logic_RC = 0
mic_logic_msg = None
mic_module_results = None

LOG_LEVEL INFO : 2020-10-12 23:35:10,312 :: 

-------------------------------------------------------------------
-------------------------------------------------------------------
    STAGE 2)  STARTING EXECUTION OF STT LOGIC                      
-------------------------------------------------------------------
-------------------------------------------------------------------


LOG_LEVEL INFO : 2020-10-12 23:35:10,312 :: 
Following wav files are found to process:
LOG_LEVEL INFO : 2020-10-12 23:35:10,312 :: 	1) /home/rohit/PyWDUbuntu/thesis/audio/wavs/fromMic/mic_wav_file1.wav
LOG_LEVEL INFO : 2020-10-12 23:35:10,312 :: 	2) /home/rohit/PyWDUbuntu/thesis/audio/wavs/fromMic/mic_wav_file2.wav
LOG_LEVEL INFO : 2020-10-12 23:35:10,312 :: 	3) /home/rohit/PyWDUbuntu/thesis/audio/wavs/fromMic/mic_wav_file3.wav
LOG_LEVEL DEBUG : 2020-10-12 23:35:10,312 :: 

ds_inf_cmd_fixed=
deepspeech --model /home/rohit/deepspeech/pretrained/v073/deepspeech-0.7.3-models.pbmm --scorer /home/rohit/deepspeech/pretrained/v073/deepspeech-0.7.3-models.scorer --audio 


LOG_LEVEL INFO : 2020-10-12 23:35:10,312 :: 

Commencing model inference from Deepspeech version 0.7.3.

LOG_LEVEL INFO : 2020-10-12 23:35:10,312 :: 

	Command number 1:
deepspeech --model /home/rohit/deepspeech/pretrained/v073/deepspeech-0.7.3-models.pbmm --scorer /home/rohit/deepspeech/pretrained/v073/deepspeech-0.7.3-models.scorer --audio /home/rohit/PyWDUbuntu/thesis/audio/wavs/fromMic/mic_wav_file1.wav
LOG_LEVEL INFO : 2020-10-12 23:35:20,034 :: 	Inference:
make me a story about a dog and a cat
LOG_LEVEL INFO : 2020-10-12 23:35:20,034 :: 

	Command number 2:
deepspeech --model /home/rohit/deepspeech/pretrained/v073/deepspeech-0.7.3-models.pbmm --scorer /home/rohit/deepspeech/pretrained/v073/deepspeech-0.7.3-models.scorer --audio /home/rohit/PyWDUbuntu/thesis/audio/wavs/fromMic/mic_wav_file2.wav
LOG_LEVEL INFO : 2020-10-12 23:35:27,016 :: 	Inference:
a drug is driving on the road
LOG_LEVEL INFO : 2020-10-12 23:35:27,017 :: 

	Command number 3:
deepspeech --model /home/rohit/deepspeech/pretrained/v073/deepspeech-0.7.3-models.pbmm --scorer /home/rohit/deepspeech/pretrained/v073/deepspeech-0.7.3-models.scorer --audio /home/rohit/PyWDUbuntu/thesis/audio/wavs/fromMic/mic_wav_file3.wav
LOG_LEVEL INFO : 2020-10-12 23:35:45,188 :: 	Inference:
an aeroplane is flying in the sky
LOG_LEVEL INFO : 2020-10-12 23:35:51,294 :: 
After STT logic execution:
stt_logic_RC = 0
stt_logic_msg = None
stt_module_results = ['make me a story about a dog and a cat', 'a drug is driving on the road', 'an aeroplane is flying in the sky']

LOG_LEVEL INFO : 2020-10-12 23:35:51,294 :: 


Normal exit from program.

