LOG_LEVEL INFO : 2020-10-15 15:18:40,006 :: 

-------------------------------------------------------------------
-------------------------------------------------------------------
    STAGE 1)  STARTING EXECUTION OF MIC INPUT + STT LOGIC          
-------------------------------------------------------------------
-------------------------------------------------------------------


LOG_LEVEL INFO : 2020-10-15 15:18:40,006 :: 

Running WITH mic input


LOG_LEVEL INFO : 2020-10-15 15:18:48,539 :: 
Did not play as file path was HYPHENS

LOG_LEVEL INFO : 2020-10-15 15:18:50,779 :: 
Premature click of Confirm button...no action taken.

LOG_LEVEL DEBUG : 2020-10-15 15:18:53,827 :: 
Recording parameters:
chunk                    = 1024
channels                 = 1
sampling frequency       = 16000 Hz
sample_format            = 16 bit
DATA_APPEND_SECS         = 3
Listen time limit (secs) = 10
File to be recorded      =
	/home/rohit/PyWDUbuntu/thesis/audio/wavs/fromMic/st_MIC_file2.wav
LOG_LEVEL DEBUG : 2020-10-15 15:18:53,993 :: 
Started listening....

LOG_LEVEL INFO : 2020-10-15 15:19:05,796 :: 
Stopped recording: reached max recording time limit = 10 seconds
LOG_LEVEL INFO : 2020-10-15 15:19:05,805 :: 
Recorded successfully here: /home/rohit/PyWDUbuntu/thesis/audio/wavs/fromMic/st_MIC_file2.wav
Duration = 11.78 seconds

LOG_LEVEL INFO : 2020-10-15 15:19:06,723 :: 
Attempting to play: /home/rohit/PyWDUbuntu/thesis/audio/wavs/fromMic/st_MIC_file2.wav

LOG_LEVEL INFO : 2020-10-15 15:19:18,455 :: 
Finished playing file

LOG_LEVEL INFO : 2020-10-15 15:19:19,915 :: 
Did not play as file path was HYPHENS

LOG_LEVEL DEBUG : 2020-10-15 15:19:22,779 :: 
Recording parameters:
chunk                    = 1024
channels                 = 1
sampling frequency       = 16000 Hz
sample_format            = 16 bit
DATA_APPEND_SECS         = 3
Listen time limit (secs) = 10
File to be recorded      =
	/home/rohit/PyWDUbuntu/thesis/audio/wavs/fromMic/st_MIC_file3.wav
LOG_LEVEL DEBUG : 2020-10-15 15:19:22,962 :: 
Started listening....

LOG_LEVEL INFO : 2020-10-15 15:19:34,778 :: 
Stopped recording: reached max recording time limit = 10 seconds
LOG_LEVEL INFO : 2020-10-15 15:19:34,787 :: 
Recorded successfully here: /home/rohit/PyWDUbuntu/thesis/audio/wavs/fromMic/st_MIC_file3.wav
Duration = 11.78 seconds

LOG_LEVEL INFO : 2020-10-15 15:19:36,515 :: 
Attempting to play: /home/rohit/PyWDUbuntu/thesis/audio/wavs/fromMic/st_MIC_file3.wav

LOG_LEVEL INFO : 2020-10-15 15:19:48,240 :: 
Finished playing file

LOG_LEVEL INFO : 2020-10-15 15:19:49,163 :: 
Premature click of Confirm button...no action taken.

LOG_LEVEL DEBUG : 2020-10-15 15:19:52,979 :: 
Recording parameters:
chunk                    = 1024
channels                 = 1
sampling frequency       = 16000 Hz
sample_format            = 16 bit
DATA_APPEND_SECS         = 3
Listen time limit (secs) = 10
File to be recorded      =
	/home/rohit/PyWDUbuntu/thesis/audio/wavs/fromMic/st_MIC_file1.wav
LOG_LEVEL DEBUG : 2020-10-15 15:19:53,138 :: 
Started listening....

LOG_LEVEL INFO : 2020-10-15 15:20:04,941 :: 
Stopped recording: reached max recording time limit = 10 seconds
LOG_LEVEL INFO : 2020-10-15 15:20:04,949 :: 
Recorded successfully here: /home/rohit/PyWDUbuntu/thesis/audio/wavs/fromMic/st_MIC_file1.wav
Duration = 11.78 seconds

LOG_LEVEL INFO : 2020-10-15 15:20:06,483 :: 
Attempting to play: /home/rohit/PyWDUbuntu/thesis/audio/wavs/fromMic/st_MIC_file1.wav

LOG_LEVEL INFO : 2020-10-15 15:20:18,223 :: 
Finished playing file

LOG_LEVEL INFO : 2020-10-15 15:20:20,099 :: 
Premature click of Confirm button...no action taken.

LOG_LEVEL INFO : 2020-10-15 15:20:29,811 :: 
Premature click of Confirm button...no action taken.

LOG_LEVEL INFO : 2020-10-15 15:20:34,130 :: 
File for wavlocfile created containing locations of Wav files

LOG_LEVEL INFO : 2020-10-15 15:20:34,131 :: 
After MIC INPUT + STT logic execution:
mic_stt_logic_RC = 0
mic_stt_logic_msg = None
mic_stt_module_results = ['some dummy output inserted for file 1', 'some dummy output inserted for file 2', 'some dummy output inserted for file 3']

LOG_LEVEL INFO : 2020-10-15 15:20:34,131 :: 


Normal exit from program.

