LOG_LEVEL INFO : 2020-10-07 20:51:38,082 :: 

-------------------------------------------------------------------
-------------------------------------------------------------------
              STARTING EXECUTION OF STT LOGIC                      
-------------------------------------------------------------------
-------------------------------------------------------------------


LOG_LEVEL INFO : 2020-10-07 20:51:38,082 :: 
Following wav files are found to process:
LOG_LEVEL INFO : 2020-10-07 20:51:38,082 :: 	1) /home/rohit/PyWDUbuntu/thesis/combined_execution/audio/wavs/st_1_HM_Rohit_file1.wav
LOG_LEVEL INFO : 2020-10-07 20:51:38,082 :: 	2) /home/rohit/PyWDUbuntu/thesis/combined_execution/audio/wavs/st_1_HM_Rohit_file2.wav
LOG_LEVEL INFO : 2020-10-07 20:51:38,083 :: 	3) /home/rohit/PyWDUbuntu/thesis/combined_execution/audio/wavs/st_1_HM_Rohit_file3.wav
LOG_LEVEL DEBUG : 2020-10-07 20:51:38,083 :: 

ds_inf_cmd_fixed=
deepspeech --model /home/rohit/deepspeech/pretrained/v073/deepspeech-0.7.3-models.pbmm --scorer /home/rohit/deepspeech/pretrained/v073/deepspeech-0.7.3-models.scorer --audio 


LOG_LEVEL INFO : 2020-10-07 20:51:38,083 :: 

Commencing model inference from Deepspeech version 0.7.3.

LOG_LEVEL INFO : 2020-10-07 20:51:38,083 :: 

	Command number 1:
deepspeech --model /home/rohit/deepspeech/pretrained/v073/deepspeech-0.7.3-models.pbmm --scorer /home/rohit/deepspeech/pretrained/v073/deepspeech-0.7.3-models.scorer --audio /home/rohit/PyWDUbuntu/thesis/combined_execution/audio/wavs/st_1_HM_Rohit_file1.wav
LOG_LEVEL INFO : 2020-10-07 20:51:40,597 :: 	Inference:
me me a tory about persons sitting at table the blanchards
LOG_LEVEL INFO : 2020-10-07 20:51:40,597 :: 

	Command number 2:
deepspeech --model /home/rohit/deepspeech/pretrained/v073/deepspeech-0.7.3-models.pbmm --scorer /home/rohit/deepspeech/pretrained/v073/deepspeech-0.7.3-models.scorer --audio /home/rohit/PyWDUbuntu/thesis/combined_execution/audio/wavs/st_1_HM_Rohit_file2.wav
LOG_LEVEL INFO : 2020-10-07 20:51:42,991 :: 	Inference:
i want a story about a car on the road a child plays with a toy
LOG_LEVEL INFO : 2020-10-07 20:51:42,991 :: 

	Command number 3:
deepspeech --model /home/rohit/deepspeech/pretrained/v073/deepspeech-0.7.3-models.pbmm --scorer /home/rohit/deepspeech/pretrained/v073/deepspeech-0.7.3-models.scorer --audio /home/rohit/PyWDUbuntu/thesis/combined_execution/audio/wavs/st_1_HM_Rohit_file3.wav
LOG_LEVEL INFO : 2020-10-07 20:51:45,717 :: 	Inference:
generate a story about persons walking on the street a truck is on the road
LOG_LEVEL INFO : 2020-10-07 20:51:48,268 :: 
After STT logic execution:
stt_logic_RC = 0
stt_logic_msg = None
stt_module_results = ['me me a tory about persons sitting at table the blanchards', 'i want a story about a car on the road a child plays with a toy', 'generate a story about persons walking on the street a truck is on the road']

LOG_LEVEL INFO : 2020-10-07 20:51:48,268 :: 

-------------------------------------------------------------------
-------------------------------------------------------------------
       STARTING EXECUTION OF IDENTIFY KEYWORDS LOGIC               
-------------------------------------------------------------------
-------------------------------------------------------------------


LOG_LEVEL DEBUG : 2020-10-07 20:51:51,129 :: 

The following sentences will be processed:

LOG_LEVEL DEBUG : 2020-10-07 20:51:51,129 :: 	Sentence 1 :
me me a tory about persons sitting at table the blanchards
LOG_LEVEL DEBUG : 2020-10-07 20:51:51,129 :: 	Sentence 2 :
i want a story about a car on the road a child plays with a toy
LOG_LEVEL DEBUG : 2020-10-07 20:51:51,129 :: 	Sentence 3 :
generate a story about persons walking on the street a truck is on the road
LOG_LEVEL INFO : 2020-10-07 20:51:51,129 :: 

Words of each input sentence:

LOG_LEVEL INFO : 2020-10-07 20:51:51,129 :: 	Sentence 1 :
['me', 'me', 'a', 'tory', 'about', 'persons', 'sitting', 'at', 'table', 'the', 'blanchards']
LOG_LEVEL INFO : 2020-10-07 20:51:51,129 :: 	Sentence 2 :
['i', 'want', 'a', 'story', 'about', 'a', 'car', 'on', 'the', 'road', 'a', 'child', 'plays', 'with', 'a', 'toy']
LOG_LEVEL INFO : 2020-10-07 20:51:51,129 :: 	Sentence 3 :
['generate', 'a', 'story', 'about', 'persons', 'walking', 'on', 'the', 'street', 'a', 'truck', 'is', 'on', 'the', 'road']
LOG_LEVEL INFO : 2020-10-07 20:51:51,129 :: 

Words of each input sentence after removing all stop words:

LOG_LEVEL INFO : 2020-10-07 20:51:51,129 :: 	Sentence 1 :
['tory', 'persons', 'sitting', 'table', 'blanchards']
LOG_LEVEL INFO : 2020-10-07 20:51:51,129 :: 	Sentence 2 :
['want', 'story', 'car', 'road', 'child', 'plays', 'toy']
LOG_LEVEL INFO : 2020-10-07 20:51:51,130 :: 	Sentence 3 :
['generate', 'story', 'persons', 'walking', 'street', 'truck', 'road']
LOG_LEVEL INFO : 2020-10-07 20:51:51,130 :: 

Joining the non-stop words as a new sentence (for readability only):

LOG_LEVEL INFO : 2020-10-07 20:51:51,130 :: 	New sentence 1 :
tory persons sitting table blanchards
LOG_LEVEL INFO : 2020-10-07 20:51:51,130 :: 	New sentence 2 :
want story car road child plays toy
LOG_LEVEL INFO : 2020-10-07 20:51:51,130 :: 	New sentence 3 :
generate story persons walking street truck road
LOG_LEVEL INFO : 2020-10-07 20:51:51,143 :: 

All non-stop words pos info:

LOG_LEVEL INFO : 2020-10-07 20:51:51,144 :: .........
LOG_LEVEL INFO : 2020-10-07 20:51:51,144 :: Sentence 1, word 1 :
{'text': 'tory', 'lemma_': 'tory', 'pos_': 'PROPN', 'tag_': 'NNP', 'dep_': 'compound', 'shape_': 'xxxx', 'is_alpha': True, 'is_stop': False}
LOG_LEVEL INFO : 2020-10-07 20:51:51,144 :: Sentence 1, word 2 :
{'text': 'persons', 'lemma_': 'person', 'pos_': 'NOUN', 'tag_': 'NNS', 'dep_': 'nsubj', 'shape_': 'xxxx', 'is_alpha': True, 'is_stop': False}
LOG_LEVEL INFO : 2020-10-07 20:51:51,144 :: Sentence 1, word 3 :
{'text': 'sitting', 'lemma_': 'sit', 'pos_': 'VERB', 'tag_': 'VBG', 'dep_': 'ROOT', 'shape_': 'xxxx', 'is_alpha': True, 'is_stop': False}
LOG_LEVEL INFO : 2020-10-07 20:51:51,144 :: Sentence 1, word 4 :
{'text': 'table', 'lemma_': 'table', 'pos_': 'NOUN', 'tag_': 'NN', 'dep_': 'compound', 'shape_': 'xxxx', 'is_alpha': True, 'is_stop': False}
LOG_LEVEL INFO : 2020-10-07 20:51:51,144 :: Sentence 1, word 5 :
{'text': 'blanchards', 'lemma_': 'blanchard', 'pos_': 'NOUN', 'tag_': 'NNS', 'dep_': 'dobj', 'shape_': 'xxxx', 'is_alpha': True, 'is_stop': False}
LOG_LEVEL INFO : 2020-10-07 20:51:51,144 :: .........
LOG_LEVEL INFO : 2020-10-07 20:51:51,144 :: Sentence 2, word 1 :
{'text': 'want', 'lemma_': 'want', 'pos_': 'VERB', 'tag_': 'VBP', 'dep_': 'ROOT', 'shape_': 'xxxx', 'is_alpha': True, 'is_stop': False}
LOG_LEVEL INFO : 2020-10-07 20:51:51,144 :: Sentence 2, word 2 :
{'text': 'story', 'lemma_': 'story', 'pos_': 'NOUN', 'tag_': 'NN', 'dep_': 'compound', 'shape_': 'xxxx', 'is_alpha': True, 'is_stop': False}
LOG_LEVEL INFO : 2020-10-07 20:51:51,144 :: Sentence 2, word 3 :
{'text': 'car', 'lemma_': 'car', 'pos_': 'NOUN', 'tag_': 'NN', 'dep_': 'compound', 'shape_': 'xxx', 'is_alpha': True, 'is_stop': False}
LOG_LEVEL INFO : 2020-10-07 20:51:51,144 :: Sentence 2, word 4 :
{'text': 'road', 'lemma_': 'road', 'pos_': 'NOUN', 'tag_': 'NN', 'dep_': 'compound', 'shape_': 'xxxx', 'is_alpha': True, 'is_stop': False}
LOG_LEVEL INFO : 2020-10-07 20:51:51,144 :: Sentence 2, word 5 :
{'text': 'child', 'lemma_': 'child', 'pos_': 'NOUN', 'tag_': 'NN', 'dep_': 'nsubj', 'shape_': 'xxxx', 'is_alpha': True, 'is_stop': False}
LOG_LEVEL INFO : 2020-10-07 20:51:51,144 :: Sentence 2, word 6 :
{'text': 'plays', 'lemma_': 'play', 'pos_': 'VERB', 'tag_': 'VBZ', 'dep_': 'ccomp', 'shape_': 'xxxx', 'is_alpha': True, 'is_stop': False}
LOG_LEVEL INFO : 2020-10-07 20:51:51,144 :: Sentence 2, word 7 :
{'text': 'toy', 'lemma_': 'toy', 'pos_': 'NOUN', 'tag_': 'NN', 'dep_': 'dobj', 'shape_': 'xxx', 'is_alpha': True, 'is_stop': False}
LOG_LEVEL INFO : 2020-10-07 20:51:51,144 :: .........
LOG_LEVEL INFO : 2020-10-07 20:51:51,144 :: Sentence 3, word 1 :
{'text': 'generate', 'lemma_': 'generate', 'pos_': 'VERB', 'tag_': 'VB', 'dep_': 'ROOT', 'shape_': 'xxxx', 'is_alpha': True, 'is_stop': False}
LOG_LEVEL INFO : 2020-10-07 20:51:51,144 :: Sentence 3, word 2 :
{'text': 'story', 'lemma_': 'story', 'pos_': 'NOUN', 'tag_': 'NN', 'dep_': 'compound', 'shape_': 'xxxx', 'is_alpha': True, 'is_stop': False}
LOG_LEVEL INFO : 2020-10-07 20:51:51,144 :: Sentence 3, word 3 :
{'text': 'persons', 'lemma_': 'person', 'pos_': 'NOUN', 'tag_': 'NNS', 'dep_': 'dobj', 'shape_': 'xxxx', 'is_alpha': True, 'is_stop': False}
LOG_LEVEL INFO : 2020-10-07 20:51:51,144 :: Sentence 3, word 4 :
{'text': 'walking', 'lemma_': 'walk', 'pos_': 'VERB', 'tag_': 'VBG', 'dep_': 'acl', 'shape_': 'xxxx', 'is_alpha': True, 'is_stop': False}
LOG_LEVEL INFO : 2020-10-07 20:51:51,144 :: Sentence 3, word 5 :
{'text': 'street', 'lemma_': 'street', 'pos_': 'PROPN', 'tag_': 'NNP', 'dep_': 'compound', 'shape_': 'xxxx', 'is_alpha': True, 'is_stop': False}
LOG_LEVEL INFO : 2020-10-07 20:51:51,145 :: Sentence 3, word 6 :
{'text': 'truck', 'lemma_': 'truck', 'pos_': 'NOUN', 'tag_': 'NN', 'dep_': 'compound', 'shape_': 'xxxx', 'is_alpha': True, 'is_stop': False}
LOG_LEVEL INFO : 2020-10-07 20:51:51,145 :: Sentence 3, word 7 :
{'text': 'road', 'lemma_': 'road', 'pos_': 'NOUN', 'tag_': 'NN', 'dep_': 'dobj', 'shape_': 'xxxx', 'is_alpha': True, 'is_stop': False}
LOG_LEVEL INFO : 2020-10-07 20:51:51,145 :: 

All POS info file successfully created here:
/home/rohit/PyWDUbuntu/thesis/combined_execution/IdElements/all_words_pos_info_1.txt


LOG_LEVEL INFO : 2020-10-07 20:51:51,145 :: 

Candidate keywords AFTER matching against class labels:
[['person'], ['car'], ['truck', 'person']]


LOG_LEVEL DEBUG : 2020-10-07 20:51:51,145 :: 

Candidate key words BEFORE any changes for sentence 1 :
['person']

LOG_LEVEL DEBUG : 2020-10-07 20:51:56,226 :: 

CONFIRM SELECTIONS BUTTON PRESSED

LOG_LEVEL DEBUG : 2020-10-07 20:51:56,227 :: 
Deselected positions=
[0]


LOG_LEVEL DEBUG : 2020-10-07 20:51:56,241 :: 

Candidate key words BEFORE any changes for sentence 2 :
['car']

LOG_LEVEL DEBUG : 2020-10-07 20:51:58,906 :: 

CONFIRM SELECTIONS BUTTON PRESSED

LOG_LEVEL DEBUG : 2020-10-07 20:51:58,907 :: 
Deselected positions=
[]


LOG_LEVEL DEBUG : 2020-10-07 20:51:58,923 :: 

Candidate key words BEFORE any changes for sentence 3 :
['truck', 'person']

LOG_LEVEL DEBUG : 2020-10-07 20:52:00,466 :: 

CONFIRM SELECTIONS BUTTON PRESSED

LOG_LEVEL DEBUG : 2020-10-07 20:52:00,467 :: 
Deselected positions=
[]


LOG_LEVEL DEBUG : 2020-10-07 20:52:00,482 :: 
Sentence 1:
BEFORE = ['person']
Deselected = [0]
AFTER = []

LOG_LEVEL DEBUG : 2020-10-07 20:52:00,482 :: 
Sentence 2:
BEFORE = ['car']
Deselected = []
AFTER = ['car']

LOG_LEVEL DEBUG : 2020-10-07 20:52:00,482 :: 
Sentence 3:
BEFORE = ['truck', 'person']
Deselected = []
AFTER = ['truck', 'person']

LOG_LEVEL INFO : 2020-10-07 20:52:00,878 :: 
After ID KEYWORDS AND SELECTION logic execution:
id_elements_logic_RC = 0
id_elements_logic_msg = None
id_elements_module_results = [[], ['car'], ['truck', 'person']]

LOG_LEVEL INFO : 2020-10-07 20:52:00,878 :: 

-------------------------------------------------------------------
-------------------------------------------------------------------
          STARTING EXECUTION OF QUERY NEO4J LOGIC                  
-------------------------------------------------------------------
-------------------------------------------------------------------


LOG_LEVEL DEBUG : 2020-10-07 20:52:00,878 :: 

type key_elements_list = <class 'list'>
key_elements_list =
[[], ['car'], ['truck', 'person']]
LOG_LEVEL DEBUG : 2020-10-07 20:52:00,986 :: [#0000]  C: <RESOLVE> ('localhost', 7687)
LOG_LEVEL DEBUG : 2020-10-07 20:52:00,986 :: [#0000]  C: <OPEN> ('127.0.0.1', 7687)
LOG_LEVEL DEBUG : 2020-10-07 20:52:00,986 :: [#B202]  C: <MAGIC> 0x6060B017
LOG_LEVEL DEBUG : 2020-10-07 20:52:00,986 :: [#B202]  C: <HANDSHAKE> 0x00000003 0x00000002 0x00000001 0x00000000
LOG_LEVEL DEBUG : 2020-10-07 20:52:00,988 :: [#B202]  S: <HANDSHAKE> 0x00000003
LOG_LEVEL DEBUG : 2020-10-07 20:52:00,988 :: [#B202]  C: HELLO {'user_agent': 'neobolt/1.7.17 Python/3.7.7-final-0 (linux)', 'scheme': 'basic', 'principal': 'neo4j', 'credentials': '*******'}
LOG_LEVEL DEBUG : 2020-10-07 20:52:00,990 :: [#B202]  S: SUCCESS {'server': 'Neo4j/4.0.3', 'connection_id': 'bolt-10'}
LOG_LEVEL DEBUG : 2020-10-07 20:52:00,990 :: [#B202]  C: BEGIN {}
LOG_LEVEL DEBUG : 2020-10-07 20:52:00,991 :: [#0000]  C: <RESOLVE> ('localhost', 7687)
LOG_LEVEL DEBUG : 2020-10-07 20:52:00,991 :: [#0000]  C: <OPEN> ('127.0.0.1', 7687)
LOG_LEVEL DEBUG : 2020-10-07 20:52:00,991 :: [#B204]  C: <MAGIC> 0x6060B017
LOG_LEVEL DEBUG : 2020-10-07 20:52:00,991 :: [#B204]  C: <HANDSHAKE> 0x00000003 0x00000002 0x00000001 0x00000000
LOG_LEVEL DEBUG : 2020-10-07 20:52:00,993 :: [#B204]  S: <HANDSHAKE> 0x00000003
LOG_LEVEL DEBUG : 2020-10-07 20:52:00,993 :: [#B204]  C: HELLO {'user_agent': 'neobolt/1.7.17 Python/3.7.7-final-0 (linux)', 'scheme': 'basic', 'principal': 'neo4j', 'credentials': '*******'}
LOG_LEVEL DEBUG : 2020-10-07 20:52:00,994 :: [#B204]  S: SUCCESS {'server': 'Neo4j/4.0.3', 'connection_id': 'bolt-11'}
LOG_LEVEL DEBUG : 2020-10-07 20:52:00,994 :: [#B204]  C: BEGIN {}
LOG_LEVEL DEBUG : 2020-10-07 20:52:00,994 :: [#B204]  C: RUN 'MATCH (o1:Object)-[r1:HAS]-(i:Image) WHERE o1.name = $in_obj1 AND r1.score > $in_r1_score AND i.dataset IN [$in_src_ds_1 , $in_src_ds_2]RETURN DISTINCT i.name as Image, i.dataset as Source LIMIT $in_limit' {'in_obj1': 'car', 'in_limit': 20, 'in_r1_score': 90.0, 'in_src_ds_1': 'flickr30k', 'in_src_ds_2': 'coco_test_2017'} {}
LOG_LEVEL DEBUG : 2020-10-07 20:52:00,995 :: [#B204]  C: PULL_ALL
LOG_LEVEL DEBUG : 2020-10-07 20:52:01,010 :: [#B204]  S: SUCCESS {}
LOG_LEVEL DEBUG : 2020-10-07 20:52:01,010 :: [#B204]  S: SUCCESS {'t_first': 2, 'fields': ['Image', 'Source']}
LOG_LEVEL DEBUG : 2020-10-07 20:52:01,011 :: [#B204]  S: RECORD * 20
LOG_LEVEL DEBUG : 2020-10-07 20:52:01,011 :: [#B204]  S: SUCCESS {'type': 'r', 't_last': 12}
LOG_LEVEL DEBUG : 2020-10-07 20:52:01,011 :: [#0000]  C: <RESOLVE> ('localhost', 7687)
LOG_LEVEL DEBUG : 2020-10-07 20:52:01,011 :: [#0000]  C: <OPEN> ('127.0.0.1', 7687)
LOG_LEVEL DEBUG : 2020-10-07 20:52:01,011 :: [#B206]  C: <MAGIC> 0x6060B017
LOG_LEVEL DEBUG : 2020-10-07 20:52:01,011 :: [#B206]  C: <HANDSHAKE> 0x00000003 0x00000002 0x00000001 0x00000000
LOG_LEVEL DEBUG : 2020-10-07 20:52:01,013 :: [#B206]  S: <HANDSHAKE> 0x00000003
LOG_LEVEL DEBUG : 2020-10-07 20:52:01,013 :: [#B206]  C: HELLO {'user_agent': 'neobolt/1.7.17 Python/3.7.7-final-0 (linux)', 'scheme': 'basic', 'principal': 'neo4j', 'credentials': '*******'}
LOG_LEVEL DEBUG : 2020-10-07 20:52:01,014 :: [#B206]  S: SUCCESS {'server': 'Neo4j/4.0.3', 'connection_id': 'bolt-12'}
LOG_LEVEL DEBUG : 2020-10-07 20:52:01,014 :: [#B206]  C: BEGIN {}
LOG_LEVEL DEBUG : 2020-10-07 20:52:01,014 :: [#B206]  C: RUN 'MATCH (o1:Object)-[r1:HAS]-(i:Image)-[r2:HAS]-(o2:Object) WHERE o1.name = $in_obj1 AND o2.name = $in_obj2 AND r1.score > $in_r1_score AND r2.score > $in_r2_score AND i.dataset IN [$in_src_ds_1 , $in_src_ds_2]RETURN DISTINCT i.name as Image, i.dataset as Source LIMIT $in_limit' {'in_obj1': 'truck', 'in_obj2': 'person', 'in_limit': 20, 'in_r1_score': 90.0, 'in_r2_score': 90.0, 'in_src_ds_1': 'flickr30k', 'in_src_ds_2': 'coco_test_2017'} {}
LOG_LEVEL DEBUG : 2020-10-07 20:52:01,015 :: [#B206]  C: PULL_ALL
LOG_LEVEL DEBUG : 2020-10-07 20:52:01,375 :: [#B206]  S: SUCCESS {}
LOG_LEVEL DEBUG : 2020-10-07 20:52:01,375 :: [#B206]  S: SUCCESS {'t_first': 1, 'fields': ['Image', 'Source']}
LOG_LEVEL DEBUG : 2020-10-07 20:52:01,375 :: [#B206]  S: RECORD * 20
LOG_LEVEL DEBUG : 2020-10-07 20:52:01,375 :: [#B206]  S: SUCCESS {'type': 'r', 't_last': 359}
LOG_LEVEL INFO : 2020-10-07 20:52:01,376 :: 
After QUERY NEO4J logic execution, Database query results - Candidate Images at this stage:

LOG_LEVEL INFO : 2020-10-07 20:52:01,376 :: 
Query 1) Keywords: []
Query result:
[]
LOG_LEVEL INFO : 2020-10-07 20:52:01,376 :: 
Query 2) Keywords: ['car']
Query result:
[{'Image': '000000033825.jpg', 'Source': 'coco_test_2017'}, {'Image': '000000155796.jpg', 'Source': 'coco_test_2017'}, {'Image': '000000139832.jpg', 'Source': 'coco_test_2017'}, {'Image': '000000103436.jpg', 'Source': 'coco_test_2017'}, {'Image': '000000146856.jpg', 'Source': 'coco_test_2017'}, {'Image': '000000088355.jpg', 'Source': 'coco_test_2017'}, {'Image': '000000088316.jpg', 'Source': 'coco_test_2017'}, {'Image': '000000039056.jpg', 'Source': 'coco_test_2017'}, {'Image': '000000224207.jpg', 'Source': 'coco_test_2017'}, {'Image': '000000292604.jpg', 'Source': 'coco_test_2017'}, {'Image': '000000215662.jpg', 'Source': 'coco_test_2017'}, {'Image': '000000313777.jpg', 'Source': 'coco_test_2017'}, {'Image': '000000449668.jpg', 'Source': 'coco_test_2017'}, {'Image': '000000570335.jpg', 'Source': 'coco_test_2017'}, {'Image': '000000320027.jpg', 'Source': 'coco_test_2017'}, {'Image': '000000509717.jpg', 'Source': 'coco_test_2017'}, {'Image': '000000016791.jpg', 'Source': 'coco_test_2017'}, {'Image': '000000062494.jpg', 'Source': 'coco_test_2017'}, {'Image': '000000231699.jpg', 'Source': 'coco_test_2017'}, {'Image': '000000159330.jpg', 'Source': 'coco_test_2017'}]
LOG_LEVEL INFO : 2020-10-07 20:52:01,376 :: 
Query 3) Keywords: ['truck', 'person']
Query result:
[{'Image': '000000169542.jpg', 'Source': 'coco_test_2017'}, {'Image': '000000169516.jpg', 'Source': 'coco_test_2017'}, {'Image': '000000292186.jpg', 'Source': 'coco_test_2017'}, {'Image': '000000146747.jpg', 'Source': 'coco_test_2017'}, {'Image': '000000168815.jpg', 'Source': 'coco_test_2017'}, {'Image': '000000168743.jpg', 'Source': 'coco_test_2017'}, {'Image': '000000265504.jpg', 'Source': 'coco_test_2017'}, {'Image': '000000225081.jpg', 'Source': 'coco_test_2017'}, {'Image': '000000225051.jpg', 'Source': 'coco_test_2017'}, {'Image': '000000241061.jpg', 'Source': 'coco_test_2017'}, {'Image': '000000230729.jpg', 'Source': 'coco_test_2017'}, {'Image': '000000526988.jpg', 'Source': 'coco_test_2017'}, {'Image': '000000006844.jpg', 'Source': 'coco_test_2017'}, {'Image': '000000078095.jpg', 'Source': 'coco_test_2017'}, {'Image': '000000079789.jpg', 'Source': 'coco_test_2017'}, {'Image': '000000039440.jpg', 'Source': 'coco_test_2017'}, {'Image': '000000121451.jpg', 'Source': 'coco_test_2017'}, {'Image': '000000562653.jpg', 'Source': 'coco_test_2017'}, {'Image': '000000254474.jpg', 'Source': 'coco_test_2017'}, {'Image': '000000279257.jpg', 'Source': 'coco_test_2017'}]
LOG_LEVEL INFO : 2020-10-07 20:52:01,376 :: 

-------------------------------------------------------------------
-------------------------------------------------------------------
  STARTING EXECUTION OF IMAGE SELECTION VIA GUI                    
-------------------------------------------------------------------
-------------------------------------------------------------------


LOG_LEVEL DEBUG : 2020-10-07 20:52:03,546 :: 
Completed selection process - Query number 1
Number of images before selection began = 0
Number of images Deselected by user = 0.
Number of images that will remain = 0

LOG_LEVEL DEBUG : 2020-10-07 20:52:04,907 :: Num of images = 20
array=
['/media/rohit/DATA/EverythingD/01SRH-BDBA Acads/Thesis/StoryGenerator/Data/COCO_test2017_41k/test2017/000000033825.jpg', '/media/rohit/DATA/EverythingD/01SRH-BDBA Acads/Thesis/StoryGenerator/Data/COCO_test2017_41k/test2017/000000155796.jpg', '/media/rohit/DATA/EverythingD/01SRH-BDBA Acads/Thesis/StoryGenerator/Data/COCO_test2017_41k/test2017/000000139832.jpg', '/media/rohit/DATA/EverythingD/01SRH-BDBA Acads/Thesis/StoryGenerator/Data/COCO_test2017_41k/test2017/000000103436.jpg', '/media/rohit/DATA/EverythingD/01SRH-BDBA Acads/Thesis/StoryGenerator/Data/COCO_test2017_41k/test2017/000000146856.jpg', '/media/rohit/DATA/EverythingD/01SRH-BDBA Acads/Thesis/StoryGenerator/Data/COCO_test2017_41k/test2017/000000088355.jpg', '/media/rohit/DATA/EverythingD/01SRH-BDBA Acads/Thesis/StoryGenerator/Data/COCO_test2017_41k/test2017/000000088316.jpg', '/media/rohit/DATA/EverythingD/01SRH-BDBA Acads/Thesis/StoryGenerator/Data/COCO_test2017_41k/test2017/000000039056.jpg', '/media/rohit/DATA/EverythingD/01SRH-BDBA Acads/Thesis/StoryGenerator/Data/COCO_test2017_41k/test2017/000000224207.jpg', '/media/rohit/DATA/EverythingD/01SRH-BDBA Acads/Thesis/StoryGenerator/Data/COCO_test2017_41k/test2017/000000292604.jpg', '/media/rohit/DATA/EverythingD/01SRH-BDBA Acads/Thesis/StoryGenerator/Data/COCO_test2017_41k/test2017/000000215662.jpg', '/media/rohit/DATA/EverythingD/01SRH-BDBA Acads/Thesis/StoryGenerator/Data/COCO_test2017_41k/test2017/000000313777.jpg', '/media/rohit/DATA/EverythingD/01SRH-BDBA Acads/Thesis/StoryGenerator/Data/COCO_test2017_41k/test2017/000000449668.jpg', '/media/rohit/DATA/EverythingD/01SRH-BDBA Acads/Thesis/StoryGenerator/Data/COCO_test2017_41k/test2017/000000570335.jpg', '/media/rohit/DATA/EverythingD/01SRH-BDBA Acads/Thesis/StoryGenerator/Data/COCO_test2017_41k/test2017/000000320027.jpg', '/media/rohit/DATA/EverythingD/01SRH-BDBA Acads/Thesis/StoryGenerator/Data/COCO_test2017_41k/test2017/000000509717.jpg', '/media/rohit/DATA/EverythingD/01SRH-BDBA Acads/Thesis/StoryGenerator/Data/COCO_test2017_41k/test2017/000000016791.jpg', '/media/rohit/DATA/EverythingD/01SRH-BDBA Acads/Thesis/StoryGenerator/Data/COCO_test2017_41k/test2017/000000062494.jpg', '/media/rohit/DATA/EverythingD/01SRH-BDBA Acads/Thesis/StoryGenerator/Data/COCO_test2017_41k/test2017/000000231699.jpg', '/media/rohit/DATA/EverythingD/01SRH-BDBA Acads/Thesis/StoryGenerator/Data/COCO_test2017_41k/test2017/000000159330.jpg']

LOG_LEVEL INFO : 2020-10-07 20:52:19,186 :: 
For Query 2, Deselected positions=
[1, 2, 3, 5, 6, 7, 8, 9, 10, 12, 13, 16, 17, 18, 19]
LOG_LEVEL DEBUG : 2020-10-07 20:52:19,200 :: 
Completed selection process - Query number 2
Number of images before selection began = 20
Number of images Deselected by user = 15.
Number of images that will remain = 5

LOG_LEVEL DEBUG : 2020-10-07 20:52:20,003 :: Num of images = 20
array=
['/media/rohit/DATA/EverythingD/01SRH-BDBA Acads/Thesis/StoryGenerator/Data/COCO_test2017_41k/test2017/000000169542.jpg', '/media/rohit/DATA/EverythingD/01SRH-BDBA Acads/Thesis/StoryGenerator/Data/COCO_test2017_41k/test2017/000000169516.jpg', '/media/rohit/DATA/EverythingD/01SRH-BDBA Acads/Thesis/StoryGenerator/Data/COCO_test2017_41k/test2017/000000292186.jpg', '/media/rohit/DATA/EverythingD/01SRH-BDBA Acads/Thesis/StoryGenerator/Data/COCO_test2017_41k/test2017/000000146747.jpg', '/media/rohit/DATA/EverythingD/01SRH-BDBA Acads/Thesis/StoryGenerator/Data/COCO_test2017_41k/test2017/000000168815.jpg', '/media/rohit/DATA/EverythingD/01SRH-BDBA Acads/Thesis/StoryGenerator/Data/COCO_test2017_41k/test2017/000000168743.jpg', '/media/rohit/DATA/EverythingD/01SRH-BDBA Acads/Thesis/StoryGenerator/Data/COCO_test2017_41k/test2017/000000265504.jpg', '/media/rohit/DATA/EverythingD/01SRH-BDBA Acads/Thesis/StoryGenerator/Data/COCO_test2017_41k/test2017/000000225081.jpg', '/media/rohit/DATA/EverythingD/01SRH-BDBA Acads/Thesis/StoryGenerator/Data/COCO_test2017_41k/test2017/000000225051.jpg', '/media/rohit/DATA/EverythingD/01SRH-BDBA Acads/Thesis/StoryGenerator/Data/COCO_test2017_41k/test2017/000000241061.jpg', '/media/rohit/DATA/EverythingD/01SRH-BDBA Acads/Thesis/StoryGenerator/Data/COCO_test2017_41k/test2017/000000230729.jpg', '/media/rohit/DATA/EverythingD/01SRH-BDBA Acads/Thesis/StoryGenerator/Data/COCO_test2017_41k/test2017/000000526988.jpg', '/media/rohit/DATA/EverythingD/01SRH-BDBA Acads/Thesis/StoryGenerator/Data/COCO_test2017_41k/test2017/000000006844.jpg', '/media/rohit/DATA/EverythingD/01SRH-BDBA Acads/Thesis/StoryGenerator/Data/COCO_test2017_41k/test2017/000000078095.jpg', '/media/rohit/DATA/EverythingD/01SRH-BDBA Acads/Thesis/StoryGenerator/Data/COCO_test2017_41k/test2017/000000079789.jpg', '/media/rohit/DATA/EverythingD/01SRH-BDBA Acads/Thesis/StoryGenerator/Data/COCO_test2017_41k/test2017/000000039440.jpg', '/media/rohit/DATA/EverythingD/01SRH-BDBA Acads/Thesis/StoryGenerator/Data/COCO_test2017_41k/test2017/000000121451.jpg', '/media/rohit/DATA/EverythingD/01SRH-BDBA Acads/Thesis/StoryGenerator/Data/COCO_test2017_41k/test2017/000000562653.jpg', '/media/rohit/DATA/EverythingD/01SRH-BDBA Acads/Thesis/StoryGenerator/Data/COCO_test2017_41k/test2017/000000254474.jpg', '/media/rohit/DATA/EverythingD/01SRH-BDBA Acads/Thesis/StoryGenerator/Data/COCO_test2017_41k/test2017/000000279257.jpg']

LOG_LEVEL INFO : 2020-10-07 20:52:40,195 :: 
For Query 3, Deselected positions=
[0, 1, 2, 3, 4, 5, 6, 9, 10, 11, 12, 13, 14, 15, 16, 18, 19]
LOG_LEVEL DEBUG : 2020-10-07 20:52:40,217 :: 
Completed selection process - Query number 3
Number of images before selection began = 20
Number of images Deselected by user = 17.
Number of images that will remain = 3

LOG_LEVEL DEBUG : 2020-10-07 20:52:40,217 :: 

-------------------------------- SUMMARY INFORMATON --------------------------------

LOG_LEVEL DEBUG : 2020-10-07 20:52:40,217 :: 
FOR QUERY 1
Number of candidate images before selection = 0
Number of Deselections done = 0
Number of images remaining after Deselections = 0

LOG_LEVEL DEBUG : 2020-10-07 20:52:40,217 :: 
	------ Query images info BEFORE::
[]
	------ Positions removed::
[]
	------ Query images info AFTER::
[]


LOG_LEVEL DEBUG : 2020-10-07 20:52:40,217 :: 
FOR QUERY 2
Number of candidate images before selection = 20
Number of Deselections done = 15
Number of images remaining after Deselections = 5

LOG_LEVEL DEBUG : 2020-10-07 20:52:40,217 :: 
	------ Query images info BEFORE::
[{'Image': '000000033825.jpg', 'Source': 'coco_test_2017'}, {'Image': '000000155796.jpg', 'Source': 'coco_test_2017'}, {'Image': '000000139832.jpg', 'Source': 'coco_test_2017'}, {'Image': '000000103436.jpg', 'Source': 'coco_test_2017'}, {'Image': '000000146856.jpg', 'Source': 'coco_test_2017'}, {'Image': '000000088355.jpg', 'Source': 'coco_test_2017'}, {'Image': '000000088316.jpg', 'Source': 'coco_test_2017'}, {'Image': '000000039056.jpg', 'Source': 'coco_test_2017'}, {'Image': '000000224207.jpg', 'Source': 'coco_test_2017'}, {'Image': '000000292604.jpg', 'Source': 'coco_test_2017'}, {'Image': '000000215662.jpg', 'Source': 'coco_test_2017'}, {'Image': '000000313777.jpg', 'Source': 'coco_test_2017'}, {'Image': '000000449668.jpg', 'Source': 'coco_test_2017'}, {'Image': '000000570335.jpg', 'Source': 'coco_test_2017'}, {'Image': '000000320027.jpg', 'Source': 'coco_test_2017'}, {'Image': '000000509717.jpg', 'Source': 'coco_test_2017'}, {'Image': '000000016791.jpg', 'Source': 'coco_test_2017'}, {'Image': '000000062494.jpg', 'Source': 'coco_test_2017'}, {'Image': '000000231699.jpg', 'Source': 'coco_test_2017'}, {'Image': '000000159330.jpg', 'Source': 'coco_test_2017'}]
	------ Positions removed::
[1, 2, 3, 5, 6, 7, 8, 9, 10, 12, 13, 16, 17, 18, 19]
	------ Query images info AFTER::
[{'Image': '000000033825.jpg', 'Source': 'coco_test_2017'}, {'Image': '000000146856.jpg', 'Source': 'coco_test_2017'}, {'Image': '000000313777.jpg', 'Source': 'coco_test_2017'}, {'Image': '000000320027.jpg', 'Source': 'coco_test_2017'}, {'Image': '000000509717.jpg', 'Source': 'coco_test_2017'}]


LOG_LEVEL DEBUG : 2020-10-07 20:52:40,217 :: 
FOR QUERY 3
Number of candidate images before selection = 20
Number of Deselections done = 17
Number of images remaining after Deselections = 3

LOG_LEVEL DEBUG : 2020-10-07 20:52:40,217 :: 
	------ Query images info BEFORE::
[{'Image': '000000169542.jpg', 'Source': 'coco_test_2017'}, {'Image': '000000169516.jpg', 'Source': 'coco_test_2017'}, {'Image': '000000292186.jpg', 'Source': 'coco_test_2017'}, {'Image': '000000146747.jpg', 'Source': 'coco_test_2017'}, {'Image': '000000168815.jpg', 'Source': 'coco_test_2017'}, {'Image': '000000168743.jpg', 'Source': 'coco_test_2017'}, {'Image': '000000265504.jpg', 'Source': 'coco_test_2017'}, {'Image': '000000225081.jpg', 'Source': 'coco_test_2017'}, {'Image': '000000225051.jpg', 'Source': 'coco_test_2017'}, {'Image': '000000241061.jpg', 'Source': 'coco_test_2017'}, {'Image': '000000230729.jpg', 'Source': 'coco_test_2017'}, {'Image': '000000526988.jpg', 'Source': 'coco_test_2017'}, {'Image': '000000006844.jpg', 'Source': 'coco_test_2017'}, {'Image': '000000078095.jpg', 'Source': 'coco_test_2017'}, {'Image': '000000079789.jpg', 'Source': 'coco_test_2017'}, {'Image': '000000039440.jpg', 'Source': 'coco_test_2017'}, {'Image': '000000121451.jpg', 'Source': 'coco_test_2017'}, {'Image': '000000562653.jpg', 'Source': 'coco_test_2017'}, {'Image': '000000254474.jpg', 'Source': 'coco_test_2017'}, {'Image': '000000279257.jpg', 'Source': 'coco_test_2017'}]
	------ Positions removed::
[0, 1, 2, 3, 4, 5, 6, 9, 10, 11, 12, 13, 14, 15, 16, 18, 19]
	------ Query images info AFTER::
[{'Image': '000000225081.jpg', 'Source': 'coco_test_2017'}, {'Image': '000000225051.jpg', 'Source': 'coco_test_2017'}, {'Image': '000000562653.jpg', 'Source': 'coco_test_2017'}]


LOG_LEVEL INFO : 2020-10-07 20:52:40,217 :: 
After GUI CANDIDATE IMAGES SELECTION logic execution:
gui_candidate_image_selection_logic_RC = 0
gui_candidate_image_selection_logic_msg = None
gui_candidate_image_selection_module_results = [[], [{'Image': '000000033825.jpg', 'Source': 'coco_test_2017'}, {'Image': '000000146856.jpg', 'Source': 'coco_test_2017'}, {'Image': '000000313777.jpg', 'Source': 'coco_test_2017'}, {'Image': '000000320027.jpg', 'Source': 'coco_test_2017'}, {'Image': '000000509717.jpg', 'Source': 'coco_test_2017'}], [{'Image': '000000225081.jpg', 'Source': 'coco_test_2017'}, {'Image': '000000225051.jpg', 'Source': 'coco_test_2017'}, {'Image': '000000562653.jpg', 'Source': 'coco_test_2017'}]]

LOG_LEVEL INFO : 2020-10-07 20:52:40,217 :: 
Images retained after Deselections (to be passed to Auto-caption block):

LOG_LEVEL INFO : 2020-10-07 20:52:40,218 :: 
1) Keywords: []
Selected Images results:
[]
LOG_LEVEL INFO : 2020-10-07 20:52:40,218 :: 
2) Keywords: ['car']
Selected Images results:
[{'Image': '000000033825.jpg', 'Source': 'coco_test_2017'}, {'Image': '000000146856.jpg', 'Source': 'coco_test_2017'}, {'Image': '000000313777.jpg', 'Source': 'coco_test_2017'}, {'Image': '000000320027.jpg', 'Source': 'coco_test_2017'}, {'Image': '000000509717.jpg', 'Source': 'coco_test_2017'}]
LOG_LEVEL INFO : 2020-10-07 20:52:40,218 :: 
3) Keywords: ['truck', 'person']
Selected Images results:
[{'Image': '000000225081.jpg', 'Source': 'coco_test_2017'}, {'Image': '000000225051.jpg', 'Source': 'coco_test_2017'}, {'Image': '000000562653.jpg', 'Source': 'coco_test_2017'}]
LOG_LEVEL INFO : 2020-10-07 20:52:40,218 :: 

-------------------------------------------------------------------
-------------------------------------------------------------------
  STARTING EXECUTION OF IMAGE CAPTIONING                           
-------------------------------------------------------------------
-------------------------------------------------------------------


LOG_LEVEL INFO : 2020-10-07 20:52:42,882 :: 
RNN Decoder model defined with these paramenters:

EMBEDDING_DIMS = 200 , VOCAB_SIZE = 6758 , MAX_LENGTH_CAPTION = 49

Attempting to load weights...
LOG_LEVEL INFO : 2020-10-07 20:52:42,891 :: 
Reloaded Image Captioning Decoder using weights file =

/media/rohit/DATA/EverythingD/01SRH-BDBA Acads/Thesis/StoryGenerator/Code/ModelsRuns/ImgCap/SavedData/Thesis_ImgCap_Weights_In_Run3/Decoder_Run_3_Wt_ep_18.h5

LOG_LEVEL INFO : 2020-10-07 20:52:50,780 :: 
After IMAGE CAPTIONING logic execution:
img_cap_inference_logic_RC = 0
img_cap_inference_logic_msg = None
img_cap_inference_module_results = [{'key_elements': [], 'selected_images': []}, {'key_elements': ['car'], 'selected_images': [['/media/rohit/DATA/EverythingD/01SRH-BDBA Acads/Thesis/StoryGenerator/Data/COCO_test2017_41k/test2017/000000033825.jpg', 'group of people standing around an open air market'], ['/media/rohit/DATA/EverythingD/01SRH-BDBA Acads/Thesis/StoryGenerator/Data/COCO_test2017_41k/test2017/000000146856.jpg', 'woman walking down street with an umbrella'], ['/media/rohit/DATA/EverythingD/01SRH-BDBA Acads/Thesis/StoryGenerator/Data/COCO_test2017_41k/test2017/000000313777.jpg', 'train is traveling down the tracks in the city'], ['/media/rohit/DATA/EverythingD/01SRH-BDBA Acads/Thesis/StoryGenerator/Data/COCO_test2017_41k/test2017/000000320027.jpg', 'red stop sign sitting on the side of road'], ['/media/rohit/DATA/EverythingD/01SRH-BDBA Acads/Thesis/StoryGenerator/Data/COCO_test2017_41k/test2017/000000509717.jpg', 'group of people riding motorcycles down street']]}, {'key_elements': ['truck', 'person'], 'selected_images': [['/media/rohit/DATA/EverythingD/01SRH-BDBA Acads/Thesis/StoryGenerator/Data/COCO_test2017_41k/test2017/000000225081.jpg', 'an old truck parked in front of building'], ['/media/rohit/DATA/EverythingD/01SRH-BDBA Acads/Thesis/StoryGenerator/Data/COCO_test2017_41k/test2017/000000225051.jpg', 'an airplane is parked at the airport'], ['/media/rohit/DATA/EverythingD/01SRH-BDBA Acads/Thesis/StoryGenerator/Data/COCO_test2017_41k/test2017/000000562653.jpg', 'man riding horse on the side of street']]}]

LOG_LEVEL INFO : 2020-10-07 20:52:50,780 :: 

-------------------------------------------------------------------
-------------------------------------------------------------------
  STARTING EXECUTION OF GUI DISPLAY fOR IMAGE CAPTIONING RESULTS   
-------------------------------------------------------------------
-------------------------------------------------------------------


LOG_LEVEL DEBUG : 2020-10-07 21:02:25,203 :: 
Completed selection process - Query number 1
Deselected image positions this query = []
Number of images before selection began = 0
Number of images Deselected by user = 0.
Number of images that will remain = 0

LOG_LEVEL DEBUG : 2020-10-07 21:11:54,655 :: 

ImgCap:: After Enlarge window for Query 2, Image=
/media/rohit/DATA/EverythingD/01SRH-BDBA Acads/Thesis/StoryGenerator/Data/COCO_test2017_41k/test2017/000000146856.jpg
Caption WAS CHANGED
Original Caption =
woman walking down street with an umbrella
Editable Caption =
old couple standing in rain with umbrella on street

LOG_LEVEL DEBUG : 2020-10-07 21:16:25,832 :: 

ImgCap:: After Enlarge window for Query 2, Image=
/media/rohit/DATA/EverythingD/01SRH-BDBA Acads/Thesis/StoryGenerator/Data/COCO_test2017_41k/test2017/000000146856.jpg
Caption WAS CHANGED
Original Caption =
old couple standing in rain with umbrella on street
Editable Caption =
old couple standing in rain with umbrella

LOG_LEVEL DEBUG : 2020-10-07 21:16:59,072 :: 

ImgCap:: After Enlarge window for Query 2, Image=
/media/rohit/DATA/EverythingD/01SRH-BDBA Acads/Thesis/StoryGenerator/Data/COCO_test2017_41k/test2017/000000313777.jpg
Caption WAS CHANGED
Original Caption =
train is traveling down the tracks in the city
Editable Caption =
tram is traveling down the tracks in the city center

LOG_LEVEL DEBUG : 2020-10-07 21:19:26,392 :: 
For Query 2, Deselected positions=
[3, 4]

LOG_LEVEL DEBUG : 2020-10-07 21:19:26,409 :: 
Completed selection process - Query number 2
Deselected image positions this query = [3, 4]
Number of images before selection began = 5
Number of images Deselected by user = 2.
Number of images that will remain = 3

LOG_LEVEL DEBUG : 2020-10-07 21:20:48,056 :: 

ImgCap:: After Enlarge window for Query 3, Image=
/media/rohit/DATA/EverythingD/01SRH-BDBA Acads/Thesis/StoryGenerator/Data/COCO_test2017_41k/test2017/000000225081.jpg
Caption WAS CHANGED
Original Caption =
an old truck parked in front of building
Editable Caption =
an old truck in a parking lot

LOG_LEVEL DEBUG : 2020-10-07 21:21:07,537 :: 

ImgCap:: After Enlarge window for Query 3, Image=
/media/rohit/DATA/EverythingD/01SRH-BDBA Acads/Thesis/StoryGenerator/Data/COCO_test2017_41k/test2017/000000225051.jpg
Caption WAS CHANGED
Original Caption =
an airplane is parked at the airport
Editable Caption =
an airplane is parked at the airport on the tarmac with a truck next to it

LOG_LEVEL DEBUG : 2020-10-07 21:21:17,080 :: 

ImgCap:: After Enlarge window for Query 3, Image=
/media/rohit/DATA/EverythingD/01SRH-BDBA Acads/Thesis/StoryGenerator/Data/COCO_test2017_41k/test2017/000000562653.jpg
Caption NOT CHANGED
Original Caption =
man riding horse on the side of street
Editable Caption =
man riding horse on the side of street

LOG_LEVEL DEBUG : 2020-10-07 21:22:38,801 :: 
For Query 3, Deselected positions=
[]

LOG_LEVEL DEBUG : 2020-10-07 21:22:38,817 :: 
Completed selection process - Query number 3
Deselected image positions this query = []
Number of images before selection began = 3
Number of images Deselected by user = 0.
Number of images that will remain = 3

LOG_LEVEL DEBUG : 2020-10-07 21:22:38,817 :: 


******************************************************************
********* SUMMARY for Image Captioning GUI - all queries *********
*********     BEFORE removing the deselected images      *********
******************************************************************
Data structure BEFORE =
[{'key_elements': [], 'selected_images': []}, {'key_elements': ['car'], 'selected_images': [['/media/rohit/DATA/EverythingD/01SRH-BDBA Acads/Thesis/StoryGenerator/Data/COCO_test2017_41k/test2017/000000033825.jpg', 'group of people standing around an open air market'], ['/media/rohit/DATA/EverythingD/01SRH-BDBA Acads/Thesis/StoryGenerator/Data/COCO_test2017_41k/test2017/000000146856.jpg', 'woman walking down street with an umbrella'], ['/media/rohit/DATA/EverythingD/01SRH-BDBA Acads/Thesis/StoryGenerator/Data/COCO_test2017_41k/test2017/000000313777.jpg', 'train is traveling down the tracks in the city'], ['/media/rohit/DATA/EverythingD/01SRH-BDBA Acads/Thesis/StoryGenerator/Data/COCO_test2017_41k/test2017/000000320027.jpg', 'red stop sign sitting on the side of road'], ['/media/rohit/DATA/EverythingD/01SRH-BDBA Acads/Thesis/StoryGenerator/Data/COCO_test2017_41k/test2017/000000509717.jpg', 'group of people riding motorcycles down street']]}, {'key_elements': ['truck', 'person'], 'selected_images': [['/media/rohit/DATA/EverythingD/01SRH-BDBA Acads/Thesis/StoryGenerator/Data/COCO_test2017_41k/test2017/000000225081.jpg', 'an old truck parked in front of building'], ['/media/rohit/DATA/EverythingD/01SRH-BDBA Acads/Thesis/StoryGenerator/Data/COCO_test2017_41k/test2017/000000225051.jpg', 'an airplane is parked at the airport'], ['/media/rohit/DATA/EverythingD/01SRH-BDBA Acads/Thesis/StoryGenerator/Data/COCO_test2017_41k/test2017/000000562653.jpg', 'man riding horse on the side of street']]}]
Data structure AFTER GUI only; only changed captions should reflect but no deselection done as yet  =
[{'key_elements': [], 'selected_images': []}, {'key_elements': ['car'], 'selected_images': [['/media/rohit/DATA/EverythingD/01SRH-BDBA Acads/Thesis/StoryGenerator/Data/COCO_test2017_41k/test2017/000000033825.jpg', 'group of people standing around an open air market'], ['/media/rohit/DATA/EverythingD/01SRH-BDBA Acads/Thesis/StoryGenerator/Data/COCO_test2017_41k/test2017/000000146856.jpg', 'old couple standing in rain with umbrella'], ['/media/rohit/DATA/EverythingD/01SRH-BDBA Acads/Thesis/StoryGenerator/Data/COCO_test2017_41k/test2017/000000313777.jpg', 'tram is traveling down the tracks in the city center'], ['/media/rohit/DATA/EverythingD/01SRH-BDBA Acads/Thesis/StoryGenerator/Data/COCO_test2017_41k/test2017/000000320027.jpg', 'red stop sign sitting on the side of road'], ['/media/rohit/DATA/EverythingD/01SRH-BDBA Acads/Thesis/StoryGenerator/Data/COCO_test2017_41k/test2017/000000509717.jpg', 'group of people riding motorcycles down street']]}, {'key_elements': ['truck', 'person'], 'selected_images': [['/media/rohit/DATA/EverythingD/01SRH-BDBA Acads/Thesis/StoryGenerator/Data/COCO_test2017_41k/test2017/000000225081.jpg', 'an old truck in a parking lot'], ['/media/rohit/DATA/EverythingD/01SRH-BDBA Acads/Thesis/StoryGenerator/Data/COCO_test2017_41k/test2017/000000225051.jpg', 'an airplane is parked at the airport on the tarmac with a truck next to it'], ['/media/rohit/DATA/EverythingD/01SRH-BDBA Acads/Thesis/StoryGenerator/Data/COCO_test2017_41k/test2017/000000562653.jpg', 'man riding horse on the side of street']]}]

LOG_LEVEL DEBUG : 2020-10-07 21:22:38,817 :: 


******************************************************************
********* SUMMARY for Image Captioning GUI - all queries *********
*********     AFTER removing the deselected images      *********
******************************************************************
Data structure BEFORE =
[{'key_elements': [], 'selected_images': []}, {'key_elements': ['car'], 'selected_images': [['/media/rohit/DATA/EverythingD/01SRH-BDBA Acads/Thesis/StoryGenerator/Data/COCO_test2017_41k/test2017/000000033825.jpg', 'group of people standing around an open air market'], ['/media/rohit/DATA/EverythingD/01SRH-BDBA Acads/Thesis/StoryGenerator/Data/COCO_test2017_41k/test2017/000000146856.jpg', 'woman walking down street with an umbrella'], ['/media/rohit/DATA/EverythingD/01SRH-BDBA Acads/Thesis/StoryGenerator/Data/COCO_test2017_41k/test2017/000000313777.jpg', 'train is traveling down the tracks in the city'], ['/media/rohit/DATA/EverythingD/01SRH-BDBA Acads/Thesis/StoryGenerator/Data/COCO_test2017_41k/test2017/000000320027.jpg', 'red stop sign sitting on the side of road'], ['/media/rohit/DATA/EverythingD/01SRH-BDBA Acads/Thesis/StoryGenerator/Data/COCO_test2017_41k/test2017/000000509717.jpg', 'group of people riding motorcycles down street']]}, {'key_elements': ['truck', 'person'], 'selected_images': [['/media/rohit/DATA/EverythingD/01SRH-BDBA Acads/Thesis/StoryGenerator/Data/COCO_test2017_41k/test2017/000000225081.jpg', 'an old truck parked in front of building'], ['/media/rohit/DATA/EverythingD/01SRH-BDBA Acads/Thesis/StoryGenerator/Data/COCO_test2017_41k/test2017/000000225051.jpg', 'an airplane is parked at the airport'], ['/media/rohit/DATA/EverythingD/01SRH-BDBA Acads/Thesis/StoryGenerator/Data/COCO_test2017_41k/test2017/000000562653.jpg', 'man riding horse on the side of street']]}]
Deselected image positions all queries = [[], [3, 4], []]
Data structure AFTER GUI; changed captions and removing Deselected images =
[{'key_elements': [], 'selected_images': []}, {'key_elements': ['car'], 'selected_images': [['/media/rohit/DATA/EverythingD/01SRH-BDBA Acads/Thesis/StoryGenerator/Data/COCO_test2017_41k/test2017/000000033825.jpg', 'group of people standing around an open air market'], ['/media/rohit/DATA/EverythingD/01SRH-BDBA Acads/Thesis/StoryGenerator/Data/COCO_test2017_41k/test2017/000000146856.jpg', 'old couple standing in rain with umbrella'], ['/media/rohit/DATA/EverythingD/01SRH-BDBA Acads/Thesis/StoryGenerator/Data/COCO_test2017_41k/test2017/000000313777.jpg', 'tram is traveling down the tracks in the city center']]}, {'key_elements': ['truck', 'person'], 'selected_images': [['/media/rohit/DATA/EverythingD/01SRH-BDBA Acads/Thesis/StoryGenerator/Data/COCO_test2017_41k/test2017/000000225081.jpg', 'an old truck in a parking lot'], ['/media/rohit/DATA/EverythingD/01SRH-BDBA Acads/Thesis/StoryGenerator/Data/COCO_test2017_41k/test2017/000000225051.jpg', 'an airplane is parked at the airport on the tarmac with a truck next to it'], ['/media/rohit/DATA/EverythingD/01SRH-BDBA Acads/Thesis/StoryGenerator/Data/COCO_test2017_41k/test2017/000000562653.jpg', 'man riding horse on the side of street']]}]

LOG_LEVEL INFO : 2020-10-07 21:22:38,817 :: 
After GUI TO DISPLAY IMAGE CAPTIONING RESULTS logic execution:
gui_img_cap_show_results_logic_RC = 0
gui_img_cap_show_results_logic_msg =
None
gui_img_cap_module_results =
[{'key_elements': [], 'selected_images': []}, {'key_elements': ['car'], 'selected_images': [['/media/rohit/DATA/EverythingD/01SRH-BDBA Acads/Thesis/StoryGenerator/Data/COCO_test2017_41k/test2017/000000033825.jpg', 'group of people standing around an open air market'], ['/media/rohit/DATA/EverythingD/01SRH-BDBA Acads/Thesis/StoryGenerator/Data/COCO_test2017_41k/test2017/000000146856.jpg', 'old couple standing in rain with umbrella'], ['/media/rohit/DATA/EverythingD/01SRH-BDBA Acads/Thesis/StoryGenerator/Data/COCO_test2017_41k/test2017/000000313777.jpg', 'tram is traveling down the tracks in the city center']]}, {'key_elements': ['truck', 'person'], 'selected_images': [['/media/rohit/DATA/EverythingD/01SRH-BDBA Acads/Thesis/StoryGenerator/Data/COCO_test2017_41k/test2017/000000225081.jpg', 'an old truck in a parking lot'], ['/media/rohit/DATA/EverythingD/01SRH-BDBA Acads/Thesis/StoryGenerator/Data/COCO_test2017_41k/test2017/000000225051.jpg', 'an airplane is parked at the airport on the tarmac with a truck next to it'], ['/media/rohit/DATA/EverythingD/01SRH-BDBA Acads/Thesis/StoryGenerator/Data/COCO_test2017_41k/test2017/000000562653.jpg', 'man riding horse on the side of street']]}]

LOG_LEVEL INFO : 2020-10-07 21:22:38,817 :: 


Normal exit from program.

